2024-11-05 13:55:44,259 [INFO] advanced_analyzer.py:192 - === 开始Airbnb数据收集程序 ===
2024-11-05 13:55:44,427 [INFO] advanced_analyzer.py:33 - 成功读取 2 个房间信息
2024-11-05 13:55:44,427 [INFO] advanced_analyzer.py:203 - 生成 2 个URL
2024-11-05 13:55:44,428 [INFO] advanced_analyzer.py:207 - 创建数据目录: data/airbnb_data_20241105_135544
2024-11-05 13:55:44,428 [INFO] advanced_analyzer.py:121 - === 开始批量分析房源 ===
2024-11-05 13:55:46,184 [INFO] advanced_analyzer.py:67 - Chrome WebDriver 初始化成功
2024-11-05 13:55:46,184 [INFO] advanced_analyzer.py:129 - 
处理第 1/2 个房源
2024-11-05 13:55:46,185 [INFO] advanced_analyzer.py:75 - 
开始分析房源: https://www.airbnb.co.nz/rooms/43435162 (最小入住: 2晚)
2024-11-05 13:55:46,185 [INFO] airbnb_calendar_checker.py:70 - 开始检查房源日历: https://www.airbnb.co.nz/rooms/43435162
2024-11-05 13:56:05,537 [ERROR] airbnb_calendar_checker.py:186 - 检查日历时发生错误: Message: 
Stacktrace:
	GetHandleVerifier [0x00DC38B3+24035]
	(No symbol) [0x00D4BC44]
	(No symbol) [0x00C2C2D3]
	(No symbol) [0x00C6DC86]
	(No symbol) [0x00C6DECB]
	(No symbol) [0x00CAB9D2]
	(No symbol) [0x00C8FED4]
	(No symbol) [0x00CA953F]
	(No symbol) [0x00C8FC26]
	(No symbol) [0x00C6218C]
	(No symbol) [0x00C6310D]
	GetHandleVerifier [0x010696D3+2800643]
	GetHandleVerifier [0x010C428E+3172286]
	GetHandleVerifier [0x010BCEA2+3142610]
	GetHandleVerifier [0x00E66C60+692624]
	(No symbol) [0x00D54C5D]
	(No symbol) [0x00D51968]
	(No symbol) [0x00D51B00]
	(No symbol) [0x00D43FB0]
	BaseThreadInitThunk [0x769C7BA9+25]
	RtlInitializeExceptionChain [0x7748C0CB+107]
	RtlClearBits [0x7748C04F+191]

2024-11-05 13:56:05,537 [ERROR] advanced_analyzer.py:115 - 分析房源时发生错误: name 'should_quit_driver' is not defined
2024-11-05 13:56:05,537 [INFO] advanced_analyzer.py:129 - 
处理第 2/2 个房源
2024-11-05 13:56:05,537 [INFO] advanced_analyzer.py:75 - 
开始分析房源: https://www.airbnb.co.nz/rooms/830193102361409290 (最小入住: 1晚)
2024-11-05 13:56:05,537 [INFO] airbnb_calendar_checker.py:70 - 开始检查房源日历: https://www.airbnb.co.nz/rooms/830193102361409290
2024-11-05 13:56:23,074 [ERROR] airbnb_calendar_checker.py:186 - 检查日历时发生错误: Message: 
Stacktrace:
	GetHandleVerifier [0x00DC38B3+24035]
	(No symbol) [0x00D4BC44]
	(No symbol) [0x00C2C2D3]
	(No symbol) [0x00C6DC86]
	(No symbol) [0x00C6DECB]
	(No symbol) [0x00CAB9D2]
	(No symbol) [0x00C8FED4]
	(No symbol) [0x00CA953F]
	(No symbol) [0x00C8FC26]
	(No symbol) [0x00C6218C]
	(No symbol) [0x00C6310D]
	GetHandleVerifier [0x010696D3+2800643]
	GetHandleVerifier [0x010C428E+3172286]
	GetHandleVerifier [0x010BCEA2+3142610]
	GetHandleVerifier [0x00E66C60+692624]
	(No symbol) [0x00D54C5D]
	(No symbol) [0x00D51968]
	(No symbol) [0x00D51B00]
	(No symbol) [0x00D43FB0]
	BaseThreadInitThunk [0x769C7BA9+25]
	RtlInitializeExceptionChain [0x7748C0CB+107]
	RtlClearBits [0x7748C04F+191]

2024-11-05 13:56:23,074 [ERROR] advanced_analyzer.py:115 - 分析房源时发生错误: name 'should_quit_driver' is not defined
2024-11-05 13:56:23,074 [INFO] advanced_analyzer.py:135 - 
分析完成，成功处理 0/2 个房源
2024-11-05 13:56:25,196 [INFO] advanced_analyzer.py:188 - 浏览器已关闭
2024-11-05 13:56:29,242 [INFO] advanced_analyzer.py:262 - === 程序执行完成 ===
