2024-12-05 10:41:25,187 [INFO] data_export.py:53 - 创建基础目录: data
2024-12-05 10:41:25,187 [INFO] data_export.py:58 - 创建date目录: data\by_date
2024-12-05 10:41:25,187 [INFO] data_export.py:58 - 创建room目录: data\by_room
2024-12-05 10:41:25,194 [INFO] advanced_analyzer.py:428 - === 开始Airbnb数据收集程序 ===
2024-12-05 10:41:25,357 [INFO] advanced_analyzer.py:101 - 成功读取 1 个房间ID
2024-12-05 10:41:25,357 [INFO] advanced_analyzer.py:439 - 生成 1 个URL
2024-12-05 10:41:25,357 [INFO] advanced_analyzer.py:443 - 创建数据目录: data/airbnb_data_20241205_104125
2024-12-05 10:41:25,357 [INFO] advanced_analyzer.py:265 - === 开始批量分析房源 ===
2024-12-05 10:41:25,358 [INFO] advanced_analyzer.py:274 - 设置并发线程数: 1
2024-12-05 10:41:25,383 [INFO] bit_browser_manager.py:92 - 活动浏览器响应: {
  "success": true,
  "data": {
    "34dc763412e34341a759c1ef1ec38580": 9600
  }
}
2024-12-05 10:41:26,399 [INFO] bit_browser_manager.py:117 - 找到 1 个活动浏览器
2024-12-05 10:41:26,399 [INFO] advanced_analyzer.py:290 - 
=== 可用的浏览器实例 ===
2024-12-05 10:41:26,399 [INFO] advanced_analyzer.py:292 - ID: 34dc763412e34341a759c1ef1ec38580
2024-12-05 10:41:26,399 [INFO] advanced_analyzer.py:293 - 名称: AirBnB01
2024-12-05 10:41:26,399 [INFO] advanced_analyzer.py:294 - 备注: 
2024-12-05 10:41:26,399 [INFO] advanced_analyzer.py:295 - PID: 9600

2024-12-05 10:41:26,399 [INFO] advanced_analyzer.py:310 - 
=== URL分配情况 ===
2024-12-05 10:41:26,399 [INFO] advanced_analyzer.py:312 - 线程 1 分配到 1 个URL:
2024-12-05 10:41:26,399 [INFO] advanced_analyzer.py:315 -   - Room ID: 837352260137971048
2024-12-05 10:41:26,400 [INFO] advanced_analyzer.py:326 - 线程 12056 (#1) 使用浏览器 34dc763412e34341a759c1ef1ec38580
2024-12-05 10:41:26,969 [INFO] bit_browser_manager.py:42 - 开始设置语言偏好
2024-12-05 10:41:26,971 [INFO] bit_browser_manager.py:54 - 设置语言为: en
2024-12-05 10:41:26,974 [INFO] bit_browser_manager.py:75 - 成功设置 locale cookie
2024-12-05 10:41:26,977 [INFO] bit_browser_manager.py:75 - 成功设置 currency cookie
2024-12-05 10:41:26,978 [INFO] advanced_analyzer.py:339 - 线程 #1 开始处理 Room ID: 837352260137971048
2024-12-05 10:41:28,020 [INFO] bit_browser_manager.py:42 - 开始设置语言偏好
2024-12-05 10:41:28,020 [INFO] bit_browser_manager.py:47 - 该浏览器实例已设置过语言，跳过设置
2024-12-05 10:41:28,020 [INFO] bit_browser_manager.py:252 - 正在导航到: https://www.airbnb.co.nz/rooms/837352260137971048
2024-12-05 10:41:28,020 [INFO] bit_browser_manager.py:368 - 正在加载页面: https://www.airbnb.co.nz/rooms/837352260137971048
2024-12-05 10:41:28,217 [INFO] bit_browser_manager.py:389 - 页面加载完成
2024-12-05 10:41:28,218 [ERROR] advanced_analyzer.py:358 - 处理 Room ID 837352260137971048 时发生错误: name 'analyze_listing' is not defined
2024-12-05 10:41:30,263 [INFO] advanced_analyzer.py:459 - === 程序执行完成 ===
