2024-11-04 11:40:37,549 [INFO] price_checker.py:28 - Chrome WebDriver 初始化成功
2024-11-04 11:40:37,549 [INFO] price_checker.py:154 - 开始检查房源价格: https://www.airbnb.co.nz/rooms/837352260137971048
2024-11-04 11:40:37,549 [INFO] airbnb_calendar_checker.py:54 - 开始检查房源日历: https://www.airbnb.co.nz/rooms/837352260137971048
2024-11-04 11:40:44,225 [INFO] airbnb_calendar_checker.py:86 - 没有找到需要关闭的模态框或关闭失败
2024-11-04 11:40:44,311 [INFO] airbnb_calendar_checker.py:97 - 成功打开日历
2024-11-04 11:40:46,418 [INFO] airbnb_calendar_checker.py:115 - 找到 246 个日期单元格
2024-11-04 11:40:46,420 [INFO] price_checker.py:37 - 找到第一个可预订日期: 04/11/2024
2024-11-04 11:40:46,420 [INFO] price_checker.py:52 - 开始获取价格信息: https://www.airbnb.co.nz/rooms/837352260137971048
2024-11-04 11:40:46,420 [INFO] price_checker.py:57 - 入住日期: 04/11/2024, 退房日期: 06/11/2024
2024-11-04 11:40:46,420 [INFO] price_checker.py:61 - 访问URL: https://www.airbnb.co.nz/rooms/837352260137971048?check_in=04/11/2024&check_out=06/11/2024&guests=3
2024-11-04 11:41:02,360 [ERROR] price_checker.py:119 - 获取价格信息时发生错误: Message: 
Stacktrace:
	GetHandleVerifier [0x00BD38B3+24035]
	(No symbol) [0x00B5BC44]
	(No symbol) [0x00A3C2D3]
	(No symbol) [0x00A7DC86]
	(No symbol) [0x00A7DECB]
	(No symbol) [0x00ABB9D2]
	(No symbol) [0x00A9FED4]
	(No symbol) [0x00AB953F]
	(No symbol) [0x00A9FC26]
	(No symbol) [0x00A7218C]
	(No symbol) [0x00A7310D]
	GetHandleVerifier [0x00E796D3+2800643]
	GetHandleVerifier [0x00ED428E+3172286]
	GetHandleVerifier [0x00ECCEA2+3142610]
	GetHandleVerifier [0x00C76C60+692624]
	(No symbol) [0x00B64C5D]
	(No symbol) [0x00B61968]
	(No symbol) [0x00B61B00]
	(No symbol) [0x00B53FB0]
	BaseThreadInitThunk [0x769C7BA9+25]
	RtlInitializeExceptionChain [0x7748C0CB+107]
	RtlClearBits [0x7748C04F+191]

2024-11-04 11:41:02,360 [ERROR] price_checker.py:178 - 获取价格信息失败
