2024-11-15 10:50:24,070 [INFO] advanced_analyzer.py:358 - === 开始Airbnb数据收集程序 ===
2024-11-15 10:50:24,241 [INFO] advanced_analyzer.py:99 - 成功读取 6 个房间ID
2024-11-15 10:50:24,241 [INFO] advanced_analyzer.py:369 - 生成 6 个URL
2024-11-15 10:50:24,241 [INFO] advanced_analyzer.py:373 - 创建数据目录: data/airbnb_data_20241115_105024
2024-11-15 10:50:24,241 [INFO] advanced_analyzer.py:239 - === 开始批量分析房源 ===
2024-11-15 10:50:24,242 [INFO] advanced_analyzer.py:248 - 设置并发线程数: 1
2024-11-15 10:50:24,242 [INFO] advanced_analyzer.py:168 - 开始初始化BitBrowser...
2024-11-15 10:50:24,243 [INFO] bit_browser_manager.py:53 - 正在创建浏览器配置，请求数据: {
  "name": "airbnb_browser_1731621024",
  "remark": "Airbnb\u6570\u636e\u91c7\u96c6",
  "proxyMethod": 2,
  "proxyType": "http",
  "host": "38.kookeey.info",
  "port": "7426",
  "proxyUserName": "23ba352f",
  "proxyUserPwd": "74024a8b",
  "isGlobalProxyInfo": true,
  "browserFingerPrint": {
    "coreVersion": "130"
  },
  "credentialsEnableService": true,
  "proxyAgreementType": "http",
  "syncTabs": true,
  "syncCookies": true,
  "abortImage": false,
  "abortMedia": false,
  "clearCacheFilesBeforeLaunch": true,
  "clearCookiesBeforeLaunch": true,
  "ipCheckService": "ip-api",
  "proxyAuthenticationHeader": {
    "Proxy-Authorization": "Basic MjNiYTM1MmY6NzQwMjRhOGI="
  }
}
2024-11-15 10:50:25,663 [INFO] bit_browser_manager.py:61 - API响应状态码: 200
2024-11-15 10:50:25,663 [INFO] bit_browser_manager.py:62 - API响应头: {'Access-Control-Allow-Origin': '*', 'Access-Control-Allow-Methods': '*', 'Access-Control-Allow-Headers': '*', 'Content-Type': 'application/json; charset=utf-8', 'Content-Length': '7712', 'Date': 'Thu, 14 Nov 2024 21:50:25 GMT', 'Connection': 'keep-alive', 'Keep-Alive': 'timeout=5'}
2024-11-15 10:50:25,663 [INFO] bit_browser_manager.py:65 - API响应内容: {
  "success": true,
  "data": {
    "id": "7e0efe88a5db4fef93aae6a54ad70f8c",
    "seq": 10,
    "code": "20241115055026263",
    "platform": "",
    "platformIcon": "",
    "url": "",
    "name": "airbnb_browser_1731621024",
    "userName": "",
    "password": "",
    "cookie": "",
    "otherCookie": "",
    "isGlobalProxyInfo": true,
    "isIpv6": false,
    "proxyMethod": 2,
    "proxyType": "http",
    "agentId": "",
    "ipCheckService": "ip-api",
    "host": "38.kookeey.info",
    "port": 7426,
    "proxyUserName": "23ba352f",
    "proxyPassword": "",
    "lastIp": "",
    "lastCountry": "",
    "isIpNoChange": false,
    "ip": "",
    "country": "",
    "province": "",
    "city": "",
    "dynamicIpUrl": "",
    "isDynamicIpChangeIp": false,
    "remark": "Airbnb\u6570\u636e\u91c7\u96c6",
    "status": 0,
    "operUserName": "",
    "isDelete": 0,
    "delReason": "",
    "isMostCommon": 0,
    "isRemove": 0,
    "tempStr": null,
    "createdBy": "2c9bc058931ee8a601932c65f12b6f6b",
    "userId": "2c9bc058931ee8a601932c65f12b6f6b",
    "createdTime": "2024-11-15 05:50:26",
    "recycleBinRemark": "",
    "mainUserId": "2c9bc058931ee8a601932c65f12b6f6b",
    "abortImage": false,
    "abortMedia": false,
    "stopWhileNetError": false,
    "stopWhileCountryChange": false,
    "syncTabs": true,
    "syncCookies": true,
    "syncIndexedDb": false,
    "syncBookmarks": false,
    "syncAuthorization": false,
    "syncHistory": false,
    "syncGoogleAccount": true,
    "allowedSignin": false,
    "syncSessions": true,
    "workbench": "localserver",
    "clearCacheFilesBeforeLaunch": true,
    "clearCookiesBeforeLaunch": true,
    "clearHistoriesBeforeLaunch": false,
    "randomFingerprint": false,
    "muteAudio": false,
    "disableGpu": false,
    "enableBackgroundMode": false,
    "abortImageMaxSize": null,
    "syncExtensions": false,
    "syncUserExtensions": false,
    "syncLocalStorage": false,
    "credentialsEnableService": true,
    "disableTranslatePopup": false,
    "stopWhileIpChange": false,
    "disableClipboard": false,
    "disableNotifications": false,
    "memorySaver": false,
    "browserFingerPrint": {
      "id": "9f6f07aa4b634699b580d77858ed622a",
      "seq": 10,
      "coreVersion": "130",
      "browserId": "7e0efe88a5db4fef93aae6a54ad70f8c",
      "ostype": "PC",
      "os": "Win32",
      "architecture": "x86",
      "osVersion": "10",
      "platformVersion": "10.0.0",
      "version": "129",
      "userAgent": "Mozilla/5.0 (Windows NT 10.0; Win64; x64) AppleWebKit/537.36 (KHTML, like Gecko) Chrome/129.0.6668.58 Safari/537.36",
      "isIpCreateTimeZone": true,
      "timeZone": "",
      "timeZoneOffset": 0,
      "ignoreHttpsErrors": false,
      "webRTC": "3",
      "position": "1",
      "isIpCreatePosition": true,
      "isIpCreateDisplayLanguage": false,
      "displayLanguages": "",
      "isIpCreateLanguage": true,
      "resolutionType": "0",
      "resolution": "1920 x 1080",
      "openWidth": 1280,
      "openHeight": 720,
      "fontType": "2",
      "font": "Nirmala UI,Kannada MN,STIXIntegralsUpD,Plantagenet Cherokee,Krungthep,System,STSong,MS Sans Serif,MS UI Gothic Regular,Ayuthaya",
      "canvas": "0",
      "canvasValue": "984841",
      "webGL": "0",
      "webGLValue": "476998",
      "webGLMeta": "0",
      "webGLManufacturer": "Google Inc. (NVIDIA)",
      "webGLRender": "ANGLE (NVIDIA, NVIDIA GeForce RTX 2060 SUPER Direct3D11 vs_5_0 ps_5_0, D3D11-31.0.15.3598)",
      "audioContext": "0",
      "audioContextValue": "32",
      "mediaDevice": "1",
      "speechVoices": "0",
      "speechVoicesValue": "[{\"name\":\"Google Deutsch\",\"default\":true,\"lang\":\"de-DE\",\"is_remote\":true,\"voice_uri\":\"Google Deutsch\"},{\"name\":\"Google US English\",\"default\":false,\"lang\":\"en-US\",\"is_remote\":true,\"voice_uri\":\"Google US English\"},{\"name\":\"Google UK English Female\",\"default\":false,\"lang\":\"en-GB\",\"is_remote\":true,\"voice_uri\":\"Google UK English Female\"},{\"name\":\"Google UK English Male\",\"default\":false,\"lang\":\"en-GB\",\"is_remote\":true,\"voice_uri\":\"Google UK English Male\"},{\"name\":\"Google espa\u00f1ol\",\"default\":false,\"lang\":\"es-ES\",\"is_remote\":true,\"voice_uri\":\"Google espa\u00f1ol\"},{\"name\":\"Google espa\u00f1ol de Estados Unidos\",\"default\":false,\"lang\":\"es-US\",\"is_remote\":true,\"voice_uri\":\"Google espa\u00f1ol de Estados Unidos\"},{\"name\":\"Google fran\u00e7ais\",\"default\":false,\"lang\":\"fr-FR\",\"is_remote\":true,\"voice_uri\":\"Google fran\u00e7ais\"},{\"name\":\"Google \u0939\u093f\u0928\u094d\u0926\u0940\",\"default\":false,\"lang\":\"hi-IN\",\"is_remote\":true,\"voice_uri\":\"Google \u0939\u093f\u0928\u094d\u0926\u0940\"},{\"name\":\"Google Bahasa Indonesia\",\"default\":false,\"lang\":\"id-ID\",\"is_remote\":true,\"voice_uri\":\"Google Bahasa Indonesia\"},{\"name\":\"Google italiano\",\"default\":false,\"lang\":\"it-IT\",\"is_remote\":true,\"voice_uri\":\"Google italiano\"},{\"name\":\"Google \u65e5\u672c\u8a9e\",\"default\":false,\"lang\":\"ja-JP\",\"is_remote\":true,\"voice_uri\":\"Google \u65e5\u672c\u8a9e\"},{\"name\":\"Google \ud55c\uad6d\uc758\",\"default\":false,\"lang\":\"ko-KR\",\"is_remote\":true,\"voice_uri\":\"Google \ud55c\uad6d\uc758\"},{\"name\":\"Google Nederlands\",\"default\":false,\"lang\":\"nl-NL\",\"is_remote\":true,\"voice_uri\":\"Google Nederlands\"},{\"name\":\"Google polski\",\"default\":false,\"lang\":\"pl-PL\",\"is_remote\":true,\"voice_uri\":\"Google polski\"},{\"name\":\"Google portugu\u00eas do Brasil\",\"default\":false,\"lang\":\"pt-BR\",\"is_remote\":true,\"voice_uri\":\"Google portugu\u00eas do Brasil\"},{\"name\":\"Google \u0440\u0443\u0441\u0441\u043a\u0438\u0439\",\"default\":false,\"lang\":\"ru-RU\",\"is_remote\":true,\"voice_uri\":\"Google \u0440\u0443\u0441\u0441\u043a\u0438\u0439\"},{\"name\":\"Google \u666e\u901a\u8bdd\uff08\u4e2d\u56fd\u5927\u9646\uff09\",\"default\":false,\"lang\":\"zh-CN\",\"is_remote\":true,\"voice_uri\":\"Google \u666e\u901a\u8bdd\uff08\u4e2d\u56fd\u5927\u9646\uff09\"},{\"name\":\"Google \u7ca4\u8a9e\uff08\u9999\u6e2f\uff09\",\"default\":false,\"lang\":\"zh-HK\",\"is_remote\":true,\"voice_uri\":\"Google \u7ca4\u8a9e\uff08\u9999\u6e2f\uff09\"},{\"name\":\"Google \u570b\u8a9e\uff08\u81fa\u7063\uff09\",\"default\":false,\"lang\":\"zh-TW\",\"is_remote\":true,\"voice_uri\":\"Google \u570b\u8a9e\uff08\u81fa\u7063\uff09\"}]",
      "hardwareConcurrency": "4",
      "deviceMemory": "8",
      "deviceInfoEnabled": true,
      "computerName": "DESKTOP-OD4QCOVE",
      "macAddr": "5C-E4-2A-AD-BC-C6",
      "clientRectNoiseEnabled": true,
      "clientRectNoiseValue": 55974,
      "doNotTrack": "1",
      "portScanProtect": "0",
      "portWhiteList": "",
      "isDelete": 0,
      "colorDepth": 24,
      "totalDiskSpace": "830136320",
      "devicePixelRatio": 1,
      "disableSslCipherSuitesFlag": false,
      "disableSslCipherSuites": null,
      "plugins": "",
      "enablePlugins": false,
      "windowSizeLimit": true,
      "createdBy": "2c9bc058931ee8a601932c65f12b6f6b",
      "createdTime": "2024-11-15 05:50:26",
      "isValidUsername": true,
      "abortImage": false,
      "abortImageMaxSize": null,
      "abortMedia": false,
      "stopWhileNetError": false,
      "stopWhileCountryChange": false,
      "syncTabs": true,
      "syncCookies": true,
      "syncIndexedDb": false,
      "syncBookmarks": false,
      "syncAuthorization": false,
      "syncHistory": false,
      "syncGoogleAccount": false,
      "allowedSignin": false,
      "syncSessions": false,
      "workbench": "localserver",
      "clearCacheFilesBeforeLaunch": false,
      "clearCookiesBeforeLaunch": false,
      "clearHistoriesBeforeLaunch": false,
      "randomFingerprint": false,
      "muteAudio": false,
      "disableGpu": false,
      "enableBackgroundMode": false,
      "syncExtensions": false,
      "syncUserExtensions": false,
      "syncLocalStorage": false,
      "credentialsEnableService": false,
      "disableTranslatePopup": false,
      "stopWhileIpChange": false,
      "disableClipboard": false,
      "disableNotifications": false,
      "memorySaver": false,
      "coreProduct": "chrome",
      "webgpu": {
        "driver": null,
        "vendor": "nvidia",
        "description": null,
        "device": null,
        "architecture": "turing"
      },
      "batchRandom": false,
      "batchUpdateFingerPrint": false,
      "firefoxVersionMap": {
        "120": "126,125,124,123,122,121,120,119,118,117",
        "128": "128,127,126,125"
      },
      "launchArgs": null,
      "extendOptions": null,
      "defaultAccuracy": null
    },
    "createdName": null,
    "belongUserName": null,
    "updateName": null,
    "agentIpCount": null,
    "belongToMe": false,
    "seqExport": null,
    "groupIDs": null,
    "browserShareID": null,
    "share": null,
    "shareUserName": null,
    "isShare": 0,
    "isValidUsername": false,
    "createNum": 0,
    "isRandomFinger": true,
    "remarkType": 1,
    "refreshProxyUrl": null,
    "duplicateCheck": 0,
    "ossExtend": null,
    "randomKey": null,
    "randomKeyUser": null,
    "syncBrowserAccount": null,
    "cookieBak": "",
    "passwordBak": null,
    "manual": 0,
    "proxyPasswordBak": null,
    "proxyAgreementType": "http",
    "clearCacheWithoutExtensions": false,
    "syncPaymentsAndAddress": false,
    "extendIds": [],
    "isSynOpen": 1,
    "faSecretKey": null,
    "coreProduct": null,
    "ostype": null,
    "os": null,
    "sort": 0,
    "checkPassword": null
  }
}
2024-11-15 10:50:25,665 [ERROR] bit_browser_manager.py:77 - 创建浏览器配置时发生错误: 'Response' object has no attribute 'get'
2024-11-15 10:50:25,667 [ERROR] bit_browser_manager.py:78 - 错误详情: Traceback (most recent call last):
  File "C:\GitWork\Airbnb data Analyst\bit_browser_manager.py", line 67, in create_browser
    if response.get('success') and response.get('data', {}).get('id'):
       ^^^^^^^^^^^^
AttributeError: 'Response' object has no attribute 'get'

2024-11-15 10:50:25,667 [ERROR] advanced_analyzer.py:176 - 创建BitBrowser实例失败
2024-11-15 10:50:25,667 [ERROR] advanced_analyzer.py:259 - 无法为URL https://www.airbnb.co.nz/rooms/837352260137971048 初始化BitBrowser
2024-11-15 10:50:25,667 [INFO] advanced_analyzer.py:168 - 开始初始化BitBrowser...
2024-11-15 10:50:25,667 [INFO] bit_browser_manager.py:53 - 正在创建浏览器配置，请求数据: {
  "name": "airbnb_browser_1731621025",
  "remark": "Airbnb\u6570\u636e\u91c7\u96c6",
  "proxyMethod": 2,
  "proxyType": "http",
  "host": "38.kookeey.info",
  "port": "7426",
  "proxyUserName": "23ba352f",
  "proxyUserPwd": "74024a8b",
  "isGlobalProxyInfo": true,
  "browserFingerPrint": {
    "coreVersion": "130"
  },
  "credentialsEnableService": true,
  "proxyAgreementType": "http",
  "syncTabs": true,
  "syncCookies": true,
  "abortImage": false,
  "abortMedia": false,
  "clearCacheFilesBeforeLaunch": true,
  "clearCookiesBeforeLaunch": true,
  "ipCheckService": "ip-api",
  "proxyAuthenticationHeader": {
    "Proxy-Authorization": "Basic MjNiYTM1MmY6NzQwMjRhOGI="
  }
}
2024-11-15 10:50:26,689 [INFO] bit_browser_manager.py:61 - API响应状态码: 200
2024-11-15 10:50:26,689 [INFO] bit_browser_manager.py:62 - API响应头: {'Access-Control-Allow-Origin': '*', 'Access-Control-Allow-Methods': '*', 'Access-Control-Allow-Headers': '*', 'Content-Type': 'application/json; charset=utf-8', 'Content-Length': '8241', 'Date': 'Thu, 14 Nov 2024 21:50:26 GMT', 'Connection': 'keep-alive', 'Keep-Alive': 'timeout=5'}
2024-11-15 10:50:26,689 [INFO] bit_browser_manager.py:65 - API响应内容: {
  "success": true,
  "data": {
    "id": "6a026d8346e841aca6ad205b25f49b66",
    "seq": 11,
    "code": "20241115055027250",
    "platform": "",
    "platformIcon": "",
    "url": "",
    "name": "airbnb_browser_1731621025",
    "userName": "",
    "password": "",
    "cookie": "",
    "otherCookie": "",
    "isGlobalProxyInfo": true,
    "isIpv6": false,
    "proxyMethod": 2,
    "proxyType": "http",
    "agentId": "",
    "ipCheckService": "ip-api",
    "host": "38.kookeey.info",
    "port": 7426,
    "proxyUserName": "23ba352f",
    "proxyPassword": "",
    "lastIp": "",
    "lastCountry": "",
    "isIpNoChange": false,
    "ip": "",
    "country": "",
    "province": "",
    "city": "",
    "dynamicIpUrl": "",
    "isDynamicIpChangeIp": false,
    "remark": "Airbnb\u6570\u636e\u91c7\u96c6",
    "status": 0,
    "operUserName": "",
    "isDelete": 0,
    "delReason": "",
    "isMostCommon": 0,
    "isRemove": 0,
    "tempStr": null,
    "createdBy": "2c9bc058931ee8a601932c65f12b6f6b",
    "userId": "2c9bc058931ee8a601932c65f12b6f6b",
    "createdTime": "2024-11-15 05:50:27",
    "recycleBinRemark": "",
    "mainUserId": "2c9bc058931ee8a601932c65f12b6f6b",
    "abortImage": false,
    "abortMedia": false,
    "stopWhileNetError": false,
    "stopWhileCountryChange": false,
    "syncTabs": true,
    "syncCookies": true,
    "syncIndexedDb": false,
    "syncBookmarks": false,
    "syncAuthorization": false,
    "syncHistory": false,
    "syncGoogleAccount": true,
    "allowedSignin": false,
    "syncSessions": true,
    "workbench": "localserver",
    "clearCacheFilesBeforeLaunch": true,
    "clearCookiesBeforeLaunch": true,
    "clearHistoriesBeforeLaunch": false,
    "randomFingerprint": false,
    "muteAudio": false,
    "disableGpu": false,
    "enableBackgroundMode": false,
    "abortImageMaxSize": null,
    "syncExtensions": false,
    "syncUserExtensions": false,
    "syncLocalStorage": false,
    "credentialsEnableService": true,
    "disableTranslatePopup": false,
    "stopWhileIpChange": false,
    "disableClipboard": false,
    "disableNotifications": false,
    "memorySaver": false,
    "browserFingerPrint": {
      "id": "f64fa477247344fdb615588ca7ee71df",
      "seq": 11,
      "coreVersion": "130",
      "browserId": "6a026d8346e841aca6ad205b25f49b66",
      "ostype": "PC",
      "os": "Win32",
      "architecture": "x86",
      "osVersion": "10",
      "platformVersion": "10.0.0",
      "version": "130",
      "userAgent": "Mozilla/5.0 (Windows NT 10.0; Win64; x64) AppleWebKit/537.36 (KHTML, like Gecko) Chrome/130.0.6723.58 Safari/537.36",
      "isIpCreateTimeZone": true,
      "timeZone": "",
      "timeZoneOffset": 0,
      "ignoreHttpsErrors": false,
      "webRTC": "3",
      "position": "1",
      "isIpCreatePosition": true,
      "isIpCreateDisplayLanguage": false,
      "displayLanguages": "",
      "isIpCreateLanguage": true,
      "resolutionType": "0",
      "resolution": "1920 x 1080",
      "openWidth": 1280,
      "openHeight": 720,
      "fontType": "2",
      "font": "Apple SD Gothic Neo,Diwan Thuluth,Microsoft YaHei UI Light,Noteworthy,Roman,Phosphate,MingLiu_HKSCS-ExtB Regular,MS Sans Serif,PT Sans Narrow,Microsoft Sans Serif Regular",
      "canvas": "0",
      "canvasValue": "495833",
      "webGL": "0",
      "webGLValue": "710694",
      "webGLMeta": "0",
      "webGLManufacturer": "Google Inc. (AMD)",
      "webGLRender": "ANGLE (AMD, AMD Radeon(TM) Graphics (0x00001681) Direct3D11 vs_5_0 ps_5_0, D3D11)",
      "audioContext": "0",
      "audioContextValue": "48",
      "mediaDevice": "1",
      "speechVoices": "0",
      "speechVoicesValue": "[{\"name\":\"Microsoft Abeo - English (Nigeria)\",\"default\":false,\"lang\":\"en-NG\",\"is_remote\":false,\"voice_uri\":\"Microsoft Abeo - English (Nigeria)\"},{\"name\":\"Microsoft Adri - Afrikaans (South Africa)\",\"default\":false,\"lang\":\"af-ZA\",\"is_remote\":false,\"voice_uri\":\"Microsoft Adri - Afrikaans (South Africa)\"},{\"name\":\"Microsoft Aigul - Kazakh (Kazakhstan)\",\"default\":false,\"lang\":\"kk-KZ\",\"is_remote\":false,\"voice_uri\":\"Microsoft Aigul - Kazakh (Kazakhstan)\"},{\"name\":\"Google Bahasa Indonesia\",\"default\":false,\"lang\":\"id-ID\",\"is_remote\":true,\"voice_uri\":\"Google Bahasa Indonesia\"},{\"name\":\"Google Deutsch\",\"default\":false,\"lang\":\"de-DE\",\"is_remote\":true,\"voice_uri\":\"Google Deutsch\"},{\"name\":\"Google espa\u00f1ol\",\"default\":false,\"lang\":\"es-ES\",\"is_remote\":true,\"voice_uri\":\"Google espa\u00f1ol\"},{\"name\":\"Google espa\u00f1ol de Estados Unidos\",\"default\":false,\"lang\":\"es-US\",\"is_remote\":true,\"voice_uri\":\"Google espa\u00f1ol de Estados Unidos\"},{\"name\":\"Google fran\u00e7ais\",\"default\":false,\"lang\":\"fr-FR\",\"is_remote\":true,\"voice_uri\":\"Google fran\u00e7ais\"},{\"name\":\"Google italiano\",\"default\":false,\"lang\":\"it-IT\",\"is_remote\":true,\"voice_uri\":\"Google italiano\"},{\"name\":\"Google Nederlands\",\"default\":false,\"lang\":\"nl-NL\",\"is_remote\":true,\"voice_uri\":\"Google Nederlands\"},{\"name\":\"Google polski\",\"default\":false,\"lang\":\"pl-PL\",\"is_remote\":true,\"voice_uri\":\"Google polski\"},{\"name\":\"Google portugu\u00eas do Brasil\",\"default\":false,\"lang\":\"pt-BR\",\"is_remote\":true,\"voice_uri\":\"Google portugu\u00eas do Brasil\"},{\"name\":\"Google UK English Female\",\"default\":false,\"lang\":\"en-GB\",\"is_remote\":true,\"voice_uri\":\"Google UK English Female\"},{\"name\":\"Google UK English Male\",\"default\":false,\"lang\":\"en-GB\",\"is_remote\":true,\"voice_uri\":\"Google UK English Male\"},{\"name\":\"Google US English\",\"default\":false,\"lang\":\"en-US\",\"is_remote\":true,\"voice_uri\":\"Google US English\"},{\"name\":\"Google \u0440\u0443\u0441\u0441\u043a\u0438\u0439\",\"default\":false,\"lang\":\"ru-RU\",\"is_remote\":true,\"voice_uri\":\"Google \u0440\u0443\u0441\u0441\u043a\u0438\u0439\"},{\"name\":\"Google \u0939\u093f\u0928\u094d\u0926\u0940\",\"default\":false,\"lang\":\"hi-IN\",\"is_remote\":true,\"voice_uri\":\"Google \u0939\u093f\u0928\u094d\u0926\u0940\"},{\"name\":\"Google \u570b\u8a9e\uff08\u81fa\u7063\uff09\",\"default\":false,\"lang\":\"zh-TW\",\"is_remote\":true,\"voice_uri\":\"Google \u570b\u8a9e\uff08\u81fa\u7063\uff09\"},{\"name\":\"Google \u65e5\u672c\u8a9e\",\"default\":false,\"lang\":\"ja-JP\",\"is_remote\":true,\"voice_uri\":\"Google \u65e5\u672c\u8a9e\"},{\"name\":\"Google \ud55c\uad6d\uc758\",\"default\":false,\"lang\":\"ko-KR\",\"is_remote\":true,\"voice_uri\":\"Google \ud55c\uad6d\uc758\"},{\"name\":\"Google \u666e\u901a\u8bdd\uff08\u4e2d\u56fd\u5927\u9646\uff09\",\"default\":false,\"lang\":\"zh-CN\",\"is_remote\":true,\"voice_uri\":\"Google \u666e\u901a\u8bdd\uff08\u4e2d\u56fd\u5927\u9646\uff09\"},{\"name\":\"Google \u7ca4\u8a9e\uff08\u9999\u6e2f\uff09\",\"default\":false,\"lang\":\"zh-HK\",\"is_remote\":true,\"voice_uri\":\"Google \u7ca4\u8a9e\uff08\u9999\u6e2f\uff09\"}]",
      "hardwareConcurrency": "4",
      "deviceMemory": "8",
      "deviceInfoEnabled": true,
      "computerName": "DESKTOP-HZIZ19R0",
      "macAddr": "34-2E-B7-AD-30-02",
      "clientRectNoiseEnabled": true,
      "clientRectNoiseValue": 88449,
      "doNotTrack": "1",
      "portScanProtect": "0",
      "portWhiteList": "",
      "isDelete": 0,
      "colorDepth": 24,
      "totalDiskSpace": "2336743424",
      "devicePixelRatio": 1,
      "disableSslCipherSuitesFlag": false,
      "disableSslCipherSuites": null,
      "plugins": "",
      "enablePlugins": false,
      "windowSizeLimit": true,
      "createdBy": "2c9bc058931ee8a601932c65f12b6f6b",
      "createdTime": "2024-11-15 05:50:27",
      "isValidUsername": true,
      "abortImage": false,
      "abortImageMaxSize": null,
      "abortMedia": false,
      "stopWhileNetError": false,
      "stopWhileCountryChange": false,
      "syncTabs": true,
      "syncCookies": true,
      "syncIndexedDb": false,
      "syncBookmarks": false,
      "syncAuthorization": false,
      "syncHistory": false,
      "syncGoogleAccount": false,
      "allowedSignin": false,
      "syncSessions": false,
      "workbench": "localserver",
      "clearCacheFilesBeforeLaunch": false,
      "clearCookiesBeforeLaunch": false,
      "clearHistoriesBeforeLaunch": false,
      "randomFingerprint": false,
      "muteAudio": false,
      "disableGpu": false,
      "enableBackgroundMode": false,
      "syncExtensions": false,
      "syncUserExtensions": false,
      "syncLocalStorage": false,
      "credentialsEnableService": false,
      "disableTranslatePopup": false,
      "stopWhileIpChange": false,
      "disableClipboard": false,
      "disableNotifications": false,
      "memorySaver": false,
      "coreProduct": "chrome",
      "webgpu": {
        "driver": null,
        "vendor": "amd",
        "description": null,
        "device": null,
        "architecture": "gcn-5"
      },
      "batchRandom": false,
      "batchUpdateFingerPrint": false,
      "firefoxVersionMap": {
        "120": "126,125,124,123,122,121,120,119,118,117",
        "128": "128,127,126,125"
      },
      "launchArgs": null,
      "extendOptions": null,
      "defaultAccuracy": null
    },
    "createdName": null,
    "belongUserName": null,
    "updateName": null,
    "agentIpCount": null,
    "belongToMe": false,
    "seqExport": null,
    "groupIDs": null,
    "browserShareID": null,
    "share": null,
    "shareUserName": null,
    "isShare": 0,
    "isValidUsername": false,
    "createNum": 0,
    "isRandomFinger": true,
    "remarkType": 1,
    "refreshProxyUrl": null,
    "duplicateCheck": 0,
    "ossExtend": null,
    "randomKey": null,
    "randomKeyUser": null,
    "syncBrowserAccount": null,
    "cookieBak": "",
    "passwordBak": null,
    "manual": 0,
    "proxyPasswordBak": null,
    "proxyAgreementType": "http",
    "clearCacheWithoutExtensions": false,
    "syncPaymentsAndAddress": false,
    "extendIds": [],
    "isSynOpen": 1,
    "faSecretKey": null,
    "coreProduct": null,
    "ostype": null,
    "os": null,
    "sort": 0,
    "checkPassword": null
  }
}
2024-11-15 10:50:26,690 [ERROR] bit_browser_manager.py:77 - 创建浏览器配置时发生错误: 'Response' object has no attribute 'get'
2024-11-15 10:50:26,691 [ERROR] bit_browser_manager.py:78 - 错误详情: Traceback (most recent call last):
  File "C:\GitWork\Airbnb data Analyst\bit_browser_manager.py", line 67, in create_browser
    if response.get('success') and response.get('data', {}).get('id'):
       ^^^^^^^^^^^^
AttributeError: 'Response' object has no attribute 'get'

2024-11-15 10:50:26,692 [ERROR] advanced_analyzer.py:176 - 创建BitBrowser实例失败
2024-11-15 10:50:26,692 [ERROR] advanced_analyzer.py:259 - 无法为URL https://www.airbnb.co.nz/rooms/43435162 初始化BitBrowser
2024-11-15 10:50:26,692 [INFO] advanced_analyzer.py:168 - 开始初始化BitBrowser...
2024-11-15 10:50:26,692 [INFO] bit_browser_manager.py:53 - 正在创建浏览器配置，请求数据: {
  "name": "airbnb_browser_1731621026",
  "remark": "Airbnb\u6570\u636e\u91c7\u96c6",
  "proxyMethod": 2,
  "proxyType": "http",
  "host": "38.kookeey.info",
  "port": "7426",
  "proxyUserName": "23ba352f",
  "proxyUserPwd": "74024a8b",
  "isGlobalProxyInfo": true,
  "browserFingerPrint": {
    "coreVersion": "130"
  },
  "credentialsEnableService": true,
  "proxyAgreementType": "http",
  "syncTabs": true,
  "syncCookies": true,
  "abortImage": false,
  "abortMedia": false,
  "clearCacheFilesBeforeLaunch": true,
  "clearCookiesBeforeLaunch": true,
  "ipCheckService": "ip-api",
  "proxyAuthenticationHeader": {
    "Proxy-Authorization": "Basic MjNiYTM1MmY6NzQwMjRhOGI="
  }
}
2024-11-15 10:50:28,237 [INFO] bit_browser_manager.py:61 - API响应状态码: 200
2024-11-15 10:50:28,237 [INFO] bit_browser_manager.py:62 - API响应头: {'Access-Control-Allow-Origin': '*', 'Access-Control-Allow-Methods': '*', 'Access-Control-Allow-Headers': '*', 'Content-Type': 'application/json; charset=utf-8', 'Content-Length': '10290', 'Date': 'Thu, 14 Nov 2024 21:50:28 GMT', 'Connection': 'keep-alive', 'Keep-Alive': 'timeout=5'}
2024-11-15 10:50:28,237 [INFO] bit_browser_manager.py:65 - API响应内容: {
  "success": true,
  "data": {
    "id": "a62ee5f92a834841bde1aa83efb03bc4",
    "seq": 12,
    "code": "20241115055028896",
    "platform": "",
    "platformIcon": "",
    "url": "",
    "name": "airbnb_browser_1731621026",
    "userName": "",
    "password": "",
    "cookie": "",
    "otherCookie": "",
    "isGlobalProxyInfo": true,
    "isIpv6": false,
    "proxyMethod": 2,
    "proxyType": "http",
    "agentId": "",
    "ipCheckService": "ip-api",
    "host": "38.kookeey.info",
    "port": 7426,
    "proxyUserName": "23ba352f",
    "proxyPassword": "",
    "lastIp": "",
    "lastCountry": "",
    "isIpNoChange": false,
    "ip": "",
    "country": "",
    "province": "",
    "city": "",
    "dynamicIpUrl": "",
    "isDynamicIpChangeIp": false,
    "remark": "Airbnb\u6570\u636e\u91c7\u96c6",
    "status": 0,
    "operUserName": "",
    "isDelete": 0,
    "delReason": "",
    "isMostCommon": 0,
    "isRemove": 0,
    "tempStr": null,
    "createdBy": "2c9bc058931ee8a601932c65f12b6f6b",
    "userId": "2c9bc058931ee8a601932c65f12b6f6b",
    "createdTime": "2024-11-15 05:50:28",
    "recycleBinRemark": "",
    "mainUserId": "2c9bc058931ee8a601932c65f12b6f6b",
    "abortImage": false,
    "abortMedia": false,
    "stopWhileNetError": false,
    "stopWhileCountryChange": false,
    "syncTabs": true,
    "syncCookies": true,
    "syncIndexedDb": false,
    "syncBookmarks": false,
    "syncAuthorization": false,
    "syncHistory": false,
    "syncGoogleAccount": true,
    "allowedSignin": false,
    "syncSessions": true,
    "workbench": "localserver",
    "clearCacheFilesBeforeLaunch": true,
    "clearCookiesBeforeLaunch": true,
    "clearHistoriesBeforeLaunch": false,
    "randomFingerprint": false,
    "muteAudio": false,
    "disableGpu": false,
    "enableBackgroundMode": false,
    "abortImageMaxSize": null,
    "syncExtensions": false,
    "syncUserExtensions": false,
    "syncLocalStorage": false,
    "credentialsEnableService": true,
    "disableTranslatePopup": false,
    "stopWhileIpChange": false,
    "disableClipboard": false,
    "disableNotifications": false,
    "memorySaver": false,
    "browserFingerPrint": {
      "id": "fa0e7dce203e4b808b752eedc6e6c207",
      "seq": 12,
      "coreVersion": "130",
      "browserId": "a62ee5f92a834841bde1aa83efb03bc4",
      "ostype": "PC",
      "os": "Win32",
      "architecture": "x86",
      "osVersion": "11",
      "platformVersion": "13.0.0",
      "version": "129",
      "userAgent": "Mozilla/5.0 (Windows NT 10.0; Win64; x64) AppleWebKit/537.36 (KHTML, like Gecko) Chrome/129.0.6668.58 Safari/537.36",
      "isIpCreateTimeZone": true,
      "timeZone": "",
      "timeZoneOffset": 0,
      "ignoreHttpsErrors": false,
      "webRTC": "3",
      "position": "1",
      "isIpCreatePosition": true,
      "isIpCreateDisplayLanguage": false,
      "displayLanguages": "",
      "isIpCreateLanguage": true,
      "resolutionType": "0",
      "resolution": "1920 x 1080",
      "openWidth": 1280,
      "openHeight": 720,
      "fontType": "2",
      "font": "Marker Felt,NSimSun Regular,MS UI Gothic Regular,Thonburi,Menlo,Impact Regular,PT Mono,Gabriola Regular,Avenir Next,MingLiu_HKSCS-ExtB Regular",
      "canvas": "0",
      "canvasValue": "44402",
      "webGL": "0",
      "webGLValue": "634918",
      "webGLMeta": "0",
      "webGLManufacturer": "Google Inc. (NVIDIA)",
      "webGLRender": "ANGLE (NVIDIA, NVIDIA GeForce GTX 1650 Ti Direct3D11 vs_5_0 ps_5_0, D3D11-30.0.14.7219)",
      "audioContext": "0",
      "audioContextValue": "43",
      "mediaDevice": "1",
      "speechVoices": "0",
      "speechVoicesValue": "[{\"name\":\"Microsoft Huihui - Chinese (Simplified, PRC)\",\"default\":true,\"lang\":\"zh-CN\",\"is_remote\":false,\"voice_uri\":\"Microsoft Huihui - Chinese (Simplified, PRC)\"},{\"name\":\"Microsoft Richard - English (Canada)\",\"default\":false,\"lang\":\"en-CA\",\"is_remote\":false,\"voice_uri\":\"Microsoft Richard - English (Canada)\"},{\"name\":\"Microsoft George - English (United Kingdom)\",\"default\":false,\"lang\":\"en-GB\",\"is_remote\":false,\"voice_uri\":\"Microsoft George - English (United Kingdom)\"},{\"name\":\"Microsoft Hazel - English (United Kingdom)\",\"default\":false,\"lang\":\"en-GB\",\"is_remote\":false,\"voice_uri\":\"Microsoft Hazel - English (United Kingdom)\"},{\"name\":\"Microsoft Susan - English (United Kingdom)\",\"default\":false,\"lang\":\"en-GB\",\"is_remote\":false,\"voice_uri\":\"Microsoft Susan - English (United Kingdom)\"},{\"name\":\"Microsoft David - English (United States)\",\"default\":false,\"lang\":\"en-US\",\"is_remote\":false,\"voice_uri\":\"Microsoft David - English (United States)\"},{\"name\":\"Microsoft Mark - English (United States)\",\"default\":false,\"lang\":\"en-US\",\"is_remote\":false,\"voice_uri\":\"Microsoft Mark - English (United States)\"},{\"name\":\"Microsoft Zira - English (United States)\",\"default\":false,\"lang\":\"en-US\",\"is_remote\":false,\"voice_uri\":\"Microsoft Zira - English (United States)\"},{\"name\":\"Microsoft Ayumi - Japanese (Japan)\",\"default\":false,\"lang\":\"ja-JP\",\"is_remote\":false,\"voice_uri\":\"Microsoft Ayumi - Japanese (Japan)\"},{\"name\":\"Microsoft Haruka - Japanese (Japan)\",\"default\":false,\"lang\":\"ja-JP\",\"is_remote\":false,\"voice_uri\":\"Microsoft Haruka - Japanese (Japan)\"},{\"name\":\"Microsoft Ichiro - Japanese (Japan)\",\"default\":false,\"lang\":\"ja-JP\",\"is_remote\":false,\"voice_uri\":\"Microsoft Ichiro - Japanese (Japan)\"},{\"name\":\"Microsoft Sayaka - Japanese (Japan)\",\"default\":false,\"lang\":\"ja-JP\",\"is_remote\":false,\"voice_uri\":\"Microsoft Sayaka - Japanese (Japan)\"},{\"name\":\"Microsoft Linda - English (Canada)\",\"default\":false,\"lang\":\"en-CA\",\"is_remote\":false,\"voice_uri\":\"Microsoft Linda - English (Canada)\"},{\"name\":\"Microsoft Kangkang - Chinese (Simplified, PRC)\",\"default\":false,\"lang\":\"zh-CN\",\"is_remote\":false,\"voice_uri\":\"Microsoft Kangkang - Chinese (Simplified, PRC)\"},{\"name\":\"Microsoft Yaoyao - Chinese (Simplified, PRC)\",\"default\":false,\"lang\":\"zh-CN\",\"is_remote\":false,\"voice_uri\":\"Microsoft Yaoyao - Chinese (Simplified, PRC)\"},{\"name\":\"Google Deutsch\",\"default\":false,\"lang\":\"de-DE\",\"is_remote\":true,\"voice_uri\":\"Google Deutsch\"},{\"name\":\"Google US English\",\"default\":false,\"lang\":\"en-US\",\"is_remote\":true,\"voice_uri\":\"Google US English\"},{\"name\":\"Google UK English Female\",\"default\":false,\"lang\":\"en-GB\",\"is_remote\":true,\"voice_uri\":\"Google UK English Female\"},{\"name\":\"Google UK English Male\",\"default\":false,\"lang\":\"en-GB\",\"is_remote\":true,\"voice_uri\":\"Google UK English Male\"},{\"name\":\"Google espa\u00f1ol\",\"default\":false,\"lang\":\"es-ES\",\"is_remote\":true,\"voice_uri\":\"Google espa\u00f1ol\"},{\"name\":\"Google espa\u00f1ol de Estados Unidos\",\"default\":false,\"lang\":\"es-US\",\"is_remote\":true,\"voice_uri\":\"Google espa\u00f1ol de Estados Unidos\"},{\"name\":\"Google fran\u00e7ais\",\"default\":false,\"lang\":\"fr-FR\",\"is_remote\":true,\"voice_uri\":\"Google fran\u00e7ais\"},{\"name\":\"Google \u0939\u093f\u0928\u094d\u0926\u0940\",\"default\":false,\"lang\":\"hi-IN\",\"is_remote\":true,\"voice_uri\":\"Google \u0939\u093f\u0928\u094d\u0926\u0940\"},{\"name\":\"Google Bahasa Indonesia\",\"default\":false,\"lang\":\"id-ID\",\"is_remote\":true,\"voice_uri\":\"Google Bahasa Indonesia\"},{\"name\":\"Google italiano\",\"default\":false,\"lang\":\"it-IT\",\"is_remote\":true,\"voice_uri\":\"Google italiano\"},{\"name\":\"Google \u65e5\u672c\u8a9e\",\"default\":false,\"lang\":\"ja-JP\",\"is_remote\":true,\"voice_uri\":\"Google \u65e5\u672c\u8a9e\"},{\"name\":\"Google \ud55c\uad6d\uc758\",\"default\":false,\"lang\":\"ko-KR\",\"is_remote\":true,\"voice_uri\":\"Google \ud55c\uad6d\uc758\"},{\"name\":\"Google Nederlands\",\"default\":false,\"lang\":\"nl-NL\",\"is_remote\":true,\"voice_uri\":\"Google Nederlands\"},{\"name\":\"Google polski\",\"default\":false,\"lang\":\"pl-PL\",\"is_remote\":true,\"voice_uri\":\"Google polski\"},{\"name\":\"Google portugu\u00eas do Brasil\",\"default\":false,\"lang\":\"pt-BR\",\"is_remote\":true,\"voice_uri\":\"Google portugu\u00eas do Brasil\"},{\"name\":\"Google \u0440\u0443\u0441\u0441\u043a\u0438\u0439\",\"default\":false,\"lang\":\"ru-RU\",\"is_remote\":true,\"voice_uri\":\"Google \u0440\u0443\u0441\u0441\u043a\u0438\u0439\"},{\"name\":\"Google\u00a0\u666e\u901a\u8bdd\uff08\u4e2d\u56fd\u5927\u9646\uff09\",\"default\":false,\"lang\":\"zh-CN\",\"is_remote\":true,\"voice_uri\":\"Google\u00a0\u666e\u901a\u8bdd\uff08\u4e2d\u56fd\u5927\u9646\uff09\"},{\"name\":\"Google\u00a0\u7ca4\u8a9e\uff08\u9999\u6e2f\uff09\",\"default\":false,\"lang\":\"zh-HK\",\"is_remote\":true,\"voice_uri\":\"Google\u00a0\u7ca4\u8a9e\uff08\u9999\u6e2f\uff09\"},{\"name\":\"Google \u570b\u8a9e\uff08\u81fa\u7063\uff09\",\"default\":false,\"lang\":\"zh-TW\",\"is_remote\":true,\"voice_uri\":\"Google \u570b\u8a9e\uff08\u81fa\u7063\uff09\"}]",
      "hardwareConcurrency": "4",
      "deviceMemory": "8",
      "deviceInfoEnabled": true,
      "computerName": "DESKTOP-N2NHUY1M",
      "macAddr": "AC-E2-D3-5D-FD-84",
      "clientRectNoiseEnabled": true,
      "clientRectNoiseValue": 52974,
      "doNotTrack": "1",
      "portScanProtect": "0",
      "portWhiteList": "",
      "isDelete": 0,
      "colorDepth": 24,
      "totalDiskSpace": "3026583552",
      "devicePixelRatio": 1,
      "disableSslCipherSuitesFlag": false,
      "disableSslCipherSuites": null,
      "plugins": "",
      "enablePlugins": false,
      "windowSizeLimit": true,
      "createdBy": "2c9bc058931ee8a601932c65f12b6f6b",
      "createdTime": "2024-11-15 05:50:28",
      "isValidUsername": true,
      "abortImage": false,
      "abortImageMaxSize": null,
      "abortMedia": false,
      "stopWhileNetError": false,
      "stopWhileCountryChange": false,
      "syncTabs": true,
      "syncCookies": true,
      "syncIndexedDb": false,
      "syncBookmarks": false,
      "syncAuthorization": false,
      "syncHistory": false,
      "syncGoogleAccount": false,
      "allowedSignin": false,
      "syncSessions": false,
      "workbench": "localserver",
      "clearCacheFilesBeforeLaunch": false,
      "clearCookiesBeforeLaunch": false,
      "clearHistoriesBeforeLaunch": false,
      "randomFingerprint": false,
      "muteAudio": false,
      "disableGpu": false,
      "enableBackgroundMode": false,
      "syncExtensions": false,
      "syncUserExtensions": false,
      "syncLocalStorage": false,
      "credentialsEnableService": false,
      "disableTranslatePopup": false,
      "stopWhileIpChange": false,
      "disableClipboard": false,
      "disableNotifications": false,
      "memorySaver": false,
      "coreProduct": "chrome",
      "webgpu": {
        "driver": null,
        "vendor": "nvidia",
        "description": null,
        "device": null,
        "architecture": "pascal"
      },
      "batchRandom": false,
      "batchUpdateFingerPrint": false,
      "firefoxVersionMap": {
        "120": "126,125,124,123,122,121,120,119,118,117",
        "128": "128,127,126,125"
      },
      "launchArgs": null,
      "extendOptions": null,
      "defaultAccuracy": null
    },
    "createdName": null,
    "belongUserName": null,
    "updateName": null,
    "agentIpCount": null,
    "belongToMe": false,
    "seqExport": null,
    "groupIDs": null,
    "browserShareID": null,
    "share": null,
    "shareUserName": null,
    "isShare": 0,
    "isValidUsername": false,
    "createNum": 0,
    "isRandomFinger": true,
    "remarkType": 1,
    "refreshProxyUrl": null,
    "duplicateCheck": 0,
    "ossExtend": null,
    "randomKey": null,
    "randomKeyUser": null,
    "syncBrowserAccount": null,
    "cookieBak": "",
    "passwordBak": null,
    "manual": 0,
    "proxyPasswordBak": null,
    "proxyAgreementType": "http",
    "clearCacheWithoutExtensions": false,
    "syncPaymentsAndAddress": false,
    "extendIds": [],
    "isSynOpen": 1,
    "faSecretKey": null,
    "coreProduct": null,
    "ostype": null,
    "os": null,
    "sort": 0,
    "checkPassword": null
  }
}
2024-11-15 10:50:28,239 [ERROR] bit_browser_manager.py:77 - 创建浏览器配置时发生错误: 'Response' object has no attribute 'get'
2024-11-15 10:50:28,240 [ERROR] bit_browser_manager.py:78 - 错误详情: Traceback (most recent call last):
  File "C:\GitWork\Airbnb data Analyst\bit_browser_manager.py", line 67, in create_browser
    if response.get('success') and response.get('data', {}).get('id'):
       ^^^^^^^^^^^^
AttributeError: 'Response' object has no attribute 'get'

2024-11-15 10:50:28,240 [ERROR] advanced_analyzer.py:176 - 创建BitBrowser实例失败
2024-11-15 10:50:28,240 [ERROR] advanced_analyzer.py:259 - 无法为URL https://www.airbnb.co.nz/rooms/830193102361409290 初始化BitBrowser
2024-11-15 10:50:28,240 [INFO] advanced_analyzer.py:168 - 开始初始化BitBrowser...
2024-11-15 10:50:28,240 [INFO] bit_browser_manager.py:53 - 正在创建浏览器配置，请求数据: {
  "name": "airbnb_browser_1731621028",
  "remark": "Airbnb\u6570\u636e\u91c7\u96c6",
  "proxyMethod": 2,
  "proxyType": "http",
  "host": "38.kookeey.info",
  "port": "7426",
  "proxyUserName": "23ba352f",
  "proxyUserPwd": "74024a8b",
  "isGlobalProxyInfo": true,
  "browserFingerPrint": {
    "coreVersion": "130"
  },
  "credentialsEnableService": true,
  "proxyAgreementType": "http",
  "syncTabs": true,
  "syncCookies": true,
  "abortImage": false,
  "abortMedia": false,
  "clearCacheFilesBeforeLaunch": true,
  "clearCookiesBeforeLaunch": true,
  "ipCheckService": "ip-api",
  "proxyAuthenticationHeader": {
    "Proxy-Authorization": "Basic MjNiYTM1MmY6NzQwMjRhOGI="
  }
}
2024-11-15 10:50:29,214 [INFO] bit_browser_manager.py:61 - API响应状态码: 200
2024-11-15 10:50:29,214 [INFO] bit_browser_manager.py:62 - API响应头: {'Access-Control-Allow-Origin': '*', 'Access-Control-Allow-Methods': '*', 'Access-Control-Allow-Headers': '*', 'Content-Type': 'application/json; charset=utf-8', 'Content-Length': '8748', 'Date': 'Thu, 14 Nov 2024 21:50:29 GMT', 'Connection': 'keep-alive', 'Keep-Alive': 'timeout=5'}
2024-11-15 10:50:29,215 [INFO] bit_browser_manager.py:65 - API响应内容: {
  "success": true,
  "data": {
    "id": "3322a4db9618454a8b165d260632b463",
    "seq": 13,
    "code": "20241115055029843",
    "platform": "",
    "platformIcon": "",
    "url": "",
    "name": "airbnb_browser_1731621028",
    "userName": "",
    "password": "",
    "cookie": "",
    "otherCookie": "",
    "isGlobalProxyInfo": true,
    "isIpv6": false,
    "proxyMethod": 2,
    "proxyType": "http",
    "agentId": "",
    "ipCheckService": "ip-api",
    "host": "38.kookeey.info",
    "port": 7426,
    "proxyUserName": "23ba352f",
    "proxyPassword": "",
    "lastIp": "",
    "lastCountry": "",
    "isIpNoChange": false,
    "ip": "",
    "country": "",
    "province": "",
    "city": "",
    "dynamicIpUrl": "",
    "isDynamicIpChangeIp": false,
    "remark": "Airbnb\u6570\u636e\u91c7\u96c6",
    "status": 0,
    "operUserName": "",
    "isDelete": 0,
    "delReason": "",
    "isMostCommon": 0,
    "isRemove": 0,
    "tempStr": null,
    "createdBy": "2c9bc058931ee8a601932c65f12b6f6b",
    "userId": "2c9bc058931ee8a601932c65f12b6f6b",
    "createdTime": "2024-11-15 05:50:29",
    "recycleBinRemark": "",
    "mainUserId": "2c9bc058931ee8a601932c65f12b6f6b",
    "abortImage": false,
    "abortMedia": false,
    "stopWhileNetError": false,
    "stopWhileCountryChange": false,
    "syncTabs": true,
    "syncCookies": true,
    "syncIndexedDb": false,
    "syncBookmarks": false,
    "syncAuthorization": false,
    "syncHistory": false,
    "syncGoogleAccount": true,
    "allowedSignin": false,
    "syncSessions": true,
    "workbench": "localserver",
    "clearCacheFilesBeforeLaunch": true,
    "clearCookiesBeforeLaunch": true,
    "clearHistoriesBeforeLaunch": false,
    "randomFingerprint": false,
    "muteAudio": false,
    "disableGpu": false,
    "enableBackgroundMode": false,
    "abortImageMaxSize": null,
    "syncExtensions": false,
    "syncUserExtensions": false,
    "syncLocalStorage": false,
    "credentialsEnableService": true,
    "disableTranslatePopup": false,
    "stopWhileIpChange": false,
    "disableClipboard": false,
    "disableNotifications": false,
    "memorySaver": false,
    "browserFingerPrint": {
      "id": "e57086be74744305b3f4f8630644752c",
      "seq": 13,
      "coreVersion": "130",
      "browserId": "3322a4db9618454a8b165d260632b463",
      "ostype": "PC",
      "os": "Win32",
      "architecture": "x86",
      "osVersion": "11",
      "platformVersion": "15.0.0",
      "version": "129",
      "userAgent": "Mozilla/5.0 (Windows NT 10.0; Win64; x64) AppleWebKit/537.36 (KHTML, like Gecko) Chrome/129.0.6668.58 Safari/537.36",
      "isIpCreateTimeZone": true,
      "timeZone": "",
      "timeZoneOffset": 0,
      "ignoreHttpsErrors": false,
      "webRTC": "3",
      "position": "1",
      "isIpCreatePosition": true,
      "isIpCreateDisplayLanguage": false,
      "displayLanguages": "",
      "isIpCreateLanguage": true,
      "resolutionType": "0",
      "resolution": "1920 x 1080",
      "openWidth": 1280,
      "openHeight": 720,
      "fontType": "2",
      "font": "AppleGothic,Comic Sans MS Bold,Mishafi,Baghdad,Lucida Console Regular,STIXSizeTwoSym,Webdings Regular,Microsoft JhengHei UI Light,Lao MN,Yu Gothic UI Semilight",
      "canvas": "0",
      "canvasValue": "396599",
      "webGL": "0",
      "webGLValue": "945755",
      "webGLMeta": "0",
      "webGLManufacturer": "Google Inc. (AMD)",
      "webGLRender": "ANGLE (AMD, AMD Radeon(TM) R5 Graphics Direct3D11 vs_5_0 ps_5_0, D3D11-26.20.12028.2)",
      "audioContext": "0",
      "audioContextValue": "71",
      "mediaDevice": "1",
      "speechVoices": "0",
      "speechVoicesValue": "[{\"name\":\"Microsoft Polina Online (Natural) - Ukrainian (Ukraine)\",\"default\":false,\"lang\":\"uk-UA\",\"is_remote\":false,\"voice_uri\":\"Microsoft Polina Online (Natural) - Ukrainian (Ukraine)\"},{\"name\":\"Microsoft Anu Online (Natural) - Estonian (Estonia)\",\"default\":false,\"lang\":\"et-EE\",\"is_remote\":false,\"voice_uri\":\"Microsoft Anu Online (Natural) - Estonian (Estonia)\"},{\"name\":\"Microsoft Aigul Online (Natural) - Kazakh (Kazakhstan)\",\"default\":false,\"lang\":\"kk-KZ\",\"is_remote\":false,\"voice_uri\":\"Microsoft Aigul Online (Natural) - Kazakh (Kazakhstan)\"},{\"name\":\"Microsoft Huihui - Chinese (Simplified, PRC)\",\"default\":true,\"lang\":\"zh-CN\",\"is_remote\":false,\"voice_uri\":\"Microsoft Huihui - Chinese (Simplified, PRC)\"},{\"name\":\"Microsoft Kangkang - Chinese (Simplified, PRC)\",\"default\":false,\"lang\":\"zh-CN\",\"is_remote\":false,\"voice_uri\":\"Microsoft Kangkang - Chinese (Simplified, PRC)\"},{\"name\":\"Microsoft Yaoyao - Chinese (Simplified, PRC)\",\"default\":false,\"lang\":\"zh-CN\",\"is_remote\":false,\"voice_uri\":\"Microsoft Yaoyao - Chinese (Simplified, PRC)\"},{\"name\":\"Google \u666e\u901a\u8bdd\uff08\u4e2d\u56fd\u5927\u9646\uff09\",\"default\":false,\"lang\":\"zh-CN\",\"is_remote\":true,\"voice_uri\":\"Google \u666e\u901a\u8bdd\uff08\u4e2d\u56fd\u5927\u9646\uff09\"},{\"name\":\"Google \u7ca4\u8a9e\uff08\u9999\u6e2f\uff09\",\"default\":false,\"lang\":\"zh-HK\",\"is_remote\":true,\"voice_uri\":\"Google \u7ca4\u8a9e\uff08\u9999\u6e2f\uff09\"},{\"name\":\"Google \u570b\u8a9e\uff08\u81fa\u7063\uff09\",\"default\":false,\"lang\":\"zh-TW\",\"is_remote\":true,\"voice_uri\":\"Google \u570b\u8a9e\uff08\u81fa\u7063\uff09\"},{\"name\":\"Google \u65e5\u672c\u8a9e\",\"default\":false,\"lang\":\"ja-JP\",\"is_remote\":true,\"voice_uri\":\"Google \u65e5\u672c\u8a9e\"},{\"name\":\"Google Deutsch\",\"default\":false,\"lang\":\"de-DE\",\"is_remote\":true,\"voice_uri\":\"Google Deutsch\"},{\"name\":\"Google US English\",\"default\":false,\"lang\":\"en-US\",\"is_remote\":true,\"voice_uri\":\"Google US English\"},{\"name\":\"Google UK English Female\",\"default\":false,\"lang\":\"en-GB\",\"is_remote\":true,\"voice_uri\":\"Google UK English Female\"},{\"name\":\"Google UK English Male\",\"default\":false,\"lang\":\"en-GB\",\"is_remote\":true,\"voice_uri\":\"Google UK English Male\"},{\"name\":\"Google espa\u00f1ol\",\"default\":false,\"lang\":\"es-ES\",\"is_remote\":true,\"voice_uri\":\"Google espa\u00f1ol\"},{\"name\":\"Google espa\u00f1ol de Estados Unidos\",\"default\":false,\"lang\":\"es-US\",\"is_remote\":true,\"voice_uri\":\"Google espa\u00f1ol de Estados Unidos\"},{\"name\":\"Google fran\u00e7ais\",\"default\":false,\"lang\":\"fr-FR\",\"is_remote\":true,\"voice_uri\":\"Google fran\u00e7ais\"},{\"name\":\"Google \u0939\u093f\u0928\u094d\u0926\u0940\",\"default\":false,\"lang\":\"hi-IN\",\"is_remote\":true,\"voice_uri\":\"Google \u0939\u093f\u0928\u094d\u0926\u0940\"},{\"name\":\"Google Bahasa Indonesia\",\"default\":false,\"lang\":\"id-ID\",\"is_remote\":true,\"voice_uri\":\"Google Bahasa Indonesia\"},{\"name\":\"Google polski\",\"default\":false,\"lang\":\"pl-PL\",\"is_remote\":true,\"voice_uri\":\"Google polski\"},{\"name\":\"Google \u0440\u0443\u0441\u0441\u043a\u0438\u0439\",\"default\":false,\"lang\":\"ru-RU\",\"is_remote\":true,\"voice_uri\":\"Google \u0440\u0443\u0441\u0441\u043a\u0438\u0439\"},{\"name\":\"Google portugu\u00eas do Brasil\",\"default\":false,\"lang\":\"pt-BR\",\"is_remote\":true,\"voice_uri\":\"Google portugu\u00eas do Brasil\"},{\"name\":\"Google italiano\",\"default\":false,\"lang\":\"it-IT\",\"is_remote\":true,\"voice_uri\":\"Google italiano\"},{\"name\":\"Google \ud55c\uad6d\uc758\",\"default\":false,\"lang\":\"ko-KR\",\"is_remote\":true,\"voice_uri\":\"Google \ud55c\uad6d\uc758\"}]",
      "hardwareConcurrency": "4",
      "deviceMemory": "8",
      "deviceInfoEnabled": true,
      "computerName": "DESKTOP-BYLUHZWY",
      "macAddr": "6C-88-14-63-D4-26",
      "clientRectNoiseEnabled": true,
      "clientRectNoiseValue": 63110,
      "doNotTrack": "1",
      "portScanProtect": "0",
      "portWhiteList": "",
      "isDelete": 0,
      "colorDepth": 24,
      "totalDiskSpace": "3197214720",
      "devicePixelRatio": 1,
      "disableSslCipherSuitesFlag": false,
      "disableSslCipherSuites": null,
      "plugins": "",
      "enablePlugins": false,
      "windowSizeLimit": true,
      "createdBy": "2c9bc058931ee8a601932c65f12b6f6b",
      "createdTime": "2024-11-15 05:50:29",
      "isValidUsername": true,
      "abortImage": false,
      "abortImageMaxSize": null,
      "abortMedia": false,
      "stopWhileNetError": false,
      "stopWhileCountryChange": false,
      "syncTabs": true,
      "syncCookies": true,
      "syncIndexedDb": false,
      "syncBookmarks": false,
      "syncAuthorization": false,
      "syncHistory": false,
      "syncGoogleAccount": false,
      "allowedSignin": false,
      "syncSessions": false,
      "workbench": "localserver",
      "clearCacheFilesBeforeLaunch": false,
      "clearCookiesBeforeLaunch": false,
      "clearHistoriesBeforeLaunch": false,
      "randomFingerprint": false,
      "muteAudio": false,
      "disableGpu": false,
      "enableBackgroundMode": false,
      "syncExtensions": false,
      "syncUserExtensions": false,
      "syncLocalStorage": false,
      "credentialsEnableService": false,
      "disableTranslatePopup": false,
      "stopWhileIpChange": false,
      "disableClipboard": false,
      "disableNotifications": false,
      "memorySaver": false,
      "coreProduct": "chrome",
      "webgpu": {
        "driver": null,
        "vendor": "amd",
        "description": null,
        "device": null,
        "architecture": "gcn-5"
      },
      "batchRandom": false,
      "batchUpdateFingerPrint": false,
      "firefoxVersionMap": {
        "120": "126,125,124,123,122,121,120,119,118,117",
        "128": "128,127,126,125"
      },
      "launchArgs": null,
      "extendOptions": null,
      "defaultAccuracy": null
    },
    "createdName": null,
    "belongUserName": null,
    "updateName": null,
    "agentIpCount": null,
    "belongToMe": false,
    "seqExport": null,
    "groupIDs": null,
    "browserShareID": null,
    "share": null,
    "shareUserName": null,
    "isShare": 0,
    "isValidUsername": false,
    "createNum": 0,
    "isRandomFinger": true,
    "remarkType": 1,
    "refreshProxyUrl": null,
    "duplicateCheck": 0,
    "ossExtend": null,
    "randomKey": null,
    "randomKeyUser": null,
    "syncBrowserAccount": null,
    "cookieBak": "",
    "passwordBak": null,
    "manual": 0,
    "proxyPasswordBak": null,
    "proxyAgreementType": "http",
    "clearCacheWithoutExtensions": false,
    "syncPaymentsAndAddress": false,
    "extendIds": [],
    "isSynOpen": 1,
    "faSecretKey": null,
    "coreProduct": null,
    "ostype": null,
    "os": null,
    "sort": 0,
    "checkPassword": null
  }
}
2024-11-15 10:50:29,217 [ERROR] bit_browser_manager.py:77 - 创建浏览器配置时发生错误: 'Response' object has no attribute 'get'
2024-11-15 10:50:29,218 [ERROR] bit_browser_manager.py:78 - 错误详情: Traceback (most recent call last):
  File "C:\GitWork\Airbnb data Analyst\bit_browser_manager.py", line 67, in create_browser
    if response.get('success') and response.get('data', {}).get('id'):
       ^^^^^^^^^^^^
AttributeError: 'Response' object has no attribute 'get'

2024-11-15 10:50:29,218 [ERROR] advanced_analyzer.py:176 - 创建BitBrowser实例失败
2024-11-15 10:50:29,218 [ERROR] advanced_analyzer.py:259 - 无法为URL https://www.airbnb.co.nz/rooms/49525472 初始化BitBrowser
2024-11-15 10:50:29,218 [INFO] advanced_analyzer.py:168 - 开始初始化BitBrowser...
2024-11-15 10:50:29,218 [INFO] bit_browser_manager.py:53 - 正在创建浏览器配置，请求数据: {
  "name": "airbnb_browser_1731621029",
  "remark": "Airbnb\u6570\u636e\u91c7\u96c6",
  "proxyMethod": 2,
  "proxyType": "http",
  "host": "38.kookeey.info",
  "port": "7426",
  "proxyUserName": "23ba352f",
  "proxyUserPwd": "74024a8b",
  "isGlobalProxyInfo": true,
  "browserFingerPrint": {
    "coreVersion": "130"
  },
  "credentialsEnableService": true,
  "proxyAgreementType": "http",
  "syncTabs": true,
  "syncCookies": true,
  "abortImage": false,
  "abortMedia": false,
  "clearCacheFilesBeforeLaunch": true,
  "clearCookiesBeforeLaunch": true,
  "ipCheckService": "ip-api",
  "proxyAuthenticationHeader": {
    "Proxy-Authorization": "Basic MjNiYTM1MmY6NzQwMjRhOGI="
  }
}
2024-11-15 10:50:30,140 [INFO] bit_browser_manager.py:61 - API响应状态码: 200
2024-11-15 10:50:30,140 [INFO] bit_browser_manager.py:62 - API响应头: {'Access-Control-Allow-Origin': '*', 'Access-Control-Allow-Methods': '*', 'Access-Control-Allow-Headers': '*', 'Content-Type': 'application/json; charset=utf-8', 'Content-Length': '8719', 'Date': 'Thu, 14 Nov 2024 21:50:30 GMT', 'Connection': 'keep-alive', 'Keep-Alive': 'timeout=5'}
2024-11-15 10:50:30,140 [INFO] bit_browser_manager.py:65 - API响应内容: {
  "success": true,
  "data": {
    "id": "0dfced0d24504cfc8eb67dfba33ddcda",
    "seq": 14,
    "code": "20241115055030801",
    "platform": "",
    "platformIcon": "",
    "url": "",
    "name": "airbnb_browser_1731621029",
    "userName": "",
    "password": "",
    "cookie": "",
    "otherCookie": "",
    "isGlobalProxyInfo": true,
    "isIpv6": false,
    "proxyMethod": 2,
    "proxyType": "http",
    "agentId": "",
    "ipCheckService": "ip-api",
    "host": "38.kookeey.info",
    "port": 7426,
    "proxyUserName": "23ba352f",
    "proxyPassword": "",
    "lastIp": "",
    "lastCountry": "",
    "isIpNoChange": false,
    "ip": "",
    "country": "",
    "province": "",
    "city": "",
    "dynamicIpUrl": "",
    "isDynamicIpChangeIp": false,
    "remark": "Airbnb\u6570\u636e\u91c7\u96c6",
    "status": 0,
    "operUserName": "",
    "isDelete": 0,
    "delReason": "",
    "isMostCommon": 0,
    "isRemove": 0,
    "tempStr": null,
    "createdBy": "2c9bc058931ee8a601932c65f12b6f6b",
    "userId": "2c9bc058931ee8a601932c65f12b6f6b",
    "createdTime": "2024-11-15 05:50:30",
    "recycleBinRemark": "",
    "mainUserId": "2c9bc058931ee8a601932c65f12b6f6b",
    "abortImage": false,
    "abortMedia": false,
    "stopWhileNetError": false,
    "stopWhileCountryChange": false,
    "syncTabs": true,
    "syncCookies": true,
    "syncIndexedDb": false,
    "syncBookmarks": false,
    "syncAuthorization": false,
    "syncHistory": false,
    "syncGoogleAccount": true,
    "allowedSignin": false,
    "syncSessions": true,
    "workbench": "localserver",
    "clearCacheFilesBeforeLaunch": true,
    "clearCookiesBeforeLaunch": true,
    "clearHistoriesBeforeLaunch": false,
    "randomFingerprint": false,
    "muteAudio": false,
    "disableGpu": false,
    "enableBackgroundMode": false,
    "abortImageMaxSize": null,
    "syncExtensions": false,
    "syncUserExtensions": false,
    "syncLocalStorage": false,
    "credentialsEnableService": true,
    "disableTranslatePopup": false,
    "stopWhileIpChange": false,
    "disableClipboard": false,
    "disableNotifications": false,
    "memorySaver": false,
    "browserFingerPrint": {
      "id": "9e91ba7644bb4e60bbbc7edea87cfea7",
      "seq": 14,
      "coreVersion": "130",
      "browserId": "0dfced0d24504cfc8eb67dfba33ddcda",
      "ostype": "PC",
      "os": "Win32",
      "architecture": "x86",
      "osVersion": "10",
      "platformVersion": "10.0.0",
      "version": "130",
      "userAgent": "Mozilla/5.0 (Windows NT 10.0; Win64; x64) AppleWebKit/537.36 (KHTML, like Gecko) Chrome/130.0.6723.59 Safari/537.36",
      "isIpCreateTimeZone": true,
      "timeZone": "",
      "timeZoneOffset": 0,
      "ignoreHttpsErrors": false,
      "webRTC": "3",
      "position": "1",
      "isIpCreatePosition": true,
      "isIpCreateDisplayLanguage": false,
      "displayLanguages": "",
      "isIpCreateLanguage": true,
      "resolutionType": "0",
      "resolution": "1920 x 1080",
      "openWidth": 1280,
      "openHeight": 720,
      "fontType": "2",
      "font": "PT Serif,Telugu Sangam MN,Al Bayan,Kohinoor Bangla,Nirmala UI,AppleGothic,Yu Gothic Medium,DIN Alternate,MS Sans Serif,HoloLens MDL2 Assets",
      "canvas": "0",
      "canvasValue": "445945",
      "webGL": "0",
      "webGLValue": "195979",
      "webGLMeta": "0",
      "webGLManufacturer": "Google Inc. (NVIDIA)",
      "webGLRender": "ANGLE (NVIDIA, NVIDIA GeForce GT 730 Direct3D11 vs_5_0 ps_5_0, D3D11-27.21.14.6677)",
      "audioContext": "0",
      "audioContextValue": "72",
      "mediaDevice": "1",
      "speechVoices": "0",
      "speechVoicesValue": "[{\"name\":\"Microsoft David - English (United States)\",\"default\":true,\"lang\":\"en-US\",\"is_remote\":false,\"voice_uri\":\"Microsoft David - English (United States)\"},{\"name\":\"Microsoft Mark - English (United States)\",\"default\":false,\"lang\":\"en-US\",\"is_remote\":false,\"voice_uri\":\"Microsoft Mark - English (United States)\"},{\"name\":\"Microsoft Zira - English (United States)\",\"default\":false,\"lang\":\"en-US\",\"is_remote\":false,\"voice_uri\":\"Microsoft Zira - English (United States)\"},{\"name\":\"Microsoft Irina - Russian (Russia)\",\"default\":false,\"lang\":\"ru-RU\",\"is_remote\":false,\"voice_uri\":\"Microsoft Irina - Russian (Russia)\"},{\"name\":\"Microsoft Pavel - Russian (Russia)\",\"default\":false,\"lang\":\"ru-RU\",\"is_remote\":false,\"voice_uri\":\"Microsoft Pavel - Russian (Russia)\"},{\"name\":\"Microsoft Tolga - Turkish (Turkey)\",\"default\":false,\"lang\":\"tr-TR\",\"is_remote\":false,\"voice_uri\":\"Microsoft Tolga - Turkish (Turkey)\"},{\"name\":\"Google Deutsch\",\"default\":false,\"lang\":\"de-DE\",\"is_remote\":true,\"voice_uri\":\"Google Deutsch\"},{\"name\":\"Google US English\",\"default\":false,\"lang\":\"en-US\",\"is_remote\":true,\"voice_uri\":\"Google US English\"},{\"name\":\"Google UK English Female\",\"default\":false,\"lang\":\"en-GB\",\"is_remote\":true,\"voice_uri\":\"Google UK English Female\"},{\"name\":\"Google UK English Male\",\"default\":false,\"lang\":\"en-GB\",\"is_remote\":true,\"voice_uri\":\"Google UK English Male\"},{\"name\":\"Google espa\u00f1ol\",\"default\":false,\"lang\":\"es-ES\",\"is_remote\":true,\"voice_uri\":\"Google espa\u00f1ol\"},{\"name\":\"Google espa\u00f1ol de Estados Unidos\",\"default\":false,\"lang\":\"es-US\",\"is_remote\":true,\"voice_uri\":\"Google espa\u00f1ol de Estados Unidos\"},{\"name\":\"Google fran\u00e7ais\",\"default\":false,\"lang\":\"fr-FR\",\"is_remote\":true,\"voice_uri\":\"Google fran\u00e7ais\"},{\"name\":\"Google \u0939\u093f\u0928\u094d\u0926\u0940\",\"default\":false,\"lang\":\"hi-IN\",\"is_remote\":true,\"voice_uri\":\"Google \u0939\u093f\u0928\u094d\u0926\u0940\"},{\"name\":\"Google Bahasa Indonesia\",\"default\":false,\"lang\":\"id-ID\",\"is_remote\":true,\"voice_uri\":\"Google Bahasa Indonesia\"},{\"name\":\"Google italiano\",\"default\":false,\"lang\":\"it-IT\",\"is_remote\":true,\"voice_uri\":\"Google italiano\"},{\"name\":\"Google \u65e5\u672c\u8a9e\",\"default\":false,\"lang\":\"ja-JP\",\"is_remote\":true,\"voice_uri\":\"Google \u65e5\u672c\u8a9e\"},{\"name\":\"Google \ud55c\uad6d\uc758\",\"default\":false,\"lang\":\"ko-KR\",\"is_remote\":true,\"voice_uri\":\"Google \ud55c\uad6d\uc758\"},{\"name\":\"Google Nederlands\",\"default\":false,\"lang\":\"nl-NL\",\"is_remote\":true,\"voice_uri\":\"Google Nederlands\"},{\"name\":\"Google polski\",\"default\":false,\"lang\":\"pl-PL\",\"is_remote\":true,\"voice_uri\":\"Google polski\"},{\"name\":\"Google portugu\u00eas do Brasil\",\"default\":false,\"lang\":\"pt-BR\",\"is_remote\":true,\"voice_uri\":\"Google portugu\u00eas do Brasil\"},{\"name\":\"Google \u0440\u0443\u0441\u0441\u043a\u0438\u0439\",\"default\":false,\"lang\":\"ru-RU\",\"is_remote\":true,\"voice_uri\":\"Google \u0440\u0443\u0441\u0441\u043a\u0438\u0439\"},{\"name\":\"Google\u00a0\u666e\u901a\u8bdd\uff08\u4e2d\u56fd\u5927\u9646\uff09\",\"default\":false,\"lang\":\"zh-CN\",\"is_remote\":true,\"voice_uri\":\"Google\u00a0\u666e\u901a\u8bdd\uff08\u4e2d\u56fd\u5927\u9646\uff09\"},{\"name\":\"Google\u00a0\u7ca4\u8a9e\uff08\u9999\u6e2f\uff09\",\"default\":false,\"lang\":\"zh-HK\",\"is_remote\":true,\"voice_uri\":\"Google\u00a0\u7ca4\u8a9e\uff08\u9999\u6e2f\uff09\"},{\"name\":\"Google \u570b\u8a9e\uff08\u81fa\u7063\uff09\",\"default\":false,\"lang\":\"zh-TW\",\"is_remote\":true,\"voice_uri\":\"Google \u570b\u8a9e\uff08\u81fa\u7063\uff09\"}]",
      "hardwareConcurrency": "4",
      "deviceMemory": "8",
      "deviceInfoEnabled": true,
      "computerName": "DESKTOP-V549V5ME",
      "macAddr": "54-A7-03-FB-8C-19",
      "clientRectNoiseEnabled": true,
      "clientRectNoiseValue": 40080,
      "doNotTrack": "1",
      "portScanProtect": "0",
      "portWhiteList": "",
      "isDelete": 0,
      "colorDepth": 24,
      "totalDiskSpace": "976166912",
      "devicePixelRatio": 1,
      "disableSslCipherSuitesFlag": false,
      "disableSslCipherSuites": null,
      "plugins": "",
      "enablePlugins": false,
      "windowSizeLimit": true,
      "createdBy": "2c9bc058931ee8a601932c65f12b6f6b",
      "createdTime": "2024-11-15 05:50:30",
      "isValidUsername": true,
      "abortImage": false,
      "abortImageMaxSize": null,
      "abortMedia": false,
      "stopWhileNetError": false,
      "stopWhileCountryChange": false,
      "syncTabs": true,
      "syncCookies": true,
      "syncIndexedDb": false,
      "syncBookmarks": false,
      "syncAuthorization": false,
      "syncHistory": false,
      "syncGoogleAccount": false,
      "allowedSignin": false,
      "syncSessions": false,
      "workbench": "localserver",
      "clearCacheFilesBeforeLaunch": false,
      "clearCookiesBeforeLaunch": false,
      "clearHistoriesBeforeLaunch": false,
      "randomFingerprint": false,
      "muteAudio": false,
      "disableGpu": false,
      "enableBackgroundMode": false,
      "syncExtensions": false,
      "syncUserExtensions": false,
      "syncLocalStorage": false,
      "credentialsEnableService": false,
      "disableTranslatePopup": false,
      "stopWhileIpChange": false,
      "disableClipboard": false,
      "disableNotifications": false,
      "memorySaver": false,
      "coreProduct": "chrome",
      "webgpu": {
        "driver": null,
        "vendor": "nvidia",
        "description": null,
        "device": null,
        "architecture": "kepler"
      },
      "batchRandom": false,
      "batchUpdateFingerPrint": false,
      "firefoxVersionMap": {
        "120": "126,125,124,123,122,121,120,119,118,117",
        "128": "128,127,126,125"
      },
      "launchArgs": null,
      "extendOptions": null,
      "defaultAccuracy": null
    },
    "createdName": null,
    "belongUserName": null,
    "updateName": null,
    "agentIpCount": null,
    "belongToMe": false,
    "seqExport": null,
    "groupIDs": null,
    "browserShareID": null,
    "share": null,
    "shareUserName": null,
    "isShare": 0,
    "isValidUsername": false,
    "createNum": 0,
    "isRandomFinger": true,
    "remarkType": 1,
    "refreshProxyUrl": null,
    "duplicateCheck": 0,
    "ossExtend": null,
    "randomKey": null,
    "randomKeyUser": null,
    "syncBrowserAccount": null,
    "cookieBak": "",
    "passwordBak": null,
    "manual": 0,
    "proxyPasswordBak": null,
    "proxyAgreementType": "http",
    "clearCacheWithoutExtensions": false,
    "syncPaymentsAndAddress": false,
    "extendIds": [],
    "isSynOpen": 1,
    "faSecretKey": null,
    "coreProduct": null,
    "ostype": null,
    "os": null,
    "sort": 0,
    "checkPassword": null
  }
}
2024-11-15 10:50:30,142 [ERROR] bit_browser_manager.py:77 - 创建浏览器配置时发生错误: 'Response' object has no attribute 'get'
2024-11-15 10:50:30,142 [ERROR] bit_browser_manager.py:78 - 错误详情: Traceback (most recent call last):
  File "C:\GitWork\Airbnb data Analyst\bit_browser_manager.py", line 67, in create_browser
    if response.get('success') and response.get('data', {}).get('id'):
       ^^^^^^^^^^^^
AttributeError: 'Response' object has no attribute 'get'

2024-11-15 10:50:30,143 [ERROR] advanced_analyzer.py:176 - 创建BitBrowser实例失败
2024-11-15 10:50:30,143 [ERROR] advanced_analyzer.py:259 - 无法为URL https://www.airbnb.co.nz/rooms/716883705085875481 初始化BitBrowser
2024-11-15 10:50:30,143 [INFO] advanced_analyzer.py:168 - 开始初始化BitBrowser...
2024-11-15 10:50:30,143 [INFO] bit_browser_manager.py:53 - 正在创建浏览器配置，请求数据: {
  "name": "airbnb_browser_1731621030",
  "remark": "Airbnb\u6570\u636e\u91c7\u96c6",
  "proxyMethod": 2,
  "proxyType": "http",
  "host": "38.kookeey.info",
  "port": "7426",
  "proxyUserName": "23ba352f",
  "proxyUserPwd": "74024a8b",
  "isGlobalProxyInfo": true,
  "browserFingerPrint": {
    "coreVersion": "130"
  },
  "credentialsEnableService": true,
  "proxyAgreementType": "http",
  "syncTabs": true,
  "syncCookies": true,
  "abortImage": false,
  "abortMedia": false,
  "clearCacheFilesBeforeLaunch": true,
  "clearCookiesBeforeLaunch": true,
  "ipCheckService": "ip-api",
  "proxyAuthenticationHeader": {
    "Proxy-Authorization": "Basic MjNiYTM1MmY6NzQwMjRhOGI="
  }
}
2024-11-15 10:50:31,075 [INFO] bit_browser_manager.py:61 - API响应状态码: 200
2024-11-15 10:50:31,075 [INFO] bit_browser_manager.py:62 - API响应头: {'Access-Control-Allow-Origin': '*', 'Access-Control-Allow-Methods': '*', 'Access-Control-Allow-Headers': '*', 'Content-Type': 'application/json; charset=utf-8', 'Content-Length': '8207', 'Date': 'Thu, 14 Nov 2024 21:50:31 GMT', 'Connection': 'keep-alive', 'Keep-Alive': 'timeout=5'}
2024-11-15 10:50:31,075 [INFO] bit_browser_manager.py:65 - API响应内容: {
  "success": true,
  "data": {
    "id": "d9fe33220d5d4a319e2c75d6fd6ed809",
    "seq": 15,
    "code": "20241115055031734",
    "platform": "",
    "platformIcon": "",
    "url": "",
    "name": "airbnb_browser_1731621030",
    "userName": "",
    "password": "",
    "cookie": "",
    "otherCookie": "",
    "isGlobalProxyInfo": true,
    "isIpv6": false,
    "proxyMethod": 2,
    "proxyType": "http",
    "agentId": "",
    "ipCheckService": "ip-api",
    "host": "38.kookeey.info",
    "port": 7426,
    "proxyUserName": "23ba352f",
    "proxyPassword": "",
    "lastIp": "",
    "lastCountry": "",
    "isIpNoChange": false,
    "ip": "",
    "country": "",
    "province": "",
    "city": "",
    "dynamicIpUrl": "",
    "isDynamicIpChangeIp": false,
    "remark": "Airbnb\u6570\u636e\u91c7\u96c6",
    "status": 0,
    "operUserName": "",
    "isDelete": 0,
    "delReason": "",
    "isMostCommon": 0,
    "isRemove": 0,
    "tempStr": null,
    "createdBy": "2c9bc058931ee8a601932c65f12b6f6b",
    "userId": "2c9bc058931ee8a601932c65f12b6f6b",
    "createdTime": "2024-11-15 05:50:31",
    "recycleBinRemark": "",
    "mainUserId": "2c9bc058931ee8a601932c65f12b6f6b",
    "abortImage": false,
    "abortMedia": false,
    "stopWhileNetError": false,
    "stopWhileCountryChange": false,
    "syncTabs": true,
    "syncCookies": true,
    "syncIndexedDb": false,
    "syncBookmarks": false,
    "syncAuthorization": false,
    "syncHistory": false,
    "syncGoogleAccount": true,
    "allowedSignin": false,
    "syncSessions": true,
    "workbench": "localserver",
    "clearCacheFilesBeforeLaunch": true,
    "clearCookiesBeforeLaunch": true,
    "clearHistoriesBeforeLaunch": false,
    "randomFingerprint": false,
    "muteAudio": false,
    "disableGpu": false,
    "enableBackgroundMode": false,
    "abortImageMaxSize": null,
    "syncExtensions": false,
    "syncUserExtensions": false,
    "syncLocalStorage": false,
    "credentialsEnableService": true,
    "disableTranslatePopup": false,
    "stopWhileIpChange": false,
    "disableClipboard": false,
    "disableNotifications": false,
    "memorySaver": false,
    "browserFingerPrint": {
      "id": "1d09a372bbea4b638cc1cd19bcf1aad4",
      "seq": 15,
      "coreVersion": "130",
      "browserId": "d9fe33220d5d4a319e2c75d6fd6ed809",
      "ostype": "PC",
      "os": "Win32",
      "architecture": "x86",
      "osVersion": "10",
      "platformVersion": "10.0.0",
      "version": "130",
      "userAgent": "Mozilla/5.0 (Windows NT 10.0; Win64; x64) AppleWebKit/537.36 (KHTML, like Gecko) Chrome/130.0.6723.59 Safari/537.36",
      "isIpCreateTimeZone": true,
      "timeZone": "",
      "timeZoneOffset": 0,
      "ignoreHttpsErrors": false,
      "webRTC": "3",
      "position": "1",
      "isIpCreatePosition": true,
      "isIpCreateDisplayLanguage": false,
      "displayLanguages": "",
      "isIpCreateLanguage": true,
      "resolutionType": "0",
      "resolution": "1920 x 1080",
      "openWidth": 1280,
      "openHeight": 720,
      "fontType": "2",
      "font": "Damascus,Papyrus,AppleGothic,Fixedsys Regular,Sukhumvit Set,Gurmukhi MT,STIXSizeOneSym,Modern,Hoefler Text,Lao MN",
      "canvas": "0",
      "canvasValue": "897190",
      "webGL": "0",
      "webGLValue": "390437",
      "webGLMeta": "0",
      "webGLManufacturer": "Google Inc. (NVIDIA)",
      "webGLRender": "ANGLE (NVIDIA, NVIDIA GeForce GTX 1660 SUPER Direct3D11 vs_5_0 ps_5_0, D3D11-31.0.15.2230)",
      "audioContext": "0",
      "audioContextValue": "57",
      "mediaDevice": "1",
      "speechVoices": "0",
      "speechVoicesValue": "[{\"name\":\"Microsoft Athina - Greek (Greece)\",\"default\":false,\"lang\":\"el-GR\",\"is_remote\":false,\"voice_uri\":\"Microsoft Athina - Greek (Greece)\"},{\"name\":\"Microsoft Blessica - Filipino (Philippines)\",\"default\":false,\"lang\":\"fil-PH\",\"is_remote\":false,\"voice_uri\":\"Microsoft Blessica - Filipino (Philippines)\"},{\"name\":\"Microsoft Charline - French (Belgium)\",\"default\":false,\"lang\":\"fr-BE\",\"is_remote\":false,\"voice_uri\":\"Microsoft Charline - French (Belgium)\"},{\"name\":\"Google Bahasa Indonesia\",\"default\":false,\"lang\":\"id-ID\",\"is_remote\":true,\"voice_uri\":\"Google Bahasa Indonesia\"},{\"name\":\"Google Deutsch\",\"default\":false,\"lang\":\"de-DE\",\"is_remote\":true,\"voice_uri\":\"Google Deutsch\"},{\"name\":\"Google espa\u00f1ol\",\"default\":false,\"lang\":\"es-ES\",\"is_remote\":true,\"voice_uri\":\"Google espa\u00f1ol\"},{\"name\":\"Google espa\u00f1ol de Estados Unidos\",\"default\":false,\"lang\":\"es-US\",\"is_remote\":true,\"voice_uri\":\"Google espa\u00f1ol de Estados Unidos\"},{\"name\":\"Google fran\u00e7ais\",\"default\":false,\"lang\":\"fr-FR\",\"is_remote\":true,\"voice_uri\":\"Google fran\u00e7ais\"},{\"name\":\"Google italiano\",\"default\":false,\"lang\":\"it-IT\",\"is_remote\":true,\"voice_uri\":\"Google italiano\"},{\"name\":\"Google Nederlands\",\"default\":false,\"lang\":\"nl-NL\",\"is_remote\":true,\"voice_uri\":\"Google Nederlands\"},{\"name\":\"Google polski\",\"default\":false,\"lang\":\"pl-PL\",\"is_remote\":true,\"voice_uri\":\"Google polski\"},{\"name\":\"Google portugu\u00eas do Brasil\",\"default\":false,\"lang\":\"pt-BR\",\"is_remote\":true,\"voice_uri\":\"Google portugu\u00eas do Brasil\"},{\"name\":\"Google UK English Female\",\"default\":false,\"lang\":\"en-GB\",\"is_remote\":true,\"voice_uri\":\"Google UK English Female\"},{\"name\":\"Google UK English Male\",\"default\":false,\"lang\":\"en-GB\",\"is_remote\":true,\"voice_uri\":\"Google UK English Male\"},{\"name\":\"Google US English\",\"default\":false,\"lang\":\"en-US\",\"is_remote\":true,\"voice_uri\":\"Google US English\"},{\"name\":\"Google \u0440\u0443\u0441\u0441\u043a\u0438\u0439\",\"default\":false,\"lang\":\"ru-RU\",\"is_remote\":true,\"voice_uri\":\"Google \u0440\u0443\u0441\u0441\u043a\u0438\u0439\"},{\"name\":\"Google \u0939\u093f\u0928\u094d\u0926\u0940\",\"default\":false,\"lang\":\"hi-IN\",\"is_remote\":true,\"voice_uri\":\"Google \u0939\u093f\u0928\u094d\u0926\u0940\"},{\"name\":\"Google \u570b\u8a9e\uff08\u81fa\u7063\uff09\",\"default\":false,\"lang\":\"zh-TW\",\"is_remote\":true,\"voice_uri\":\"Google \u570b\u8a9e\uff08\u81fa\u7063\uff09\"},{\"name\":\"Google \u65e5\u672c\u8a9e\",\"default\":false,\"lang\":\"ja-JP\",\"is_remote\":true,\"voice_uri\":\"Google \u65e5\u672c\u8a9e\"},{\"name\":\"Google \ud55c\uad6d\uc758\",\"default\":false,\"lang\":\"ko-KR\",\"is_remote\":true,\"voice_uri\":\"Google \ud55c\uad6d\uc758\"},{\"name\":\"Google\u00a0\u666e\u901a\u8bdd\uff08\u4e2d\u56fd\u5927\u9646\uff09\",\"default\":false,\"lang\":\"zh-CN\",\"is_remote\":true,\"voice_uri\":\"Google\u00a0\u666e\u901a\u8bdd\uff08\u4e2d\u56fd\u5927\u9646\uff09\"},{\"name\":\"Google\u00a0\u7ca4\u8a9e\uff08\u9999\u6e2f\uff09\",\"default\":false,\"lang\":\"zh-HK\",\"is_remote\":true,\"voice_uri\":\"Google\u00a0\u7ca4\u8a9e\uff08\u9999\u6e2f\uff09\"}]",
      "hardwareConcurrency": "4",
      "deviceMemory": "8",
      "deviceInfoEnabled": true,
      "computerName": "DESKTOP-0F1MZI3I",
      "macAddr": "74-40-BB-5E-B3-47",
      "clientRectNoiseEnabled": true,
      "clientRectNoiseValue": 68841,
      "doNotTrack": "1",
      "portScanProtect": "0",
      "portWhiteList": "",
      "isDelete": 0,
      "colorDepth": 24,
      "totalDiskSpace": "1096114176",
      "devicePixelRatio": 1,
      "disableSslCipherSuitesFlag": false,
      "disableSslCipherSuites": null,
      "plugins": "",
      "enablePlugins": false,
      "windowSizeLimit": true,
      "createdBy": "2c9bc058931ee8a601932c65f12b6f6b",
      "createdTime": "2024-11-15 05:50:31",
      "isValidUsername": true,
      "abortImage": false,
      "abortImageMaxSize": null,
      "abortMedia": false,
      "stopWhileNetError": false,
      "stopWhileCountryChange": false,
      "syncTabs": true,
      "syncCookies": true,
      "syncIndexedDb": false,
      "syncBookmarks": false,
      "syncAuthorization": false,
      "syncHistory": false,
      "syncGoogleAccount": false,
      "allowedSignin": false,
      "syncSessions": false,
      "workbench": "localserver",
      "clearCacheFilesBeforeLaunch": false,
      "clearCookiesBeforeLaunch": false,
      "clearHistoriesBeforeLaunch": false,
      "randomFingerprint": false,
      "muteAudio": false,
      "disableGpu": false,
      "enableBackgroundMode": false,
      "syncExtensions": false,
      "syncUserExtensions": false,
      "syncLocalStorage": false,
      "credentialsEnableService": false,
      "disableTranslatePopup": false,
      "stopWhileIpChange": false,
      "disableClipboard": false,
      "disableNotifications": false,
      "memorySaver": false,
      "coreProduct": "chrome",
      "webgpu": {
        "driver": null,
        "vendor": "nvidia",
        "description": null,
        "device": null,
        "architecture": "pascal"
      },
      "batchRandom": false,
      "batchUpdateFingerPrint": false,
      "firefoxVersionMap": {
        "120": "126,125,124,123,122,121,120,119,118,117",
        "128": "128,127,126,125"
      },
      "launchArgs": null,
      "extendOptions": null,
      "defaultAccuracy": null
    },
    "createdName": null,
    "belongUserName": null,
    "updateName": null,
    "agentIpCount": null,
    "belongToMe": false,
    "seqExport": null,
    "groupIDs": null,
    "browserShareID": null,
    "share": null,
    "shareUserName": null,
    "isShare": 0,
    "isValidUsername": false,
    "createNum": 0,
    "isRandomFinger": true,
    "remarkType": 1,
    "refreshProxyUrl": null,
    "duplicateCheck": 0,
    "ossExtend": null,
    "randomKey": null,
    "randomKeyUser": null,
    "syncBrowserAccount": null,
    "cookieBak": "",
    "passwordBak": null,
    "manual": 0,
    "proxyPasswordBak": null,
    "proxyAgreementType": "http",
    "clearCacheWithoutExtensions": false,
    "syncPaymentsAndAddress": false,
    "extendIds": [],
    "isSynOpen": 1,
    "faSecretKey": null,
    "coreProduct": null,
    "ostype": null,
    "os": null,
    "sort": 0,
    "checkPassword": null
  }
}
2024-11-15 10:50:31,077 [ERROR] bit_browser_manager.py:77 - 创建浏览器配置时发生错误: 'Response' object has no attribute 'get'
2024-11-15 10:50:31,077 [ERROR] bit_browser_manager.py:78 - 错误详情: Traceback (most recent call last):
  File "C:\GitWork\Airbnb data Analyst\bit_browser_manager.py", line 67, in create_browser
    if response.get('success') and response.get('data', {}).get('id'):
       ^^^^^^^^^^^^
AttributeError: 'Response' object has no attribute 'get'

2024-11-15 10:50:31,078 [ERROR] advanced_analyzer.py:176 - 创建BitBrowser实例失败
2024-11-15 10:50:31,078 [ERROR] advanced_analyzer.py:259 - 无法为URL https://www.airbnb.co.nz/rooms/969823904189469776 初始化BitBrowser
2024-11-15 10:50:31,078 [INFO] advanced_analyzer.py:428 - === 程序执行完成 ===
