2024-11-10 10:03:17,010 [INFO] advanced_analyzer.py:192 - === 开始Airbnb数据收集程序 ===
2024-11-10 10:03:17,184 [INFO] advanced_analyzer.py:33 - 成功读取 3 个房间信息
2024-11-10 10:03:17,184 [INFO] advanced_analyzer.py:203 - 生成 3 个URL
2024-11-10 10:03:17,185 [INFO] advanced_analyzer.py:207 - 创建数据目录: data/airbnb_data_20241110_100317
2024-11-10 10:03:17,185 [INFO] advanced_analyzer.py:121 - === 开始批量分析房源 ===
2024-11-10 10:03:18,931 [INFO] advanced_analyzer.py:67 - Chrome WebDriver 初始化成功
2024-11-10 10:03:18,931 [INFO] advanced_analyzer.py:129 - 
处理第 1/3 个房源
2024-11-10 10:03:18,932 [INFO] advanced_analyzer.py:75 - 
开始分析房源: https://www.airbnb.co.nz/rooms/1125096139567330802 (最小入住: 1晚)
2024-11-10 10:03:18,932 [INFO] airbnb_calendar_checker.py:70 - 开始检查房源日历: https://www.airbnb.co.nz/rooms/1125096139567330802
2024-11-10 10:03:19,786 [INFO] airbnb_calendar_checker.py:75 - 页面加载中...
2024-11-10 10:03:19,789 [INFO] airbnb_calendar_checker.py:82 - 页面基本加载完成
2024-11-10 10:03:35,034 [INFO] airbnb_calendar_checker.py:120 - 找到日历按钮: //button[contains(@aria-label, 'Choose')]
2024-11-10 10:03:35,037 [INFO] airbnb_calendar_checker.py:134 - 已滚动到日历按钮位置
2024-11-10 10:03:36,038 [INFO] airbnb_calendar_checker.py:139 - 日历按钮已准备就绪
2024-11-10 10:03:37,127 [INFO] airbnb_calendar_checker.py:153 - JavaScript点击日历按钮成功
2024-11-10 10:03:47,293 [INFO] airbnb_calendar_checker.py:184 - 日历内容已加载: //div[contains(@data-testid, 'calendar')]
2024-11-10 10:03:47,305 [INFO] airbnb_calendar_checker.py:199 - 找到 123 个日期单元格
2024-11-10 10:03:47,435 [INFO] airbnb_calendar_checker.py:211 - 找到 123 个日期单元格
2024-11-10 10:03:47,436 [INFO] airbnb_calendar_checker.py:256 - 原始单元格数量: 123
2024-11-10 10:03:47,436 [INFO] airbnb_calendar_checker.py:257 - 去重后数据条数: 123
2024-11-10 10:03:47,436 [INFO] airbnb_calendar_checker.py:258 - 处理的唯一日期数: 123
2024-11-10 10:03:47,436 [INFO] airbnb_calendar_checker.py:262 - 收集到 123 条有效日历数据
2024-11-10 10:03:47,437 [INFO] airbnb_calendar_checker.py:22 - 开始导出数据到Excel...
2024-11-10 10:03:47,437 [INFO] airbnb_calendar_checker.py:32 - 处理房源ID: 1125096139567330802
2024-11-10 10:03:47,437 [INFO] airbnb_calendar_checker.py:37 - 将创建文件: data/airbnb_calendar_1125096139567330802_20241110_100347.xlsx
2024-11-10 10:03:47,437 [INFO] airbnb_calendar_checker.py:41 - 创建DataFrame，共 123 行数据
2024-11-10 10:03:47,464 [INFO] airbnb_calendar_checker.py:52 - 数据已成功导出到Excel文件: data/airbnb_calendar_1125096139567330802_20241110_100347.xlsx
2024-11-10 10:03:47,465 [INFO] airbnb_calendar_checker.py:57 - 文件创建成功，大小: 8.94 KB
2024-11-10 10:03:47,465 [INFO] airbnb_calendar_checker.py:265 - 日历数据已成功导出到: data/airbnb_calendar_1125096139567330802_20241110_100347.xlsx
2024-11-10 10:03:47,465 [INFO] advanced_analyzer.py:84 - 成功获取日历数据: 123 条记录
2024-11-10 10:03:47,465 [INFO] price_checker.py:432 - 开始检查房源价格: https://www.airbnb.co.nz/rooms/1125096139567330802 (最小入住: 1晚)
2024-11-10 10:03:47,465 [INFO] price_checker.py:424 - 找到 20 个可预订日期
2024-11-10 10:03:47,465 [INFO] price_checker.py:448 - [1/20] 处理日期: 18/11/2024
2024-11-10 10:03:47,465 [INFO] price_checker.py:149 - 开始获取价格信息: https://www.airbnb.co.nz/rooms/1125096139567330802
2024-11-10 10:03:47,465 [INFO] price_checker.py:150 - 入住日期: 18/11/2024, 最小入住晚数: 1
2024-11-10 10:03:47,465 [INFO] price_checker.py:172 - 访问URL: https://www.airbnb.co.nz/rooms/1125096139567330802?check_in=2024-11-18&check_out=2024-11-19&adults=3&children=0&infants=0
2024-11-10 10:03:52,629 [INFO] price_checker.py:179 - 检查页面状态...
2024-11-10 10:03:52,632 [INFO] price_checker.py:181 - 页面状态: complete
2024-11-10 10:03:54,642 [INFO] price_checker.py:194 - 价格容器已加载并可见
2024-11-10 10:03:54,642 [INFO] price_checker.py:203 - 尝试价格选择器: xpath - //div[@data-testid='book-it-default']//span[contains(@class, '_1y74zjx')]
2024-11-10 10:03:54,649 [INFO] price_checker.py:208 - 找到 0 个价格元素
2024-11-10 10:03:54,649 [INFO] price_checker.py:203 - 尝试价格选择器: xpath - //div[@data-testid='book-it-default']//span[contains(@class, '_tyxjp1')]
2024-11-10 10:03:54,656 [INFO] price_checker.py:208 - 找到 0 个价格元素
2024-11-10 10:03:54,656 [INFO] price_checker.py:203 - 尝试价格选择器: css - div._wgmchy div._1k1ce2w span._1qgfaxb1
2024-11-10 10:03:54,662 [INFO] price_checker.py:208 - 找到 1 个价格元素
2024-11-10 10:03:54,677 [INFO] price_checker.py:213 - 找到可见价格元素: $259 NZD 
$216 NZD 
night
$216 NZD per night, originally $259 NZD
2024-11-10 10:03:54,683 [INFO] price_checker.py:226 - 找到每晚价格元素: $259 NZD 
$216 NZD 
night
$216 NZD per night, originally $259 NZD
2024-11-10 10:03:54,684 [INFO] price_checker.py:234 - 成功解析折扣价格: $259 NZD (原价: $259 NZD)
2024-11-10 10:03:54,684 [INFO] price_checker.py:255 - 尝试直接获取价格详情...
2024-11-10 10:03:54,728 [INFO] price_checker.py:292 - 直接获取价格详情失败，尝试点击展开按钮...
2024-11-10 10:03:54,735 [INFO] price_checker.py:299 - 找到 1 个匹配元素
2024-11-10 10:03:54,745 [INFO] price_checker.py:299 - 找到 1 个匹配元素
2024-11-10 10:03:54,755 [INFO] price_checker.py:299 - 找到 1 个匹配元素
2024-11-10 10:03:54,765 [INFO] price_checker.py:299 - 找到 1 个匹配元素
2024-11-10 10:03:54,776 [INFO] price_checker.py:299 - 找到 5 个匹配元素
2024-11-10 10:03:54,805 [INFO] price_checker.py:299 - 找到 5 个匹配元素
2024-11-10 10:03:54,832 [WARNING] price_checker.py:352 - 未找到价格详情按钮
2024-11-10 10:03:54,832 [INFO] price_checker.py:355 - 最终价格信息获取结果:
2024-11-10 10:03:54,832 [INFO] price_checker.py:357 - check_in: 18/11/2024
2024-11-10 10:03:54,832 [INFO] price_checker.py:357 - check_out: 19/11/2024
2024-11-10 10:03:54,832 [INFO] price_checker.py:357 - guests: 3
2024-11-10 10:03:54,832 [INFO] price_checker.py:357 - nightly_price: $259 NZD
2024-11-10 10:03:54,832 [INFO] price_checker.py:357 - cleaning_fee: None
2024-11-10 10:03:54,832 [INFO] price_checker.py:357 - service_fee: None
2024-11-10 10:03:54,832 [INFO] price_checker.py:357 - taxes: None
2024-11-10 10:03:54,833 [INFO] price_checker.py:357 - total: None
2024-11-10 10:03:54,833 [INFO] price_checker.py:357 - original_price: $259 NZD
2024-11-10 10:03:54,833 [INFO] price_checker.py:454 - ✓ 成功获取 18/11/2024 的价格信息
2024-11-10 10:03:54,833 [INFO] price_checker.py:448 - [2/20] 处理日期: 22/11/2024
2024-11-10 10:03:54,833 [INFO] price_checker.py:149 - 开始获取价格信息: https://www.airbnb.co.nz/rooms/1125096139567330802
2024-11-10 10:03:54,833 [INFO] price_checker.py:150 - 入住日期: 22/11/2024, 最小入住晚数: 1
2024-11-10 10:03:54,833 [INFO] price_checker.py:172 - 访问URL: https://www.airbnb.co.nz/rooms/1125096139567330802?check_in=2024-11-22&check_out=2024-11-23&adults=3&children=0&infants=0
2024-11-10 10:03:59,924 [INFO] price_checker.py:179 - 检查页面状态...
2024-11-10 10:03:59,927 [INFO] price_checker.py:181 - 页面状态: complete
2024-11-10 10:04:01,935 [INFO] price_checker.py:194 - 价格容器已加载并可见
2024-11-10 10:04:01,935 [INFO] price_checker.py:203 - 尝试价格选择器: xpath - //div[@data-testid='book-it-default']//span[contains(@class, '_1y74zjx')]
2024-11-10 10:04:01,940 [INFO] price_checker.py:208 - 找到 0 个价格元素
2024-11-10 10:04:01,940 [INFO] price_checker.py:203 - 尝试价格选择器: xpath - //div[@data-testid='book-it-default']//span[contains(@class, '_tyxjp1')]
2024-11-10 10:04:01,944 [INFO] price_checker.py:208 - 找到 0 个价格元素
2024-11-10 10:04:01,945 [INFO] price_checker.py:203 - 尝试价格选择器: css - div._wgmchy div._1k1ce2w span._1qgfaxb1
2024-11-10 10:04:01,948 [INFO] price_checker.py:208 - 找到 1 个价格元素
2024-11-10 10:04:01,958 [INFO] price_checker.py:213 - 找到可见价格元素: $261 NZD 
$217 NZD 
night
$217 NZD per night, originally $261 NZD
2024-11-10 10:04:01,965 [INFO] price_checker.py:226 - 找到每晚价格元素: $261 NZD 
$217 NZD 
night
$217 NZD per night, originally $261 NZD
2024-11-10 10:04:01,965 [INFO] price_checker.py:234 - 成功解析折扣价格: $261 NZD (原价: $261 NZD)
2024-11-10 10:04:01,965 [INFO] price_checker.py:255 - 尝试直接获取价格详情...
2024-11-10 10:04:01,993 [INFO] price_checker.py:292 - 直接获取价格详情失败，尝试点击展开按钮...
2024-11-10 10:04:01,998 [INFO] price_checker.py:299 - 找到 1 个匹配元素
2024-11-10 10:04:02,005 [INFO] price_checker.py:299 - 找到 1 个匹配元素
2024-11-10 10:04:02,013 [INFO] price_checker.py:299 - 找到 1 个匹配元素
2024-11-10 10:04:02,020 [INFO] price_checker.py:299 - 找到 1 个匹配元素
2024-11-10 10:04:02,028 [INFO] price_checker.py:299 - 找到 5 个匹配元素
2024-11-10 10:04:02,051 [INFO] price_checker.py:299 - 找到 5 个匹配元素
2024-11-10 10:04:02,070 [WARNING] price_checker.py:352 - 未找到价格详情按钮
2024-11-10 10:04:02,070 [INFO] price_checker.py:355 - 最终价格信息获取结果:
2024-11-10 10:04:02,070 [INFO] price_checker.py:357 - check_in: 22/11/2024
2024-11-10 10:04:02,070 [INFO] price_checker.py:357 - check_out: 23/11/2024
2024-11-10 10:04:02,070 [INFO] price_checker.py:357 - guests: 3
2024-11-10 10:04:02,070 [INFO] price_checker.py:357 - nightly_price: $261 NZD
2024-11-10 10:04:02,070 [INFO] price_checker.py:357 - cleaning_fee: None
2024-11-10 10:04:02,070 [INFO] price_checker.py:357 - service_fee: None
2024-11-10 10:04:02,070 [INFO] price_checker.py:357 - taxes: None
2024-11-10 10:04:02,070 [INFO] price_checker.py:357 - total: None
2024-11-10 10:04:02,071 [INFO] price_checker.py:357 - original_price: $261 NZD
2024-11-10 10:04:02,071 [INFO] price_checker.py:454 - ✓ 成功获取 22/11/2024 的价格信息
2024-11-10 10:04:02,071 [INFO] price_checker.py:448 - [3/20] 处理日期: 26/11/2024
2024-11-10 10:04:02,071 [INFO] price_checker.py:149 - 开始获取价格信息: https://www.airbnb.co.nz/rooms/1125096139567330802
2024-11-10 10:04:02,071 [INFO] price_checker.py:150 - 入住日期: 26/11/2024, 最小入住晚数: 1
2024-11-10 10:04:02,071 [INFO] price_checker.py:172 - 访问URL: https://www.airbnb.co.nz/rooms/1125096139567330802?check_in=2024-11-26&check_out=2024-11-27&adults=3&children=0&infants=0
2024-11-10 10:04:09,816 [INFO] advanced_analyzer.py:262 - === 程序执行完成 ===
