2024-12-05 10:45:29,989 [INFO] data_export.py:53 - 创建基础目录: data
2024-12-05 10:45:29,990 [INFO] data_export.py:58 - 创建date目录: data\by_date
2024-12-05 10:45:29,990 [INFO] data_export.py:58 - 创建room目录: data\by_room
2024-12-05 10:45:29,993 [INFO] advanced_analyzer.py:483 - === 开始Airbnb数据收集程序 ===
2024-12-05 10:45:30,160 [INFO] advanced_analyzer.py:101 - 成功读取 1 个房间ID
2024-12-05 10:45:30,161 [INFO] advanced_analyzer.py:494 - 生成 1 个URL
2024-12-05 10:45:30,161 [INFO] advanced_analyzer.py:498 - 创建数据目录: data/airbnb_data_20241205_104530
2024-12-05 10:45:30,161 [INFO] advanced_analyzer.py:320 - === 开始批量分析房源 ===
2024-12-05 10:45:30,162 [INFO] advanced_analyzer.py:329 - 设置并发线程数: 1
2024-12-05 10:45:30,187 [INFO] bit_browser_manager.py:92 - 活动浏览器响应: {
  "success": true,
  "data": {
    "34dc763412e34341a759c1ef1ec38580": 9600
  }
}
2024-12-05 10:45:31,106 [INFO] bit_browser_manager.py:117 - 找到 1 个活动浏览器
2024-12-05 10:45:31,107 [INFO] advanced_analyzer.py:345 - 
=== 可用的浏览器实例 ===
2024-12-05 10:45:31,107 [INFO] advanced_analyzer.py:347 - ID: 34dc763412e34341a759c1ef1ec38580
2024-12-05 10:45:31,107 [INFO] advanced_analyzer.py:348 - 名称: AirBnB01
2024-12-05 10:45:31,107 [INFO] advanced_analyzer.py:349 - 备注: 
2024-12-05 10:45:31,107 [INFO] advanced_analyzer.py:350 - PID: 9600

2024-12-05 10:45:31,107 [INFO] advanced_analyzer.py:365 - 
=== URL分配情况 ===
2024-12-05 10:45:31,107 [INFO] advanced_analyzer.py:367 - 线程 1 分配到 1 个URL:
2024-12-05 10:45:31,107 [INFO] advanced_analyzer.py:370 -   - Room ID: 837352260137971048
2024-12-05 10:45:31,107 [INFO] advanced_analyzer.py:381 - 线程 4600 (#1) 使用浏览器 34dc763412e34341a759c1ef1ec38580
2024-12-05 10:45:31,667 [INFO] bit_browser_manager.py:42 - 开始设置语言偏好
2024-12-05 10:45:31,670 [INFO] bit_browser_manager.py:54 - 设置语言为: en
2024-12-05 10:45:31,672 [INFO] bit_browser_manager.py:75 - 成功设置 locale cookie
2024-12-05 10:45:31,675 [INFO] bit_browser_manager.py:75 - 成功设置 currency cookie
2024-12-05 10:45:31,675 [INFO] advanced_analyzer.py:394 - 线程 #1 开始处理 Room ID: 837352260137971048
2024-12-05 10:45:32,713 [INFO] bit_browser_manager.py:42 - 开始设置语言偏好
2024-12-05 10:45:32,713 [INFO] bit_browser_manager.py:47 - 该浏览器实例已设置过语言，跳过设置
2024-12-05 10:45:32,713 [INFO] bit_browser_manager.py:252 - 正在导航到: https://www.airbnb.co.nz/rooms/837352260137971048
2024-12-05 10:45:32,713 [INFO] bit_browser_manager.py:368 - 正在加载页面: https://www.airbnb.co.nz/rooms/837352260137971048
2024-12-05 10:45:32,923 [INFO] bit_browser_manager.py:389 - 页面加载完成
2024-12-05 10:45:32,924 [ERROR] advanced_analyzer.py:413 - 处理 Room ID 837352260137971048 时发生错误: name 'analyze_listing' is not defined
2024-12-05 10:45:34,980 [INFO] advanced_analyzer.py:514 - === 程序执行完成 ===
