2024-11-12 13:28:54,661 [INFO] advanced_analyzer.py:198 - === 开始Airbnb数据收集程序 ===
2024-11-12 13:28:54,833 [INFO] advanced_analyzer.py:27 - 成功读取 6 个房间ID
2024-11-12 13:28:54,833 [INFO] advanced_analyzer.py:209 - 生成 6 个URL
2024-11-12 13:28:54,834 [INFO] advanced_analyzer.py:213 - 创建数据目录: data/airbnb_data_20241112_132854
2024-11-12 13:28:54,834 [INFO] advanced_analyzer.py:100 - === 开始批量分析房源 ===
2024-11-12 13:28:56,895 [INFO] advanced_analyzer.py:58 - Chrome WebDriver 初始化成功
2024-11-12 13:28:56,895 [INFO] advanced_analyzer.py:113 - 
处理第 1/6 个房源
2024-11-12 13:28:56,896 [INFO] advanced_analyzer.py:65 - 
开始分析房源: https://www.airbnb.co.nz/rooms/8.373522601379711e+17
2024-11-12 13:28:56,896 [INFO] airbnb_calendar_checker.py:70 - 开始检查房源日历: https://www.airbnb.co.nz/rooms/8.373522601379711e+17
2024-11-12 13:29:37,554 [INFO] airbnb_calendar_checker.py:75 - 页面加载中...
2024-11-12 13:29:37,557 [INFO] airbnb_calendar_checker.py:82 - 页面基本加载完成
2024-11-12 13:30:01,820 [ERROR] airbnb_calendar_checker.py:127 - 未找到日历按钮
2024-11-12 13:30:01,820 [ERROR] advanced_analyzer.py:71 - 获取日历数据失败: https://www.airbnb.co.nz/rooms/8.373522601379711e+17
2024-11-12 13:30:01,821 [INFO] advanced_analyzer.py:113 - 
处理第 2/6 个房源
2024-11-12 13:30:01,821 [INFO] advanced_analyzer.py:65 - 
开始分析房源: https://www.airbnb.co.nz/rooms/43435162.0
2024-11-12 13:30:01,821 [INFO] airbnb_calendar_checker.py:70 - 开始检查房源日历: https://www.airbnb.co.nz/rooms/43435162.0
2024-11-12 13:30:42,147 [INFO] airbnb_calendar_checker.py:75 - 页面加载中...
2024-11-12 13:30:42,150 [INFO] airbnb_calendar_checker.py:82 - 页面基本加载完成
2024-11-12 13:31:09,283 [INFO] advanced_analyzer.py:162 - 浏览器已关闭
2024-11-12 13:31:09,284 [INFO] advanced_analyzer.py:268 - === 程序执行完成 ===
