2024-11-15 11:41:29,318 [INFO] advanced_analyzer.py:357 - === 开始Airbnb数据收集程序 ===
2024-11-15 11:41:29,498 [INFO] advanced_analyzer.py:99 - 成功读取 6 个房间ID
2024-11-15 11:41:29,498 [INFO] advanced_analyzer.py:368 - 生成 6 个URL
2024-11-15 11:41:29,499 [INFO] advanced_analyzer.py:372 - 创建数据目录: data/airbnb_data_20241115_114129
2024-11-15 11:41:29,499 [INFO] advanced_analyzer.py:238 - === 开始批量分析房源 ===
2024-11-15 11:41:29,499 [INFO] advanced_analyzer.py:247 - 设置并发线程数: 1
2024-11-15 11:41:29,499 [INFO] advanced_analyzer.py:168 - 开始初始化BitBrowser...
2024-11-15 11:41:29,503 [INFO] bit_browser_manager.py:32 - API响应状态码: 404
2024-11-15 11:41:29,503 [INFO] bit_browser_manager.py:33 - API响应头: {'Access-Control-Allow-Origin': '*', 'Access-Control-Allow-Methods': '*', 'Access-Control-Allow-Headers': '*', 'Content-Type': 'text/plain; charset=utf-8', 'Content-Length': '9', 'Date': 'Thu, 14 Nov 2024 22:41:29 GMT', 'Connection': 'keep-alive', 'Keep-Alive': 'timeout=5'}
2024-11-15 11:41:29,503 [ERROR] bit_browser_manager.py:49 - API响应不是有效的JSON格式: Not Found
2024-11-15 11:41:29,503 [ERROR] advanced_analyzer.py:176 - 未找到活动的BitBrowser实例
2024-11-15 11:41:29,503 [ERROR] advanced_analyzer.py:258 - 无法为URL https://www.airbnb.co.nz/rooms/837352260137971048 初始化BitBrowser
2024-11-15 11:41:29,504 [INFO] advanced_analyzer.py:168 - 开始初始化BitBrowser...
2024-11-15 11:41:29,505 [INFO] bit_browser_manager.py:32 - API响应状态码: 404
2024-11-15 11:41:29,505 [INFO] bit_browser_manager.py:33 - API响应头: {'Access-Control-Allow-Origin': '*', 'Access-Control-Allow-Methods': '*', 'Access-Control-Allow-Headers': '*', 'Content-Type': 'text/plain; charset=utf-8', 'Content-Length': '9', 'Date': 'Thu, 14 Nov 2024 22:41:29 GMT', 'Connection': 'keep-alive', 'Keep-Alive': 'timeout=5'}
2024-11-15 11:41:29,506 [ERROR] bit_browser_manager.py:49 - API响应不是有效的JSON格式: Not Found
2024-11-15 11:41:29,506 [ERROR] advanced_analyzer.py:176 - 未找到活动的BitBrowser实例
2024-11-15 11:41:29,506 [ERROR] advanced_analyzer.py:258 - 无法为URL https://www.airbnb.co.nz/rooms/43435162 初始化BitBrowser
2024-11-15 11:41:29,506 [INFO] advanced_analyzer.py:168 - 开始初始化BitBrowser...
2024-11-15 11:41:29,508 [INFO] bit_browser_manager.py:32 - API响应状态码: 404
2024-11-15 11:41:29,508 [INFO] bit_browser_manager.py:33 - API响应头: {'Access-Control-Allow-Origin': '*', 'Access-Control-Allow-Methods': '*', 'Access-Control-Allow-Headers': '*', 'Content-Type': 'text/plain; charset=utf-8', 'Content-Length': '9', 'Date': 'Thu, 14 Nov 2024 22:41:29 GMT', 'Connection': 'keep-alive', 'Keep-Alive': 'timeout=5'}
2024-11-15 11:41:29,508 [ERROR] bit_browser_manager.py:49 - API响应不是有效的JSON格式: Not Found
2024-11-15 11:41:29,508 [ERROR] advanced_analyzer.py:176 - 未找到活动的BitBrowser实例
2024-11-15 11:41:29,508 [ERROR] advanced_analyzer.py:258 - 无法为URL https://www.airbnb.co.nz/rooms/830193102361409290 初始化BitBrowser
2024-11-15 11:41:29,509 [INFO] advanced_analyzer.py:168 - 开始初始化BitBrowser...
2024-11-15 11:41:29,510 [INFO] bit_browser_manager.py:32 - API响应状态码: 404
2024-11-15 11:41:29,510 [INFO] bit_browser_manager.py:33 - API响应头: {'Access-Control-Allow-Origin': '*', 'Access-Control-Allow-Methods': '*', 'Access-Control-Allow-Headers': '*', 'Content-Type': 'text/plain; charset=utf-8', 'Content-Length': '9', 'Date': 'Thu, 14 Nov 2024 22:41:29 GMT', 'Connection': 'keep-alive', 'Keep-Alive': 'timeout=5'}
2024-11-15 11:41:29,511 [ERROR] bit_browser_manager.py:49 - API响应不是有效的JSON格式: Not Found
2024-11-15 11:41:29,511 [ERROR] advanced_analyzer.py:176 - 未找到活动的BitBrowser实例
2024-11-15 11:41:29,511 [ERROR] advanced_analyzer.py:258 - 无法为URL https://www.airbnb.co.nz/rooms/49525472 初始化BitBrowser
2024-11-15 11:41:29,511 [INFO] advanced_analyzer.py:168 - 开始初始化BitBrowser...
2024-11-15 11:41:29,513 [INFO] bit_browser_manager.py:32 - API响应状态码: 404
2024-11-15 11:41:29,513 [INFO] bit_browser_manager.py:33 - API响应头: {'Access-Control-Allow-Origin': '*', 'Access-Control-Allow-Methods': '*', 'Access-Control-Allow-Headers': '*', 'Content-Type': 'text/plain; charset=utf-8', 'Content-Length': '9', 'Date': 'Thu, 14 Nov 2024 22:41:29 GMT', 'Connection': 'keep-alive', 'Keep-Alive': 'timeout=5'}
2024-11-15 11:41:29,513 [ERROR] bit_browser_manager.py:49 - API响应不是有效的JSON格式: Not Found
2024-11-15 11:41:29,513 [ERROR] advanced_analyzer.py:176 - 未找到活动的BitBrowser实例
2024-11-15 11:41:29,513 [ERROR] advanced_analyzer.py:258 - 无法为URL https://www.airbnb.co.nz/rooms/716883705085875481 初始化BitBrowser
2024-11-15 11:41:29,513 [INFO] advanced_analyzer.py:168 - 开始初始化BitBrowser...
2024-11-15 11:41:29,515 [INFO] bit_browser_manager.py:32 - API响应状态码: 404
2024-11-15 11:41:29,515 [INFO] bit_browser_manager.py:33 - API响应头: {'Access-Control-Allow-Origin': '*', 'Access-Control-Allow-Methods': '*', 'Access-Control-Allow-Headers': '*', 'Content-Type': 'text/plain; charset=utf-8', 'Content-Length': '9', 'Date': 'Thu, 14 Nov 2024 22:41:29 GMT', 'Connection': 'keep-alive', 'Keep-Alive': 'timeout=5'}
2024-11-15 11:41:29,515 [ERROR] bit_browser_manager.py:49 - API响应不是有效的JSON格式: Not Found
2024-11-15 11:41:29,515 [ERROR] advanced_analyzer.py:176 - 未找到活动的BitBrowser实例
2024-11-15 11:41:29,515 [ERROR] advanced_analyzer.py:258 - 无法为URL https://www.airbnb.co.nz/rooms/969823904189469776 初始化BitBrowser
2024-11-15 11:41:29,515 [INFO] advanced_analyzer.py:427 - === 程序执行完成 ===
