2024-11-10 10:07:50,399 [INFO] advanced_analyzer.py:192 - === 开始Airbnb数据收集程序 ===
2024-11-10 10:07:50,578 [INFO] advanced_analyzer.py:33 - 成功读取 3 个房间信息
2024-11-10 10:07:50,578 [INFO] advanced_analyzer.py:203 - 生成 3 个URL
2024-11-10 10:07:50,578 [INFO] advanced_analyzer.py:207 - 创建数据目录: data/airbnb_data_20241110_100750
2024-11-10 10:07:50,578 [INFO] advanced_analyzer.py:121 - === 开始批量分析房源 ===
2024-11-10 10:07:52,324 [INFO] advanced_analyzer.py:67 - Chrome WebDriver 初始化成功
2024-11-10 10:07:52,324 [INFO] advanced_analyzer.py:129 - 
处理第 1/3 个房源
2024-11-10 10:07:52,324 [INFO] advanced_analyzer.py:75 - 
开始分析房源: https://www.airbnb.co.nz/rooms/1125096139567330802 (最小入住: 1晚)
2024-11-10 10:07:52,324 [INFO] airbnb_calendar_checker.py:70 - 开始检查房源日历: https://www.airbnb.co.nz/rooms/1125096139567330802
2024-11-10 10:07:53,646 [INFO] airbnb_calendar_checker.py:75 - 页面加载中...
2024-11-10 10:07:53,649 [INFO] airbnb_calendar_checker.py:82 - 页面基本加载完成
2024-11-10 10:08:08,879 [INFO] airbnb_calendar_checker.py:120 - 找到日历按钮: //button[contains(@aria-label, 'Choose')]
2024-11-10 10:08:08,882 [INFO] airbnb_calendar_checker.py:134 - 已滚动到日历按钮位置
2024-11-10 10:08:09,883 [INFO] airbnb_calendar_checker.py:139 - 日历按钮已准备就绪
2024-11-10 10:08:10,972 [INFO] airbnb_calendar_checker.py:153 - JavaScript点击日历按钮成功
2024-11-10 10:08:21,229 [INFO] airbnb_calendar_checker.py:184 - 日历内容已加载: //div[contains(@data-testid, 'calendar')]
2024-11-10 10:08:21,241 [INFO] airbnb_calendar_checker.py:199 - 找到 123 个日期单元格
2024-11-10 10:08:21,365 [INFO] airbnb_calendar_checker.py:211 - 找到 123 个日期单元格
2024-11-10 10:08:21,366 [INFO] airbnb_calendar_checker.py:256 - 原始单元格数量: 123
2024-11-10 10:08:21,366 [INFO] airbnb_calendar_checker.py:257 - 去重后数据条数: 123
2024-11-10 10:08:21,367 [INFO] airbnb_calendar_checker.py:258 - 处理的唯一日期数: 123
2024-11-10 10:08:21,367 [INFO] airbnb_calendar_checker.py:262 - 收集到 123 条有效日历数据
2024-11-10 10:08:21,367 [INFO] airbnb_calendar_checker.py:22 - 开始导出数据到Excel...
2024-11-10 10:08:21,367 [INFO] airbnb_calendar_checker.py:32 - 处理房源ID: 1125096139567330802
2024-11-10 10:08:21,367 [INFO] airbnb_calendar_checker.py:37 - 将创建文件: data/airbnb_calendar_1125096139567330802_20241110_100821.xlsx
2024-11-10 10:08:21,368 [INFO] airbnb_calendar_checker.py:41 - 创建DataFrame，共 123 行数据
2024-11-10 10:08:21,393 [INFO] airbnb_calendar_checker.py:52 - 数据已成功导出到Excel文件: data/airbnb_calendar_1125096139567330802_20241110_100821.xlsx
2024-11-10 10:08:21,394 [INFO] airbnb_calendar_checker.py:57 - 文件创建成功，大小: 8.94 KB
2024-11-10 10:08:21,394 [INFO] airbnb_calendar_checker.py:265 - 日历数据已成功导出到: data/airbnb_calendar_1125096139567330802_20241110_100821.xlsx
2024-11-10 10:08:21,394 [INFO] advanced_analyzer.py:84 - 成功获取日历数据: 123 条记录
2024-11-10 10:08:21,394 [INFO] price_checker.py:435 - 开始检查房源价格: https://www.airbnb.co.nz/rooms/1125096139567330802 (最小入住: 1晚)
2024-11-10 10:08:21,394 [INFO] price_checker.py:427 - 找到 20 个可预订日期
2024-11-10 10:08:21,394 [INFO] price_checker.py:451 - [1/20] 处理日期: 18/11/2024
2024-11-10 10:08:21,394 [INFO] price_checker.py:149 - 开始获取价格信息: https://www.airbnb.co.nz/rooms/1125096139567330802
2024-11-10 10:08:21,394 [INFO] price_checker.py:150 - 入住日期: 18/11/2024, 最小入住晚数: 1
2024-11-10 10:08:21,394 [INFO] price_checker.py:172 - 访问URL: https://www.airbnb.co.nz/rooms/1125096139567330802?check_in=2024-11-18&check_out=2024-11-19&adults=3&children=0&infants=0
2024-11-10 10:08:26,545 [INFO] price_checker.py:179 - 检查页面状态...
2024-11-10 10:08:26,548 [INFO] price_checker.py:181 - 页面状态: complete
2024-11-10 10:08:28,559 [INFO] price_checker.py:194 - 价格容器已加载并可见
2024-11-10 10:08:28,559 [INFO] price_checker.py:203 - 尝试价格选择器: xpath - //div[@data-testid='book-it-default']//span[contains(@class, '_1y74zjx')]
2024-11-10 10:08:28,566 [INFO] price_checker.py:208 - 找到 0 个价格元素
2024-11-10 10:08:28,566 [INFO] price_checker.py:203 - 尝试价格选择器: xpath - //div[@data-testid='book-it-default']//span[contains(@class, '_tyxjp1')]
2024-11-10 10:08:28,573 [INFO] price_checker.py:208 - 找到 0 个价格元素
2024-11-10 10:08:28,573 [INFO] price_checker.py:203 - 尝试价格选择器: css - div._wgmchy div._1k1ce2w span._1qgfaxb1
2024-11-10 10:08:28,578 [INFO] price_checker.py:208 - 找到 1 个价格元素
2024-11-10 10:08:28,594 [INFO] price_checker.py:213 - 找到可见价格元素: $259 NZD 
$216 NZD 
night
$216 NZD per night, originally $259 NZD
2024-11-10 10:08:28,600 [INFO] price_checker.py:226 - 找到每晚价格元素: $259 NZD 
$216 NZD 
night
$216 NZD per night, originally $259 NZD
2024-11-10 10:08:28,601 [INFO] price_checker.py:234 - 成功解析折扣价格: $259 NZD (原价: $259 NZD)
2024-11-10 10:08:28,601 [INFO] price_checker.py:255 - 尝试直接获取价格详情...
2024-11-10 10:08:28,651 [INFO] price_checker.py:295 - 直接获取价格详情失败，尝试点击展开按钮...
2024-11-10 10:08:28,665 [INFO] price_checker.py:302 - 找到 1 个匹配元素
2024-11-10 10:08:28,678 [INFO] price_checker.py:302 - 找到 1 个匹配元素
2024-11-10 10:08:28,689 [INFO] price_checker.py:302 - 找到 1 个匹配元素
2024-11-10 10:08:28,699 [INFO] price_checker.py:302 - 找到 1 个匹配元素
2024-11-10 10:08:28,710 [INFO] price_checker.py:302 - 找到 5 个匹配元素
2024-11-10 10:08:28,735 [INFO] price_checker.py:302 - 找到 5 个匹配元素
2024-11-10 10:08:28,753 [WARNING] price_checker.py:355 - 未找到价格详情按钮
2024-11-10 10:08:28,753 [INFO] price_checker.py:358 - 最终价格信息获取结果:
2024-11-10 10:08:28,753 [INFO] price_checker.py:360 - check_in: 18/11/2024
2024-11-10 10:08:28,753 [INFO] price_checker.py:360 - check_out: 19/11/2024
2024-11-10 10:08:28,753 [INFO] price_checker.py:360 - guests: 3
2024-11-10 10:08:28,753 [INFO] price_checker.py:360 - nightly_price: $259 NZD
2024-11-10 10:08:28,753 [INFO] price_checker.py:360 - cleaning_fee: None
2024-11-10 10:08:28,753 [INFO] price_checker.py:360 - service_fee: None
2024-11-10 10:08:28,753 [INFO] price_checker.py:360 - taxes: None
2024-11-10 10:08:28,753 [INFO] price_checker.py:360 - total: None
2024-11-10 10:08:28,753 [INFO] price_checker.py:360 - original_price: $259 NZD
2024-11-10 10:08:28,754 [INFO] price_checker.py:457 - ✓ 成功获取 18/11/2024 的价格信息
2024-11-10 10:08:28,754 [INFO] price_checker.py:451 - [2/20] 处理日期: 22/11/2024
2024-11-10 10:08:28,754 [INFO] price_checker.py:149 - 开始获取价格信息: https://www.airbnb.co.nz/rooms/1125096139567330802
2024-11-10 10:08:28,754 [INFO] price_checker.py:150 - 入住日期: 22/11/2024, 最小入住晚数: 1
2024-11-10 10:08:28,754 [INFO] price_checker.py:172 - 访问URL: https://www.airbnb.co.nz/rooms/1125096139567330802?check_in=2024-11-22&check_out=2024-11-23&adults=3&children=0&infants=0
2024-11-10 10:08:33,846 [INFO] price_checker.py:179 - 检查页面状态...
2024-11-10 10:08:33,849 [INFO] price_checker.py:181 - 页面状态: complete
2024-11-10 10:08:35,857 [INFO] price_checker.py:194 - 价格容器已加载并可见
2024-11-10 10:08:35,857 [INFO] price_checker.py:203 - 尝试价格选择器: xpath - //div[@data-testid='book-it-default']//span[contains(@class, '_1y74zjx')]
2024-11-10 10:08:35,862 [INFO] price_checker.py:208 - 找到 0 个价格元素
2024-11-10 10:08:35,862 [INFO] price_checker.py:203 - 尝试价格选择器: xpath - //div[@data-testid='book-it-default']//span[contains(@class, '_tyxjp1')]
2024-11-10 10:08:35,866 [INFO] price_checker.py:208 - 找到 0 个价格元素
2024-11-10 10:08:35,866 [INFO] price_checker.py:203 - 尝试价格选择器: css - div._wgmchy div._1k1ce2w span._1qgfaxb1
2024-11-10 10:08:35,871 [INFO] price_checker.py:208 - 找到 1 个价格元素
2024-11-10 10:08:35,881 [INFO] price_checker.py:213 - 找到可见价格元素: $261 NZD 
$217 NZD 
night
$217 NZD per night, originally $261 NZD
2024-11-10 10:08:35,887 [INFO] price_checker.py:226 - 找到每晚价格元素: $261 NZD 
$217 NZD 
night
$217 NZD per night, originally $261 NZD
2024-11-10 10:08:35,887 [INFO] price_checker.py:234 - 成功解析折扣价格: $261 NZD (原价: $261 NZD)
2024-11-10 10:08:35,887 [INFO] price_checker.py:255 - 尝试直接获取价格详情...
2024-11-10 10:08:35,916 [INFO] price_checker.py:295 - 直接获取价格详情失败，尝试点击展开按钮...
2024-11-10 10:08:35,921 [INFO] price_checker.py:302 - 找到 1 个匹配元素
2024-11-10 10:08:35,928 [INFO] price_checker.py:302 - 找到 1 个匹配元素
2024-11-10 10:08:35,936 [INFO] price_checker.py:302 - 找到 1 个匹配元素
2024-11-10 10:08:35,944 [INFO] price_checker.py:302 - 找到 1 个匹配元素
2024-11-10 10:08:35,952 [INFO] price_checker.py:302 - 找到 5 个匹配元素
2024-11-10 10:08:35,983 [INFO] price_checker.py:302 - 找到 5 个匹配元素
2024-11-10 10:08:36,016 [WARNING] price_checker.py:355 - 未找到价格详情按钮
2024-11-10 10:08:36,016 [INFO] price_checker.py:358 - 最终价格信息获取结果:
2024-11-10 10:08:36,016 [INFO] price_checker.py:360 - check_in: 22/11/2024
2024-11-10 10:08:36,016 [INFO] price_checker.py:360 - check_out: 23/11/2024
2024-11-10 10:08:36,016 [INFO] price_checker.py:360 - guests: 3
2024-11-10 10:08:36,016 [INFO] price_checker.py:360 - nightly_price: $261 NZD
2024-11-10 10:08:36,016 [INFO] price_checker.py:360 - cleaning_fee: None
2024-11-10 10:08:36,016 [INFO] price_checker.py:360 - service_fee: None
2024-11-10 10:08:36,016 [INFO] price_checker.py:360 - taxes: None
2024-11-10 10:08:36,016 [INFO] price_checker.py:360 - total: None
2024-11-10 10:08:36,016 [INFO] price_checker.py:360 - original_price: $261 NZD
2024-11-10 10:08:36,016 [INFO] price_checker.py:457 - ✓ 成功获取 22/11/2024 的价格信息
2024-11-10 10:08:36,017 [INFO] price_checker.py:451 - [3/20] 处理日期: 26/11/2024
2024-11-10 10:08:36,017 [INFO] price_checker.py:149 - 开始获取价格信息: https://www.airbnb.co.nz/rooms/1125096139567330802
2024-11-10 10:08:36,017 [INFO] price_checker.py:150 - 入住日期: 26/11/2024, 最小入住晚数: 1
2024-11-10 10:08:36,017 [INFO] price_checker.py:172 - 访问URL: https://www.airbnb.co.nz/rooms/1125096139567330802?check_in=2024-11-26&check_out=2024-11-27&adults=3&children=0&infants=0
2024-11-10 10:08:41,110 [INFO] price_checker.py:179 - 检查页面状态...
2024-11-10 10:08:41,112 [INFO] price_checker.py:181 - 页面状态: complete
2024-11-10 10:08:43,121 [INFO] price_checker.py:194 - 价格容器已加载并可见
2024-11-10 10:08:43,121 [INFO] price_checker.py:203 - 尝试价格选择器: xpath - //div[@data-testid='book-it-default']//span[contains(@class, '_1y74zjx')]
2024-11-10 10:08:43,126 [INFO] price_checker.py:208 - 找到 0 个价格元素
2024-11-10 10:08:43,126 [INFO] price_checker.py:203 - 尝试价格选择器: xpath - //div[@data-testid='book-it-default']//span[contains(@class, '_tyxjp1')]
2024-11-10 10:08:43,130 [INFO] price_checker.py:208 - 找到 0 个价格元素
2024-11-10 10:08:43,130 [INFO] price_checker.py:203 - 尝试价格选择器: css - div._wgmchy div._1k1ce2w span._1qgfaxb1
2024-11-10 10:08:43,134 [INFO] price_checker.py:208 - 找到 1 个价格元素
2024-11-10 10:08:43,144 [INFO] price_checker.py:213 - 找到可见价格元素: $254 NZD 
$201 NZD 
night
$201 NZD per night, originally $254 NZD
2024-11-10 10:08:43,150 [INFO] price_checker.py:226 - 找到每晚价格元素: $254 NZD 
$201 NZD 
night
$201 NZD per night, originally $254 NZD
2024-11-10 10:08:43,150 [INFO] price_checker.py:234 - 成功解析折扣价格: $254 NZD (原价: $254 NZD)
2024-11-10 10:08:43,150 [INFO] price_checker.py:255 - 尝试直接获取价格详情...
2024-11-10 10:08:43,180 [INFO] price_checker.py:295 - 直接获取价格详情失败，尝试点击展开按钮...
2024-11-10 10:08:43,184 [INFO] price_checker.py:302 - 找到 1 个匹配元素
2024-11-10 10:08:43,192 [INFO] price_checker.py:302 - 找到 1 个匹配元素
2024-11-10 10:08:43,199 [INFO] price_checker.py:302 - 找到 1 个匹配元素
2024-11-10 10:08:43,207 [INFO] price_checker.py:302 - 找到 1 个匹配元素
2024-11-10 10:08:43,215 [INFO] price_checker.py:302 - 找到 5 个匹配元素
2024-11-10 10:08:43,247 [INFO] price_checker.py:302 - 找到 5 个匹配元素
2024-11-10 10:08:43,282 [WARNING] price_checker.py:355 - 未找到价格详情按钮
2024-11-10 10:08:43,282 [INFO] price_checker.py:358 - 最终价格信息获取结果:
2024-11-10 10:08:43,282 [INFO] price_checker.py:360 - check_in: 26/11/2024
2024-11-10 10:08:43,282 [INFO] price_checker.py:360 - check_out: 27/11/2024
2024-11-10 10:08:43,282 [INFO] price_checker.py:360 - guests: 3
2024-11-10 10:08:43,282 [INFO] price_checker.py:360 - nightly_price: $254 NZD
2024-11-10 10:08:43,282 [INFO] price_checker.py:360 - cleaning_fee: None
2024-11-10 10:08:43,282 [INFO] price_checker.py:360 - service_fee: None
2024-11-10 10:08:43,282 [INFO] price_checker.py:360 - taxes: None
2024-11-10 10:08:43,282 [INFO] price_checker.py:360 - total: None
2024-11-10 10:08:43,283 [INFO] price_checker.py:360 - original_price: $254 NZD
2024-11-10 10:08:43,283 [INFO] price_checker.py:457 - ✓ 成功获取 26/11/2024 的价格信息
2024-11-10 10:08:43,283 [INFO] price_checker.py:451 - [4/20] 处理日期: 27/11/2024
2024-11-10 10:08:43,283 [INFO] price_checker.py:149 - 开始获取价格信息: https://www.airbnb.co.nz/rooms/1125096139567330802
2024-11-10 10:08:43,283 [INFO] price_checker.py:150 - 入住日期: 27/11/2024, 最小入住晚数: 1
2024-11-10 10:08:43,283 [INFO] price_checker.py:172 - 访问URL: https://www.airbnb.co.nz/rooms/1125096139567330802?check_in=2024-11-27&check_out=2024-11-28&adults=3&children=0&infants=0
2024-11-10 10:08:48,376 [INFO] price_checker.py:179 - 检查页面状态...
2024-11-10 10:08:48,379 [INFO] price_checker.py:181 - 页面状态: complete
2024-11-10 10:08:50,388 [INFO] price_checker.py:194 - 价格容器已加载并可见
2024-11-10 10:08:50,388 [INFO] price_checker.py:203 - 尝试价格选择器: xpath - //div[@data-testid='book-it-default']//span[contains(@class, '_1y74zjx')]
2024-11-10 10:08:50,393 [INFO] price_checker.py:208 - 找到 0 个价格元素
2024-11-10 10:08:50,393 [INFO] price_checker.py:203 - 尝试价格选择器: xpath - //div[@data-testid='book-it-default']//span[contains(@class, '_tyxjp1')]
2024-11-10 10:08:50,397 [INFO] price_checker.py:208 - 找到 0 个价格元素
2024-11-10 10:08:50,397 [INFO] price_checker.py:203 - 尝试价格选择器: css - div._wgmchy div._1k1ce2w span._1qgfaxb1
2024-11-10 10:08:50,401 [INFO] price_checker.py:208 - 找到 1 个价格元素
2024-11-10 10:08:50,411 [INFO] price_checker.py:213 - 找到可见价格元素: $255 NZD 
$202 NZD 
night
$202 NZD per night, originally $255 NZD
2024-11-10 10:08:50,419 [INFO] price_checker.py:226 - 找到每晚价格元素: $255 NZD 
$202 NZD 
night
$202 NZD per night, originally $255 NZD
2024-11-10 10:08:50,420 [INFO] price_checker.py:234 - 成功解析折扣价格: $255 NZD (原价: $255 NZD)
2024-11-10 10:08:50,420 [INFO] price_checker.py:255 - 尝试直接获取价格详情...
2024-11-10 10:08:50,473 [INFO] price_checker.py:295 - 直接获取价格详情失败，尝试点击展开按钮...
2024-11-10 10:08:50,482 [INFO] price_checker.py:302 - 找到 1 个匹配元素
2024-11-10 10:08:50,490 [INFO] price_checker.py:302 - 找到 1 个匹配元素
2024-11-10 10:08:50,498 [INFO] price_checker.py:302 - 找到 1 个匹配元素
2024-11-10 10:08:50,505 [INFO] price_checker.py:302 - 找到 1 个匹配元素
2024-11-10 10:08:50,514 [INFO] price_checker.py:302 - 找到 5 个匹配元素
2024-11-10 10:08:50,536 [INFO] price_checker.py:302 - 找到 5 个匹配元素
2024-11-10 10:08:50,554 [WARNING] price_checker.py:355 - 未找到价格详情按钮
2024-11-10 10:08:50,554 [INFO] price_checker.py:358 - 最终价格信息获取结果:
2024-11-10 10:08:50,554 [INFO] price_checker.py:360 - check_in: 27/11/2024
2024-11-10 10:08:50,554 [INFO] price_checker.py:360 - check_out: 28/11/2024
2024-11-10 10:08:50,554 [INFO] price_checker.py:360 - guests: 3
2024-11-10 10:08:50,554 [INFO] price_checker.py:360 - nightly_price: $255 NZD
2024-11-10 10:08:50,554 [INFO] price_checker.py:360 - cleaning_fee: None
2024-11-10 10:08:50,554 [INFO] price_checker.py:360 - service_fee: None
2024-11-10 10:08:50,554 [INFO] price_checker.py:360 - taxes: None
2024-11-10 10:08:50,554 [INFO] price_checker.py:360 - total: None
2024-11-10 10:08:50,554 [INFO] price_checker.py:360 - original_price: $255 NZD
2024-11-10 10:08:50,555 [INFO] price_checker.py:457 - ✓ 成功获取 27/11/2024 的价格信息
2024-11-10 10:08:50,555 [INFO] price_checker.py:451 - [5/20] 处理日期: 28/11/2024
2024-11-10 10:08:50,555 [INFO] price_checker.py:149 - 开始获取价格信息: https://www.airbnb.co.nz/rooms/1125096139567330802
2024-11-10 10:08:50,555 [INFO] price_checker.py:150 - 入住日期: 28/11/2024, 最小入住晚数: 1
2024-11-10 10:08:50,555 [INFO] price_checker.py:172 - 访问URL: https://www.airbnb.co.nz/rooms/1125096139567330802?check_in=2024-11-28&check_out=2024-11-29&adults=3&children=0&infants=0
2024-11-10 10:08:55,647 [INFO] price_checker.py:179 - 检查页面状态...
2024-11-10 10:08:55,649 [INFO] price_checker.py:181 - 页面状态: complete
2024-11-10 10:08:57,657 [INFO] price_checker.py:194 - 价格容器已加载并可见
2024-11-10 10:08:57,657 [INFO] price_checker.py:203 - 尝试价格选择器: xpath - //div[@data-testid='book-it-default']//span[contains(@class, '_1y74zjx')]
2024-11-10 10:08:57,662 [INFO] price_checker.py:208 - 找到 0 个价格元素
2024-11-10 10:08:57,663 [INFO] price_checker.py:203 - 尝试价格选择器: xpath - //div[@data-testid='book-it-default']//span[contains(@class, '_tyxjp1')]
2024-11-10 10:08:57,667 [INFO] price_checker.py:208 - 找到 0 个价格元素
2024-11-10 10:08:57,667 [INFO] price_checker.py:203 - 尝试价格选择器: css - div._wgmchy div._1k1ce2w span._1qgfaxb1
2024-11-10 10:08:57,671 [INFO] price_checker.py:208 - 找到 1 个价格元素
2024-11-10 10:08:57,682 [INFO] price_checker.py:213 - 找到可见价格元素: $258 NZD 
$204 NZD 
night
$204 NZD per night, originally $258 NZD
2024-11-10 10:08:57,688 [INFO] price_checker.py:226 - 找到每晚价格元素: $258 NZD 
$204 NZD 
night
$204 NZD per night, originally $258 NZD
2024-11-10 10:08:57,688 [INFO] price_checker.py:234 - 成功解析折扣价格: $258 NZD (原价: $258 NZD)
2024-11-10 10:08:57,688 [INFO] price_checker.py:255 - 尝试直接获取价格详情...
2024-11-10 10:08:57,717 [INFO] price_checker.py:295 - 直接获取价格详情失败，尝试点击展开按钮...
2024-11-10 10:08:57,721 [INFO] price_checker.py:302 - 找到 1 个匹配元素
2024-11-10 10:08:57,729 [INFO] price_checker.py:302 - 找到 1 个匹配元素
2024-11-10 10:08:57,737 [INFO] price_checker.py:302 - 找到 1 个匹配元素
2024-11-10 10:08:57,744 [INFO] price_checker.py:302 - 找到 1 个匹配元素
2024-11-10 10:08:57,753 [INFO] price_checker.py:302 - 找到 5 个匹配元素
2024-11-10 10:08:57,775 [INFO] price_checker.py:302 - 找到 5 个匹配元素
2024-11-10 10:08:57,792 [WARNING] price_checker.py:355 - 未找到价格详情按钮
2024-11-10 10:08:57,793 [INFO] price_checker.py:358 - 最终价格信息获取结果:
2024-11-10 10:08:57,793 [INFO] price_checker.py:360 - check_in: 28/11/2024
2024-11-10 10:08:57,793 [INFO] price_checker.py:360 - check_out: 29/11/2024
2024-11-10 10:08:57,793 [INFO] price_checker.py:360 - guests: 3
2024-11-10 10:08:57,793 [INFO] price_checker.py:360 - nightly_price: $258 NZD
2024-11-10 10:08:57,793 [INFO] price_checker.py:360 - cleaning_fee: None
2024-11-10 10:08:57,793 [INFO] price_checker.py:360 - service_fee: None
2024-11-10 10:08:57,793 [INFO] price_checker.py:360 - taxes: None
2024-11-10 10:08:57,793 [INFO] price_checker.py:360 - total: None
2024-11-10 10:08:57,793 [INFO] price_checker.py:360 - original_price: $258 NZD
2024-11-10 10:08:57,793 [INFO] price_checker.py:457 - ✓ 成功获取 28/11/2024 的价格信息
2024-11-10 10:08:57,793 [INFO] price_checker.py:464 - 已完成 5/20 个日期的处理
2024-11-10 10:09:13,762 [INFO] advanced_analyzer.py:262 - === 程序执行完成 ===
