2024-11-15 13:21:59,817 [INFO] advanced_analyzer.py:391 - === 开始Airbnb数据收集程序 ===
2024-11-15 13:22:00,004 [INFO] advanced_analyzer.py:100 - 成功读取 6 个房间ID
2024-11-15 13:22:00,004 [INFO] advanced_analyzer.py:402 - 生成 6 个URL
2024-11-15 13:22:00,005 [INFO] advanced_analyzer.py:406 - 创建数据目录: data/airbnb_data_20241115_132200
2024-11-15 13:22:00,005 [INFO] advanced_analyzer.py:232 - === 开始批量分析房源 ===
2024-11-15 13:22:00,005 [INFO] advanced_analyzer.py:241 - 设置并发线程数: 3
2024-11-15 13:22:00,039 [INFO] bit_browser_manager.py:38 - 活动浏览器响应: {
  "success": true,
  "data": {
    "fa23ba7669ce4064b2fafb611daa22a3": 23592,
    "cf51683770d94ff3931408fce73c90f3": 38604,
    "cd272b4525344db49309c826255465b8": 26068
  }
}
2024-11-15 13:22:03,642 [INFO] bit_browser_manager.py:63 - 找到 3 个活动浏览器
2024-11-15 13:22:03,642 [INFO] advanced_analyzer.py:257 - 
=== 可用的浏览器实例 ===
2024-11-15 13:22:03,642 [INFO] advanced_analyzer.py:259 - ID: fa23ba7669ce4064b2fafb611daa22a3
2024-11-15 13:22:03,642 [INFO] advanced_analyzer.py:260 - 名称: _1
2024-11-15 13:22:03,642 [INFO] advanced_analyzer.py:261 - 备注: 
2024-11-15 13:22:03,642 [INFO] advanced_analyzer.py:262 - PID: 23592

2024-11-15 13:22:03,642 [INFO] advanced_analyzer.py:259 - ID: cf51683770d94ff3931408fce73c90f3
2024-11-15 13:22:03,643 [INFO] advanced_analyzer.py:260 - 名称: 
2024-11-15 13:22:03,643 [INFO] advanced_analyzer.py:261 - 备注: 
2024-11-15 13:22:03,643 [INFO] advanced_analyzer.py:262 - PID: 38604

2024-11-15 13:22:03,643 [INFO] advanced_analyzer.py:259 - ID: cd272b4525344db49309c826255465b8
2024-11-15 13:22:03,643 [INFO] advanced_analyzer.py:260 - 名称: _2
2024-11-15 13:22:03,643 [INFO] advanced_analyzer.py:261 - 备注: 
2024-11-15 13:22:03,643 [INFO] advanced_analyzer.py:262 - PID: 26068

2024-11-15 13:22:03,643 [INFO] advanced_analyzer.py:275 - 线程 41360 使用浏览器 fa23ba7669ce4064b2fafb611daa22a3
2024-11-15 13:22:03,643 [INFO] advanced_analyzer.py:275 - 线程 40516 使用浏览器 cf51683770d94ff3931408fce73c90f3
2024-11-15 13:22:03,644 [INFO] advanced_analyzer.py:275 - 线程 39836 使用浏览器 cd272b4525344db49309c826255465b8
2024-11-15 13:22:04,791 [INFO] bit_browser_manager.py:187 - 正在导航到: https://www.airbnb.com/rooms/837352260137971048
2024-11-15 13:22:04,791 [INFO] bit_browser_manager.py:187 - 正在导航到: https://www.airbnb.com/rooms/43435162
2024-11-15 13:22:04,791 [INFO] bit_browser_manager.py:187 - 正在导航到: https://www.airbnb.com/rooms/830193102361409290
2024-11-15 13:22:04,951 [INFO] bit_browser_manager.py:195 - 成功加载页面: https://www.airbnb.com/rooms/43435162
2024-11-15 13:22:04,951 [INFO] advanced_analyzer.py:197 - 
开始分析房源: https://www.airbnb.com/rooms/43435162
2024-11-15 13:22:04,952 [INFO] airbnb_calendar_checker.py:70 - 开始检查房源日历: https://www.airbnb.com/rooms/43435162
2024-11-15 13:22:04,954 [INFO] bit_browser_manager.py:195 - 成功加载页面: https://www.airbnb.com/rooms/837352260137971048
2024-11-15 13:22:04,954 [INFO] advanced_analyzer.py:197 - 
开始分析房源: https://www.airbnb.com/rooms/837352260137971048
2024-11-15 13:22:04,954 [INFO] airbnb_calendar_checker.py:70 - 开始检查房源日历: https://www.airbnb.com/rooms/837352260137971048
2024-11-15 13:22:04,959 [INFO] bit_browser_manager.py:195 - 成功加载页面: https://www.airbnb.com/rooms/830193102361409290
2024-11-15 13:22:04,959 [INFO] advanced_analyzer.py:197 - 
开始分析房源: https://www.airbnb.com/rooms/830193102361409290
2024-11-15 13:22:04,959 [INFO] airbnb_calendar_checker.py:70 - 开始检查房源日历: https://www.airbnb.com/rooms/830193102361409290
2024-11-15 13:22:05,062 [INFO] airbnb_calendar_checker.py:75 - 页面加载中...
2024-11-15 13:22:05,078 [INFO] airbnb_calendar_checker.py:75 - 页面加载中...
2024-11-15 13:22:05,114 [INFO] airbnb_calendar_checker.py:82 - 页面基本加载完成
2024-11-15 13:22:05,114 [INFO] airbnb_calendar_checker.py:82 - 页面基本加载完成
2024-11-15 13:22:05,156 [INFO] airbnb_calendar_checker.py:75 - 页面加载中...
2024-11-15 13:22:05,240 [INFO] airbnb_calendar_checker.py:82 - 页面基本加载完成
2024-11-15 13:23:05,296 [INFO] airbnb_calendar_checker.py:120 - 找到日历按钮: //button[contains(@aria-label, 'Choose')]
2024-11-15 13:23:05,300 [INFO] airbnb_calendar_checker.py:134 - 已滚动到日历按钮位置
2024-11-15 13:23:05,328 [INFO] airbnb_calendar_checker.py:120 - 找到日历按钮: //button[contains(@aria-label, 'Choose')]
2024-11-15 13:23:05,331 [INFO] airbnb_calendar_checker.py:134 - 已滚动到日历按钮位置
2024-11-15 13:23:05,420 [INFO] airbnb_calendar_checker.py:120 - 找到日历按钮: //button[contains(@aria-label, 'Choose')]
2024-11-15 13:23:05,423 [INFO] airbnb_calendar_checker.py:134 - 已滚动到日历按钮位置
2024-11-15 13:23:06,300 [INFO] airbnb_calendar_checker.py:139 - 日历按钮已准备就绪
2024-11-15 13:23:06,331 [INFO] airbnb_calendar_checker.py:139 - 日历按钮已准备就绪
2024-11-15 13:23:06,382 [INFO] airbnb_calendar_checker.py:148 - 直接点击日历按钮成功
2024-11-15 13:23:06,384 [INFO] airbnb_calendar_checker.py:148 - 直接点击日历按钮成功
2024-11-15 13:23:06,424 [INFO] airbnb_calendar_checker.py:139 - 日历按钮已准备就绪
2024-11-15 13:23:06,502 [INFO] airbnb_calendar_checker.py:148 - 直接点击日历按钮成功
2024-11-15 13:23:26,450 [INFO] airbnb_calendar_checker.py:184 - 日历内容已加载: //div[contains(@data-testid, 'calendar')]
2024-11-15 13:23:26,466 [INFO] airbnb_calendar_checker.py:199 - 找到 123 个日期单元格
2024-11-15 13:23:26,481 [INFO] airbnb_calendar_checker.py:184 - 日历内容已加载: //div[contains(@data-testid, 'calendar')]
2024-11-15 13:23:26,494 [INFO] airbnb_calendar_checker.py:199 - 找到 123 个日期单元格
2024-11-15 13:23:26,584 [INFO] airbnb_calendar_checker.py:211 - 找到 123 个日期单元格
2024-11-15 13:23:26,610 [INFO] airbnb_calendar_checker.py:256 - 原始单元格数量: 123
2024-11-15 13:23:26,648 [INFO] airbnb_calendar_checker.py:211 - 找到 123 个日期单元格
2024-11-15 13:23:26,648 [INFO] airbnb_calendar_checker.py:257 - 去重后数据条数: 123
2024-11-15 13:23:26,650 [INFO] airbnb_calendar_checker.py:256 - 原始单元格数量: 123
2024-11-15 13:23:26,650 [INFO] airbnb_calendar_checker.py:258 - 处理的唯一日期数: 123
2024-11-15 13:23:26,650 [INFO] airbnb_calendar_checker.py:257 - 去重后数据条数: 123
2024-11-15 13:23:26,650 [INFO] airbnb_calendar_checker.py:262 - 收集到 123 条有效日历数据
2024-11-15 13:23:26,650 [INFO] airbnb_calendar_checker.py:258 - 处理的唯一日期数: 123
2024-11-15 13:23:26,650 [INFO] airbnb_calendar_checker.py:22 - 开始导出数据到Excel...
2024-11-15 13:23:26,650 [INFO] airbnb_calendar_checker.py:262 - 收集到 123 条有效日历数据
2024-11-15 13:23:26,650 [INFO] airbnb_calendar_checker.py:22 - 开始导出数据到Excel...
2024-11-15 13:23:26,650 [INFO] airbnb_calendar_checker.py:32 - 处理房源ID: 830193102361409290
2024-11-15 13:23:26,650 [INFO] airbnb_calendar_checker.py:37 - 将创建文件: data/airbnb_calendar_830193102361409290_20241115_132326.xlsx
2024-11-15 13:23:26,650 [INFO] airbnb_calendar_checker.py:32 - 处理房源ID: 837352260137971048
2024-11-15 13:23:26,651 [INFO] airbnb_calendar_checker.py:41 - 创建DataFrame，共 123 行数据
2024-11-15 13:23:26,651 [INFO] airbnb_calendar_checker.py:37 - 将创建文件: data/airbnb_calendar_837352260137971048_20241115_132326.xlsx
2024-11-15 13:23:26,652 [INFO] airbnb_calendar_checker.py:41 - 创建DataFrame，共 123 行数据
2024-11-15 13:23:26,660 [INFO] airbnb_calendar_checker.py:184 - 日历内容已加载: //div[contains(@data-testid, 'calendar')]
2024-11-15 13:23:26,682 [INFO] airbnb_calendar_checker.py:199 - 找到 123 个日期单元格
2024-11-15 13:23:26,692 [INFO] airbnb_calendar_checker.py:52 - 数据已成功导出到Excel文件: data/airbnb_calendar_837352260137971048_20241115_132326.xlsx
2024-11-15 13:23:26,692 [INFO] airbnb_calendar_checker.py:57 - 文件创建成功，大小: 9.17 KB
2024-11-15 13:23:26,693 [INFO] airbnb_calendar_checker.py:265 - 日历数据已成功导出到: data/airbnb_calendar_837352260137971048_20241115_132326.xlsx
2024-11-15 13:23:26,693 [INFO] advanced_analyzer.py:206 - 成功获取日历数据: 123 条记录
2024-11-15 13:23:26,693 [INFO] price_checker.py:558 - 开始检查房源价格: https://www.airbnb.com/rooms/837352260137971048
2024-11-15 13:23:26,694 [INFO] price_checker.py:551 - 找到 37 个可预订日期
2024-11-15 13:23:26,694 [INFO] price_checker.py:567 - 找到 37 个可预订日期
2024-11-15 13:23:26,694 [INFO] price_checker.py:576 - [1/37] 处理日期: 11/18/2024
2024-11-15 13:23:26,694 [INFO] price_checker.py:254 - 
=== 开始获取价格信息 ===
2024-11-15 13:23:26,694 [INFO] price_checker.py:255 - URL: https://www.airbnb.com/rooms/837352260137971048
2024-11-15 13:23:26,694 [INFO] price_checker.py:256 - 入住日期: 11/18/2024
2024-11-15 13:23:26,695 [INFO] price_checker.py:257 - 指定最小入住天数: 自动检测
2024-11-15 13:23:26,695 [INFO] price_checker.py:268 - 成功解析日期: 2024-11-18 00:00:00
2024-11-15 13:23:26,695 [INFO] airbnb_calendar_checker.py:52 - 数据已成功导出到Excel文件: data/airbnb_calendar_830193102361409290_20241115_132326.xlsx
2024-11-15 13:23:26,695 [INFO] price_checker.py:272 - 转换后的日期格式: 2024-11-18
2024-11-15 13:23:26,695 [INFO] price_checker.py:287 - 完整URL: https://www.airbnb.com/rooms/837352260137971048?check_in=2024-11-18
2024-11-15 13:23:26,695 [INFO] airbnb_calendar_checker.py:57 - 文件创建成功，大小: 8.93 KB
2024-11-15 13:23:26,695 [INFO] airbnb_calendar_checker.py:265 - 日历数据已成功导出到: data/airbnb_calendar_830193102361409290_20241115_132326.xlsx
2024-11-15 13:23:26,695 [INFO] advanced_analyzer.py:206 - 成功获取日历数据: 123 条记录
2024-11-15 13:23:26,696 [INFO] price_checker.py:558 - 开始检查房源价格: https://www.airbnb.com/rooms/830193102361409290
2024-11-15 13:23:26,696 [INFO] price_checker.py:551 - 找到 72 个可预订日期
2024-11-15 13:23:26,696 [INFO] price_checker.py:567 - 找到 72 个可预订日期
2024-11-15 13:23:26,696 [INFO] price_checker.py:576 - [1/72] 处理日期: 11/18/2024
2024-11-15 13:23:26,696 [INFO] price_checker.py:254 - 
=== 开始获取价格信息 ===
2024-11-15 13:23:26,696 [INFO] price_checker.py:255 - URL: https://www.airbnb.com/rooms/830193102361409290
2024-11-15 13:23:26,696 [INFO] price_checker.py:256 - 入住日期: 11/18/2024
2024-11-15 13:23:26,696 [INFO] price_checker.py:257 - 指定最小入住天数: 自动检测
2024-11-15 13:23:26,696 [INFO] price_checker.py:268 - 成功解析日期: 2024-11-18 00:00:00
2024-11-15 13:23:26,696 [INFO] price_checker.py:272 - 转换后的日期格式: 2024-11-18
2024-11-15 13:23:26,696 [INFO] price_checker.py:287 - 完整URL: https://www.airbnb.com/rooms/830193102361409290?check_in=2024-11-18
2024-11-15 13:23:26,791 [INFO] airbnb_calendar_checker.py:211 - 找到 123 个日期单元格
2024-11-15 13:23:26,792 [INFO] airbnb_calendar_checker.py:256 - 原始单元格数量: 123
2024-11-15 13:23:26,792 [INFO] airbnb_calendar_checker.py:257 - 去重后数据条数: 123
2024-11-15 13:23:26,792 [INFO] airbnb_calendar_checker.py:258 - 处理的唯一日期数: 123
2024-11-15 13:23:26,793 [INFO] airbnb_calendar_checker.py:262 - 收集到 123 条有效日历数据
2024-11-15 13:23:26,793 [INFO] airbnb_calendar_checker.py:22 - 开始导出数据到Excel...
2024-11-15 13:23:26,793 [INFO] airbnb_calendar_checker.py:32 - 处理房源ID: 43435162
2024-11-15 13:23:26,793 [INFO] airbnb_calendar_checker.py:37 - 将创建文件: data/airbnb_calendar_43435162_20241115_132326.xlsx
2024-11-15 13:23:26,793 [INFO] airbnb_calendar_checker.py:41 - 创建DataFrame，共 123 行数据
2024-11-15 13:23:26,818 [INFO] airbnb_calendar_checker.py:52 - 数据已成功导出到Excel文件: data/airbnb_calendar_43435162_20241115_132326.xlsx
2024-11-15 13:23:26,818 [INFO] airbnb_calendar_checker.py:57 - 文件创建成功，大小: 9.13 KB
2024-11-15 13:23:26,818 [INFO] airbnb_calendar_checker.py:265 - 日历数据已成功导出到: data/airbnb_calendar_43435162_20241115_132326.xlsx
2024-11-15 13:23:26,819 [INFO] advanced_analyzer.py:206 - 成功获取日历数据: 123 条记录
2024-11-15 13:23:26,819 [INFO] price_checker.py:558 - 开始检查房源价格: https://www.airbnb.com/rooms/43435162
2024-11-15 13:23:26,819 [INFO] price_checker.py:551 - 找到 39 个可预订日期
2024-11-15 13:23:26,819 [INFO] price_checker.py:567 - 找到 39 个可预订日期
2024-11-15 13:23:26,819 [INFO] price_checker.py:576 - [1/39] 处理日期: 11/17/2024
2024-11-15 13:23:26,819 [INFO] price_checker.py:254 - 
=== 开始获取价格信息 ===
2024-11-15 13:23:26,819 [INFO] price_checker.py:255 - URL: https://www.airbnb.com/rooms/43435162
2024-11-15 13:23:26,819 [INFO] price_checker.py:256 - 入住日期: 11/17/2024
2024-11-15 13:23:26,819 [INFO] price_checker.py:257 - 指定最小入住天数: 自动检测
2024-11-15 13:23:26,819 [INFO] price_checker.py:268 - 成功解析日期: 2024-11-17 00:00:00
2024-11-15 13:23:26,820 [INFO] price_checker.py:272 - 转换后的日期格式: 2024-11-17
2024-11-15 13:23:26,820 [INFO] price_checker.py:287 - 完整URL: https://www.airbnb.com/rooms/43435162?check_in=2024-11-17
2024-11-15 13:23:31,840 [ERROR] price_checker.py:483 - 获取价格信息时发生错误: time data '11/18/2024' does not match format '%d/%m/%Y'
2024-11-15 13:23:31,840 [ERROR] price_checker.py:484 - 错误详情: ValueError
2024-11-15 13:23:31,841 [ERROR] price_checker.py:485 - 错误堆栈: Traceback (most recent call last):
  File "C:\GitWork\Airbnb data Analyst\price_checker.py", line 294, in get_price_info
    date_str = datetime.strptime(checkin_date, '%d/%m/%Y').strftime('%d/%m/%Y')
               ~~~~~~~~~~~~~~~~~^^^^^^^^^^^^^^^^^^^^^^^^^^
  File "C:\Users\jiann\AppData\Local\Programs\Python\Python313\Lib\_strptime.py", line 573, in _strptime_datetime
    tt, fraction, gmtoff_fraction = _strptime(data_string, format)
                                    ~~~~~~~~~^^^^^^^^^^^^^^^^^^^^^
  File "C:\Users\jiann\AppData\Local\Programs\Python\Python313\Lib\_strptime.py", line 352, in _strptime
    raise ValueError("time data %r does not match format %r" %
                     (data_string, format))
ValueError: time data '11/18/2024' does not match format '%d/%m/%Y'

2024-11-15 13:23:31,842 [WARNING] price_checker.py:592 - ✗ 获取 11/18/2024 的价格信息失败
2024-11-15 13:23:31,842 [INFO] price_checker.py:576 - [2/72] 处理日期: 11/19/2024
2024-11-15 13:23:31,842 [INFO] price_checker.py:254 - 
=== 开始获取价格信息 ===
2024-11-15 13:23:31,842 [INFO] price_checker.py:255 - URL: https://www.airbnb.com/rooms/830193102361409290
2024-11-15 13:23:31,842 [INFO] price_checker.py:256 - 入住日期: 11/19/2024
2024-11-15 13:23:31,842 [INFO] price_checker.py:257 - 指定最小入住天数: 自动检测
2024-11-15 13:23:31,842 [INFO] price_checker.py:268 - 成功解析日期: 2024-11-19 00:00:00
2024-11-15 13:23:31,842 [INFO] price_checker.py:272 - 转换后的日期格式: 2024-11-19
2024-11-15 13:23:31,842 [INFO] price_checker.py:287 - 完整URL: https://www.airbnb.com/rooms/830193102361409290?check_in=2024-11-19
2024-11-15 13:23:31,859 [ERROR] price_checker.py:483 - 获取价格信息时发生错误: time data '11/18/2024' does not match format '%d/%m/%Y'
2024-11-15 13:23:31,859 [ERROR] price_checker.py:484 - 错误详情: ValueError
2024-11-15 13:23:31,860 [ERROR] price_checker.py:485 - 错误堆栈: Traceback (most recent call last):
  File "C:\GitWork\Airbnb data Analyst\price_checker.py", line 294, in get_price_info
    date_str = datetime.strptime(checkin_date, '%d/%m/%Y').strftime('%d/%m/%Y')
               ~~~~~~~~~~~~~~~~~^^^^^^^^^^^^^^^^^^^^^^^^^^
  File "C:\Users\jiann\AppData\Local\Programs\Python\Python313\Lib\_strptime.py", line 573, in _strptime_datetime
    tt, fraction, gmtoff_fraction = _strptime(data_string, format)
                                    ~~~~~~~~~^^^^^^^^^^^^^^^^^^^^^
  File "C:\Users\jiann\AppData\Local\Programs\Python\Python313\Lib\_strptime.py", line 352, in _strptime
    raise ValueError("time data %r does not match format %r" %
                     (data_string, format))
ValueError: time data '11/18/2024' does not match format '%d/%m/%Y'

2024-11-15 13:23:31,860 [WARNING] price_checker.py:592 - ✗ 获取 11/18/2024 的价格信息失败
2024-11-15 13:23:31,860 [INFO] price_checker.py:576 - [2/37] 处理日期: 11/27/2024
2024-11-15 13:23:31,860 [INFO] price_checker.py:254 - 
=== 开始获取价格信息 ===
2024-11-15 13:23:31,860 [INFO] price_checker.py:255 - URL: https://www.airbnb.com/rooms/837352260137971048
2024-11-15 13:23:31,861 [INFO] price_checker.py:256 - 入住日期: 11/27/2024
2024-11-15 13:23:31,861 [INFO] price_checker.py:257 - 指定最小入住天数: 自动检测
2024-11-15 13:23:31,861 [INFO] price_checker.py:268 - 成功解析日期: 2024-11-27 00:00:00
2024-11-15 13:23:31,861 [INFO] price_checker.py:272 - 转换后的日期格式: 2024-11-27
2024-11-15 13:23:31,861 [INFO] price_checker.py:287 - 完整URL: https://www.airbnb.com/rooms/837352260137971048?check_in=2024-11-27
2024-11-15 13:23:31,946 [ERROR] price_checker.py:483 - 获取价格信息时发生错误: time data '11/17/2024' does not match format '%d/%m/%Y'
2024-11-15 13:23:31,946 [ERROR] price_checker.py:484 - 错误详情: ValueError
2024-11-15 13:23:31,947 [ERROR] price_checker.py:485 - 错误堆栈: Traceback (most recent call last):
  File "C:\GitWork\Airbnb data Analyst\price_checker.py", line 294, in get_price_info
    date_str = datetime.strptime(checkin_date, '%d/%m/%Y').strftime('%d/%m/%Y')
               ~~~~~~~~~~~~~~~~~^^^^^^^^^^^^^^^^^^^^^^^^^^
  File "C:\Users\jiann\AppData\Local\Programs\Python\Python313\Lib\_strptime.py", line 573, in _strptime_datetime
    tt, fraction, gmtoff_fraction = _strptime(data_string, format)
                                    ~~~~~~~~~^^^^^^^^^^^^^^^^^^^^^
  File "C:\Users\jiann\AppData\Local\Programs\Python\Python313\Lib\_strptime.py", line 352, in _strptime
    raise ValueError("time data %r does not match format %r" %
                     (data_string, format))
ValueError: time data '11/17/2024' does not match format '%d/%m/%Y'

2024-11-15 13:23:31,947 [WARNING] price_checker.py:592 - ✗ 获取 11/17/2024 的价格信息失败
2024-11-15 13:23:31,947 [INFO] price_checker.py:576 - [2/39] 处理日期: 11/18/2024
2024-11-15 13:23:31,947 [INFO] price_checker.py:254 - 
=== 开始获取价格信息 ===
2024-11-15 13:23:31,948 [INFO] price_checker.py:255 - URL: https://www.airbnb.com/rooms/43435162
2024-11-15 13:23:31,948 [INFO] price_checker.py:256 - 入住日期: 11/18/2024
2024-11-15 13:23:31,948 [INFO] price_checker.py:257 - 指定最小入住天数: 自动检测
2024-11-15 13:23:31,948 [INFO] price_checker.py:268 - 成功解析日期: 2024-11-18 00:00:00
2024-11-15 13:23:31,948 [INFO] price_checker.py:272 - 转换后的日期格式: 2024-11-18
2024-11-15 13:23:31,948 [INFO] price_checker.py:287 - 完整URL: https://www.airbnb.com/rooms/43435162?check_in=2024-11-18
2024-11-15 13:23:37,000 [ERROR] price_checker.py:483 - 获取价格信息时发生错误: time data '11/19/2024' does not match format '%d/%m/%Y'
2024-11-15 13:23:37,001 [ERROR] price_checker.py:484 - 错误详情: ValueError
2024-11-15 13:23:37,001 [ERROR] price_checker.py:485 - 错误堆栈: Traceback (most recent call last):
  File "C:\GitWork\Airbnb data Analyst\price_checker.py", line 294, in get_price_info
    date_str = datetime.strptime(checkin_date, '%d/%m/%Y').strftime('%d/%m/%Y')
               ~~~~~~~~~~~~~~~~~^^^^^^^^^^^^^^^^^^^^^^^^^^
  File "C:\Users\jiann\AppData\Local\Programs\Python\Python313\Lib\_strptime.py", line 573, in _strptime_datetime
    tt, fraction, gmtoff_fraction = _strptime(data_string, format)
                                    ~~~~~~~~~^^^^^^^^^^^^^^^^^^^^^
  File "C:\Users\jiann\AppData\Local\Programs\Python\Python313\Lib\_strptime.py", line 352, in _strptime
    raise ValueError("time data %r does not match format %r" %
                     (data_string, format))
ValueError: time data '11/19/2024' does not match format '%d/%m/%Y'

2024-11-15 13:23:37,001 [WARNING] price_checker.py:592 - ✗ 获取 11/19/2024 的价格信息失败
2024-11-15 13:23:37,001 [INFO] price_checker.py:576 - [3/72] 处理日期: 11/20/2024
2024-11-15 13:23:37,002 [INFO] price_checker.py:254 - 
=== 开始获取价格信息 ===
2024-11-15 13:23:37,002 [INFO] price_checker.py:255 - URL: https://www.airbnb.com/rooms/830193102361409290
2024-11-15 13:23:37,002 [INFO] price_checker.py:256 - 入住日期: 11/20/2024
2024-11-15 13:23:37,002 [INFO] price_checker.py:257 - 指定最小入住天数: 自动检测
2024-11-15 13:23:37,002 [INFO] price_checker.py:268 - 成功解析日期: 2024-11-20 00:00:00
2024-11-15 13:23:37,002 [INFO] price_checker.py:272 - 转换后的日期格式: 2024-11-20
2024-11-15 13:23:37,002 [INFO] price_checker.py:287 - 完整URL: https://www.airbnb.com/rooms/830193102361409290?check_in=2024-11-20
2024-11-15 13:23:37,011 [ERROR] price_checker.py:483 - 获取价格信息时发生错误: time data '11/27/2024' does not match format '%d/%m/%Y'
2024-11-15 13:23:37,012 [ERROR] price_checker.py:484 - 错误详情: ValueError
2024-11-15 13:23:37,012 [ERROR] price_checker.py:485 - 错误堆栈: Traceback (most recent call last):
  File "C:\GitWork\Airbnb data Analyst\price_checker.py", line 294, in get_price_info
    date_str = datetime.strptime(checkin_date, '%d/%m/%Y').strftime('%d/%m/%Y')
               ~~~~~~~~~~~~~~~~~^^^^^^^^^^^^^^^^^^^^^^^^^^
  File "C:\Users\jiann\AppData\Local\Programs\Python\Python313\Lib\_strptime.py", line 573, in _strptime_datetime
    tt, fraction, gmtoff_fraction = _strptime(data_string, format)
                                    ~~~~~~~~~^^^^^^^^^^^^^^^^^^^^^
  File "C:\Users\jiann\AppData\Local\Programs\Python\Python313\Lib\_strptime.py", line 352, in _strptime
    raise ValueError("time data %r does not match format %r" %
                     (data_string, format))
ValueError: time data '11/27/2024' does not match format '%d/%m/%Y'

2024-11-15 13:23:37,012 [WARNING] price_checker.py:592 - ✗ 获取 11/27/2024 的价格信息失败
2024-11-15 13:23:37,012 [INFO] price_checker.py:576 - [3/37] 处理日期: 11/28/2024
2024-11-15 13:23:37,013 [INFO] price_checker.py:254 - 
=== 开始获取价格信息 ===
2024-11-15 13:23:37,013 [INFO] price_checker.py:255 - URL: https://www.airbnb.com/rooms/837352260137971048
2024-11-15 13:23:37,013 [INFO] price_checker.py:256 - 入住日期: 11/28/2024
2024-11-15 13:23:37,013 [INFO] price_checker.py:257 - 指定最小入住天数: 自动检测
2024-11-15 13:23:37,013 [INFO] price_checker.py:268 - 成功解析日期: 2024-11-28 00:00:00
2024-11-15 13:23:37,013 [INFO] price_checker.py:272 - 转换后的日期格式: 2024-11-28
2024-11-15 13:23:37,013 [INFO] price_checker.py:287 - 完整URL: https://www.airbnb.com/rooms/837352260137971048?check_in=2024-11-28
2024-11-15 13:23:37,049 [ERROR] price_checker.py:483 - 获取价格信息时发生错误: time data '11/18/2024' does not match format '%d/%m/%Y'
2024-11-15 13:23:37,049 [ERROR] price_checker.py:484 - 错误详情: ValueError
2024-11-15 13:23:37,050 [ERROR] price_checker.py:485 - 错误堆栈: Traceback (most recent call last):
  File "C:\GitWork\Airbnb data Analyst\price_checker.py", line 294, in get_price_info
    date_str = datetime.strptime(checkin_date, '%d/%m/%Y').strftime('%d/%m/%Y')
               ~~~~~~~~~~~~~~~~~^^^^^^^^^^^^^^^^^^^^^^^^^^
  File "C:\Users\jiann\AppData\Local\Programs\Python\Python313\Lib\_strptime.py", line 573, in _strptime_datetime
    tt, fraction, gmtoff_fraction = _strptime(data_string, format)
                                    ~~~~~~~~~^^^^^^^^^^^^^^^^^^^^^
  File "C:\Users\jiann\AppData\Local\Programs\Python\Python313\Lib\_strptime.py", line 352, in _strptime
    raise ValueError("time data %r does not match format %r" %
                     (data_string, format))
ValueError: time data '11/18/2024' does not match format '%d/%m/%Y'

2024-11-15 13:23:37,050 [WARNING] price_checker.py:592 - ✗ 获取 11/18/2024 的价格信息失败
2024-11-15 13:23:37,050 [INFO] price_checker.py:576 - [3/39] 处理日期: 11/19/2024
2024-11-15 13:23:37,051 [INFO] price_checker.py:254 - 
=== 开始获取价格信息 ===
2024-11-15 13:23:37,051 [INFO] price_checker.py:255 - URL: https://www.airbnb.com/rooms/43435162
2024-11-15 13:23:37,051 [INFO] price_checker.py:256 - 入住日期: 11/19/2024
2024-11-15 13:23:37,051 [INFO] price_checker.py:257 - 指定最小入住天数: 自动检测
2024-11-15 13:23:37,051 [INFO] price_checker.py:268 - 成功解析日期: 2024-11-19 00:00:00
2024-11-15 13:23:37,051 [INFO] price_checker.py:272 - 转换后的日期格式: 2024-11-19
2024-11-15 13:23:37,051 [INFO] price_checker.py:287 - 完整URL: https://www.airbnb.com/rooms/43435162?check_in=2024-11-19
2024-11-15 13:23:42,119 [ERROR] price_checker.py:483 - 获取价格信息时发生错误: time data '11/28/2024' does not match format '%d/%m/%Y'
2024-11-15 13:23:42,120 [ERROR] price_checker.py:484 - 错误详情: ValueError
2024-11-15 13:23:42,120 [ERROR] price_checker.py:485 - 错误堆栈: Traceback (most recent call last):
  File "C:\GitWork\Airbnb data Analyst\price_checker.py", line 294, in get_price_info
    date_str = datetime.strptime(checkin_date, '%d/%m/%Y').strftime('%d/%m/%Y')
               ~~~~~~~~~~~~~~~~~^^^^^^^^^^^^^^^^^^^^^^^^^^
  File "C:\Users\jiann\AppData\Local\Programs\Python\Python313\Lib\_strptime.py", line 573, in _strptime_datetime
    tt, fraction, gmtoff_fraction = _strptime(data_string, format)
                                    ~~~~~~~~~^^^^^^^^^^^^^^^^^^^^^
  File "C:\Users\jiann\AppData\Local\Programs\Python\Python313\Lib\_strptime.py", line 352, in _strptime
    raise ValueError("time data %r does not match format %r" %
                     (data_string, format))
ValueError: time data '11/28/2024' does not match format '%d/%m/%Y'

2024-11-15 13:23:42,120 [WARNING] price_checker.py:592 - ✗ 获取 11/28/2024 的价格信息失败
2024-11-15 13:23:42,120 [INFO] price_checker.py:576 - [4/37] 处理日期: 11/29/2024
2024-11-15 13:23:42,121 [INFO] price_checker.py:254 - 
=== 开始获取价格信息 ===
2024-11-15 13:23:42,121 [INFO] price_checker.py:255 - URL: https://www.airbnb.com/rooms/837352260137971048
2024-11-15 13:23:42,121 [INFO] price_checker.py:256 - 入住日期: 11/29/2024
2024-11-15 13:23:42,121 [INFO] price_checker.py:257 - 指定最小入住天数: 自动检测
2024-11-15 13:23:42,121 [INFO] price_checker.py:268 - 成功解析日期: 2024-11-29 00:00:00
2024-11-15 13:23:42,121 [INFO] price_checker.py:272 - 转换后的日期格式: 2024-11-29
2024-11-15 13:23:42,121 [INFO] price_checker.py:287 - 完整URL: https://www.airbnb.com/rooms/837352260137971048?check_in=2024-11-29
2024-11-15 13:23:42,159 [ERROR] price_checker.py:483 - 获取价格信息时发生错误: time data '11/20/2024' does not match format '%d/%m/%Y'
2024-11-15 13:23:42,159 [ERROR] price_checker.py:484 - 错误详情: ValueError
2024-11-15 13:23:42,160 [ERROR] price_checker.py:485 - 错误堆栈: Traceback (most recent call last):
  File "C:\GitWork\Airbnb data Analyst\price_checker.py", line 294, in get_price_info
    date_str = datetime.strptime(checkin_date, '%d/%m/%Y').strftime('%d/%m/%Y')
               ~~~~~~~~~~~~~~~~~^^^^^^^^^^^^^^^^^^^^^^^^^^
  File "C:\Users\jiann\AppData\Local\Programs\Python\Python313\Lib\_strptime.py", line 573, in _strptime_datetime
    tt, fraction, gmtoff_fraction = _strptime(data_string, format)
                                    ~~~~~~~~~^^^^^^^^^^^^^^^^^^^^^
  File "C:\Users\jiann\AppData\Local\Programs\Python\Python313\Lib\_strptime.py", line 352, in _strptime
    raise ValueError("time data %r does not match format %r" %
                     (data_string, format))
ValueError: time data '11/20/2024' does not match format '%d/%m/%Y'

2024-11-15 13:23:42,160 [ERROR] price_checker.py:483 - 获取价格信息时发生错误: time data '11/19/2024' does not match format '%d/%m/%Y'
2024-11-15 13:23:42,160 [WARNING] price_checker.py:592 - ✗ 获取 11/20/2024 的价格信息失败
2024-11-15 13:23:42,160 [ERROR] price_checker.py:484 - 错误详情: ValueError
2024-11-15 13:23:42,161 [INFO] price_checker.py:576 - [4/72] 处理日期: 11/21/2024
2024-11-15 13:23:42,161 [INFO] price_checker.py:254 - 
=== 开始获取价格信息 ===
2024-11-15 13:23:42,161 [INFO] price_checker.py:255 - URL: https://www.airbnb.com/rooms/830193102361409290
2024-11-15 13:23:42,161 [ERROR] price_checker.py:485 - 错误堆栈: Traceback (most recent call last):
  File "C:\GitWork\Airbnb data Analyst\price_checker.py", line 294, in get_price_info
    date_str = datetime.strptime(checkin_date, '%d/%m/%Y').strftime('%d/%m/%Y')
               ~~~~~~~~~~~~~~~~~^^^^^^^^^^^^^^^^^^^^^^^^^^
  File "C:\Users\jiann\AppData\Local\Programs\Python\Python313\Lib\_strptime.py", line 573, in _strptime_datetime
    tt, fraction, gmtoff_fraction = _strptime(data_string, format)
                                    ~~~~~~~~~^^^^^^^^^^^^^^^^^^^^^
  File "C:\Users\jiann\AppData\Local\Programs\Python\Python313\Lib\_strptime.py", line 352, in _strptime
    raise ValueError("time data %r does not match format %r" %
                     (data_string, format))
ValueError: time data '11/19/2024' does not match format '%d/%m/%Y'

2024-11-15 13:23:42,161 [INFO] price_checker.py:256 - 入住日期: 11/21/2024
2024-11-15 13:23:42,162 [WARNING] price_checker.py:592 - ✗ 获取 11/19/2024 的价格信息失败
2024-11-15 13:23:42,162 [INFO] price_checker.py:257 - 指定最小入住天数: 自动检测
2024-11-15 13:23:42,162 [INFO] price_checker.py:576 - [4/39] 处理日期: 11/20/2024
2024-11-15 13:23:42,162 [INFO] price_checker.py:268 - 成功解析日期: 2024-11-21 00:00:00
2024-11-15 13:23:42,162 [INFO] price_checker.py:254 - 
=== 开始获取价格信息 ===
2024-11-15 13:23:42,162 [INFO] price_checker.py:272 - 转换后的日期格式: 2024-11-21
2024-11-15 13:23:42,162 [INFO] price_checker.py:255 - URL: https://www.airbnb.com/rooms/43435162
2024-11-15 13:23:42,162 [INFO] price_checker.py:287 - 完整URL: https://www.airbnb.com/rooms/830193102361409290?check_in=2024-11-21
2024-11-15 13:23:42,162 [INFO] price_checker.py:256 - 入住日期: 11/20/2024
2024-11-15 13:23:42,163 [INFO] price_checker.py:257 - 指定最小入住天数: 自动检测
2024-11-15 13:23:42,163 [INFO] price_checker.py:268 - 成功解析日期: 2024-11-20 00:00:00
2024-11-15 13:23:42,163 [INFO] price_checker.py:272 - 转换后的日期格式: 2024-11-20
2024-11-15 13:23:42,163 [INFO] price_checker.py:287 - 完整URL: https://www.airbnb.com/rooms/43435162?check_in=2024-11-20
2024-11-15 13:23:47,227 [ERROR] price_checker.py:483 - 获取价格信息时发生错误: time data '11/29/2024' does not match format '%d/%m/%Y'
2024-11-15 13:23:47,227 [ERROR] price_checker.py:484 - 错误详情: ValueError
2024-11-15 13:23:47,228 [ERROR] price_checker.py:485 - 错误堆栈: Traceback (most recent call last):
  File "C:\GitWork\Airbnb data Analyst\price_checker.py", line 294, in get_price_info
    date_str = datetime.strptime(checkin_date, '%d/%m/%Y').strftime('%d/%m/%Y')
               ~~~~~~~~~~~~~~~~~^^^^^^^^^^^^^^^^^^^^^^^^^^
  File "C:\Users\jiann\AppData\Local\Programs\Python\Python313\Lib\_strptime.py", line 573, in _strptime_datetime
    tt, fraction, gmtoff_fraction = _strptime(data_string, format)
                                    ~~~~~~~~~^^^^^^^^^^^^^^^^^^^^^
  File "C:\Users\jiann\AppData\Local\Programs\Python\Python313\Lib\_strptime.py", line 352, in _strptime
    raise ValueError("time data %r does not match format %r" %
                     (data_string, format))
ValueError: time data '11/29/2024' does not match format '%d/%m/%Y'

2024-11-15 13:23:47,228 [WARNING] price_checker.py:592 - ✗ 获取 11/29/2024 的价格信息失败
2024-11-15 13:23:47,228 [INFO] price_checker.py:576 - [5/37] 处理日期: 11/30/2024
2024-11-15 13:23:47,228 [INFO] price_checker.py:254 - 
=== 开始获取价格信息 ===
2024-11-15 13:23:47,228 [INFO] price_checker.py:255 - URL: https://www.airbnb.com/rooms/837352260137971048
2024-11-15 13:23:47,229 [INFO] price_checker.py:256 - 入住日期: 11/30/2024
2024-11-15 13:23:47,229 [INFO] price_checker.py:257 - 指定最小入住天数: 自动检测
2024-11-15 13:23:47,229 [INFO] price_checker.py:268 - 成功解析日期: 2024-11-30 00:00:00
2024-11-15 13:23:47,229 [INFO] price_checker.py:272 - 转换后的日期格式: 2024-11-30
2024-11-15 13:23:47,229 [INFO] price_checker.py:287 - 完整URL: https://www.airbnb.com/rooms/837352260137971048?check_in=2024-11-30
2024-11-15 13:23:47,271 [ERROR] price_checker.py:483 - 获取价格信息时发生错误: time data '11/20/2024' does not match format '%d/%m/%Y'
2024-11-15 13:23:47,271 [ERROR] price_checker.py:484 - 错误详情: ValueError
2024-11-15 13:23:47,272 [ERROR] price_checker.py:485 - 错误堆栈: Traceback (most recent call last):
  File "C:\GitWork\Airbnb data Analyst\price_checker.py", line 294, in get_price_info
    date_str = datetime.strptime(checkin_date, '%d/%m/%Y').strftime('%d/%m/%Y')
               ~~~~~~~~~~~~~~~~~^^^^^^^^^^^^^^^^^^^^^^^^^^
  File "C:\Users\jiann\AppData\Local\Programs\Python\Python313\Lib\_strptime.py", line 573, in _strptime_datetime
    tt, fraction, gmtoff_fraction = _strptime(data_string, format)
                                    ~~~~~~~~~^^^^^^^^^^^^^^^^^^^^^
  File "C:\Users\jiann\AppData\Local\Programs\Python\Python313\Lib\_strptime.py", line 352, in _strptime
    raise ValueError("time data %r does not match format %r" %
                     (data_string, format))
ValueError: time data '11/20/2024' does not match format '%d/%m/%Y'

2024-11-15 13:23:47,273 [WARNING] price_checker.py:592 - ✗ 获取 11/20/2024 的价格信息失败
2024-11-15 13:23:47,273 [INFO] price_checker.py:576 - [5/39] 处理日期: 11/21/2024
2024-11-15 13:23:47,273 [INFO] price_checker.py:254 - 
=== 开始获取价格信息 ===
2024-11-15 13:23:47,273 [INFO] price_checker.py:255 - URL: https://www.airbnb.com/rooms/43435162
2024-11-15 13:23:47,273 [INFO] price_checker.py:256 - 入住日期: 11/21/2024
2024-11-15 13:23:47,273 [INFO] price_checker.py:257 - 指定最小入住天数: 自动检测
2024-11-15 13:23:47,273 [INFO] price_checker.py:268 - 成功解析日期: 2024-11-21 00:00:00
2024-11-15 13:23:47,273 [INFO] price_checker.py:272 - 转换后的日期格式: 2024-11-21
2024-11-15 13:23:47,273 [INFO] price_checker.py:287 - 完整URL: https://www.airbnb.com/rooms/43435162?check_in=2024-11-21
2024-11-15 13:23:47,312 [ERROR] price_checker.py:483 - 获取价格信息时发生错误: time data '11/21/2024' does not match format '%d/%m/%Y'
2024-11-15 13:23:47,312 [ERROR] price_checker.py:484 - 错误详情: ValueError
2024-11-15 13:23:47,313 [ERROR] price_checker.py:485 - 错误堆栈: Traceback (most recent call last):
  File "C:\GitWork\Airbnb data Analyst\price_checker.py", line 294, in get_price_info
    date_str = datetime.strptime(checkin_date, '%d/%m/%Y').strftime('%d/%m/%Y')
               ~~~~~~~~~~~~~~~~~^^^^^^^^^^^^^^^^^^^^^^^^^^
  File "C:\Users\jiann\AppData\Local\Programs\Python\Python313\Lib\_strptime.py", line 573, in _strptime_datetime
    tt, fraction, gmtoff_fraction = _strptime(data_string, format)
                                    ~~~~~~~~~^^^^^^^^^^^^^^^^^^^^^
  File "C:\Users\jiann\AppData\Local\Programs\Python\Python313\Lib\_strptime.py", line 352, in _strptime
    raise ValueError("time data %r does not match format %r" %
                     (data_string, format))
ValueError: time data '11/21/2024' does not match format '%d/%m/%Y'

2024-11-15 13:23:47,313 [WARNING] price_checker.py:592 - ✗ 获取 11/21/2024 的价格信息失败
2024-11-15 13:23:47,313 [INFO] price_checker.py:576 - [5/72] 处理日期: 11/22/2024
2024-11-15 13:23:47,313 [INFO] price_checker.py:254 - 
=== 开始获取价格信息 ===
2024-11-15 13:23:47,314 [INFO] price_checker.py:255 - URL: https://www.airbnb.com/rooms/830193102361409290
2024-11-15 13:23:47,314 [INFO] price_checker.py:256 - 入住日期: 11/22/2024
2024-11-15 13:23:47,314 [INFO] price_checker.py:257 - 指定最小入住天数: 自动检测
2024-11-15 13:23:47,314 [INFO] price_checker.py:268 - 成功解析日期: 2024-11-22 00:00:00
2024-11-15 13:23:47,314 [INFO] price_checker.py:272 - 转换后的日期格式: 2024-11-22
2024-11-15 13:23:47,314 [INFO] price_checker.py:287 - 完整URL: https://www.airbnb.com/rooms/830193102361409290?check_in=2024-11-22
2024-11-15 13:23:52,324 [ERROR] price_checker.py:483 - 获取价格信息时发生错误: time data '11/30/2024' does not match format '%d/%m/%Y'
2024-11-15 13:23:52,324 [ERROR] price_checker.py:484 - 错误详情: ValueError
2024-11-15 13:23:52,325 [ERROR] price_checker.py:485 - 错误堆栈: Traceback (most recent call last):
  File "C:\GitWork\Airbnb data Analyst\price_checker.py", line 294, in get_price_info
    date_str = datetime.strptime(checkin_date, '%d/%m/%Y').strftime('%d/%m/%Y')
               ~~~~~~~~~~~~~~~~~^^^^^^^^^^^^^^^^^^^^^^^^^^
  File "C:\Users\jiann\AppData\Local\Programs\Python\Python313\Lib\_strptime.py", line 573, in _strptime_datetime
    tt, fraction, gmtoff_fraction = _strptime(data_string, format)
                                    ~~~~~~~~~^^^^^^^^^^^^^^^^^^^^^
  File "C:\Users\jiann\AppData\Local\Programs\Python\Python313\Lib\_strptime.py", line 352, in _strptime
    raise ValueError("time data %r does not match format %r" %
                     (data_string, format))
ValueError: time data '11/30/2024' does not match format '%d/%m/%Y'

2024-11-15 13:23:52,325 [WARNING] price_checker.py:592 - ✗ 获取 11/30/2024 的价格信息失败
2024-11-15 13:23:52,325 [INFO] price_checker.py:596 - 已完成 5/37 个日期的处理
2024-11-15 13:23:52,378 [ERROR] price_checker.py:483 - 获取价格信息时发生错误: time data '11/21/2024' does not match format '%d/%m/%Y'
2024-11-15 13:23:52,379 [ERROR] price_checker.py:484 - 错误详情: ValueError
2024-11-15 13:23:52,380 [ERROR] price_checker.py:485 - 错误堆栈: Traceback (most recent call last):
  File "C:\GitWork\Airbnb data Analyst\price_checker.py", line 294, in get_price_info
    date_str = datetime.strptime(checkin_date, '%d/%m/%Y').strftime('%d/%m/%Y')
               ~~~~~~~~~~~~~~~~~^^^^^^^^^^^^^^^^^^^^^^^^^^
  File "C:\Users\jiann\AppData\Local\Programs\Python\Python313\Lib\_strptime.py", line 573, in _strptime_datetime
    tt, fraction, gmtoff_fraction = _strptime(data_string, format)
                                    ~~~~~~~~~^^^^^^^^^^^^^^^^^^^^^
  File "C:\Users\jiann\AppData\Local\Programs\Python\Python313\Lib\_strptime.py", line 352, in _strptime
    raise ValueError("time data %r does not match format %r" %
                     (data_string, format))
ValueError: time data '11/21/2024' does not match format '%d/%m/%Y'

2024-11-15 13:23:52,380 [WARNING] price_checker.py:592 - ✗ 获取 11/21/2024 的价格信息失败
2024-11-15 13:23:52,380 [INFO] price_checker.py:596 - 已完成 5/39 个日期的处理
2024-11-15 13:23:52,462 [ERROR] price_checker.py:483 - 获取价格信息时发生错误: time data '11/22/2024' does not match format '%d/%m/%Y'
2024-11-15 13:23:52,462 [ERROR] price_checker.py:484 - 错误详情: ValueError
2024-11-15 13:23:52,463 [ERROR] price_checker.py:485 - 错误堆栈: Traceback (most recent call last):
  File "C:\GitWork\Airbnb data Analyst\price_checker.py", line 294, in get_price_info
    date_str = datetime.strptime(checkin_date, '%d/%m/%Y').strftime('%d/%m/%Y')
               ~~~~~~~~~~~~~~~~~^^^^^^^^^^^^^^^^^^^^^^^^^^
  File "C:\Users\jiann\AppData\Local\Programs\Python\Python313\Lib\_strptime.py", line 573, in _strptime_datetime
    tt, fraction, gmtoff_fraction = _strptime(data_string, format)
                                    ~~~~~~~~~^^^^^^^^^^^^^^^^^^^^^
  File "C:\Users\jiann\AppData\Local\Programs\Python\Python313\Lib\_strptime.py", line 352, in _strptime
    raise ValueError("time data %r does not match format %r" %
                     (data_string, format))
ValueError: time data '11/22/2024' does not match format '%d/%m/%Y'

2024-11-15 13:23:52,463 [WARNING] price_checker.py:592 - ✗ 获取 11/22/2024 的价格信息失败
2024-11-15 13:23:52,463 [INFO] price_checker.py:596 - 已完成 5/72 个日期的处理
2024-11-15 13:23:55,326 [INFO] price_checker.py:576 - [6/37] 处理日期: 12/01/2024
2024-11-15 13:23:55,326 [INFO] price_checker.py:254 - 
=== 开始获取价格信息 ===
2024-11-15 13:23:55,326 [INFO] price_checker.py:255 - URL: https://www.airbnb.com/rooms/837352260137971048
2024-11-15 13:23:55,326 [INFO] price_checker.py:256 - 入住日期: 12/01/2024
2024-11-15 13:23:55,326 [INFO] price_checker.py:257 - 指定最小入住天数: 自动检测
2024-11-15 13:23:55,326 [INFO] price_checker.py:268 - 成功解析日期: 2024-12-01 00:00:00
2024-11-15 13:23:55,326 [INFO] price_checker.py:272 - 转换后的日期格式: 2024-12-01
2024-11-15 13:23:55,326 [INFO] price_checker.py:287 - 完整URL: https://www.airbnb.com/rooms/837352260137971048?check_in=2024-12-01
2024-11-15 13:23:55,380 [INFO] price_checker.py:576 - [6/39] 处理日期: 11/22/2024
2024-11-15 13:23:55,381 [INFO] price_checker.py:254 - 
=== 开始获取价格信息 ===
2024-11-15 13:23:55,381 [INFO] price_checker.py:255 - URL: https://www.airbnb.com/rooms/43435162
2024-11-15 13:23:55,381 [INFO] price_checker.py:256 - 入住日期: 11/22/2024
2024-11-15 13:23:55,381 [INFO] price_checker.py:257 - 指定最小入住天数: 自动检测
2024-11-15 13:23:55,381 [INFO] price_checker.py:268 - 成功解析日期: 2024-11-22 00:00:00
2024-11-15 13:23:55,381 [INFO] price_checker.py:272 - 转换后的日期格式: 2024-11-22
2024-11-15 13:23:55,381 [INFO] price_checker.py:287 - 完整URL: https://www.airbnb.com/rooms/43435162?check_in=2024-11-22
2024-11-15 13:23:55,463 [INFO] price_checker.py:576 - [6/72] 处理日期: 11/24/2024
2024-11-15 13:23:55,464 [INFO] price_checker.py:254 - 
=== 开始获取价格信息 ===
2024-11-15 13:23:55,464 [INFO] price_checker.py:255 - URL: https://www.airbnb.com/rooms/830193102361409290
2024-11-15 13:23:55,464 [INFO] price_checker.py:256 - 入住日期: 11/24/2024
2024-11-15 13:23:55,464 [INFO] price_checker.py:257 - 指定最小入住天数: 自动检测
2024-11-15 13:23:55,464 [INFO] price_checker.py:268 - 成功解析日期: 2024-11-24 00:00:00
2024-11-15 13:23:55,464 [INFO] price_checker.py:272 - 转换后的日期格式: 2024-11-24
2024-11-15 13:23:55,465 [INFO] price_checker.py:287 - 完整URL: https://www.airbnb.com/rooms/830193102361409290?check_in=2024-11-24
