2024-11-14 11:30:29,150 [INFO] advanced_analyzer.py:348 - === 开始Airbnb数据收集程序 ===
2024-11-14 11:30:29,345 [INFO] advanced_analyzer.py:40 - 成功读取 6 个房间ID
2024-11-14 11:30:29,345 [INFO] advanced_analyzer.py:359 - 生成 6 个URL
2024-11-14 11:30:29,346 [INFO] advanced_analyzer.py:363 - 创建数据目录: data/airbnb_data_20241114_113029
2024-11-14 11:30:29,346 [INFO] advanced_analyzer.py:231 - === 开始批量分析房源 ===
2024-11-14 11:30:29,347 [INFO] advanced_analyzer.py:76 - 开始初始化 Firefox WebDriver...
2024-11-14 11:30:29,347 [INFO] advanced_analyzer.py:76 - 开始初始化 Firefox WebDriver...
2024-11-14 11:30:29,347 [INFO] advanced_analyzer.py:76 - 开始初始化 Firefox WebDriver...
2024-11-14 11:30:29,347 [INFO] advanced_analyzer.py:76 - 开始初始化 Firefox WebDriver...
2024-11-14 11:30:30,674 [INFO] advanced_analyzer.py:84 - 成功获取代理IP: 7731224-23ba352f:74024a8b-global-366754589@gate.kookeey.info:1000
2024-11-14 11:30:30,674 [INFO] advanced_analyzer.py:107 - 已配置代理设置
2024-11-14 11:30:30,674 [INFO] advanced_analyzer.py:153 - 找到Firefox安装路径: C:\Program Files\Mozilla Firefox\firefox.exe
2024-11-14 11:30:30,677 [INFO] advanced_analyzer.py:84 - 成功获取代理IP: 7731224-23ba352f:74024a8b-global-753158781@gate.kookeey.info:1000
2024-11-14 11:30:30,677 [INFO] advanced_analyzer.py:107 - 已配置代理设置
2024-11-14 11:30:30,677 [INFO] advanced_analyzer.py:153 - 找到Firefox安装路径: C:\Program Files\Mozilla Firefox\firefox.exe
2024-11-14 11:30:30,679 [INFO] advanced_analyzer.py:84 - 成功获取代理IP: 7731224-23ba352f:74024a8b-global-373213595@gate.kookeey.info:1000
2024-11-14 11:30:30,679 [INFO] advanced_analyzer.py:107 - 已配置代理设置
2024-11-14 11:30:30,680 [INFO] advanced_analyzer.py:153 - 找到Firefox安装路径: C:\Program Files\Mozilla Firefox\firefox.exe
2024-11-14 11:30:33,200 [INFO] advanced_analyzer.py:84 - 成功获取代理IP: 7731224-23ba352f:74024a8b-global-796278898@gate.kookeey.info:1000
2024-11-14 11:30:33,201 [INFO] advanced_analyzer.py:107 - 已配置代理设置
2024-11-14 11:30:33,201 [INFO] advanced_analyzer.py:153 - 找到Firefox安装路径: C:\Program Files\Mozilla Firefox\firefox.exe
2024-11-14 15:42:13,945 [ERROR] advanced_analyzer.py:189 - 初始化Firefox WebDriver失败: [WinError 10054] An existing connection was forcibly closed by the remote host
2024-11-14 15:42:13,946 [ERROR] advanced_analyzer.py:189 - 初始化Firefox WebDriver失败: [WinError 10054] An existing connection was forcibly closed by the remote host
2024-11-14 15:42:13,946 [ERROR] advanced_analyzer.py:189 - 初始化Firefox WebDriver失败: [WinError 10054] An existing connection was forcibly closed by the remote host
2024-11-14 15:42:13,946 [ERROR] advanced_analyzer.py:189 - 初始化Firefox WebDriver失败: [WinError 10054] An existing connection was forcibly closed by the remote host
2024-11-14 15:42:13,946 [ERROR] advanced_analyzer.py:251 - 无法为URL https://www.airbnb.co.nz/rooms/837352260137971048 初始化WebDriver
2024-11-14 15:42:13,946 [ERROR] advanced_analyzer.py:251 - 无法为URL https://www.airbnb.co.nz/rooms/49525472 初始化WebDriver
2024-11-14 15:42:13,946 [ERROR] advanced_analyzer.py:251 - 无法为URL https://www.airbnb.co.nz/rooms/43435162 初始化WebDriver
2024-11-14 15:42:13,946 [ERROR] advanced_analyzer.py:251 - 无法为URL https://www.airbnb.co.nz/rooms/830193102361409290 初始化WebDriver
2024-11-14 15:42:13,946 [INFO] advanced_analyzer.py:76 - 开始初始化 Firefox WebDriver...
2024-11-14 15:42:13,946 [INFO] advanced_analyzer.py:76 - 开始初始化 Firefox WebDriver...
2024-11-14 15:42:15,483 [INFO] advanced_analyzer.py:84 - 成功获取代理IP: 7731224-23ba352f:74024a8b-global-706538489@gate.kookeey.info:1000
2024-11-14 15:42:15,483 [INFO] advanced_analyzer.py:107 - 已配置代理设置
2024-11-14 15:42:15,484 [INFO] advanced_analyzer.py:153 - 找到Firefox安装路径: C:\Program Files\Mozilla Firefox\firefox.exe
2024-11-14 15:42:18,548 [INFO] advanced_analyzer.py:84 - 成功获取代理IP: 7731224-23ba352f:74024a8b-global-238370932@gate.kookeey.info:1000
2024-11-14 15:42:18,548 [INFO] advanced_analyzer.py:107 - 已配置代理设置
2024-11-14 15:42:18,548 [INFO] advanced_analyzer.py:153 - 找到Firefox安装路径: C:\Program Files\Mozilla Firefox\firefox.exe
2024-11-14 15:42:35,636 [ERROR] advanced_analyzer.py:189 - 初始化Firefox WebDriver失败: ('Connection aborted.', ConnectionResetError(10054, 'An existing connection was forcibly closed by the remote host', None, 10054, None))
2024-11-14 15:42:35,636 [ERROR] advanced_analyzer.py:189 - 初始化Firefox WebDriver失败: ('Connection aborted.', ConnectionResetError(10054, 'An existing connection was forcibly closed by the remote host', None, 10054, None))
2024-11-14 15:42:35,636 [ERROR] advanced_analyzer.py:251 - 无法为URL https://www.airbnb.co.nz/rooms/969823904189469776 初始化WebDriver
2024-11-14 15:42:35,636 [ERROR] advanced_analyzer.py:251 - 无法为URL https://www.airbnb.co.nz/rooms/716883705085875481 初始化WebDriver
2024-11-14 15:42:35,636 [INFO] advanced_analyzer.py:418 - === 程序执行完成 ===
