2024-12-05 11:18:06,857 [INFO] 开始抓取房源: https://www.airbnb.co.nz/rooms/837352260137971048
2024-12-05 11:18:06,858 [INFO] 设置: guests=2, num_days=30
2024-12-05 11:18:06,859 [INFO] ====== WebDriver manager ======
2024-12-05 11:18:07,594 [INFO] Get LATEST chromedriver version for google-chrome
2024-12-05 11:18:07,625 [INFO] Get LATEST chromedriver version for google-chrome
2024-12-05 11:18:07,639 [INFO] There is no [win64] chromedriver "131.0.6778.87" for browser google-chrome "131.0.6778" in cache
2024-12-05 11:18:07,640 [INFO] Get LATEST chromedriver version for google-chrome
2024-12-05 11:18:07,684 [INFO] WebDriver version 131.0.6778.87 selected
2024-12-05 11:18:07,686 [INFO] Modern chrome version https://storage.googleapis.com/chrome-for-testing-public/131.0.6778.87/win32/chromedriver-win32.zip
2024-12-05 11:18:07,686 [INFO] About to download new driver from https://storage.googleapis.com/chrome-for-testing-public/131.0.6778.87/win32/chromedriver-win32.zip
2024-12-05 11:18:07,901 [INFO] Driver downloading response is 200
2024-12-05 11:18:08,404 [INFO] Get LATEST chromedriver version for google-chrome
2024-12-05 11:18:09,265 [INFO] Driver has been saved in cache [C:\Users\jiann\.wdm\drivers\chromedriver\win64\131.0.6778.87]
2024-12-05 11:18:10,453 [INFO] Chrome WebDriver 初始化成功
2024-12-05 11:18:10,453 [INFO] 访问页面: https://www.airbnb.co.nz/rooms/837352260137971048
2024-12-05 11:18:16,771 [INFO] 页面解析完成
2024-12-05 11:18:16,782 [INFO] 找到 6 个房屋信息元素
2024-12-05 11:18:16,782 [INFO] 房屋信息: Guests=6.0, bedrooms=3.0, beds=4.0, baths=2.0, years_hosting=NaN
2024-12-05 11:18:16,782 [INFO] 
处理日期: 2024-12-05 到 2024-12-07
2024-12-05 11:18:20,788 [INFO] 找到 120 个日期单元格
2024-12-05 11:18:20,790 [INFO] 找到 8 个JSON脚本
2024-12-05 11:18:20,794 [WARNING] 未找到价格信息
2024-12-05 11:18:20,799 [INFO] 成功抓取日期 2024-12-05 的数据
2024-12-05 11:18:20,799 [INFO] 
处理日期: 2024-12-06 到 2024-12-08
2024-12-05 11:18:24,630 [INFO] 找到 120 个日期单元格
2024-12-05 11:18:24,632 [INFO] 找到 8 个JSON脚本
2024-12-05 11:18:24,636 [WARNING] 未找到价格信息
2024-12-05 11:18:24,637 [INFO] 成功抓取日期 2024-12-06 的数据
2024-12-05 11:18:24,638 [INFO] 
处理日期: 2024-12-07 到 2024-12-09
2024-12-05 11:18:28,694 [INFO] 找到 120 个日期单元格
2024-12-05 11:18:28,695 [INFO] 找到 8 个JSON脚本
2024-12-05 11:18:28,700 [WARNING] 未找到价格信息
2024-12-05 11:18:28,701 [INFO] 成功抓取日期 2024-12-07 的数据
2024-12-05 11:18:28,701 [INFO] 
处理日期: 2024-12-08 到 2024-12-10
2024-12-05 11:18:32,685 [INFO] 找到 120 个日期单元格
2024-12-05 11:18:32,687 [INFO] 找到 8 个JSON脚本
2024-12-05 11:18:32,692 [WARNING] 未找到价格信息
2024-12-05 11:18:32,693 [INFO] 成功抓取日期 2024-12-08 的数据
2024-12-05 11:18:32,693 [INFO] 
处理日期: 2024-12-09 到 2024-12-11
2024-12-05 11:18:36,563 [INFO] 找到 120 个日期单元格
2024-12-05 11:18:36,565 [INFO] 找到 8 个JSON脚本
2024-12-05 11:18:36,570 [WARNING] 未找到价格信息
2024-12-05 11:18:36,571 [INFO] 成功抓取日期 2024-12-09 的数据
2024-12-05 11:18:36,571 [INFO] 
处理日期: 2024-12-10 到 2024-12-12
2024-12-05 11:18:40,504 [INFO] 找到 120 个日期单元格
2024-12-05 11:18:40,506 [INFO] 找到 8 个JSON脚本
2024-12-05 11:18:40,511 [WARNING] 未找到价格信息
2024-12-05 11:18:40,512 [INFO] 成功抓取日期 2024-12-10 的数据
2024-12-05 11:18:40,512 [INFO] 
处理日期: 2024-12-11 到 2024-12-13
2024-12-05 11:18:44,571 [INFO] 找到 120 个日期单元格
2024-12-05 11:18:44,573 [INFO] 找到 8 个JSON脚本
2024-12-05 11:18:44,578 [WARNING] 未找到价格信息
2024-12-05 11:18:44,579 [INFO] 成功抓取日期 2024-12-11 的数据
2024-12-05 11:18:44,579 [INFO] 
处理日期: 2024-12-12 到 2024-12-14
2024-12-05 11:18:48,449 [INFO] 找到 120 个日期单元格
2024-12-05 11:18:48,451 [INFO] 找到 8 个JSON脚本
2024-12-05 11:18:48,456 [WARNING] 未找到价格信息
2024-12-05 11:18:48,457 [INFO] 成功抓取日期 2024-12-12 的数据
2024-12-05 11:18:48,457 [INFO] 
处理日期: 2024-12-13 到 2024-12-15
2024-12-05 11:18:52,552 [INFO] 找到 120 个日期单元格
2024-12-05 11:18:52,554 [INFO] 找到 8 个JSON脚本
2024-12-05 11:18:52,559 [WARNING] 未找到价格信息
2024-12-05 11:18:52,560 [INFO] 成功抓取日期 2024-12-13 的数据
2024-12-05 11:18:52,560 [INFO] 
处理日期: 2024-12-14 到 2024-12-16
2024-12-05 11:18:56,649 [INFO] 找到 120 个日期单元格
2024-12-05 11:18:56,651 [INFO] 找到 8 个JSON脚本
2024-12-05 11:18:56,655 [WARNING] 未找到价格信息
2024-12-05 11:18:56,656 [INFO] 成功抓取日期 2024-12-14 的数据
2024-12-05 11:18:56,657 [INFO] 
处理日期: 2024-12-15 到 2024-12-17
2024-12-05 11:19:00,682 [INFO] 找到 120 个日期单元格
2024-12-05 11:19:00,684 [INFO] 找到 8 个JSON脚本
2024-12-05 11:19:00,689 [WARNING] 未找到价格信息
2024-12-05 11:19:00,690 [INFO] 成功抓取日期 2024-12-15 的数据
2024-12-05 11:19:00,690 [INFO] 
处理日期: 2024-12-16 到 2024-12-18
2024-12-05 11:19:04,774 [INFO] 找到 120 个日期单元格
2024-12-05 11:19:04,775 [INFO] 找到 8 个JSON脚本
2024-12-05 11:19:04,780 [WARNING] 未找到价格信息
2024-12-05 11:19:04,781 [INFO] 成功抓取日期 2024-12-16 的数据
2024-12-05 11:19:04,781 [INFO] 
处理日期: 2024-12-17 到 2024-12-19
2024-12-05 11:19:08,803 [INFO] 找到 120 个日期单元格
2024-12-05 11:19:08,805 [INFO] 找到 8 个JSON脚本
2024-12-05 11:19:08,810 [WARNING] 未找到价格信息
2024-12-05 11:19:08,811 [INFO] 成功抓取日期 2024-12-17 的数据
2024-12-05 11:19:08,811 [INFO] 
处理日期: 2024-12-18 到 2024-12-20
2024-12-05 11:19:12,676 [INFO] 找到 120 个日期单元格
2024-12-05 11:19:12,678 [INFO] 找到 8 个JSON脚本
2024-12-05 11:19:12,683 [WARNING] 未找到价格信息
2024-12-05 11:19:12,684 [INFO] 成功抓取日期 2024-12-18 的数据
2024-12-05 11:19:12,684 [INFO] 
处理日期: 2024-12-19 到 2024-12-21
2024-12-05 11:19:16,524 [INFO] 找到 120 个日期单元格
2024-12-05 11:19:16,526 [INFO] 找到 8 个JSON脚本
2024-12-05 11:19:16,530 [WARNING] 未找到价格信息
2024-12-05 11:19:16,531 [INFO] 成功抓取日期 2024-12-19 的数据
2024-12-05 11:19:16,531 [INFO] 
处理日期: 2024-12-20 到 2024-12-22
2024-12-05 11:19:20,736 [INFO] 找到 120 个日期单元格
2024-12-05 11:19:20,738 [INFO] 找到 8 个JSON脚本
2024-12-05 11:19:20,742 [WARNING] 未找到价格信息
2024-12-05 11:19:20,743 [INFO] 成功抓取日期 2024-12-20 的数据
2024-12-05 11:19:20,744 [INFO] 
处理日期: 2024-12-21 到 2024-12-23
2024-12-05 11:19:24,809 [INFO] 找到 120 个日期单元格
2024-12-05 11:19:24,811 [INFO] 找到 8 个JSON脚本
2024-12-05 11:19:24,816 [WARNING] 未找到价格信息
2024-12-05 11:19:24,817 [INFO] 成功抓取日期 2024-12-21 的数据
2024-12-05 11:19:24,817 [INFO] 
处理日期: 2024-12-22 到 2024-12-24
2024-12-05 11:19:28,801 [INFO] 找到 120 个日期单元格
2024-12-05 11:19:28,803 [INFO] 找到 8 个JSON脚本
2024-12-05 11:19:28,809 [WARNING] 未找到价格信息
2024-12-05 11:19:28,810 [INFO] 成功抓取日期 2024-12-22 的数据
2024-12-05 11:19:28,810 [INFO] 
处理日期: 2024-12-23 到 2024-12-25
2024-12-05 11:19:32,783 [INFO] 找到 120 个日期单元格
2024-12-05 11:19:32,785 [INFO] 找到 8 个JSON脚本
2024-12-05 11:19:32,790 [WARNING] 未找到价格信息
2024-12-05 11:19:32,791 [INFO] 成功抓取日期 2024-12-23 的数据
2024-12-05 11:19:32,791 [INFO] 
处理日期: 2024-12-24 到 2024-12-26
2024-12-05 11:19:36,947 [INFO] 找到 120 个日期单元格
2024-12-05 11:19:36,949 [INFO] 找到 8 个JSON脚本
2024-12-05 11:19:36,954 [WARNING] 未找到价格信息
2024-12-05 11:19:36,955 [INFO] 成功抓取日期 2024-12-24 的数据
2024-12-05 11:19:36,955 [INFO] 
处理日期: 2024-12-25 到 2024-12-27
2024-12-05 11:19:40,974 [INFO] 找到 120 个日期单元格
2024-12-05 11:19:40,976 [INFO] 找到 8 个JSON脚本
2024-12-05 11:19:40,981 [WARNING] 未找到价格信息
2024-12-05 11:19:40,982 [INFO] 成功抓取日期 2024-12-25 的数据
2024-12-05 11:19:40,982 [INFO] 
处理日期: 2024-12-26 到 2024-12-28
2024-12-05 11:19:44,975 [INFO] 找到 120 个日期单元格
2024-12-05 11:19:44,977 [INFO] 找到 8 个JSON脚本
2024-12-05 11:19:44,982 [WARNING] 未找到价格信息
2024-12-05 11:19:44,983 [INFO] 成功抓取日期 2024-12-26 的数据
2024-12-05 11:19:44,983 [INFO] 
处理日期: 2024-12-27 到 2024-12-29
2024-12-05 11:19:48,953 [INFO] 找到 120 个日期单元格
2024-12-05 11:19:48,955 [INFO] 找到 8 个JSON脚本
2024-12-05 11:19:48,959 [WARNING] 未找到价格信息
2024-12-05 11:19:48,960 [INFO] 成功抓取日期 2024-12-27 的数据
2024-12-05 11:19:48,960 [INFO] 
处理日期: 2024-12-28 到 2024-12-30
2024-12-05 11:19:52,831 [INFO] 找到 120 个日期单元格
2024-12-05 11:19:52,833 [INFO] 找到 8 个JSON脚本
2024-12-05 11:19:52,837 [WARNING] 未找到价格信息
2024-12-05 11:19:52,838 [INFO] 成功抓取日期 2024-12-28 的数据
2024-12-05 11:19:52,839 [INFO] 
处理日期: 2024-12-29 到 2024-12-31
2024-12-05 11:19:56,974 [INFO] 找到 120 个日期单元格
2024-12-05 11:19:56,976 [INFO] 找到 8 个JSON脚本
2024-12-05 11:19:56,981 [WARNING] 未找到价格信息
2024-12-05 11:19:56,981 [INFO] 成功抓取日期 2024-12-29 的数据
2024-12-05 11:19:56,982 [INFO] 
处理日期: 2024-12-30 到 2025-01-01
2024-12-05 11:20:01,093 [INFO] 找到 120 个日期单元格
2024-12-05 11:20:01,094 [INFO] 找到 8 个JSON脚本
2024-12-05 11:20:01,099 [WARNING] 未找到价格信息
2024-12-05 11:20:01,100 [INFO] 成功抓取日期 2024-12-30 的数据
2024-12-05 11:20:01,100 [INFO] 
处理日期: 2024-12-31 到 2025-01-02
2024-12-05 11:20:09,308 [WARNING] Retrying (Retry(total=2, connect=None, read=None, redirect=None, status=None)) after connection broken by 'NewConnectionError('<urllib3.connection.HTTPConnection object at 0x000001E5C34E35C0>: Failed to establish a new connection: [WinError 10061] No connection could be made because the target machine actively refused it')': /session/e50bbb7981e500f0286fccde687c1a80/source
2024-12-05 11:20:13,383 [WARNING] Retrying (Retry(total=1, connect=None, read=None, redirect=None, status=None)) after connection broken by 'NewConnectionError('<urllib3.connection.HTTPConnection object at 0x000001E5C79844D0>: Failed to establish a new connection: [WinError 10061] No connection could be made because the target machine actively refused it')': /session/e50bbb7981e500f0286fccde687c1a80/source
2024-12-05 11:20:17,458 [WARNING] Retrying (Retry(total=0, connect=None, read=None, redirect=None, status=None)) after connection broken by 'NewConnectionError('<urllib3.connection.HTTPConnection object at 0x000001E5C350EE00>: Failed to establish a new connection: [WinError 10061] No connection could be made because the target machine actively refused it')': /session/e50bbb7981e500f0286fccde687c1a80/source
