2024-11-02 18:23:15,772 [INFO] 开始抓取房源: https://www.airbnb.co.nz/rooms/837352260137971048
2024-11-02 18:23:15,773 [INFO] 设置: guests=3, num_days=10
2024-11-02 18:23:15,774 [INFO] ====== WebDriver manager ======
2024-11-02 18:23:16,531 [INFO] Get LATEST chromedriver version for google-chrome
2024-11-02 18:23:16,786 [INFO] Get LATEST chromedriver version for google-chrome
2024-11-02 18:23:16,832 [INFO] Driver [C:\Users\jiann\.wdm\drivers\chromedriver\win64\130.0.6723.91\chromedriver-win32/chromedriver.exe] found in cache
2024-11-02 18:23:17,974 [INFO] Chrome WebDriver 初始化成功
2024-11-02 18:23:17,975 [INFO] 访问页面: https://www.airbnb.co.nz/rooms/837352260137971048
2024-11-02 18:23:25,250 [INFO] 页面解析完成
2024-11-02 18:23:25,262 [INFO] 找到 6 个房屋信息元素
2024-11-02 18:23:25,262 [INFO] 房屋信息: Guests=6.0, bedrooms=3.0, beds=4.0, baths=2.0, years_hosting=NaN
2024-11-02 18:23:25,263 [INFO] 
处理日期: 2024-11-02 到 2024-11-04
2024-11-02 18:23:29,325 [INFO] 找到 123 个日期单元格
2024-11-02 18:23:29,327 [INFO] 找到 7 个JSON脚本
2024-11-02 18:23:29,332 [WARNING] 未找到价格信息
2024-11-02 18:23:29,335 [INFO] 成功抓取日期 2024-11-02 的数据
2024-11-02 18:23:29,335 [INFO] 
处理日期: 2024-11-03 到 2024-11-05
2024-11-02 18:23:33,483 [INFO] 找到 123 个日期单元格
2024-11-02 18:23:33,487 [INFO] 找到 7 个JSON脚本
2024-11-02 18:23:33,492 [WARNING] 未找到价格信息
2024-11-02 18:23:33,493 [INFO] 成功抓取日期 2024-11-03 的数据
2024-11-02 18:23:33,494 [INFO] 
处理日期: 2024-11-04 到 2024-11-06
2024-11-02 18:23:37,813 [INFO] 找到 123 个日期单元格
2024-11-02 18:23:37,815 [INFO] 找到 7 个JSON脚本
2024-11-02 18:23:37,820 [WARNING] 未找到价格信息
2024-11-02 18:23:37,822 [INFO] 成功抓取日期 2024-11-04 的数据
2024-11-02 18:23:37,822 [INFO] 
处理日期: 2024-11-05 到 2024-11-07
2024-11-02 18:23:41,915 [INFO] 找到 123 个日期单元格
2024-11-02 18:23:41,917 [INFO] 找到 7 个JSON脚本
2024-11-02 18:23:41,923 [WARNING] 未找到价格信息
2024-11-02 18:23:41,924 [INFO] 成功抓取日期 2024-11-05 的数据
2024-11-02 18:23:41,925 [INFO] 
处理日期: 2024-11-06 到 2024-11-08
2024-11-02 18:23:45,917 [INFO] 找到 123 个日期单元格
2024-11-02 18:23:45,919 [INFO] 找到 7 个JSON脚本
2024-11-02 18:23:45,925 [WARNING] 未找到价格信息
2024-11-02 18:23:45,926 [INFO] 成功抓取日期 2024-11-06 的数据
2024-11-02 18:23:45,926 [INFO] 
处理日期: 2024-11-07 到 2024-11-09
2024-11-02 18:23:50,146 [INFO] 找到 123 个日期单元格
2024-11-02 18:23:50,148 [INFO] 找到 7 个JSON脚本
2024-11-02 18:23:50,153 [WARNING] 未找到价格信息
2024-11-02 18:23:50,155 [INFO] 成功抓取日期 2024-11-07 的数据
2024-11-02 18:23:50,155 [INFO] 
处理日期: 2024-11-08 到 2024-11-10
2024-11-02 18:23:54,293 [INFO] 找到 123 个日期单元格
2024-11-02 18:23:54,295 [INFO] 找到 7 个JSON脚本
2024-11-02 18:23:54,300 [WARNING] 未找到价格信息
2024-11-02 18:23:54,302 [INFO] 成功抓取日期 2024-11-08 的数据
2024-11-02 18:23:54,302 [INFO] 
处理日期: 2024-11-09 到 2024-11-11
2024-11-02 18:23:58,204 [INFO] 找到 123 个日期单元格
2024-11-02 18:23:58,206 [INFO] 找到 7 个JSON脚本
2024-11-02 18:23:58,211 [WARNING] 未找到价格信息
2024-11-02 18:23:58,212 [INFO] 成功抓取日期 2024-11-09 的数据
2024-11-02 18:23:58,213 [INFO] 
处理日期: 2024-11-10 到 2024-11-12
2024-11-02 18:24:02,258 [INFO] 找到 123 个日期单元格
2024-11-02 18:24:02,260 [INFO] 找到 7 个JSON脚本
2024-11-02 18:24:02,265 [WARNING] 未找到价格信息
2024-11-02 18:24:02,268 [INFO] 成功抓取日期 2024-11-10 的数据
2024-11-02 18:24:02,269 [INFO] 
处理日期: 2024-11-11 到 2024-11-13
2024-11-02 18:24:06,387 [INFO] 找到 123 个日期单元格
2024-11-02 18:24:06,389 [INFO] 找到 7 个JSON脚本
2024-11-02 18:24:06,394 [WARNING] 未找到价格信息
2024-11-02 18:24:06,395 [INFO] 成功抓取日期 2024-11-11 的数据
2024-11-02 18:24:06,395 [INFO] 
处理日期: 2024-11-12 到 2024-11-14
2024-11-02 18:24:10,384 [INFO] 找到 123 个日期单元格
2024-11-02 18:24:10,386 [INFO] 找到 7 个JSON脚本
2024-11-02 18:24:10,391 [WARNING] 未找到价格信息
2024-11-02 18:24:10,393 [INFO] 成功抓取日期 2024-11-12 的数据
2024-11-02 18:24:10,393 [INFO] 
抓取统计:
2024-11-02 18:24:10,393 [INFO] 总天数: 10
2024-11-02 18:24:10,394 [INFO] 成功天数: 11
2024-11-02 18:24:10,394 [INFO] 失败天数: 0
2024-11-02 18:24:10,394 [INFO] 成功率: 110.00%
2024-11-02 18:24:12,539 [INFO] 浏览器已关闭
