2024-11-10 09:31:20,538 [INFO] advanced_analyzer.py:192 - === 开始Airbnb数据收集程序 ===
2024-11-10 09:31:20,800 [INFO] advanced_analyzer.py:33 - 成功读取 3 个房间信息
2024-11-10 09:31:20,800 [INFO] advanced_analyzer.py:203 - 生成 3 个URL
2024-11-10 09:31:20,801 [INFO] advanced_analyzer.py:207 - 创建数据目录: data/airbnb_data_20241110_093120
2024-11-10 09:31:20,801 [INFO] advanced_analyzer.py:121 - === 开始批量分析房源 ===
2024-11-10 09:31:22,791 [INFO] advanced_analyzer.py:67 - Chrome WebDriver 初始化成功
2024-11-10 09:31:22,791 [INFO] advanced_analyzer.py:129 - 
处理第 1/3 个房源
2024-11-10 09:31:22,791 [INFO] advanced_analyzer.py:75 - 
开始分析房源: https://www.airbnb.co.nz/rooms/1125096139567330802 (最小入住: 1晚)
2024-11-10 09:31:22,791 [INFO] airbnb_calendar_checker.py:70 - 开始检查房源日历: https://www.airbnb.co.nz/rooms/1125096139567330802
2024-11-10 09:31:24,142 [INFO] airbnb_calendar_checker.py:75 - 页面加载中...
2024-11-10 09:31:24,146 [INFO] airbnb_calendar_checker.py:82 - 页面基本加载完成
2024-11-10 09:31:39,399 [INFO] airbnb_calendar_checker.py:120 - 找到日历按钮: //button[contains(@aria-label, 'Choose')]
2024-11-10 09:31:39,403 [INFO] airbnb_calendar_checker.py:134 - 已滚动到日历按钮位置
2024-11-10 09:31:40,403 [INFO] airbnb_calendar_checker.py:139 - 日历按钮已准备就绪
2024-11-10 09:31:41,502 [INFO] airbnb_calendar_checker.py:153 - JavaScript点击日历按钮成功
2024-11-10 09:31:51,753 [INFO] airbnb_calendar_checker.py:184 - 日历内容已加载: //div[contains(@data-testid, 'calendar')]
2024-11-10 09:31:51,765 [INFO] airbnb_calendar_checker.py:199 - 找到 123 个日期单元格
2024-11-10 09:31:51,879 [INFO] airbnb_calendar_checker.py:211 - 找到 123 个日期单元格
2024-11-10 09:31:51,880 [INFO] airbnb_calendar_checker.py:256 - 原始单元格数量: 123
2024-11-10 09:31:51,880 [INFO] airbnb_calendar_checker.py:257 - 去重后数据条数: 123
2024-11-10 09:31:51,880 [INFO] airbnb_calendar_checker.py:258 - 处理的唯一日期数: 123
2024-11-10 09:31:51,880 [INFO] airbnb_calendar_checker.py:262 - 收集到 123 条有效日历数据
2024-11-10 09:31:51,880 [INFO] airbnb_calendar_checker.py:22 - 开始导出数据到Excel...
2024-11-10 09:31:51,880 [INFO] airbnb_calendar_checker.py:32 - 处理房源ID: 1125096139567330802
2024-11-10 09:31:51,881 [INFO] airbnb_calendar_checker.py:37 - 将创建文件: data/airbnb_calendar_1125096139567330802_20241110_093151.xlsx
2024-11-10 09:31:51,881 [INFO] airbnb_calendar_checker.py:41 - 创建DataFrame，共 123 行数据
2024-11-10 09:31:51,908 [INFO] airbnb_calendar_checker.py:52 - 数据已成功导出到Excel文件: data/airbnb_calendar_1125096139567330802_20241110_093151.xlsx
2024-11-10 09:31:51,909 [INFO] airbnb_calendar_checker.py:57 - 文件创建成功，大小: 8.94 KB
2024-11-10 09:31:51,909 [INFO] airbnb_calendar_checker.py:265 - 日历数据已成功导出到: data/airbnb_calendar_1125096139567330802_20241110_093151.xlsx
2024-11-10 09:31:51,909 [INFO] advanced_analyzer.py:84 - 成功获取日历数据: 123 条记录
2024-11-10 09:31:51,909 [INFO] price_checker.py:249 - 开始检查房源价格: https://www.airbnb.co.nz/rooms/1125096139567330802 (最小入住: 1晚)
2024-11-10 09:31:51,909 [INFO] price_checker.py:241 - 找到 20 个可预订日期
2024-11-10 09:31:51,909 [INFO] price_checker.py:265 - [1/20] 处理日期: 18/11/2024
2024-11-10 09:32:12,129 [INFO] price_checker.py:88 - 成功找到元素，使用css: [data-testid='book-it-default'] span:not([class*='strike'])
2024-11-10 09:32:17,198 [WARNING] price_checker.py:164 - 点击价格详情按钮失败: Message: 
Stacktrace:
	GetHandleVerifier [0x0055EBD3+24307]
	(No symbol) [0x004E8D74]
	(No symbol) [0x003CC323]
	(No symbol) [0x0040DC86]
	(No symbol) [0x0040DECB]
	(No symbol) [0x0044B9F2]
	(No symbol) [0x0042FED4]
	(No symbol) [0x00449579]
	(No symbol) [0x0042FC26]
	(No symbol) [0x0040219C]
	(No symbol) [0x0040311D]
	GetHandleVerifier [0x00808D93+2818227]
	GetHandleVerifier [0x0086542E+3196750]
	GetHandleVerifier [0x0085D9D2+3165426]
	GetHandleVerifier [0x005FDA70+675216]
	(No symbol) [0x004F1B3D]
	(No symbol) [0x004EEA18]
	(No symbol) [0x004EEBB5]
	(No symbol) [0x004E1640]
	BaseThreadInitThunk [0x76167BA9+25]
	RtlInitializeExceptionChain [0x7747C0CB+107]
	RtlClearBits [0x7747C04F+191]

2024-11-10 09:34:25,473 [INFO] advanced_analyzer.py:262 - === 程序执行完成 ===
