2024-11-05 09:55:14,747 [INFO] advanced_analyzer.py:75 - === 开始批量分析房源 ===
2024-11-05 09:55:16,580 [INFO] advanced_analyzer.py:23 - Chrome WebDriver 初始化成功
2024-11-05 09:55:16,580 [INFO] advanced_analyzer.py:83 - 
处理第 1/1 个房源
2024-11-05 09:55:16,580 [INFO] advanced_analyzer.py:29 - 
开始分析房源: https://www.airbnb.co.nz/rooms/830193102361409290
2024-11-05 09:55:16,580 [INFO] airbnb_calendar_checker.py:70 - 开始检查房源日历: https://www.airbnb.co.nz/rooms/830193102361409290
2024-11-05 09:55:25,802 [INFO] airbnb_calendar_checker.py:103 - 没有找到需要关闭的模态框或关闭失败
2024-11-05 09:55:25,892 [INFO] airbnb_calendar_checker.py:114 - 成功打开日历
2024-11-05 09:55:28,000 [INFO] airbnb_calendar_checker.py:133 - 找到 246 个日期单元格
2024-11-05 09:55:28,002 [INFO] airbnb_calendar_checker.py:178 - 原始单元格数量: 246
2024-11-05 09:55:28,002 [INFO] airbnb_calendar_checker.py:179 - 去重后数据条数: 123
2024-11-05 09:55:28,002 [INFO] airbnb_calendar_checker.py:180 - 处理的唯一日期数: 123
2024-11-05 09:55:28,002 [INFO] airbnb_calendar_checker.py:184 - 收集到 123 条有效日历数据
2024-11-05 09:55:28,002 [INFO] airbnb_calendar_checker.py:22 - 开始导出数据到Excel...
2024-11-05 09:55:28,002 [INFO] airbnb_calendar_checker.py:32 - 处理房源ID: 830193102361409290
2024-11-05 09:55:28,002 [INFO] airbnb_calendar_checker.py:37 - 将创建文件: data/airbnb_calendar_830193102361409290_20241105_095528.xlsx
2024-11-05 09:55:28,003 [INFO] airbnb_calendar_checker.py:41 - 创建DataFrame，共 123 行数据
2024-11-05 09:55:28,195 [INFO] airbnb_calendar_checker.py:52 - 数据已成功导出到Excel文件: data/airbnb_calendar_830193102361409290_20241105_095528.xlsx
2024-11-05 09:55:28,196 [INFO] airbnb_calendar_checker.py:57 - 文件创建成功，大小: 8.88 KB
2024-11-05 09:55:28,196 [INFO] airbnb_calendar_checker.py:187 - 日历数据已成功导出到: data/airbnb_calendar_830193102361409290_20241105_095528.xlsx
2024-11-05 09:55:28,196 [INFO] advanced_analyzer.py:38 - 成功获取日历数据: 123 条记录
2024-11-05 09:55:28,196 [INFO] price_checker.py:179 - 开始检查房源价格: https://www.airbnb.co.nz/rooms/830193102361409290
2024-11-05 09:55:28,196 [INFO] price_checker.py:39 - 找到第一个可预订日期: 10/11/2024
2024-11-05 09:55:28,196 [INFO] price_checker.py:54 - 开始获取价格信息: https://www.airbnb.co.nz/rooms/830193102361409290
2024-11-05 09:55:28,196 [INFO] price_checker.py:65 - 入住日期: 2024-11-10, 退房日期: 2024-11-11
2024-11-05 09:55:28,196 [INFO] price_checker.py:69 - 访问URL: https://www.airbnb.co.nz/rooms/830193102361409290?check_in=2024-11-10&check_out=2024-11-11&adults=3&children=0&infants=0
2024-11-05 09:55:43,460 [ERROR] price_checker.py:140 - 获取价格容器失败: Message: 
Stacktrace:
	GetHandleVerifier [0x00DC38B3+24035]
	(No symbol) [0x00D4BC44]
	(No symbol) [0x00C2C2D3]
	(No symbol) [0x00C6DC86]
	(No symbol) [0x00C6DECB]
	(No symbol) [0x00CAB9D2]
	(No symbol) [0x00C8FED4]
	(No symbol) [0x00CA953F]
	(No symbol) [0x00C8FC26]
	(No symbol) [0x00C6218C]
	(No symbol) [0x00C6310D]
	GetHandleVerifier [0x010696D3+2800643]
	GetHandleVerifier [0x010C428E+3172286]
	GetHandleVerifier [0x010BCEA2+3142610]
	GetHandleVerifier [0x00E66C60+692624]
	(No symbol) [0x00D54C5D]
	(No symbol) [0x00D51968]
	(No symbol) [0x00D51B00]
	(No symbol) [0x00D43FB0]
	BaseThreadInitThunk [0x769C7BA9+25]
	RtlInitializeExceptionChain [0x7748C0CB+107]
	RtlClearBits [0x7748C04F+191]

2024-11-05 09:55:43,460 [ERROR] price_checker.py:191 - 获取价格信息失败
2024-11-05 09:55:43,460 [ERROR] advanced_analyzer.py:43 - 获取价格数据失败: https://www.airbnb.co.nz/rooms/830193102361409290
2024-11-05 09:55:43,460 [INFO] advanced_analyzer.py:61 - 
=== 日历统计信息 ===
2024-11-05 09:55:43,460 [INFO] advanced_analyzer.py:64 - 不可预订: 49天 (39.84%)
2024-11-05 09:55:43,461 [INFO] advanced_analyzer.py:64 - 可预订: 74天 (60.16%)
2024-11-05 09:55:43,461 [INFO] advanced_analyzer.py:87 - 数据已保存到: data/airbnb_calendar_830193102361409290_20241105_095528.xlsx
2024-11-05 09:55:43,461 [INFO] advanced_analyzer.py:89 - 
分析完成，成功处理 1/1 个房源
2024-11-05 09:55:43,472 [INFO] advanced_analyzer.py:113 - 汇总数据已保存到: data/airbnb_summary_20241105_095543.xlsx
2024-11-05 09:55:45,606 [INFO] advanced_analyzer.py:123 - 浏览器已关闭
