2024-11-15 12:01:39,230 [INFO] advanced_analyzer.py:350 - === 开始Airbnb数据收集程序 ===
2024-11-15 12:01:39,407 [INFO] advanced_analyzer.py:99 - 成功读取 6 个房间ID
2024-11-15 12:01:39,407 [INFO] advanced_analyzer.py:361 - 生成 6 个URL
2024-11-15 12:01:39,408 [INFO] advanced_analyzer.py:365 - 创建数据目录: data/airbnb_data_20241115_120139
2024-11-15 12:01:39,408 [INFO] advanced_analyzer.py:231 - === 开始批量分析房源 ===
2024-11-15 12:01:39,408 [INFO] advanced_analyzer.py:240 - 设置并发线程数: 3
2024-11-15 12:01:39,408 [INFO] advanced_analyzer.py:168 - 开始初始化BitBrowser...
2024-11-15 12:01:39,409 [INFO] advanced_analyzer.py:168 - 开始初始化BitBrowser...
2024-11-15 12:01:39,409 [INFO] advanced_analyzer.py:168 - 开始初始化BitBrowser...
2024-11-15 12:01:39,440 [INFO] bit_browser_manager.py:41 - 活动浏览器响应: {
  "success": true,
  "data": {
    "cf51683770d94ff3931408fce73c90f3": 32188
  }
}
2024-11-15 12:01:39,440 [INFO] bit_browser_manager.py:49 - 找到活动浏览器 ID: cf51683770d94ff3931408fce73c90f3, PID: 32188
2024-11-15 12:01:39,442 [INFO] bit_browser_manager.py:41 - 活动浏览器响应: {
  "success": true,
  "data": {
    "cf51683770d94ff3931408fce73c90f3": 32188
  }
}
2024-11-15 12:01:39,442 [INFO] bit_browser_manager.py:49 - 找到活动浏览器 ID: cf51683770d94ff3931408fce73c90f3, PID: 32188
2024-11-15 12:01:39,444 [INFO] bit_browser_manager.py:102 - 打开浏览器响应: {
  "success": true,
  "data": {
    "ws": "ws://127.0.0.1:60561/devtools/browser/be8befb9-64d5-4035-a62a-8893a8ded032",
    "http": "127.0.0.1:60561",
    "coreVersion": "126",
    "driver": "C:\\Users\\jiann\\AppData\\Roaming\\BitBrowser\\chromedriver\\126\\chromedriver.exe",
    "seq": 1,
    "name": "",
    "remark": "",
    "pid": 32188
  }
}
2024-11-15 12:01:39,444 [INFO] bit_browser_manager.py:109 - 调试地址: 127.0.0.1:60561
2024-11-15 12:01:39,444 [INFO] bit_browser_manager.py:110 - Driver路径: C:\Users\jiann\AppData\Roaming\BitBrowser\chromedriver\126\chromedriver.exe
2024-11-15 12:01:39,445 [INFO] bit_browser_manager.py:102 - 打开浏览器响应: {
  "success": true,
  "data": {
    "ws": "ws://127.0.0.1:60561/devtools/browser/be8befb9-64d5-4035-a62a-8893a8ded032",
    "http": "127.0.0.1:60561",
    "coreVersion": "126",
    "driver": "C:\\Users\\jiann\\AppData\\Roaming\\BitBrowser\\chromedriver\\126\\chromedriver.exe",
    "seq": 1,
    "name": "",
    "remark": "",
    "pid": 32188
  }
}
2024-11-15 12:01:39,445 [INFO] bit_browser_manager.py:109 - 调试地址: 127.0.0.1:60561
2024-11-15 12:01:39,445 [INFO] bit_browser_manager.py:110 - Driver路径: C:\Users\jiann\AppData\Roaming\BitBrowser\chromedriver\126\chromedriver.exe
2024-11-15 12:01:39,449 [INFO] bit_browser_manager.py:41 - 活动浏览器响应: {
  "success": true,
  "data": {
    "cf51683770d94ff3931408fce73c90f3": 32188
  }
}
2024-11-15 12:01:39,449 [INFO] bit_browser_manager.py:49 - 找到活动浏览器 ID: cf51683770d94ff3931408fce73c90f3, PID: 32188
2024-11-15 12:01:39,452 [INFO] bit_browser_manager.py:102 - 打开浏览器响应: {
  "success": true,
  "data": {
    "ws": "ws://127.0.0.1:60561/devtools/browser/be8befb9-64d5-4035-a62a-8893a8ded032",
    "http": "127.0.0.1:60561",
    "coreVersion": "126",
    "driver": "C:\\Users\\jiann\\AppData\\Roaming\\BitBrowser\\chromedriver\\126\\chromedriver.exe",
    "seq": 1,
    "name": "",
    "remark": "",
    "pid": 32188
  }
}
2024-11-15 12:01:39,452 [INFO] bit_browser_manager.py:109 - 调试地址: 127.0.0.1:60561
2024-11-15 12:01:39,452 [INFO] bit_browser_manager.py:110 - Driver路径: C:\Users\jiann\AppData\Roaming\BitBrowser\chromedriver\126\chromedriver.exe
2024-11-15 12:01:40,029 [INFO] bit_browser_manager.py:132 - 当前页面: https://console.bitbrowser.net/?id=cf51683770d94ff3931408fce73c90f3&locale=en&port=54345
2024-11-15 12:01:40,030 [INFO] advanced_analyzer.py:196 - 
开始分析房源: https://www.airbnb.co.nz/rooms/43435162
2024-11-15 12:01:40,030 [INFO] airbnb_calendar_checker.py:70 - 开始检查房源日历: https://www.airbnb.co.nz/rooms/43435162
2024-11-15 12:01:40,200 [INFO] airbnb_calendar_checker.py:75 - 页面加载中...
2024-11-15 12:01:40,202 [INFO] bit_browser_manager.py:132 - 当前页面: https://www.airbnb.co.nz/rooms/43435162
2024-11-15 12:01:40,202 [INFO] bit_browser_manager.py:132 - 当前页面: https://www.airbnb.co.nz/rooms/43435162
2024-11-15 12:01:40,203 [INFO] airbnb_calendar_checker.py:82 - 页面基本加载完成
2024-11-15 12:01:40,205 [INFO] advanced_analyzer.py:196 - 
开始分析房源: https://www.airbnb.co.nz/rooms/837352260137971048
2024-11-15 12:01:40,205 [INFO] airbnb_calendar_checker.py:70 - 开始检查房源日历: https://www.airbnb.co.nz/rooms/837352260137971048
2024-11-15 12:01:40,205 [INFO] advanced_analyzer.py:196 - 
开始分析房源: https://www.airbnb.co.nz/rooms/830193102361409290
2024-11-15 12:01:40,205 [INFO] airbnb_calendar_checker.py:70 - 开始检查房源日历: https://www.airbnb.co.nz/rooms/830193102361409290
2024-11-15 12:01:40,222 [INFO] airbnb_calendar_checker.py:75 - 页面加载中...
2024-11-15 12:01:40,314 [INFO] airbnb_calendar_checker.py:75 - 页面加载中...
2024-11-15 12:01:40,317 [INFO] airbnb_calendar_checker.py:82 - 页面基本加载完成
2024-11-15 12:01:40,818 [INFO] airbnb_calendar_checker.py:82 - 页面基本加载完成
