2024-11-10 10:22:58,185 [INFO] advanced_analyzer.py:192 - === 开始Airbnb数据收集程序 ===
2024-11-10 10:22:58,354 [INFO] advanced_analyzer.py:33 - 成功读取 3 个房间信息
2024-11-10 10:22:58,355 [INFO] advanced_analyzer.py:203 - 生成 3 个URL
2024-11-10 10:22:58,355 [INFO] advanced_analyzer.py:207 - 创建数据目录: data/airbnb_data_20241110_102258
2024-11-10 10:22:58,355 [INFO] advanced_analyzer.py:121 - === 开始批量分析房源 ===
2024-11-10 10:23:00,066 [INFO] advanced_analyzer.py:67 - Chrome WebDriver 初始化成功
2024-11-10 10:23:00,066 [INFO] advanced_analyzer.py:129 - 
处理第 1/3 个房源
2024-11-10 10:23:00,067 [INFO] advanced_analyzer.py:75 - 
开始分析房源: https://www.airbnb.co.nz/rooms/1125096139567330802 (最小入住: 1晚)
2024-11-10 10:23:00,067 [INFO] airbnb_calendar_checker.py:70 - 开始检查房源日历: https://www.airbnb.co.nz/rooms/1125096139567330802
2024-11-10 10:23:01,533 [INFO] airbnb_calendar_checker.py:75 - 页面加载中...
2024-11-10 10:23:01,537 [INFO] airbnb_calendar_checker.py:82 - 页面基本加载完成
2024-11-10 10:23:16,726 [INFO] airbnb_calendar_checker.py:120 - 找到日历按钮: //button[contains(@aria-label, 'Choose')]
2024-11-10 10:23:16,728 [INFO] airbnb_calendar_checker.py:134 - 已滚动到日历按钮位置
2024-11-10 10:23:17,729 [INFO] airbnb_calendar_checker.py:139 - 日历按钮已准备就绪
2024-11-10 10:23:18,815 [INFO] airbnb_calendar_checker.py:153 - JavaScript点击日历按钮成功
2024-11-10 10:23:29,033 [INFO] airbnb_calendar_checker.py:184 - 日历内容已加载: //div[contains(@data-testid, 'calendar')]
2024-11-10 10:23:29,045 [INFO] airbnb_calendar_checker.py:199 - 找到 123 个日期单元格
2024-11-10 10:23:29,164 [INFO] airbnb_calendar_checker.py:211 - 找到 123 个日期单元格
2024-11-10 10:23:29,165 [INFO] airbnb_calendar_checker.py:256 - 原始单元格数量: 123
2024-11-10 10:23:29,165 [INFO] airbnb_calendar_checker.py:257 - 去重后数据条数: 123
2024-11-10 10:23:29,165 [INFO] airbnb_calendar_checker.py:258 - 处理的唯一日期数: 123
2024-11-10 10:23:29,165 [INFO] airbnb_calendar_checker.py:262 - 收集到 123 条有效日历数据
2024-11-10 10:23:29,165 [INFO] airbnb_calendar_checker.py:22 - 开始导出数据到Excel...
2024-11-10 10:23:29,166 [INFO] airbnb_calendar_checker.py:32 - 处理房源ID: 1125096139567330802
2024-11-10 10:23:29,166 [INFO] airbnb_calendar_checker.py:37 - 将创建文件: data/airbnb_calendar_1125096139567330802_20241110_102329.xlsx
2024-11-10 10:23:29,166 [INFO] airbnb_calendar_checker.py:41 - 创建DataFrame，共 123 行数据
2024-11-10 10:23:29,191 [INFO] airbnb_calendar_checker.py:52 - 数据已成功导出到Excel文件: data/airbnb_calendar_1125096139567330802_20241110_102329.xlsx
2024-11-10 10:23:29,192 [INFO] airbnb_calendar_checker.py:57 - 文件创建成功，大小: 8.94 KB
2024-11-10 10:23:29,192 [INFO] airbnb_calendar_checker.py:265 - 日历数据已成功导出到: data/airbnb_calendar_1125096139567330802_20241110_102329.xlsx
2024-11-10 10:23:29,192 [INFO] advanced_analyzer.py:84 - 成功获取日历数据: 123 条记录
2024-11-10 10:23:29,192 [INFO] price_checker.py:364 - 开始检查房源价格: https://www.airbnb.co.nz/rooms/1125096139567330802 (最小入住: 1晚)
2024-11-10 10:23:29,192 [INFO] price_checker.py:356 - 找到 20 个可预订日期
2024-11-10 10:23:29,192 [INFO] price_checker.py:380 - [1/20] 处理日期: 18/11/2024
2024-11-10 10:23:29,192 [INFO] price_checker.py:146 - 开始获取价格信息: https://www.airbnb.co.nz/rooms/1125096139567330802
2024-11-10 10:23:29,192 [INFO] price_checker.py:147 - 入住日期: 18/11/2024, 最小入住晚数: 1
2024-11-10 10:23:29,192 [INFO] price_checker.py:169 - 访问URL: https://www.airbnb.co.nz/rooms/1125096139567330802?check_in=2024-11-18&check_out=2024-11-19&adults=3&children=0&infants=0
2024-11-10 10:23:34,343 [INFO] price_checker.py:176 - 检查页面状态...
2024-11-10 10:23:34,345 [INFO] price_checker.py:178 - 页面状态: complete
2024-11-10 10:23:36,357 [INFO] price_checker.py:191 - 价格容器已加载并可见
2024-11-10 10:23:36,357 [INFO] price_checker.py:200 - 尝试价格选择器: xpath - //div[@data-testid='book-it-default']//span[contains(@class, '_1y74zjx')]
2024-11-10 10:23:36,364 [INFO] price_checker.py:205 - 找到 0 个价格元素
2024-11-10 10:23:36,364 [INFO] price_checker.py:200 - 尝试价格选择器: xpath - //div[@data-testid='book-it-default']//span[contains(@class, '_tyxjp1')]
2024-11-10 10:23:36,371 [INFO] price_checker.py:205 - 找到 0 个价格元素
2024-11-10 10:23:36,371 [INFO] price_checker.py:200 - 尝试价格选择器: css - div._wgmchy div._1k1ce2w span._1qgfaxb1
2024-11-10 10:23:36,377 [INFO] price_checker.py:205 - 找到 1 个价格元素
2024-11-10 10:23:36,393 [INFO] price_checker.py:210 - 找到可见价格元素: $259 NZD 
$216 NZD 
night
$216 NZD per night, originally $259 NZD
2024-11-10 10:23:36,399 [INFO] price_checker.py:223 - 找到每晚价格元素: $259 NZD 
$216 NZD 
night
$216 NZD per night, originally $259 NZD
2024-11-10 10:23:36,399 [INFO] price_checker.py:229 - 成功解析折扣价格: $216 NZD
2024-11-10 10:23:36,399 [INFO] price_checker.py:242 - 开始获取价格详情...
2024-11-10 10:23:36,498 [INFO] price_checker.py:287 - 最终价格信息获取结果:
2024-11-10 10:23:36,498 [INFO] price_checker.py:289 - check_in: 18/11/2024
2024-11-10 10:23:36,498 [INFO] price_checker.py:289 - check_out: 19/11/2024
2024-11-10 10:23:36,498 [INFO] price_checker.py:289 - guests: 3
2024-11-10 10:23:36,498 [INFO] price_checker.py:289 - nightly_price: $216 NZD
2024-11-10 10:23:36,498 [INFO] price_checker.py:289 - cleaning_fee: None
2024-11-10 10:23:36,498 [INFO] price_checker.py:289 - service_fee: None
2024-11-10 10:23:36,498 [INFO] price_checker.py:289 - taxes: None
2024-11-10 10:23:36,498 [INFO] price_checker.py:289 - total: None
2024-11-10 10:23:36,499 [INFO] price_checker.py:386 - ✓ 成功获取 18/11/2024 的价格信息
2024-11-10 10:23:36,499 [INFO] price_checker.py:380 - [2/20] 处理日期: 22/11/2024
2024-11-10 10:23:36,499 [INFO] price_checker.py:146 - 开始获取价格信息: https://www.airbnb.co.nz/rooms/1125096139567330802
2024-11-10 10:23:36,499 [INFO] price_checker.py:147 - 入住日期: 22/11/2024, 最小入住晚数: 1
2024-11-10 10:23:36,499 [INFO] price_checker.py:169 - 访问URL: https://www.airbnb.co.nz/rooms/1125096139567330802?check_in=2024-11-22&check_out=2024-11-23&adults=3&children=0&infants=0
2024-11-10 10:23:41,592 [INFO] price_checker.py:176 - 检查页面状态...
2024-11-10 10:23:41,594 [INFO] price_checker.py:178 - 页面状态: complete
2024-11-10 10:23:43,602 [INFO] price_checker.py:191 - 价格容器已加载并可见
2024-11-10 10:23:43,603 [INFO] price_checker.py:200 - 尝试价格选择器: xpath - //div[@data-testid='book-it-default']//span[contains(@class, '_1y74zjx')]
2024-11-10 10:23:43,608 [INFO] price_checker.py:205 - 找到 0 个价格元素
2024-11-10 10:23:43,608 [INFO] price_checker.py:200 - 尝试价格选择器: xpath - //div[@data-testid='book-it-default']//span[contains(@class, '_tyxjp1')]
2024-11-10 10:23:43,612 [INFO] price_checker.py:205 - 找到 0 个价格元素
2024-11-10 10:23:43,612 [INFO] price_checker.py:200 - 尝试价格选择器: css - div._wgmchy div._1k1ce2w span._1qgfaxb1
2024-11-10 10:23:43,616 [INFO] price_checker.py:205 - 找到 1 个价格元素
2024-11-10 10:23:43,626 [INFO] price_checker.py:210 - 找到可见价格元素: $261 NZD 
$217 NZD 
night
$217 NZD per night, originally $261 NZD
2024-11-10 10:23:43,632 [INFO] price_checker.py:223 - 找到每晚价格元素: $261 NZD 
$217 NZD 
night
$217 NZD per night, originally $261 NZD
2024-11-10 10:23:43,632 [INFO] price_checker.py:229 - 成功解析折扣价格: $217 NZD
2024-11-10 10:23:43,632 [INFO] price_checker.py:242 - 开始获取价格详情...
2024-11-10 10:23:43,690 [INFO] price_checker.py:287 - 最终价格信息获取结果:
2024-11-10 10:23:43,691 [INFO] price_checker.py:289 - check_in: 22/11/2024
2024-11-10 10:23:43,691 [INFO] price_checker.py:289 - check_out: 23/11/2024
2024-11-10 10:23:43,691 [INFO] price_checker.py:289 - guests: 3
2024-11-10 10:23:43,691 [INFO] price_checker.py:289 - nightly_price: $217 NZD
2024-11-10 10:23:43,691 [INFO] price_checker.py:289 - cleaning_fee: None
2024-11-10 10:23:43,691 [INFO] price_checker.py:289 - service_fee: None
2024-11-10 10:23:43,691 [INFO] price_checker.py:289 - taxes: None
2024-11-10 10:23:43,691 [INFO] price_checker.py:289 - total: None
2024-11-10 10:23:43,691 [INFO] price_checker.py:386 - ✓ 成功获取 22/11/2024 的价格信息
2024-11-10 10:23:43,692 [INFO] price_checker.py:380 - [3/20] 处理日期: 26/11/2024
2024-11-10 10:23:43,692 [INFO] price_checker.py:146 - 开始获取价格信息: https://www.airbnb.co.nz/rooms/1125096139567330802
2024-11-10 10:23:43,692 [INFO] price_checker.py:147 - 入住日期: 26/11/2024, 最小入住晚数: 1
2024-11-10 10:23:43,692 [INFO] price_checker.py:169 - 访问URL: https://www.airbnb.co.nz/rooms/1125096139567330802?check_in=2024-11-26&check_out=2024-11-27&adults=3&children=0&infants=0
2024-11-10 10:23:48,786 [INFO] price_checker.py:176 - 检查页面状态...
2024-11-10 10:23:48,789 [INFO] price_checker.py:178 - 页面状态: complete
2024-11-10 10:23:50,798 [INFO] price_checker.py:191 - 价格容器已加载并可见
2024-11-10 10:23:50,798 [INFO] price_checker.py:200 - 尝试价格选择器: xpath - //div[@data-testid='book-it-default']//span[contains(@class, '_1y74zjx')]
2024-11-10 10:23:50,803 [INFO] price_checker.py:205 - 找到 0 个价格元素
2024-11-10 10:23:50,803 [INFO] price_checker.py:200 - 尝试价格选择器: xpath - //div[@data-testid='book-it-default']//span[contains(@class, '_tyxjp1')]
2024-11-10 10:23:50,807 [INFO] price_checker.py:205 - 找到 0 个价格元素
2024-11-10 10:23:50,808 [INFO] price_checker.py:200 - 尝试价格选择器: css - div._wgmchy div._1k1ce2w span._1qgfaxb1
2024-11-10 10:23:50,811 [INFO] price_checker.py:205 - 找到 1 个价格元素
2024-11-10 10:23:50,821 [INFO] price_checker.py:210 - 找到可见价格元素: $254 NZD 
$201 NZD 
night
$201 NZD per night, originally $254 NZD
2024-11-10 10:23:50,828 [INFO] price_checker.py:223 - 找到每晚价格元素: $254 NZD 
$201 NZD 
night
$201 NZD per night, originally $254 NZD
2024-11-10 10:23:50,828 [INFO] price_checker.py:229 - 成功解析折扣价格: $201 NZD
2024-11-10 10:23:50,828 [INFO] price_checker.py:242 - 开始获取价格详情...
2024-11-10 10:23:50,887 [INFO] price_checker.py:287 - 最终价格信息获取结果:
2024-11-10 10:23:50,887 [INFO] price_checker.py:289 - check_in: 26/11/2024
2024-11-10 10:23:50,887 [INFO] price_checker.py:289 - check_out: 27/11/2024
2024-11-10 10:23:50,887 [INFO] price_checker.py:289 - guests: 3
2024-11-10 10:23:50,887 [INFO] price_checker.py:289 - nightly_price: $201 NZD
2024-11-10 10:23:50,887 [INFO] price_checker.py:289 - cleaning_fee: None
2024-11-10 10:23:50,888 [INFO] price_checker.py:289 - service_fee: None
2024-11-10 10:23:50,888 [INFO] price_checker.py:289 - taxes: None
2024-11-10 10:23:50,888 [INFO] price_checker.py:289 - total: None
2024-11-10 10:23:50,888 [INFO] price_checker.py:386 - ✓ 成功获取 26/11/2024 的价格信息
2024-11-10 10:23:50,888 [INFO] price_checker.py:380 - [4/20] 处理日期: 27/11/2024
2024-11-10 10:23:50,888 [INFO] price_checker.py:146 - 开始获取价格信息: https://www.airbnb.co.nz/rooms/1125096139567330802
2024-11-10 10:23:50,888 [INFO] price_checker.py:147 - 入住日期: 27/11/2024, 最小入住晚数: 1
2024-11-10 10:23:50,888 [INFO] price_checker.py:169 - 访问URL: https://www.airbnb.co.nz/rooms/1125096139567330802?check_in=2024-11-27&check_out=2024-11-28&adults=3&children=0&infants=0
2024-11-10 10:24:08,944 [INFO] advanced_analyzer.py:188 - 浏览器已关闭
2024-11-10 10:24:08,945 [INFO] advanced_analyzer.py:262 - === 程序执行完成 ===
