2024-11-15 11:46:54,110 [INFO] advanced_analyzer.py:350 - === 开始Airbnb数据收集程序 ===
2024-11-15 11:46:54,294 [INFO] advanced_analyzer.py:99 - 成功读取 6 个房间ID
2024-11-15 11:46:54,294 [INFO] advanced_analyzer.py:361 - 生成 6 个URL
2024-11-15 11:46:54,294 [INFO] advanced_analyzer.py:365 - 创建数据目录: data/airbnb_data_20241115_114654
2024-11-15 11:46:54,294 [INFO] advanced_analyzer.py:231 - === 开始批量分析房源 ===
2024-11-15 11:46:54,295 [INFO] advanced_analyzer.py:240 - 设置并发线程数: 1
2024-11-15 11:46:54,295 [INFO] advanced_analyzer.py:168 - 开始初始化BitBrowser...
2024-11-15 11:46:54,336 [ERROR] bit_browser_manager.py:84 - 未找到BitBrowser窗口
2024-11-15 11:46:54,337 [ERROR] advanced_analyzer.py:176 - 连接BitBrowser失败
2024-11-15 11:46:54,337 [ERROR] advanced_analyzer.py:251 - 无法为URL https://www.airbnb.co.nz/rooms/837352260137971048 初始化BitBrowser
2024-11-15 11:46:54,337 [INFO] advanced_analyzer.py:168 - 开始初始化BitBrowser...
2024-11-15 11:46:54,337 [ERROR] bit_browser_manager.py:84 - 未找到BitBrowser窗口
2024-11-15 11:46:54,337 [ERROR] advanced_analyzer.py:176 - 连接BitBrowser失败
2024-11-15 11:46:54,338 [ERROR] advanced_analyzer.py:251 - 无法为URL https://www.airbnb.co.nz/rooms/43435162 初始化BitBrowser
2024-11-15 11:46:54,338 [INFO] advanced_analyzer.py:168 - 开始初始化BitBrowser...
2024-11-15 11:46:54,338 [ERROR] bit_browser_manager.py:84 - 未找到BitBrowser窗口
2024-11-15 11:46:54,338 [ERROR] advanced_analyzer.py:176 - 连接BitBrowser失败
2024-11-15 11:46:54,338 [ERROR] advanced_analyzer.py:251 - 无法为URL https://www.airbnb.co.nz/rooms/830193102361409290 初始化BitBrowser
2024-11-15 11:46:54,338 [INFO] advanced_analyzer.py:168 - 开始初始化BitBrowser...
2024-11-15 11:46:54,339 [ERROR] bit_browser_manager.py:84 - 未找到BitBrowser窗口
2024-11-15 11:46:54,339 [ERROR] advanced_analyzer.py:176 - 连接BitBrowser失败
2024-11-15 11:46:54,339 [ERROR] advanced_analyzer.py:251 - 无法为URL https://www.airbnb.co.nz/rooms/49525472 初始化BitBrowser
2024-11-15 11:46:54,339 [INFO] advanced_analyzer.py:168 - 开始初始化BitBrowser...
2024-11-15 11:46:54,340 [ERROR] bit_browser_manager.py:84 - 未找到BitBrowser窗口
2024-11-15 11:46:54,340 [ERROR] advanced_analyzer.py:176 - 连接BitBrowser失败
2024-11-15 11:46:54,340 [ERROR] advanced_analyzer.py:251 - 无法为URL https://www.airbnb.co.nz/rooms/716883705085875481 初始化BitBrowser
2024-11-15 11:46:54,340 [INFO] advanced_analyzer.py:168 - 开始初始化BitBrowser...
2024-11-15 11:46:54,340 [ERROR] bit_browser_manager.py:84 - 未找到BitBrowser窗口
2024-11-15 11:46:54,340 [ERROR] advanced_analyzer.py:176 - 连接BitBrowser失败
2024-11-15 11:46:54,340 [ERROR] advanced_analyzer.py:251 - 无法为URL https://www.airbnb.co.nz/rooms/969823904189469776 初始化BitBrowser
2024-11-15 11:46:54,341 [INFO] advanced_analyzer.py:420 - === 程序执行完成 ===
