2024-11-14 16:13:47,033 [INFO] advanced_analyzer.py:428 - === 开始Airbnb数据收集程序 ===
2024-11-14 16:13:47,202 [INFO] advanced_analyzer.py:49 - 成功读取 6 个房间ID
2024-11-14 16:13:47,203 [INFO] advanced_analyzer.py:439 - 生成 6 个URL
2024-11-14 16:13:47,203 [INFO] advanced_analyzer.py:443 - 创建数据目录: data/airbnb_data_20241114_161347
2024-11-14 16:13:47,203 [INFO] advanced_analyzer.py:310 - === 开始批量分析房源 ===
2024-11-14 16:13:47,203 [INFO] advanced_analyzer.py:319 - 设置并发线程数: 1
2024-11-14 16:13:47,204 [INFO] advanced_analyzer.py:135 - 开始初始化 Firefox WebDriver... (尝试 1/3)
2024-11-14 16:13:51,311 [INFO] advanced_analyzer.py:116 - 成功获取SOCKS5代理IP: {"success":false,"code":10012,"msg":"请检查必选项的值","data":""}
2024-11-14 16:13:51,311 [ERROR] advanced_analyzer.py:257 - 初始化失败 (尝试 1/3): list index out of range
2024-11-14 16:14:01,312 [INFO] advanced_analyzer.py:135 - 开始初始化 Firefox WebDriver... (尝试 2/3)
2024-11-14 16:14:25,312 [ERROR] advanced_analyzer.py:123 - 请求代理API时发生错误: ('Connection aborted.', ConnectionResetError(10054, 'An existing connection was forcibly closed by the remote host', None, 10054, None))
2024-11-14 16:14:39,250 [INFO] advanced_analyzer.py:116 - 成功获取SOCKS5代理IP: {"success":false,"code":10012,"msg":"请检查必选项的值","data":""}
2024-11-14 16:14:39,250 [ERROR] advanced_analyzer.py:257 - 初始化失败 (尝试 2/3): list index out of range
2024-11-14 16:14:49,250 [INFO] advanced_analyzer.py:135 - 开始初始化 Firefox WebDriver... (尝试 3/3)
2024-11-14 16:14:51,922 [INFO] advanced_analyzer.py:116 - 成功获取SOCKS5代理IP: {"success":false,"code":10012,"msg":"请检查必选项的值","data":""}
2024-11-14 16:14:51,922 [ERROR] advanced_analyzer.py:257 - 初始化失败 (尝试 3/3): list index out of range
2024-11-14 16:14:51,922 [ERROR] advanced_analyzer.py:331 - 无法为URL https://www.airbnb.co.nz/rooms/837352260137971048 初始化WebDriver
2024-11-14 16:14:51,922 [INFO] advanced_analyzer.py:135 - 开始初始化 Firefox WebDriver... (尝试 1/3)
2024-11-14 16:14:53,483 [INFO] advanced_analyzer.py:116 - 成功获取SOCKS5代理IP: {"success":false,"code":10012,"msg":"请检查必选项的值","data":""}
2024-11-14 16:14:53,483 [ERROR] advanced_analyzer.py:257 - 初始化失败 (尝试 1/3): list index out of range
2024-11-14 16:15:03,483 [INFO] advanced_analyzer.py:135 - 开始初始化 Firefox WebDriver... (尝试 2/3)
