2024-11-15 12:10:34,757 [INFO] advanced_analyzer.py:357 - === 开始Airbnb数据收集程序 ===
2024-11-15 12:10:34,930 [INFO] advanced_analyzer.py:99 - 成功读取 6 个房间ID
2024-11-15 12:10:34,930 [INFO] advanced_analyzer.py:368 - 生成 6 个URL
2024-11-15 12:10:34,930 [INFO] advanced_analyzer.py:372 - 创建数据目录: data/airbnb_data_20241115_121034
2024-11-15 12:10:34,931 [INFO] advanced_analyzer.py:231 - === 开始批量分析房源 ===
2024-11-15 12:10:34,931 [INFO] advanced_analyzer.py:240 - 设置并发线程数: 3
2024-11-15 12:10:34,963 [INFO] bit_browser_manager.py:43 - 活动浏览器响应: {
  "success": true,
  "data": {
    "cf51683770d94ff3931408fce73c90f3": 31680
  }
}
2024-11-15 12:10:34,963 [INFO] bit_browser_manager.py:51 - 找到活动浏览器 ID: cf51683770d94ff3931408fce73c90f3, PID: 31680
2024-11-15 12:10:34,967 [INFO] bit_browser_manager.py:43 - 活动浏览器响应: {
  "success": true,
  "data": {
    "cf51683770d94ff3931408fce73c90f3": 31680
  }
}
2024-11-15 12:10:34,967 [INFO] bit_browser_manager.py:117 - 打开浏览器响应: {
  "success": true,
  "data": {
    "ws": "ws://127.0.0.1:64147/devtools/browser/ad368a18-6d69-44f4-872a-1459059a9415",
    "http": "127.0.0.1:64147",
    "coreVersion": "126",
    "driver": "C:\\Users\\jiann\\AppData\\Roaming\\BitBrowser\\chromedriver\\126\\chromedriver.exe",
    "seq": 1,
    "name": "",
    "remark": "",
    "pid": 31680
  }
}
2024-11-15 12:10:34,967 [INFO] bit_browser_manager.py:51 - 找到活动浏览器 ID: cf51683770d94ff3931408fce73c90f3, PID: 31680
2024-11-15 12:10:34,968 [INFO] bit_browser_manager.py:124 - 调试地址: 127.0.0.1:64147
2024-11-15 12:10:34,968 [INFO] bit_browser_manager.py:125 - Driver路径: C:\Users\jiann\AppData\Roaming\BitBrowser\chromedriver\126\chromedriver.exe
2024-11-15 12:10:34,971 [INFO] bit_browser_manager.py:43 - 活动浏览器响应: {
  "success": true,
  "data": {
    "cf51683770d94ff3931408fce73c90f3": 31680
  }
}
2024-11-15 12:10:34,971 [INFO] bit_browser_manager.py:117 - 打开浏览器响应: {
  "success": true,
  "data": {
    "ws": "ws://127.0.0.1:64147/devtools/browser/ad368a18-6d69-44f4-872a-1459059a9415",
    "http": "127.0.0.1:64147",
    "coreVersion": "126",
    "driver": "C:\\Users\\jiann\\AppData\\Roaming\\BitBrowser\\chromedriver\\126\\chromedriver.exe",
    "seq": 1,
    "name": "",
    "remark": "",
    "pid": 31680
  }
}
2024-11-15 12:10:34,971 [INFO] bit_browser_manager.py:51 - 找到活动浏览器 ID: cf51683770d94ff3931408fce73c90f3, PID: 31680
2024-11-15 12:10:34,971 [INFO] bit_browser_manager.py:124 - 调试地址: 127.0.0.1:64147
2024-11-15 12:10:34,972 [INFO] bit_browser_manager.py:125 - Driver路径: C:\Users\jiann\AppData\Roaming\BitBrowser\chromedriver\126\chromedriver.exe
2024-11-15 12:10:34,974 [INFO] bit_browser_manager.py:117 - 打开浏览器响应: {
  "success": true,
  "data": {
    "ws": "ws://127.0.0.1:64147/devtools/browser/ad368a18-6d69-44f4-872a-1459059a9415",
    "http": "127.0.0.1:64147",
    "coreVersion": "126",
    "driver": "C:\\Users\\jiann\\AppData\\Roaming\\BitBrowser\\chromedriver\\126\\chromedriver.exe",
    "seq": 1,
    "name": "",
    "remark": "",
    "pid": 31680
  }
}
2024-11-15 12:10:34,975 [INFO] bit_browser_manager.py:124 - 调试地址: 127.0.0.1:64147
2024-11-15 12:10:34,975 [INFO] bit_browser_manager.py:125 - Driver路径: C:\Users\jiann\AppData\Roaming\BitBrowser\chromedriver\126\chromedriver.exe
2024-11-15 12:10:35,557 [INFO] bit_browser_manager.py:144 - 当前页面: https://console.bitbrowser.net/?id=cf51683770d94ff3931408fce73c90f3&locale=en&port=54345
2024-11-15 12:10:35,557 [INFO] advanced_analyzer.py:196 - 
开始分析房源: https://www.airbnb.co.nz/rooms/837352260137971048
2024-11-15 12:10:35,557 [INFO] airbnb_calendar_checker.py:70 - 开始检查房源日历: https://www.airbnb.co.nz/rooms/837352260137971048
2024-11-15 12:10:36,391 [INFO] bit_browser_manager.py:144 - 当前页面: https://console.bitbrowser.net/?id=cf51683770d94ff3931408fce73c90f3&locale=en&port=54345
2024-11-15 12:10:36,391 [INFO] airbnb_calendar_checker.py:75 - 页面加载中...
2024-11-15 12:10:36,391 [INFO] advanced_analyzer.py:196 - 
开始分析房源: https://www.airbnb.co.nz/rooms/830193102361409290
2024-11-15 12:10:36,392 [INFO] airbnb_calendar_checker.py:70 - 开始检查房源日历: https://www.airbnb.co.nz/rooms/830193102361409290
2024-11-15 12:10:36,540 [INFO] bit_browser_manager.py:144 - 当前页面: https://www.airbnb.co.nz/rooms/837352260137971048
2024-11-15 12:10:36,540 [INFO] airbnb_calendar_checker.py:75 - 页面加载中...
2024-11-15 12:10:36,540 [INFO] advanced_analyzer.py:196 - 
开始分析房源: https://www.airbnb.co.nz/rooms/43435162
2024-11-15 12:10:36,540 [INFO] airbnb_calendar_checker.py:70 - 开始检查房源日历: https://www.airbnb.co.nz/rooms/43435162
2024-11-15 12:10:36,549 [INFO] airbnb_calendar_checker.py:82 - 页面基本加载完成
2024-11-15 12:10:36,641 [INFO] airbnb_calendar_checker.py:75 - 页面加载中...
2024-11-15 12:10:36,642 [INFO] airbnb_calendar_checker.py:82 - 页面基本加载完成
2024-11-15 12:10:36,643 [INFO] airbnb_calendar_checker.py:82 - 页面基本加载完成
