2024-11-15 11:17:32,799 [INFO] advanced_analyzer.py:357 - === 开始Airbnb数据收集程序 ===
2024-11-15 11:17:32,978 [INFO] advanced_analyzer.py:99 - 成功读取 6 个房间ID
2024-11-15 11:17:32,978 [INFO] advanced_analyzer.py:368 - 生成 6 个URL
2024-11-15 11:17:32,978 [INFO] advanced_analyzer.py:372 - 创建数据目录: data/airbnb_data_20241115_111732
2024-11-15 11:17:32,978 [INFO] advanced_analyzer.py:238 - === 开始批量分析房源 ===
2024-11-15 11:17:32,979 [INFO] advanced_analyzer.py:247 - 设置并发线程数: 1
2024-11-15 11:17:32,979 [INFO] advanced_analyzer.py:168 - 开始初始化BitBrowser...
2024-11-15 11:17:32,983 [INFO] bit_browser_manager.py:32 - API响应状态码: 200
2024-11-15 11:17:32,983 [INFO] bit_browser_manager.py:33 - API响应头: {'Access-Control-Allow-Origin': '*', 'Access-Control-Allow-Methods': '*', 'Access-Control-Allow-Headers': '*', 'Content-Type': 'application/json; charset=utf-8', 'Content-Length': '61', 'Date': 'Thu, 14 Nov 2024 22:17:32 GMT', 'Connection': 'keep-alive', 'Keep-Alive': 'timeout=5'}
2024-11-15 11:17:32,983 [INFO] bit_browser_manager.py:37 - API响应内容: {
  "success": false,
  "msg": "page, pageSize is int and required."
}
2024-11-15 11:17:32,983 [ERROR] bit_browser_manager.py:52 - 获取浏览器列表失败: page, pageSize is int and required.
2024-11-15 11:17:32,983 [ERROR] advanced_analyzer.py:176 - 未找到活动的BitBrowser实例
2024-11-15 11:17:32,984 [ERROR] advanced_analyzer.py:258 - 无法为URL https://www.airbnb.co.nz/rooms/837352260137971048 初始化BitBrowser
2024-11-15 11:17:32,984 [INFO] advanced_analyzer.py:168 - 开始初始化BitBrowser...
2024-11-15 11:17:32,985 [INFO] bit_browser_manager.py:32 - API响应状态码: 200
2024-11-15 11:17:32,986 [INFO] bit_browser_manager.py:33 - API响应头: {'Access-Control-Allow-Origin': '*', 'Access-Control-Allow-Methods': '*', 'Access-Control-Allow-Headers': '*', 'Content-Type': 'application/json; charset=utf-8', 'Content-Length': '61', 'Date': 'Thu, 14 Nov 2024 22:17:32 GMT', 'Connection': 'keep-alive', 'Keep-Alive': 'timeout=5'}
2024-11-15 11:17:32,986 [INFO] bit_browser_manager.py:37 - API响应内容: {
  "success": false,
  "msg": "page, pageSize is int and required."
}
2024-11-15 11:17:32,986 [ERROR] bit_browser_manager.py:52 - 获取浏览器列表失败: page, pageSize is int and required.
2024-11-15 11:17:32,986 [ERROR] advanced_analyzer.py:176 - 未找到活动的BitBrowser实例
2024-11-15 11:17:32,986 [ERROR] advanced_analyzer.py:258 - 无法为URL https://www.airbnb.co.nz/rooms/43435162 初始化BitBrowser
2024-11-15 11:17:32,986 [INFO] advanced_analyzer.py:168 - 开始初始化BitBrowser...
2024-11-15 11:17:32,988 [INFO] bit_browser_manager.py:32 - API响应状态码: 200
2024-11-15 11:17:32,988 [INFO] bit_browser_manager.py:33 - API响应头: {'Access-Control-Allow-Origin': '*', 'Access-Control-Allow-Methods': '*', 'Access-Control-Allow-Headers': '*', 'Content-Type': 'application/json; charset=utf-8', 'Content-Length': '61', 'Date': 'Thu, 14 Nov 2024 22:17:32 GMT', 'Connection': 'keep-alive', 'Keep-Alive': 'timeout=5'}
2024-11-15 11:17:32,988 [INFO] bit_browser_manager.py:37 - API响应内容: {
  "success": false,
  "msg": "page, pageSize is int and required."
}
2024-11-15 11:17:32,988 [ERROR] bit_browser_manager.py:52 - 获取浏览器列表失败: page, pageSize is int and required.
2024-11-15 11:17:32,988 [ERROR] advanced_analyzer.py:176 - 未找到活动的BitBrowser实例
2024-11-15 11:17:32,988 [ERROR] advanced_analyzer.py:258 - 无法为URL https://www.airbnb.co.nz/rooms/830193102361409290 初始化BitBrowser
2024-11-15 11:17:32,988 [INFO] advanced_analyzer.py:168 - 开始初始化BitBrowser...
2024-11-15 11:17:32,990 [INFO] bit_browser_manager.py:32 - API响应状态码: 200
2024-11-15 11:17:32,990 [INFO] bit_browser_manager.py:33 - API响应头: {'Access-Control-Allow-Origin': '*', 'Access-Control-Allow-Methods': '*', 'Access-Control-Allow-Headers': '*', 'Content-Type': 'application/json; charset=utf-8', 'Content-Length': '61', 'Date': 'Thu, 14 Nov 2024 22:17:32 GMT', 'Connection': 'keep-alive', 'Keep-Alive': 'timeout=5'}
2024-11-15 11:17:32,990 [INFO] bit_browser_manager.py:37 - API响应内容: {
  "success": false,
  "msg": "page, pageSize is int and required."
}
2024-11-15 11:17:32,991 [ERROR] bit_browser_manager.py:52 - 获取浏览器列表失败: page, pageSize is int and required.
2024-11-15 11:17:32,991 [ERROR] advanced_analyzer.py:176 - 未找到活动的BitBrowser实例
2024-11-15 11:17:32,991 [ERROR] advanced_analyzer.py:258 - 无法为URL https://www.airbnb.co.nz/rooms/49525472 初始化BitBrowser
2024-11-15 11:17:32,991 [INFO] advanced_analyzer.py:168 - 开始初始化BitBrowser...
2024-11-15 11:17:32,993 [INFO] bit_browser_manager.py:32 - API响应状态码: 200
2024-11-15 11:17:32,993 [INFO] bit_browser_manager.py:33 - API响应头: {'Access-Control-Allow-Origin': '*', 'Access-Control-Allow-Methods': '*', 'Access-Control-Allow-Headers': '*', 'Content-Type': 'application/json; charset=utf-8', 'Content-Length': '61', 'Date': 'Thu, 14 Nov 2024 22:17:32 GMT', 'Connection': 'keep-alive', 'Keep-Alive': 'timeout=5'}
2024-11-15 11:17:32,993 [INFO] bit_browser_manager.py:37 - API响应内容: {
  "success": false,
  "msg": "page, pageSize is int and required."
}
2024-11-15 11:17:32,993 [ERROR] bit_browser_manager.py:52 - 获取浏览器列表失败: page, pageSize is int and required.
2024-11-15 11:17:32,993 [ERROR] advanced_analyzer.py:176 - 未找到活动的BitBrowser实例
2024-11-15 11:17:32,993 [ERROR] advanced_analyzer.py:258 - 无法为URL https://www.airbnb.co.nz/rooms/716883705085875481 初始化BitBrowser
2024-11-15 11:17:32,993 [INFO] advanced_analyzer.py:168 - 开始初始化BitBrowser...
2024-11-15 11:17:32,995 [INFO] bit_browser_manager.py:32 - API响应状态码: 200
2024-11-15 11:17:32,996 [INFO] bit_browser_manager.py:33 - API响应头: {'Access-Control-Allow-Origin': '*', 'Access-Control-Allow-Methods': '*', 'Access-Control-Allow-Headers': '*', 'Content-Type': 'application/json; charset=utf-8', 'Content-Length': '61', 'Date': 'Thu, 14 Nov 2024 22:17:32 GMT', 'Connection': 'keep-alive', 'Keep-Alive': 'timeout=5'}
2024-11-15 11:17:32,996 [INFO] bit_browser_manager.py:37 - API响应内容: {
  "success": false,
  "msg": "page, pageSize is int and required."
}
2024-11-15 11:17:32,996 [ERROR] bit_browser_manager.py:52 - 获取浏览器列表失败: page, pageSize is int and required.
2024-11-15 11:17:32,996 [ERROR] advanced_analyzer.py:176 - 未找到活动的BitBrowser实例
2024-11-15 11:17:32,996 [ERROR] advanced_analyzer.py:258 - 无法为URL https://www.airbnb.co.nz/rooms/969823904189469776 初始化BitBrowser
2024-11-15 11:17:32,996 [INFO] advanced_analyzer.py:427 - === 程序执行完成 ===
