2024-11-10 10:27:02,452 [INFO] advanced_analyzer.py:192 - === 开始Airbnb数据收集程序 ===
2024-11-10 10:27:02,623 [INFO] advanced_analyzer.py:33 - 成功读取 3 个房间信息
2024-11-10 10:27:02,624 [INFO] advanced_analyzer.py:203 - 生成 3 个URL
2024-11-10 10:27:02,624 [INFO] advanced_analyzer.py:207 - 创建数据目录: data/airbnb_data_20241110_102702
2024-11-10 10:27:02,624 [INFO] advanced_analyzer.py:121 - === 开始批量分析房源 ===
2024-11-10 10:27:04,341 [INFO] advanced_analyzer.py:67 - Chrome WebDriver 初始化成功
2024-11-10 10:27:04,341 [INFO] advanced_analyzer.py:129 - 
处理第 1/3 个房源
2024-11-10 10:27:04,342 [INFO] advanced_analyzer.py:75 - 
开始分析房源: https://www.airbnb.co.nz/rooms/1125096139567330802 (最小入住: 1晚)
2024-11-10 10:27:04,342 [INFO] airbnb_calendar_checker.py:70 - 开始检查房源日历: https://www.airbnb.co.nz/rooms/1125096139567330802
2024-11-10 10:27:07,475 [INFO] airbnb_calendar_checker.py:75 - 页面加载中...
2024-11-10 10:27:07,481 [INFO] airbnb_calendar_checker.py:82 - 页面基本加载完成
2024-11-10 10:27:22,665 [INFO] airbnb_calendar_checker.py:120 - 找到日历按钮: //button[contains(@aria-label, 'Choose')]
2024-11-10 10:27:22,669 [INFO] airbnb_calendar_checker.py:134 - 已滚动到日历按钮位置
2024-11-10 10:27:23,669 [INFO] airbnb_calendar_checker.py:139 - 日历按钮已准备就绪
2024-11-10 10:27:24,760 [INFO] airbnb_calendar_checker.py:153 - JavaScript点击日历按钮成功
2024-11-10 10:27:35,006 [INFO] airbnb_calendar_checker.py:184 - 日历内容已加载: //div[contains(@data-testid, 'calendar')]
2024-11-10 10:27:35,018 [INFO] airbnb_calendar_checker.py:199 - 找到 123 个日期单元格
2024-11-10 10:27:35,140 [INFO] airbnb_calendar_checker.py:211 - 找到 123 个日期单元格
2024-11-10 10:27:35,141 [INFO] airbnb_calendar_checker.py:256 - 原始单元格数量: 123
2024-11-10 10:27:35,141 [INFO] airbnb_calendar_checker.py:257 - 去重后数据条数: 123
2024-11-10 10:27:35,141 [INFO] airbnb_calendar_checker.py:258 - 处理的唯一日期数: 123
2024-11-10 10:27:35,141 [INFO] airbnb_calendar_checker.py:262 - 收集到 123 条有效日历数据
2024-11-10 10:27:35,141 [INFO] airbnb_calendar_checker.py:22 - 开始导出数据到Excel...
2024-11-10 10:27:35,142 [INFO] airbnb_calendar_checker.py:32 - 处理房源ID: 1125096139567330802
2024-11-10 10:27:35,142 [INFO] airbnb_calendar_checker.py:37 - 将创建文件: data/airbnb_calendar_1125096139567330802_20241110_102735.xlsx
2024-11-10 10:27:35,142 [INFO] airbnb_calendar_checker.py:41 - 创建DataFrame，共 123 行数据
2024-11-10 10:27:35,170 [INFO] airbnb_calendar_checker.py:52 - 数据已成功导出到Excel文件: data/airbnb_calendar_1125096139567330802_20241110_102735.xlsx
2024-11-10 10:27:35,170 [INFO] airbnb_calendar_checker.py:57 - 文件创建成功，大小: 8.94 KB
2024-11-10 10:27:35,170 [INFO] airbnb_calendar_checker.py:265 - 日历数据已成功导出到: data/airbnb_calendar_1125096139567330802_20241110_102735.xlsx
2024-11-10 10:27:35,170 [INFO] advanced_analyzer.py:84 - 成功获取日历数据: 123 条记录
2024-11-10 10:27:35,170 [INFO] price_checker.py:370 - 开始检查房源价格: https://www.airbnb.co.nz/rooms/1125096139567330802 (最小入住: 1晚)
2024-11-10 10:27:35,170 [INFO] price_checker.py:362 - 找到 20 个可预订日期
2024-11-10 10:27:35,170 [INFO] price_checker.py:386 - [1/20] 处理日期: 18/11/2024
2024-11-10 10:27:35,170 [INFO] price_checker.py:146 - 开始获取价格信息: https://www.airbnb.co.nz/rooms/1125096139567330802
2024-11-10 10:27:35,170 [INFO] price_checker.py:147 - 入住日期: 18/11/2024, 最小入住晚数: 1
2024-11-10 10:27:35,171 [INFO] price_checker.py:169 - 访问URL: https://www.airbnb.co.nz/rooms/1125096139567330802?check_in=2024-11-18&check_out=2024-11-19&adults=3&children=0&infants=0
2024-11-10 10:27:40,344 [INFO] price_checker.py:176 - 检查页面状态...
2024-11-10 10:27:40,346 [INFO] price_checker.py:178 - 页面状态: complete
2024-11-10 10:27:42,357 [INFO] price_checker.py:191 - 价格容器已加载并可见
2024-11-10 10:27:42,358 [INFO] price_checker.py:200 - 尝试价格选择器: xpath - //div[@data-testid='book-it-default']//span[contains(@class, '_1y74zjx')]
2024-11-10 10:27:42,365 [INFO] price_checker.py:205 - 找到 0 个价格元素
2024-11-10 10:27:42,366 [INFO] price_checker.py:200 - 尝试价格选择器: xpath - //div[@data-testid='book-it-default']//span[contains(@class, '_tyxjp1')]
2024-11-10 10:27:42,372 [INFO] price_checker.py:205 - 找到 0 个价格元素
2024-11-10 10:27:42,372 [INFO] price_checker.py:200 - 尝试价格选择器: css - div._wgmchy div._1k1ce2w span._1qgfaxb1
2024-11-10 10:27:42,378 [INFO] price_checker.py:205 - 找到 1 个价格元素
2024-11-10 10:27:42,396 [INFO] price_checker.py:210 - 找到可见价格元素: $259 NZD 
$216 NZD 
night
$216 NZD per night, originally $259 NZD
2024-11-10 10:27:42,403 [INFO] price_checker.py:223 - 找到每晚价格元素: $259 NZD 
$216 NZD 
night
$216 NZD per night, originally $259 NZD
2024-11-10 10:27:42,403 [INFO] price_checker.py:229 - 成功解析折扣价格: $216 NZD
2024-11-10 10:27:42,403 [INFO] price_checker.py:242 - 开始获取价格详情...
2024-11-10 10:27:42,409 [INFO] price_checker.py:249 - 价格详情容器已加载
2024-11-10 10:27:42,464 [INFO] price_checker.py:293 - 最终价格信息获取结果:
2024-11-10 10:27:42,464 [INFO] price_checker.py:295 - check_in: 18/11/2024
2024-11-10 10:27:42,464 [INFO] price_checker.py:295 - check_out: 19/11/2024
2024-11-10 10:27:42,464 [INFO] price_checker.py:295 - guests: 3
2024-11-10 10:27:42,464 [INFO] price_checker.py:295 - nightly_price: $216 NZD
2024-11-10 10:27:42,464 [INFO] price_checker.py:295 - cleaning_fee: None
2024-11-10 10:27:42,465 [INFO] price_checker.py:295 - service_fee: None
2024-11-10 10:27:42,465 [INFO] price_checker.py:295 - taxes: None
2024-11-10 10:27:42,465 [INFO] price_checker.py:295 - total: None
2024-11-10 10:27:42,465 [INFO] price_checker.py:392 - ✓ 成功获取 18/11/2024 的价格信息
2024-11-10 10:27:42,465 [INFO] price_checker.py:386 - [2/20] 处理日期: 22/11/2024
2024-11-10 10:27:42,465 [INFO] price_checker.py:146 - 开始获取价格信息: https://www.airbnb.co.nz/rooms/1125096139567330802
2024-11-10 10:27:42,465 [INFO] price_checker.py:147 - 入住日期: 22/11/2024, 最小入住晚数: 1
2024-11-10 10:27:42,465 [INFO] price_checker.py:169 - 访问URL: https://www.airbnb.co.nz/rooms/1125096139567330802?check_in=2024-11-22&check_out=2024-11-23&adults=3&children=0&infants=0
2024-11-10 10:27:47,545 [INFO] price_checker.py:176 - 检查页面状态...
2024-11-10 10:27:47,547 [INFO] price_checker.py:178 - 页面状态: complete
2024-11-10 10:27:49,555 [INFO] price_checker.py:191 - 价格容器已加载并可见
2024-11-10 10:27:49,556 [INFO] price_checker.py:200 - 尝试价格选择器: xpath - //div[@data-testid='book-it-default']//span[contains(@class, '_1y74zjx')]
2024-11-10 10:27:49,561 [INFO] price_checker.py:205 - 找到 0 个价格元素
2024-11-10 10:27:49,561 [INFO] price_checker.py:200 - 尝试价格选择器: xpath - //div[@data-testid='book-it-default']//span[contains(@class, '_tyxjp1')]
2024-11-10 10:27:49,565 [INFO] price_checker.py:205 - 找到 0 个价格元素
2024-11-10 10:27:49,565 [INFO] price_checker.py:200 - 尝试价格选择器: css - div._wgmchy div._1k1ce2w span._1qgfaxb1
2024-11-10 10:27:49,569 [INFO] price_checker.py:205 - 找到 1 个价格元素
2024-11-10 10:27:49,579 [INFO] price_checker.py:210 - 找到可见价格元素: $261 NZD 
$217 NZD 
night
$217 NZD per night, originally $261 NZD
2024-11-10 10:27:49,586 [INFO] price_checker.py:223 - 找到每晚价格元素: $261 NZD 
$217 NZD 
night
$217 NZD per night, originally $261 NZD
2024-11-10 10:27:49,586 [INFO] price_checker.py:229 - 成功解析折扣价格: $217 NZD
2024-11-10 10:27:49,586 [INFO] price_checker.py:242 - 开始获取价格详情...
2024-11-10 10:27:49,590 [INFO] price_checker.py:249 - 价格详情容器已加载
2024-11-10 10:27:49,636 [INFO] price_checker.py:293 - 最终价格信息获取结果:
2024-11-10 10:27:49,637 [INFO] price_checker.py:295 - check_in: 22/11/2024
2024-11-10 10:27:49,637 [INFO] price_checker.py:295 - check_out: 23/11/2024
2024-11-10 10:27:49,637 [INFO] price_checker.py:295 - guests: 3
2024-11-10 10:27:49,637 [INFO] price_checker.py:295 - nightly_price: $217 NZD
2024-11-10 10:27:49,637 [INFO] price_checker.py:295 - cleaning_fee: None
2024-11-10 10:27:49,637 [INFO] price_checker.py:295 - service_fee: None
2024-11-10 10:27:49,637 [INFO] price_checker.py:295 - taxes: None
2024-11-10 10:27:49,637 [INFO] price_checker.py:295 - total: None
2024-11-10 10:27:49,637 [INFO] price_checker.py:392 - ✓ 成功获取 22/11/2024 的价格信息
2024-11-10 10:27:49,637 [INFO] price_checker.py:386 - [3/20] 处理日期: 26/11/2024
2024-11-10 10:27:49,638 [INFO] price_checker.py:146 - 开始获取价格信息: https://www.airbnb.co.nz/rooms/1125096139567330802
2024-11-10 10:27:49,638 [INFO] price_checker.py:147 - 入住日期: 26/11/2024, 最小入住晚数: 1
2024-11-10 10:27:49,638 [INFO] price_checker.py:169 - 访问URL: https://www.airbnb.co.nz/rooms/1125096139567330802?check_in=2024-11-26&check_out=2024-11-27&adults=3&children=0&infants=0
2024-11-10 10:27:54,734 [INFO] price_checker.py:176 - 检查页面状态...
2024-11-10 10:27:54,737 [INFO] price_checker.py:178 - 页面状态: complete
2024-11-10 10:27:56,748 [INFO] price_checker.py:191 - 价格容器已加载并可见
2024-11-10 10:27:56,749 [INFO] price_checker.py:200 - 尝试价格选择器: xpath - //div[@data-testid='book-it-default']//span[contains(@class, '_1y74zjx')]
2024-11-10 10:27:56,754 [INFO] price_checker.py:205 - 找到 0 个价格元素
2024-11-10 10:27:56,754 [INFO] price_checker.py:200 - 尝试价格选择器: xpath - //div[@data-testid='book-it-default']//span[contains(@class, '_tyxjp1')]
2024-11-10 10:27:56,758 [INFO] price_checker.py:205 - 找到 0 个价格元素
2024-11-10 10:27:56,759 [INFO] price_checker.py:200 - 尝试价格选择器: css - div._wgmchy div._1k1ce2w span._1qgfaxb1
2024-11-10 10:27:56,762 [INFO] price_checker.py:205 - 找到 1 个价格元素
2024-11-10 10:27:56,773 [INFO] price_checker.py:210 - 找到可见价格元素: $254 NZD 
$201 NZD 
night
$201 NZD per night, originally $254 NZD
2024-11-10 10:27:56,779 [INFO] price_checker.py:223 - 找到每晚价格元素: $254 NZD 
$201 NZD 
night
$201 NZD per night, originally $254 NZD
2024-11-10 10:27:56,779 [INFO] price_checker.py:229 - 成功解析折扣价格: $201 NZD
2024-11-10 10:27:56,779 [INFO] price_checker.py:242 - 开始获取价格详情...
2024-11-10 10:27:56,782 [INFO] price_checker.py:249 - 价格详情容器已加载
2024-11-10 10:27:56,822 [INFO] price_checker.py:293 - 最终价格信息获取结果:
2024-11-10 10:27:56,822 [INFO] price_checker.py:295 - check_in: 26/11/2024
2024-11-10 10:27:56,822 [INFO] price_checker.py:295 - check_out: 27/11/2024
2024-11-10 10:27:56,822 [INFO] price_checker.py:295 - guests: 3
2024-11-10 10:27:56,822 [INFO] price_checker.py:295 - nightly_price: $201 NZD
2024-11-10 10:27:56,822 [INFO] price_checker.py:295 - cleaning_fee: None
2024-11-10 10:27:56,822 [INFO] price_checker.py:295 - service_fee: None
2024-11-10 10:27:56,822 [INFO] price_checker.py:295 - taxes: None
2024-11-10 10:27:56,822 [INFO] price_checker.py:295 - total: None
2024-11-10 10:27:56,822 [INFO] price_checker.py:392 - ✓ 成功获取 26/11/2024 的价格信息
2024-11-10 10:27:56,823 [INFO] price_checker.py:386 - [4/20] 处理日期: 27/11/2024
2024-11-10 10:27:56,823 [INFO] price_checker.py:146 - 开始获取价格信息: https://www.airbnb.co.nz/rooms/1125096139567330802
2024-11-10 10:27:56,823 [INFO] price_checker.py:147 - 入住日期: 27/11/2024, 最小入住晚数: 1
2024-11-10 10:27:56,823 [INFO] price_checker.py:169 - 访问URL: https://www.airbnb.co.nz/rooms/1125096139567330802?check_in=2024-11-27&check_out=2024-11-28&adults=3&children=0&infants=0
2024-11-10 10:28:01,898 [INFO] price_checker.py:176 - 检查页面状态...
2024-11-10 10:28:01,900 [INFO] price_checker.py:178 - 页面状态: complete
2024-11-10 10:28:19,965 [INFO] advanced_analyzer.py:188 - 浏览器已关闭
2024-11-10 10:28:19,965 [INFO] advanced_analyzer.py:262 - === 程序执行完成 ===
