2024-12-05 11:17:04,185 [INFO] data_export.py:53 - 创建基础目录: data
2024-12-05 11:17:04,185 [INFO] data_export.py:58 - 创建date目录: data\by_date
2024-12-05 11:17:04,185 [INFO] data_export.py:58 - 创建room目录: data\by_room
2024-12-05 11:17:04,869 [INFO] advanced_analyzer.py:429 - === 开始Airbnb数据收集程序 ===
2024-12-05 11:17:05,041 [INFO] advanced_analyzer.py:102 - 成功读取 1 个房间ID
2024-12-05 11:17:05,042 [INFO] advanced_analyzer.py:440 - 生成 1 个URL
2024-12-05 11:17:05,042 [INFO] advanced_analyzer.py:444 - 创建数据目录: data/airbnb_data_20241205_111705
2024-12-05 11:17:05,042 [INFO] advanced_analyzer.py:300 - === 开始批量分析房源 ===
2024-12-05 11:17:05,067 [INFO] bit_browser_manager.py:109 - 活动浏览器响应: {
  "success": true,
  "data": {
    "34dc763412e34341a759c1ef1ec38580": 22328
  }
}
2024-12-05 11:17:06,739 [INFO] bit_browser_manager.py:134 - 找到 1 个活动浏览器
2024-12-05 11:17:07,299 [INFO] bit_browser_manager.py:53 - 开始设置语言偏好
2024-12-05 11:17:07,301 [INFO] bit_browser_manager.py:65 - 设置语言为: en-US
2024-12-05 11:17:09,580 [INFO] bit_browser_manager.py:90 - 成功设置 locale cookie
2024-12-05 11:17:09,586 [INFO] bit_browser_manager.py:90 - 成功设置 currency cookie
2024-12-05 11:17:09,587 [INFO] advanced_analyzer.py:318 - 成功连接到浏览器: 34dc763412e34341a759c1ef1ec38580
2024-12-05 11:17:09,587 [INFO] advanced_analyzer.py:327 - 设置并发线程数: 1
2024-12-05 11:17:09,587 [INFO] advanced_analyzer.py:342 - 
=== URL分配情况 ===
2024-12-05 11:17:09,587 [INFO] advanced_analyzer.py:344 - 线程 1 分配到 1 个URL:
2024-12-05 11:17:09,587 [INFO] advanced_analyzer.py:347 -   - Room ID: 837352260137971048
2024-12-05 11:17:09,588 [INFO] advanced_analyzer.py:201 - 初始化 AdvancedAnalyzer 实例
2024-12-05 11:17:21,947 [WARNING] bit_browser_manager.py:339 - 未找到翻译提示框关闭按钮
2024-12-05 11:17:21,948 [INFO] advanced_analyzer.py:216 - 解析得到 Room ID: 837352260137971048
2024-12-05 11:17:21,948 [INFO] advanced_analyzer.py:219 - 开始获取日历数据
2024-12-05 11:17:21,948 [INFO] airbnb_calendar_checker.py:27 - 开始检查房源日历: https://www.airbnb.co.nz/rooms/837352260137971048
2024-12-05 11:17:21,948 [INFO] bit_browser_manager.py:53 - 开始设置语言偏好
2024-12-05 11:17:21,948 [INFO] bit_browser_manager.py:58 - 该浏览器实例已设置过语言，跳过设置
2024-12-05 11:17:22,069 [INFO] airbnb_calendar_checker.py:35 - 页面加载中...
2024-12-05 11:17:34,211 [WARNING] bit_browser_manager.py:339 - 未找到翻译提示框关闭按钮
2024-12-05 11:17:34,214 [INFO] airbnb_calendar_checker.py:45 - 页面基本加载完成
2024-12-05 11:17:52,391 [INFO] airbnb_calendar_checker.py:83 - 找到日历按钮: //button[contains(@aria-label, 'Choose')]
2024-12-05 11:17:52,394 [INFO] airbnb_calendar_checker.py:97 - 已滚动到日历按钮位置
2024-12-05 11:17:53,394 [INFO] airbnb_calendar_checker.py:102 - 日历按钮已准备就绪
2024-12-05 11:17:53,532 [INFO] airbnb_calendar_checker.py:111 - 直接点击日历按钮成功
2024-12-05 11:18:06,691 [INFO] airbnb_calendar_checker.py:147 - 日历内容已加载: //div[contains(@data-testid, 'calendar')]
2024-12-05 11:18:06,702 [INFO] airbnb_calendar_checker.py:162 - 找到 120 个日期单元格
2024-12-05 11:18:06,808 [INFO] airbnb_calendar_checker.py:174 - 找到 120 个日期单元格
2024-12-05 11:18:06,809 [INFO] airbnb_calendar_checker.py:219 - 原始单元格数量: 120
2024-12-05 11:18:06,809 [INFO] airbnb_calendar_checker.py:220 - 去重后数据条数: 120
2024-12-05 11:18:06,809 [INFO] airbnb_calendar_checker.py:221 - 处理的唯一日期数: 120
2024-12-05 11:18:06,809 [INFO] airbnb_calendar_checker.py:225 - 收集到 120 条有效日历数据
2024-12-05 11:18:06,835 [INFO] data_export.py:140 - calendar数据已导出到日期目录: data\by_date\calendar_837352260137971048_20241205_111806.xlsx
2024-12-05 11:18:06,856 [INFO] data_export.py:145 - calendar数据已导出到房间目录: data\by_room\837352260137971048\calendar_20241205_111806.xlsx
2024-12-05 11:18:06,856 [INFO] airbnb_calendar_checker.py:229 - 日历数据已成功导出到: data\by_date\calendar_837352260137971048_20241205_111806.xlsx
2024-12-05 11:18:06,857 [INFO] advanced_analyzer.py:223 - 开始获取价格数据
