2024-12-05 10:19:20,175 [INFO] data_export.py:53 - 创建基础目录: data
2024-12-05 10:19:20,175 [INFO] data_export.py:58 - 创建date目录: data\by_date
2024-12-05 10:19:20,175 [INFO] data_export.py:58 - 创建room目录: data\by_room
2024-12-05 10:19:20,179 [INFO] advanced_analyzer.py:396 - === 开始Airbnb数据收集程序 ===
2024-12-05 10:19:20,346 [INFO] advanced_analyzer.py:101 - 成功读取 11 个房间ID
2024-12-05 10:19:20,347 [INFO] advanced_analyzer.py:407 - 生成 11 个URL
2024-12-05 10:19:20,347 [INFO] advanced_analyzer.py:411 - 创建数据目录: data/airbnb_data_20241205_101920
2024-12-05 10:19:20,347 [INFO] advanced_analyzer.py:233 - === 开始批量分析房源 ===
2024-12-05 10:19:20,348 [INFO] advanced_analyzer.py:242 - 设置并发线程数: 1
2024-12-05 10:19:20,373 [INFO] bit_browser_manager.py:87 - 活动浏览器响应: {
  "success": true,
  "data": {
    "34dc763412e34341a759c1ef1ec38580": 9600
  }
}
2024-12-05 10:19:21,233 [INFO] bit_browser_manager.py:112 - 找到 1 个活动浏览器
2024-12-05 10:19:21,233 [INFO] advanced_analyzer.py:258 - 
=== 可用的浏览器实例 ===
2024-12-05 10:19:21,233 [INFO] advanced_analyzer.py:260 - ID: 34dc763412e34341a759c1ef1ec38580
2024-12-05 10:19:21,233 [INFO] advanced_analyzer.py:261 - 名称: AirBnB01
2024-12-05 10:19:21,233 [INFO] advanced_analyzer.py:262 - 备注: 
2024-12-05 10:19:21,233 [INFO] advanced_analyzer.py:263 - PID: 9600

2024-12-05 10:19:21,233 [INFO] advanced_analyzer.py:278 - 
=== URL分配情况 ===
2024-12-05 10:19:21,234 [INFO] advanced_analyzer.py:280 - 线程 1 分配到 11 个URL:
2024-12-05 10:19:21,234 [INFO] advanced_analyzer.py:283 -   - Room ID: 837352260137971048
2024-12-05 10:19:21,234 [INFO] advanced_analyzer.py:283 -   - Room ID: 43435162
2024-12-05 10:19:21,234 [INFO] advanced_analyzer.py:283 -   - Room ID: 830193102361409290
2024-12-05 10:19:21,234 [INFO] advanced_analyzer.py:283 -   - Room ID: 49525472
2024-12-05 10:19:21,234 [INFO] advanced_analyzer.py:283 -   - Room ID: 716883705085875481
2024-12-05 10:19:21,234 [INFO] advanced_analyzer.py:283 -   - Room ID: 969823904189469776
2024-12-05 10:19:21,234 [INFO] advanced_analyzer.py:283 -   - Room ID: 37603491
2024-12-05 10:19:21,234 [INFO] advanced_analyzer.py:283 -   - Room ID: 635947170438929163
2024-12-05 10:19:21,234 [INFO] advanced_analyzer.py:283 -   - Room ID: 10478001
2024-12-05 10:19:21,234 [INFO] advanced_analyzer.py:283 -   - Room ID: 43435162
2024-12-05 10:19:21,234 [INFO] advanced_analyzer.py:283 -   - Room ID: 1255600611300259176
2024-12-05 10:19:21,235 [INFO] advanced_analyzer.py:294 - 线程 17396 (#1) 使用浏览器 34dc763412e34341a759c1ef1ec38580
2024-12-05 10:19:21,793 [ERROR] bit_browser_manager.py:58 - 设置 locale cookie失败: Message: invalid cookie domain: Cookie 'domain' mismatch
  (Session info: chrome=126.0.6478.255)
Stacktrace:
	GetHandleVerifier [0x0031FD33+27651]
	(No symbol) [0x002B5554]
	(No symbol) [0x001B1ADF]
	(No symbol) [0x0023C9C8]
	(No symbol) [0x0021390C]
	(No symbol) [0x0022CA7D]
	(No symbol) [0x002136A6]
	(No symbol) [0x001E74E1]
	(No symbol) [0x001E805D]
	GetHandleVerifier [0x005D6613+2872547]
	GetHandleVerifier [0x0062BADD+3221933]
	GetHandleVerifier [0x003A2A94+563556]
	GetHandleVerifier [0x003A9DCC+593052]
	(No symbol) [0x002BE3A4]
	(No symbol) [0x002BAE08]
	(No symbol) [0x002BAFA7]
	(No symbol) [0x002AD0AE]
	BaseThreadInitThunk [0x76AD7BA9+25]
	RtlInitializeExceptionChain [0x77ADC0CB+107]
	RtlClearBits [0x77ADC04F+191]
	(No symbol) [0x00000000]

2024-12-05 10:19:21,795 [ERROR] bit_browser_manager.py:58 - 设置 currency cookie失败: Message: invalid cookie domain: Cookie 'domain' mismatch
  (Session info: chrome=126.0.6478.255)
Stacktrace:
	GetHandleVerifier [0x0031FD33+27651]
	(No symbol) [0x002B5554]
	(No symbol) [0x001B1ADF]
	(No symbol) [0x0023C9C8]
	(No symbol) [0x0021390C]
	(No symbol) [0x0022CA7D]
	(No symbol) [0x002136A6]
	(No symbol) [0x001E74E1]
	(No symbol) [0x001E805D]
	GetHandleVerifier [0x005D6613+2872547]
	GetHandleVerifier [0x0062BADD+3221933]
	GetHandleVerifier [0x003A2A94+563556]
	GetHandleVerifier [0x003A9DCC+593052]
	(No symbol) [0x002BE3A4]
	(No symbol) [0x002BAE08]
	(No symbol) [0x002BAFA7]
	(No symbol) [0x002AD0AE]
	BaseThreadInitThunk [0x76AD7BA9+25]
	RtlInitializeExceptionChain [0x77ADC0CB+107]
	RtlClearBits [0x77ADC04F+191]
	(No symbol) [0x00000000]

2024-12-05 10:19:21,797 [INFO] advanced_analyzer.py:307 - 线程 #1 开始处理 Room ID: 837352260137971048
2024-12-05 10:19:22,339 [ERROR] bit_browser_manager.py:58 - 设置 locale cookie失败: Message: invalid cookie domain
  (Session info: chrome=126.0.6478.255)
Stacktrace:
	GetHandleVerifier [0x0031FD33+27651]
	(No symbol) [0x002B5554]
	(No symbol) [0x001B195D]
	(No symbol) [0x0023C93E]
	(No symbol) [0x0021390C]
	(No symbol) [0x0022CA7D]
	(No symbol) [0x002136A6]
	(No symbol) [0x001E74E1]
	(No symbol) [0x001E805D]
	GetHandleVerifier [0x005D6613+2872547]
	GetHandleVerifier [0x0062BADD+3221933]
	GetHandleVerifier [0x003A2A94+563556]
	GetHandleVerifier [0x003A9DCC+593052]
	(No symbol) [0x002BE3A4]
	(No symbol) [0x002BAE08]
	(No symbol) [0x002BAFA7]
	(No symbol) [0x002AD0AE]
	BaseThreadInitThunk [0x76AD7BA9+25]
	RtlInitializeExceptionChain [0x77ADC0CB+107]
	RtlClearBits [0x77ADC04F+191]
	(No symbol) [0x00000000]

2024-12-05 10:19:22,342 [ERROR] bit_browser_manager.py:58 - 设置 currency cookie失败: Message: invalid cookie domain
  (Session info: chrome=126.0.6478.255)
Stacktrace:
	GetHandleVerifier [0x0031FD33+27651]
	(No symbol) [0x002B5554]
	(No symbol) [0x001B195D]
	(No symbol) [0x0023C93E]
	(No symbol) [0x0021390C]
	(No symbol) [0x0022CA7D]
	(No symbol) [0x002136A6]
	(No symbol) [0x001E74E1]
	(No symbol) [0x001E805D]
	GetHandleVerifier [0x005D6613+2872547]
	GetHandleVerifier [0x0062BADD+3221933]
	GetHandleVerifier [0x003A2A94+563556]
	GetHandleVerifier [0x003A9DCC+593052]
	(No symbol) [0x002BE3A4]
	(No symbol) [0x002BAE08]
	(No symbol) [0x002BAFA7]
	(No symbol) [0x002AD0AE]
	BaseThreadInitThunk [0x76AD7BA9+25]
	RtlInitializeExceptionChain [0x77ADC0CB+107]
	RtlClearBits [0x77ADC04F+191]
	(No symbol) [0x00000000]

2024-12-05 10:19:22,343 [ERROR] bit_browser_manager.py:75 - 设置语言偏好时发生错误: Message: unknown error: unhandled inspector error: {"code":-32000,"message":"Another locale override is already in effect"}
  (Session info: chrome=126.0.6478.255)
Stacktrace:
	GetHandleVerifier [0x0031FD33+27651]
	(No symbol) [0x002B5554]
	(No symbol) [0x001B1ADF]
	(No symbol) [0x0019CF7D]
	(No symbol) [0x0019BC03]
	(No symbol) [0x0019C35D]
	(No symbol) [0x0019C2F8]
	(No symbol) [0x001B4804]
	(No symbol) [0x00237381]
	(No symbol) [0x0021390C]
	(No symbol) [0x0022CA7D]
	(No symbol) [0x002136A6]
	(No symbol) [0x001E74E1]
	(No symbol) [0x001E805D]
	GetHandleVerifier [0x005D6613+2872547]
	GetHandleVerifier [0x0062BADD+3221933]
	GetHandleVerifier [0x003A2A94+563556]
	GetHandleVerifier [0x003A9DCC+593052]
	(No symbol) [0x002BE3A4]
	(No symbol) [0x002BAE08]
	(No symbol) [0x002BAFA7]
	(No symbol) [0x002AD0AE]
	BaseThreadInitThunk [0x76AD7BA9+25]
	RtlInitializeExceptionChain [0x77ADC0CB+107]
	RtlClearBits [0x77ADC04F+191]
	(No symbol) [0x00000000]

2024-12-05 10:19:22,344 [INFO] bit_browser_manager.py:244 - 正在导航到: https://www.airbnb.co.nz/rooms/837352260137971048
2024-12-05 10:19:22,579 [INFO] bit_browser_manager.py:252 - 成功加载页面: https://www.airbnb.co.nz/rooms/837352260137971048
2024-12-05 10:19:22,579 [INFO] advanced_analyzer.py:198 - 
开始分析房源: https://www.airbnb.co.nz/rooms/837352260137971048
2024-12-05 10:19:22,579 [INFO] airbnb_calendar_checker.py:27 - 开始检查房源日历: https://www.airbnb.co.nz/rooms/837352260137971048
2024-12-05 10:19:22,592 [INFO] bit_browser_manager.py:56 - 成功设置 locale cookie
2024-12-05 10:19:22,601 [INFO] bit_browser_manager.py:56 - 成功设置 currency cookie
2024-12-05 10:19:22,714 [INFO] airbnb_calendar_checker.py:35 - 页面加载中...
2024-12-05 10:19:22,714 [ERROR] airbnb_calendar_checker.py:238 - 检查日历时发生错误: 'BitBrowserManager' object has no attribute 'close_translation_modal'
2024-12-05 10:19:22,714 [ERROR] advanced_analyzer.py:204 - 获取日历数据失败: https://www.airbnb.co.nz/rooms/837352260137971048
2024-12-05 10:19:22,714 [ERROR] advanced_analyzer.py:326 - 处理 Room ID 837352260137971048 时发生错误: 'BitBrowserManager' object has no attribute 'close_tab'
2024-12-05 10:19:22,714 [INFO] advanced_analyzer.py:307 - 线程 #1 开始处理 Room ID: 43435162
2024-12-05 10:19:23,250 [ERROR] bit_browser_manager.py:58 - 设置 locale cookie失败: Message: invalid cookie domain
  (Session info: chrome=126.0.6478.255)
Stacktrace:
	GetHandleVerifier [0x0031FD33+27651]
	(No symbol) [0x002B5554]
	(No symbol) [0x001B195D]
	(No symbol) [0x0023C93E]
	(No symbol) [0x0021390C]
	(No symbol) [0x0022CA7D]
	(No symbol) [0x002136A6]
	(No symbol) [0x001E74E1]
	(No symbol) [0x001E805D]
	GetHandleVerifier [0x005D6613+2872547]
	GetHandleVerifier [0x0062BADD+3221933]
	GetHandleVerifier [0x003A2A94+563556]
	GetHandleVerifier [0x003A9DCC+593052]
	(No symbol) [0x002BE3A4]
	(No symbol) [0x002BAE08]
	(No symbol) [0x002BAFA7]
	(No symbol) [0x002AD0AE]
	BaseThreadInitThunk [0x76AD7BA9+25]
	RtlInitializeExceptionChain [0x77ADC0CB+107]
	RtlClearBits [0x77ADC04F+191]
	(No symbol) [0x00000000]

2024-12-05 10:19:23,252 [ERROR] bit_browser_manager.py:58 - 设置 currency cookie失败: Message: invalid cookie domain
  (Session info: chrome=126.0.6478.255)
Stacktrace:
	GetHandleVerifier [0x0031FD33+27651]
	(No symbol) [0x002B5554]
	(No symbol) [0x001B195D]
	(No symbol) [0x0023C93E]
	(No symbol) [0x0021390C]
	(No symbol) [0x0022CA7D]
	(No symbol) [0x002136A6]
	(No symbol) [0x001E74E1]
	(No symbol) [0x001E805D]
	GetHandleVerifier [0x005D6613+2872547]
	GetHandleVerifier [0x0062BADD+3221933]
	GetHandleVerifier [0x003A2A94+563556]
	GetHandleVerifier [0x003A9DCC+593052]
	(No symbol) [0x002BE3A4]
	(No symbol) [0x002BAE08]
	(No symbol) [0x002BAFA7]
	(No symbol) [0x002AD0AE]
	BaseThreadInitThunk [0x76AD7BA9+25]
	RtlInitializeExceptionChain [0x77ADC0CB+107]
	RtlClearBits [0x77ADC04F+191]
	(No symbol) [0x00000000]

2024-12-05 10:19:23,253 [ERROR] bit_browser_manager.py:75 - 设置语言偏好时发生错误: Message: unknown error: unhandled inspector error: {"code":-32000,"message":"Another locale override is already in effect"}
  (Session info: chrome=126.0.6478.255)
Stacktrace:
	GetHandleVerifier [0x0031FD33+27651]
	(No symbol) [0x002B5554]
	(No symbol) [0x001B1ADF]
	(No symbol) [0x0019CF7D]
	(No symbol) [0x0019BC03]
	(No symbol) [0x0019C35D]
	(No symbol) [0x0019C2F8]
	(No symbol) [0x001B4804]
	(No symbol) [0x00237381]
	(No symbol) [0x0021390C]
	(No symbol) [0x0022CA7D]
	(No symbol) [0x002136A6]
	(No symbol) [0x001E74E1]
	(No symbol) [0x001E805D]
	GetHandleVerifier [0x005D6613+2872547]
	GetHandleVerifier [0x0062BADD+3221933]
	GetHandleVerifier [0x003A2A94+563556]
	GetHandleVerifier [0x003A9DCC+593052]
	(No symbol) [0x002BE3A4]
	(No symbol) [0x002BAE08]
	(No symbol) [0x002BAFA7]
	(No symbol) [0x002AD0AE]
	BaseThreadInitThunk [0x76AD7BA9+25]
	RtlInitializeExceptionChain [0x77ADC0CB+107]
	RtlClearBits [0x77ADC04F+191]
	(No symbol) [0x00000000]

2024-12-05 10:19:23,254 [INFO] bit_browser_manager.py:244 - 正在导航到: https://www.airbnb.co.nz/rooms/43435162
2024-12-05 10:19:23,374 [INFO] bit_browser_manager.py:252 - 成功加载页面: https://www.airbnb.co.nz/rooms/43435162
2024-12-05 10:19:23,374 [INFO] advanced_analyzer.py:198 - 
开始分析房源: https://www.airbnb.co.nz/rooms/43435162
2024-12-05 10:19:23,375 [INFO] airbnb_calendar_checker.py:27 - 开始检查房源日历: https://www.airbnb.co.nz/rooms/43435162
2024-12-05 10:19:23,388 [INFO] bit_browser_manager.py:56 - 成功设置 locale cookie
2024-12-05 10:19:23,390 [INFO] bit_browser_manager.py:56 - 成功设置 currency cookie
2024-12-05 10:19:23,393 [ERROR] bit_browser_manager.py:75 - 设置语言偏好时发生错误: Message: unknown error: unhandled inspector error: {"code":-32000,"message":"Another locale override is already in effect"}
  (Session info: chrome=126.0.6478.255)
Stacktrace:
	GetHandleVerifier [0x0031FD33+27651]
	(No symbol) [0x002B5554]
	(No symbol) [0x001B1ADF]
	(No symbol) [0x0019CF7D]
	(No symbol) [0x0019BC03]
	(No symbol) [0x0019C35D]
	(No symbol) [0x0019C2F8]
	(No symbol) [0x001B4804]
	(No symbol) [0x00237381]
	(No symbol) [0x0021390C]
	(No symbol) [0x0022CA7D]
	(No symbol) [0x002136A6]
	(No symbol) [0x001E74E1]
	(No symbol) [0x001E805D]
	GetHandleVerifier [0x005D6613+2872547]
	GetHandleVerifier [0x0062BADD+3221933]
	GetHandleVerifier [0x003A2A94+563556]
	GetHandleVerifier [0x003A9DCC+593052]
	(No symbol) [0x002BE3A4]
	(No symbol) [0x002BAE08]
	(No symbol) [0x002BAFA7]
	(No symbol) [0x002AD0AE]
	BaseThreadInitThunk [0x76AD7BA9+25]
	RtlInitializeExceptionChain [0x77ADC0CB+107]
	RtlClearBits [0x77ADC04F+191]
	(No symbol) [0x00000000]

2024-12-05 10:19:23,503 [INFO] airbnb_calendar_checker.py:35 - 页面加载中...
2024-12-05 10:19:23,504 [ERROR] airbnb_calendar_checker.py:238 - 检查日历时发生错误: 'BitBrowserManager' object has no attribute 'close_translation_modal'
2024-12-05 10:19:23,504 [ERROR] advanced_analyzer.py:204 - 获取日历数据失败: https://www.airbnb.co.nz/rooms/43435162
2024-12-05 10:19:23,504 [ERROR] advanced_analyzer.py:326 - 处理 Room ID 43435162 时发生错误: 'BitBrowserManager' object has no attribute 'close_tab'
2024-12-05 10:19:23,504 [INFO] advanced_analyzer.py:307 - 线程 #1 开始处理 Room ID: 830193102361409290
2024-12-05 10:19:24,045 [ERROR] bit_browser_manager.py:58 - 设置 locale cookie失败: Message: invalid cookie domain
  (Session info: chrome=126.0.6478.255)
Stacktrace:
	GetHandleVerifier [0x0031FD33+27651]
	(No symbol) [0x002B5554]
	(No symbol) [0x001B195D]
	(No symbol) [0x0023C93E]
	(No symbol) [0x0021390C]
	(No symbol) [0x0022CA7D]
	(No symbol) [0x002136A6]
	(No symbol) [0x001E74E1]
	(No symbol) [0x001E805D]
	GetHandleVerifier [0x005D6613+2872547]
	GetHandleVerifier [0x0062BADD+3221933]
	GetHandleVerifier [0x003A2A94+563556]
	GetHandleVerifier [0x003A9DCC+593052]
	(No symbol) [0x002BE3A4]
	(No symbol) [0x002BAE08]
	(No symbol) [0x002BAFA7]
	(No symbol) [0x002AD0AE]
	BaseThreadInitThunk [0x76AD7BA9+25]
	RtlInitializeExceptionChain [0x77ADC0CB+107]
	RtlClearBits [0x77ADC04F+191]
	(No symbol) [0x00000000]

2024-12-05 10:19:24,047 [ERROR] bit_browser_manager.py:58 - 设置 currency cookie失败: Message: invalid cookie domain
  (Session info: chrome=126.0.6478.255)
Stacktrace:
	GetHandleVerifier [0x0031FD33+27651]
	(No symbol) [0x002B5554]
	(No symbol) [0x001B195D]
	(No symbol) [0x0023C93E]
	(No symbol) [0x0021390C]
	(No symbol) [0x0022CA7D]
	(No symbol) [0x002136A6]
	(No symbol) [0x001E74E1]
	(No symbol) [0x001E805D]
	GetHandleVerifier [0x005D6613+2872547]
	GetHandleVerifier [0x0062BADD+3221933]
	GetHandleVerifier [0x003A2A94+563556]
	GetHandleVerifier [0x003A9DCC+593052]
	(No symbol) [0x002BE3A4]
	(No symbol) [0x002BAE08]
	(No symbol) [0x002BAFA7]
	(No symbol) [0x002AD0AE]
	BaseThreadInitThunk [0x76AD7BA9+25]
	RtlInitializeExceptionChain [0x77ADC0CB+107]
	RtlClearBits [0x77ADC04F+191]
	(No symbol) [0x00000000]

2024-12-05 10:19:24,048 [ERROR] bit_browser_manager.py:75 - 设置语言偏好时发生错误: Message: unknown error: unhandled inspector error: {"code":-32000,"message":"Another locale override is already in effect"}
  (Session info: chrome=126.0.6478.255)
Stacktrace:
	GetHandleVerifier [0x0031FD33+27651]
	(No symbol) [0x002B5554]
	(No symbol) [0x001B1ADF]
	(No symbol) [0x0019CF7D]
	(No symbol) [0x0019BC03]
	(No symbol) [0x0019C35D]
	(No symbol) [0x0019C2F8]
	(No symbol) [0x001B4804]
	(No symbol) [0x00237381]
	(No symbol) [0x0021390C]
	(No symbol) [0x0022CA7D]
	(No symbol) [0x002136A6]
	(No symbol) [0x001E74E1]
	(No symbol) [0x001E805D]
	GetHandleVerifier [0x005D6613+2872547]
	GetHandleVerifier [0x0062BADD+3221933]
	GetHandleVerifier [0x003A2A94+563556]
	GetHandleVerifier [0x003A9DCC+593052]
	(No symbol) [0x002BE3A4]
	(No symbol) [0x002BAE08]
	(No symbol) [0x002BAFA7]
	(No symbol) [0x002AD0AE]
	BaseThreadInitThunk [0x76AD7BA9+25]
	RtlInitializeExceptionChain [0x77ADC0CB+107]
	RtlClearBits [0x77ADC04F+191]
	(No symbol) [0x00000000]

2024-12-05 10:19:24,049 [INFO] bit_browser_manager.py:244 - 正在导航到: https://www.airbnb.co.nz/rooms/830193102361409290
2024-12-05 10:19:24,181 [INFO] bit_browser_manager.py:252 - 成功加载页面: https://www.airbnb.co.nz/rooms/830193102361409290
2024-12-05 10:19:24,182 [INFO] advanced_analyzer.py:198 - 
开始分析房源: https://www.airbnb.co.nz/rooms/830193102361409290
2024-12-05 10:19:24,182 [INFO] airbnb_calendar_checker.py:27 - 开始检查房源日历: https://www.airbnb.co.nz/rooms/830193102361409290
2024-12-05 10:19:24,197 [INFO] bit_browser_manager.py:56 - 成功设置 locale cookie
2024-12-05 10:19:24,199 [INFO] bit_browser_manager.py:56 - 成功设置 currency cookie
2024-12-05 10:19:24,200 [ERROR] bit_browser_manager.py:75 - 设置语言偏好时发生错误: Message: unknown error: unhandled inspector error: {"code":-32000,"message":"Another locale override is already in effect"}
  (Session info: chrome=126.0.6478.255)
Stacktrace:
	GetHandleVerifier [0x0031FD33+27651]
	(No symbol) [0x002B5554]
	(No symbol) [0x001B1ADF]
	(No symbol) [0x0019CF7D]
	(No symbol) [0x0019BC03]
	(No symbol) [0x0019C35D]
	(No symbol) [0x0019C2F8]
	(No symbol) [0x001B4804]
	(No symbol) [0x00237381]
	(No symbol) [0x0021390C]
	(No symbol) [0x0022CA7D]
	(No symbol) [0x002136A6]
	(No symbol) [0x001E74E1]
	(No symbol) [0x001E805D]
	GetHandleVerifier [0x005D6613+2872547]
	GetHandleVerifier [0x0062BADD+3221933]
	GetHandleVerifier [0x003A2A94+563556]
	GetHandleVerifier [0x003A9DCC+593052]
	(No symbol) [0x002BE3A4]
	(No symbol) [0x002BAE08]
	(No symbol) [0x002BAFA7]
	(No symbol) [0x002AD0AE]
	BaseThreadInitThunk [0x76AD7BA9+25]
	RtlInitializeExceptionChain [0x77ADC0CB+107]
	RtlClearBits [0x77ADC04F+191]
	(No symbol) [0x00000000]

2024-12-05 10:19:24,335 [INFO] airbnb_calendar_checker.py:35 - 页面加载中...
2024-12-05 10:19:24,335 [ERROR] airbnb_calendar_checker.py:238 - 检查日历时发生错误: 'BitBrowserManager' object has no attribute 'close_translation_modal'
2024-12-05 10:19:24,336 [ERROR] advanced_analyzer.py:204 - 获取日历数据失败: https://www.airbnb.co.nz/rooms/830193102361409290
2024-12-05 10:19:24,336 [ERROR] advanced_analyzer.py:326 - 处理 Room ID 830193102361409290 时发生错误: 'BitBrowserManager' object has no attribute 'close_tab'
2024-12-05 10:19:24,336 [INFO] advanced_analyzer.py:307 - 线程 #1 开始处理 Room ID: 49525472
2024-12-05 10:19:24,898 [ERROR] bit_browser_manager.py:58 - 设置 locale cookie失败: Message: invalid cookie domain
  (Session info: chrome=126.0.6478.255)
Stacktrace:
	GetHandleVerifier [0x0031FD33+27651]
	(No symbol) [0x002B5554]
	(No symbol) [0x001B195D]
	(No symbol) [0x0023C93E]
	(No symbol) [0x0021390C]
	(No symbol) [0x0022CA7D]
	(No symbol) [0x002136A6]
	(No symbol) [0x001E74E1]
	(No symbol) [0x001E805D]
	GetHandleVerifier [0x005D6613+2872547]
	GetHandleVerifier [0x0062BADD+3221933]
	GetHandleVerifier [0x003A2A94+563556]
	GetHandleVerifier [0x003A9DCC+593052]
	(No symbol) [0x002BE3A4]
	(No symbol) [0x002BAE08]
	(No symbol) [0x002BAFA7]
	(No symbol) [0x002AD0AE]
	BaseThreadInitThunk [0x76AD7BA9+25]
	RtlInitializeExceptionChain [0x77ADC0CB+107]
	RtlClearBits [0x77ADC04F+191]
	(No symbol) [0x00000000]

2024-12-05 10:19:24,901 [ERROR] bit_browser_manager.py:58 - 设置 currency cookie失败: Message: invalid cookie domain
  (Session info: chrome=126.0.6478.255)
Stacktrace:
	GetHandleVerifier [0x0031FD33+27651]
	(No symbol) [0x002B5554]
	(No symbol) [0x001B195D]
	(No symbol) [0x0023C93E]
	(No symbol) [0x0021390C]
	(No symbol) [0x0022CA7D]
	(No symbol) [0x002136A6]
	(No symbol) [0x001E74E1]
	(No symbol) [0x001E805D]
	GetHandleVerifier [0x005D6613+2872547]
	GetHandleVerifier [0x0062BADD+3221933]
	GetHandleVerifier [0x003A2A94+563556]
	GetHandleVerifier [0x003A9DCC+593052]
	(No symbol) [0x002BE3A4]
	(No symbol) [0x002BAE08]
	(No symbol) [0x002BAFA7]
	(No symbol) [0x002AD0AE]
	BaseThreadInitThunk [0x76AD7BA9+25]
	RtlInitializeExceptionChain [0x77ADC0CB+107]
	RtlClearBits [0x77ADC04F+191]
	(No symbol) [0x00000000]

2024-12-05 10:19:24,903 [ERROR] bit_browser_manager.py:75 - 设置语言偏好时发生错误: Message: unknown error: unhandled inspector error: {"code":-32000,"message":"Another locale override is already in effect"}
  (Session info: chrome=126.0.6478.255)
Stacktrace:
	GetHandleVerifier [0x0031FD33+27651]
	(No symbol) [0x002B5554]
	(No symbol) [0x001B1ADF]
	(No symbol) [0x0019CF7D]
	(No symbol) [0x0019BC03]
	(No symbol) [0x0019C35D]
	(No symbol) [0x0019C2F8]
	(No symbol) [0x001B4804]
	(No symbol) [0x00237381]
	(No symbol) [0x0021390C]
	(No symbol) [0x0022CA7D]
	(No symbol) [0x002136A6]
	(No symbol) [0x001E74E1]
	(No symbol) [0x001E805D]
	GetHandleVerifier [0x005D6613+2872547]
	GetHandleVerifier [0x0062BADD+3221933]
	GetHandleVerifier [0x003A2A94+563556]
	GetHandleVerifier [0x003A9DCC+593052]
	(No symbol) [0x002BE3A4]
	(No symbol) [0x002BAE08]
	(No symbol) [0x002BAFA7]
	(No symbol) [0x002AD0AE]
	BaseThreadInitThunk [0x76AD7BA9+25]
	RtlInitializeExceptionChain [0x77ADC0CB+107]
	RtlClearBits [0x77ADC04F+191]
	(No symbol) [0x00000000]

2024-12-05 10:19:24,903 [INFO] bit_browser_manager.py:244 - 正在导航到: https://www.airbnb.co.nz/rooms/49525472
2024-12-05 10:19:25,088 [INFO] bit_browser_manager.py:252 - 成功加载页面: https://www.airbnb.co.nz/rooms/49525472
2024-12-05 10:19:25,088 [INFO] advanced_analyzer.py:198 - 
开始分析房源: https://www.airbnb.co.nz/rooms/49525472
2024-12-05 10:19:25,088 [INFO] airbnb_calendar_checker.py:27 - 开始检查房源日历: https://www.airbnb.co.nz/rooms/49525472
2024-12-05 10:19:25,091 [INFO] bit_browser_manager.py:56 - 成功设置 locale cookie
2024-12-05 10:19:25,094 [INFO] bit_browser_manager.py:56 - 成功设置 currency cookie
2024-12-05 10:19:25,095 [ERROR] bit_browser_manager.py:75 - 设置语言偏好时发生错误: Message: unknown error: unhandled inspector error: {"code":-32000,"message":"Another locale override is already in effect"}
  (Session info: chrome=126.0.6478.255)
Stacktrace:
	GetHandleVerifier [0x0031FD33+27651]
	(No symbol) [0x002B5554]
	(No symbol) [0x001B1ADF]
	(No symbol) [0x0019CF7D]
	(No symbol) [0x0019BC03]
	(No symbol) [0x0019C35D]
	(No symbol) [0x0019C2F8]
	(No symbol) [0x001B4804]
	(No symbol) [0x00237381]
	(No symbol) [0x0021390C]
	(No symbol) [0x0022CA7D]
	(No symbol) [0x002136A6]
	(No symbol) [0x001E74E1]
	(No symbol) [0x001E805D]
	GetHandleVerifier [0x005D6613+2872547]
	GetHandleVerifier [0x0062BADD+3221933]
	GetHandleVerifier [0x003A2A94+563556]
	GetHandleVerifier [0x003A9DCC+593052]
	(No symbol) [0x002BE3A4]
	(No symbol) [0x002BAE08]
	(No symbol) [0x002BAFA7]
	(No symbol) [0x002AD0AE]
	BaseThreadInitThunk [0x76AD7BA9+25]
	RtlInitializeExceptionChain [0x77ADC0CB+107]
	RtlClearBits [0x77ADC04F+191]
	(No symbol) [0x00000000]

2024-12-05 10:19:25,218 [INFO] airbnb_calendar_checker.py:35 - 页面加载中...
2024-12-05 10:19:25,218 [ERROR] airbnb_calendar_checker.py:238 - 检查日历时发生错误: 'BitBrowserManager' object has no attribute 'close_translation_modal'
2024-12-05 10:19:25,218 [ERROR] advanced_analyzer.py:204 - 获取日历数据失败: https://www.airbnb.co.nz/rooms/49525472
2024-12-05 10:19:25,219 [ERROR] advanced_analyzer.py:326 - 处理 Room ID 49525472 时发生错误: 'BitBrowserManager' object has no attribute 'close_tab'
2024-12-05 10:19:25,219 [INFO] advanced_analyzer.py:307 - 线程 #1 开始处理 Room ID: 716883705085875481
2024-12-05 10:19:25,766 [ERROR] bit_browser_manager.py:58 - 设置 locale cookie失败: Message: invalid cookie domain
  (Session info: chrome=126.0.6478.255)
Stacktrace:
	GetHandleVerifier [0x0031FD33+27651]
	(No symbol) [0x002B5554]
	(No symbol) [0x001B195D]
	(No symbol) [0x0023C93E]
	(No symbol) [0x0021390C]
	(No symbol) [0x0022CA7D]
	(No symbol) [0x002136A6]
	(No symbol) [0x001E74E1]
	(No symbol) [0x001E805D]
	GetHandleVerifier [0x005D6613+2872547]
	GetHandleVerifier [0x0062BADD+3221933]
	GetHandleVerifier [0x003A2A94+563556]
	GetHandleVerifier [0x003A9DCC+593052]
	(No symbol) [0x002BE3A4]
	(No symbol) [0x002BAE08]
	(No symbol) [0x002BAFA7]
	(No symbol) [0x002AD0AE]
	BaseThreadInitThunk [0x76AD7BA9+25]
	RtlInitializeExceptionChain [0x77ADC0CB+107]
	RtlClearBits [0x77ADC04F+191]
	(No symbol) [0x00000000]

2024-12-05 10:19:25,769 [ERROR] bit_browser_manager.py:58 - 设置 currency cookie失败: Message: invalid cookie domain
  (Session info: chrome=126.0.6478.255)
Stacktrace:
	GetHandleVerifier [0x0031FD33+27651]
	(No symbol) [0x002B5554]
	(No symbol) [0x001B195D]
	(No symbol) [0x0023C93E]
	(No symbol) [0x0021390C]
	(No symbol) [0x0022CA7D]
	(No symbol) [0x002136A6]
	(No symbol) [0x001E74E1]
	(No symbol) [0x001E805D]
	GetHandleVerifier [0x005D6613+2872547]
	GetHandleVerifier [0x0062BADD+3221933]
	GetHandleVerifier [0x003A2A94+563556]
	GetHandleVerifier [0x003A9DCC+593052]
	(No symbol) [0x002BE3A4]
	(No symbol) [0x002BAE08]
	(No symbol) [0x002BAFA7]
	(No symbol) [0x002AD0AE]
	BaseThreadInitThunk [0x76AD7BA9+25]
	RtlInitializeExceptionChain [0x77ADC0CB+107]
	RtlClearBits [0x77ADC04F+191]
	(No symbol) [0x00000000]

2024-12-05 10:19:25,771 [ERROR] bit_browser_manager.py:75 - 设置语言偏好时发生错误: Message: unknown error: unhandled inspector error: {"code":-32000,"message":"Another locale override is already in effect"}
  (Session info: chrome=126.0.6478.255)
Stacktrace:
	GetHandleVerifier [0x0031FD33+27651]
	(No symbol) [0x002B5554]
	(No symbol) [0x001B1ADF]
	(No symbol) [0x0019CF7D]
	(No symbol) [0x0019BC03]
	(No symbol) [0x0019C35D]
	(No symbol) [0x0019C2F8]
	(No symbol) [0x001B4804]
	(No symbol) [0x00237381]
	(No symbol) [0x0021390C]
	(No symbol) [0x0022CA7D]
	(No symbol) [0x002136A6]
	(No symbol) [0x001E74E1]
	(No symbol) [0x001E805D]
	GetHandleVerifier [0x005D6613+2872547]
	GetHandleVerifier [0x0062BADD+3221933]
	GetHandleVerifier [0x003A2A94+563556]
	GetHandleVerifier [0x003A9DCC+593052]
	(No symbol) [0x002BE3A4]
	(No symbol) [0x002BAE08]
	(No symbol) [0x002BAFA7]
	(No symbol) [0x002AD0AE]
	BaseThreadInitThunk [0x76AD7BA9+25]
	RtlInitializeExceptionChain [0x77ADC0CB+107]
	RtlClearBits [0x77ADC04F+191]
	(No symbol) [0x00000000]

2024-12-05 10:19:25,771 [INFO] bit_browser_manager.py:244 - 正在导航到: https://www.airbnb.co.nz/rooms/716883705085875481
2024-12-05 10:19:25,898 [INFO] bit_browser_manager.py:252 - 成功加载页面: https://www.airbnb.co.nz/rooms/716883705085875481
2024-12-05 10:19:25,898 [INFO] advanced_analyzer.py:198 - 
开始分析房源: https://www.airbnb.co.nz/rooms/716883705085875481
2024-12-05 10:19:25,898 [INFO] airbnb_calendar_checker.py:27 - 开始检查房源日历: https://www.airbnb.co.nz/rooms/716883705085875481
2024-12-05 10:19:25,900 [INFO] bit_browser_manager.py:56 - 成功设置 locale cookie
2024-12-05 10:19:25,902 [INFO] bit_browser_manager.py:56 - 成功设置 currency cookie
2024-12-05 10:19:25,903 [ERROR] bit_browser_manager.py:75 - 设置语言偏好时发生错误: Message: unknown error: unhandled inspector error: {"code":-32000,"message":"Another locale override is already in effect"}
  (Session info: chrome=126.0.6478.255)
Stacktrace:
	GetHandleVerifier [0x0031FD33+27651]
	(No symbol) [0x002B5554]
	(No symbol) [0x001B1ADF]
	(No symbol) [0x0019CF7D]
	(No symbol) [0x0019BC03]
	(No symbol) [0x0019C35D]
	(No symbol) [0x0019C2F8]
	(No symbol) [0x001B4804]
	(No symbol) [0x00237381]
	(No symbol) [0x0021390C]
	(No symbol) [0x0022CA7D]
	(No symbol) [0x002136A6]
	(No symbol) [0x001E74E1]
	(No symbol) [0x001E805D]
	GetHandleVerifier [0x005D6613+2872547]
	GetHandleVerifier [0x0062BADD+3221933]
	GetHandleVerifier [0x003A2A94+563556]
	GetHandleVerifier [0x003A9DCC+593052]
	(No symbol) [0x002BE3A4]
	(No symbol) [0x002BAE08]
	(No symbol) [0x002BAFA7]
	(No symbol) [0x002AD0AE]
	BaseThreadInitThunk [0x76AD7BA9+25]
	RtlInitializeExceptionChain [0x77ADC0CB+107]
	RtlClearBits [0x77ADC04F+191]
	(No symbol) [0x00000000]

2024-12-05 10:19:26,059 [INFO] airbnb_calendar_checker.py:35 - 页面加载中...
2024-12-05 10:19:26,060 [ERROR] airbnb_calendar_checker.py:238 - 检查日历时发生错误: 'BitBrowserManager' object has no attribute 'close_translation_modal'
2024-12-05 10:19:26,060 [ERROR] advanced_analyzer.py:204 - 获取日历数据失败: https://www.airbnb.co.nz/rooms/716883705085875481
2024-12-05 10:19:26,060 [ERROR] advanced_analyzer.py:326 - 处理 Room ID 716883705085875481 时发生错误: 'BitBrowserManager' object has no attribute 'close_tab'
2024-12-05 10:19:26,060 [INFO] advanced_analyzer.py:307 - 线程 #1 开始处理 Room ID: 969823904189469776
2024-12-05 10:19:26,608 [ERROR] bit_browser_manager.py:58 - 设置 locale cookie失败: Message: invalid cookie domain
  (Session info: chrome=126.0.6478.255)
Stacktrace:
	GetHandleVerifier [0x0031FD33+27651]
	(No symbol) [0x002B5554]
	(No symbol) [0x001B195D]
	(No symbol) [0x0023C93E]
	(No symbol) [0x0021390C]
	(No symbol) [0x0022CA7D]
	(No symbol) [0x002136A6]
	(No symbol) [0x001E74E1]
	(No symbol) [0x001E805D]
	GetHandleVerifier [0x005D6613+2872547]
	GetHandleVerifier [0x0062BADD+3221933]
	GetHandleVerifier [0x003A2A94+563556]
	GetHandleVerifier [0x003A9DCC+593052]
	(No symbol) [0x002BE3A4]
	(No symbol) [0x002BAE08]
	(No symbol) [0x002BAFA7]
	(No symbol) [0x002AD0AE]
	BaseThreadInitThunk [0x76AD7BA9+25]
	RtlInitializeExceptionChain [0x77ADC0CB+107]
	RtlClearBits [0x77ADC04F+191]
	(No symbol) [0x00000000]

2024-12-05 10:19:26,610 [ERROR] bit_browser_manager.py:58 - 设置 currency cookie失败: Message: invalid cookie domain
  (Session info: chrome=126.0.6478.255)
Stacktrace:
	GetHandleVerifier [0x0031FD33+27651]
	(No symbol) [0x002B5554]
	(No symbol) [0x001B195D]
	(No symbol) [0x0023C93E]
	(No symbol) [0x0021390C]
	(No symbol) [0x0022CA7D]
	(No symbol) [0x002136A6]
	(No symbol) [0x001E74E1]
	(No symbol) [0x001E805D]
	GetHandleVerifier [0x005D6613+2872547]
	GetHandleVerifier [0x0062BADD+3221933]
	GetHandleVerifier [0x003A2A94+563556]
	GetHandleVerifier [0x003A9DCC+593052]
	(No symbol) [0x002BE3A4]
	(No symbol) [0x002BAE08]
	(No symbol) [0x002BAFA7]
	(No symbol) [0x002AD0AE]
	BaseThreadInitThunk [0x76AD7BA9+25]
	RtlInitializeExceptionChain [0x77ADC0CB+107]
	RtlClearBits [0x77ADC04F+191]
	(No symbol) [0x00000000]

2024-12-05 10:19:26,613 [ERROR] bit_browser_manager.py:75 - 设置语言偏好时发生错误: Message: unknown error: unhandled inspector error: {"code":-32000,"message":"Another locale override is already in effect"}
  (Session info: chrome=126.0.6478.255)
Stacktrace:
	GetHandleVerifier [0x0031FD33+27651]
	(No symbol) [0x002B5554]
	(No symbol) [0x001B1ADF]
	(No symbol) [0x0019CF7D]
	(No symbol) [0x0019BC03]
	(No symbol) [0x0019C35D]
	(No symbol) [0x0019C2F8]
	(No symbol) [0x001B4804]
	(No symbol) [0x00237381]
	(No symbol) [0x0021390C]
	(No symbol) [0x0022CA7D]
	(No symbol) [0x002136A6]
	(No symbol) [0x001E74E1]
	(No symbol) [0x001E805D]
	GetHandleVerifier [0x005D6613+2872547]
	GetHandleVerifier [0x0062BADD+3221933]
	GetHandleVerifier [0x003A2A94+563556]
	GetHandleVerifier [0x003A9DCC+593052]
	(No symbol) [0x002BE3A4]
	(No symbol) [0x002BAE08]
	(No symbol) [0x002BAFA7]
	(No symbol) [0x002AD0AE]
	BaseThreadInitThunk [0x76AD7BA9+25]
	RtlInitializeExceptionChain [0x77ADC0CB+107]
	RtlClearBits [0x77ADC04F+191]
	(No symbol) [0x00000000]

2024-12-05 10:19:26,613 [INFO] bit_browser_manager.py:244 - 正在导航到: https://www.airbnb.co.nz/rooms/969823904189469776
2024-12-05 10:19:26,741 [INFO] bit_browser_manager.py:252 - 成功加载页面: https://www.airbnb.co.nz/rooms/969823904189469776
2024-12-05 10:19:26,741 [INFO] advanced_analyzer.py:198 - 
开始分析房源: https://www.airbnb.co.nz/rooms/969823904189469776
2024-12-05 10:19:26,741 [INFO] airbnb_calendar_checker.py:27 - 开始检查房源日历: https://www.airbnb.co.nz/rooms/969823904189469776
2024-12-05 10:19:26,753 [INFO] bit_browser_manager.py:56 - 成功设置 locale cookie
2024-12-05 10:19:26,756 [INFO] bit_browser_manager.py:56 - 成功设置 currency cookie
2024-12-05 10:19:26,762 [ERROR] bit_browser_manager.py:75 - 设置语言偏好时发生错误: Message: unknown error: unhandled inspector error: {"code":-32000,"message":"Another locale override is already in effect"}
  (Session info: chrome=126.0.6478.255)
Stacktrace:
	GetHandleVerifier [0x0031FD33+27651]
	(No symbol) [0x002B5554]
	(No symbol) [0x001B1ADF]
	(No symbol) [0x0019CF7D]
	(No symbol) [0x0019BC03]
	(No symbol) [0x0019C35D]
	(No symbol) [0x0019C2F8]
	(No symbol) [0x001B4804]
	(No symbol) [0x00237381]
	(No symbol) [0x0021390C]
	(No symbol) [0x0022CA7D]
	(No symbol) [0x002136A6]
	(No symbol) [0x001E74E1]
	(No symbol) [0x001E805D]
	GetHandleVerifier [0x005D6613+2872547]
	GetHandleVerifier [0x0062BADD+3221933]
	GetHandleVerifier [0x003A2A94+563556]
	GetHandleVerifier [0x003A9DCC+593052]
	(No symbol) [0x002BE3A4]
	(No symbol) [0x002BAE08]
	(No symbol) [0x002BAFA7]
	(No symbol) [0x002AD0AE]
	BaseThreadInitThunk [0x76AD7BA9+25]
	RtlInitializeExceptionChain [0x77ADC0CB+107]
	RtlClearBits [0x77ADC04F+191]
	(No symbol) [0x00000000]

2024-12-05 10:19:26,893 [INFO] airbnb_calendar_checker.py:35 - 页面加载中...
2024-12-05 10:19:26,894 [ERROR] airbnb_calendar_checker.py:238 - 检查日历时发生错误: 'BitBrowserManager' object has no attribute 'close_translation_modal'
2024-12-05 10:19:26,894 [ERROR] advanced_analyzer.py:204 - 获取日历数据失败: https://www.airbnb.co.nz/rooms/969823904189469776
2024-12-05 10:19:26,894 [ERROR] advanced_analyzer.py:326 - 处理 Room ID 969823904189469776 时发生错误: 'BitBrowserManager' object has no attribute 'close_tab'
2024-12-05 10:19:26,894 [INFO] advanced_analyzer.py:307 - 线程 #1 开始处理 Room ID: 37603491
2024-12-05 10:19:27,449 [ERROR] bit_browser_manager.py:58 - 设置 locale cookie失败: Message: invalid cookie domain
  (Session info: chrome=126.0.6478.255)
Stacktrace:
	GetHandleVerifier [0x0031FD33+27651]
	(No symbol) [0x002B5554]
	(No symbol) [0x001B195D]
	(No symbol) [0x0023C93E]
	(No symbol) [0x0021390C]
	(No symbol) [0x0022CA7D]
	(No symbol) [0x002136A6]
	(No symbol) [0x001E74E1]
	(No symbol) [0x001E805D]
	GetHandleVerifier [0x005D6613+2872547]
	GetHandleVerifier [0x0062BADD+3221933]
	GetHandleVerifier [0x003A2A94+563556]
	GetHandleVerifier [0x003A9DCC+593052]
	(No symbol) [0x002BE3A4]
	(No symbol) [0x002BAE08]
	(No symbol) [0x002BAFA7]
	(No symbol) [0x002AD0AE]
	BaseThreadInitThunk [0x76AD7BA9+25]
	RtlInitializeExceptionChain [0x77ADC0CB+107]
	RtlClearBits [0x77ADC04F+191]
	(No symbol) [0x00000000]

2024-12-05 10:19:27,451 [ERROR] bit_browser_manager.py:58 - 设置 currency cookie失败: Message: invalid cookie domain
  (Session info: chrome=126.0.6478.255)
Stacktrace:
	GetHandleVerifier [0x0031FD33+27651]
	(No symbol) [0x002B5554]
	(No symbol) [0x001B195D]
	(No symbol) [0x0023C93E]
	(No symbol) [0x0021390C]
	(No symbol) [0x0022CA7D]
	(No symbol) [0x002136A6]
	(No symbol) [0x001E74E1]
	(No symbol) [0x001E805D]
	GetHandleVerifier [0x005D6613+2872547]
	GetHandleVerifier [0x0062BADD+3221933]
	GetHandleVerifier [0x003A2A94+563556]
	GetHandleVerifier [0x003A9DCC+593052]
	(No symbol) [0x002BE3A4]
	(No symbol) [0x002BAE08]
	(No symbol) [0x002BAFA7]
	(No symbol) [0x002AD0AE]
	BaseThreadInitThunk [0x76AD7BA9+25]
	RtlInitializeExceptionChain [0x77ADC0CB+107]
	RtlClearBits [0x77ADC04F+191]
	(No symbol) [0x00000000]

2024-12-05 10:19:27,453 [ERROR] bit_browser_manager.py:75 - 设置语言偏好时发生错误: Message: unknown error: unhandled inspector error: {"code":-32000,"message":"Another locale override is already in effect"}
  (Session info: chrome=126.0.6478.255)
Stacktrace:
	GetHandleVerifier [0x0031FD33+27651]
	(No symbol) [0x002B5554]
	(No symbol) [0x001B1ADF]
	(No symbol) [0x0019CF7D]
	(No symbol) [0x0019BC03]
	(No symbol) [0x0019C35D]
	(No symbol) [0x0019C2F8]
	(No symbol) [0x001B4804]
	(No symbol) [0x00237381]
	(No symbol) [0x0021390C]
	(No symbol) [0x0022CA7D]
	(No symbol) [0x002136A6]
	(No symbol) [0x001E74E1]
	(No symbol) [0x001E805D]
	GetHandleVerifier [0x005D6613+2872547]
	GetHandleVerifier [0x0062BADD+3221933]
	GetHandleVerifier [0x003A2A94+563556]
	GetHandleVerifier [0x003A9DCC+593052]
	(No symbol) [0x002BE3A4]
	(No symbol) [0x002BAE08]
	(No symbol) [0x002BAFA7]
	(No symbol) [0x002AD0AE]
	BaseThreadInitThunk [0x76AD7BA9+25]
	RtlInitializeExceptionChain [0x77ADC0CB+107]
	RtlClearBits [0x77ADC04F+191]
	(No symbol) [0x00000000]

2024-12-05 10:19:27,453 [INFO] bit_browser_manager.py:244 - 正在导航到: https://www.airbnb.co.nz/rooms/37603491
2024-12-05 10:19:27,603 [INFO] bit_browser_manager.py:252 - 成功加载页面: https://www.airbnb.co.nz/rooms/37603491
2024-12-05 10:19:27,603 [INFO] advanced_analyzer.py:198 - 
开始分析房源: https://www.airbnb.co.nz/rooms/37603491
2024-12-05 10:19:27,603 [INFO] airbnb_calendar_checker.py:27 - 开始检查房源日历: https://www.airbnb.co.nz/rooms/37603491
2024-12-05 10:19:27,628 [INFO] bit_browser_manager.py:56 - 成功设置 locale cookie
2024-12-05 10:19:27,632 [INFO] bit_browser_manager.py:56 - 成功设置 currency cookie
2024-12-05 10:19:27,651 [ERROR] bit_browser_manager.py:75 - 设置语言偏好时发生错误: Message: unknown error: unhandled inspector error: {"code":-32000,"message":"Another locale override is already in effect"}
  (Session info: chrome=126.0.6478.255)
Stacktrace:
	GetHandleVerifier [0x0031FD33+27651]
	(No symbol) [0x002B5554]
	(No symbol) [0x001B1ADF]
	(No symbol) [0x0019CF7D]
	(No symbol) [0x0019BC03]
	(No symbol) [0x0019C35D]
	(No symbol) [0x0019C2F8]
	(No symbol) [0x001B4804]
	(No symbol) [0x00237381]
	(No symbol) [0x0021390C]
	(No symbol) [0x0022CA7D]
	(No symbol) [0x002136A6]
	(No symbol) [0x001E74E1]
	(No symbol) [0x001E805D]
	GetHandleVerifier [0x005D6613+2872547]
	GetHandleVerifier [0x0062BADD+3221933]
	GetHandleVerifier [0x003A2A94+563556]
	GetHandleVerifier [0x003A9DCC+593052]
	(No symbol) [0x002BE3A4]
	(No symbol) [0x002BAE08]
	(No symbol) [0x002BAFA7]
	(No symbol) [0x002AD0AE]
	BaseThreadInitThunk [0x76AD7BA9+25]
	RtlInitializeExceptionChain [0x77ADC0CB+107]
	RtlClearBits [0x77ADC04F+191]
	(No symbol) [0x00000000]

2024-12-05 10:19:27,779 [INFO] airbnb_calendar_checker.py:35 - 页面加载中...
2024-12-05 10:19:27,780 [ERROR] airbnb_calendar_checker.py:238 - 检查日历时发生错误: 'BitBrowserManager' object has no attribute 'close_translation_modal'
2024-12-05 10:19:27,780 [ERROR] advanced_analyzer.py:204 - 获取日历数据失败: https://www.airbnb.co.nz/rooms/37603491
2024-12-05 10:19:27,780 [ERROR] advanced_analyzer.py:326 - 处理 Room ID 37603491 时发生错误: 'BitBrowserManager' object has no attribute 'close_tab'
2024-12-05 10:19:27,780 [INFO] advanced_analyzer.py:307 - 线程 #1 开始处理 Room ID: 635947170438929163
2024-12-05 10:19:28,364 [ERROR] bit_browser_manager.py:58 - 设置 locale cookie失败: Message: invalid cookie domain
  (Session info: chrome=126.0.6478.255)
Stacktrace:
	GetHandleVerifier [0x0031FD33+27651]
	(No symbol) [0x002B5554]
	(No symbol) [0x001B195D]
	(No symbol) [0x0023C93E]
	(No symbol) [0x0021390C]
	(No symbol) [0x0022CA7D]
	(No symbol) [0x002136A6]
	(No symbol) [0x001E74E1]
	(No symbol) [0x001E805D]
	GetHandleVerifier [0x005D6613+2872547]
	GetHandleVerifier [0x0062BADD+3221933]
	GetHandleVerifier [0x003A2A94+563556]
	GetHandleVerifier [0x003A9DCC+593052]
	(No symbol) [0x002BE3A4]
	(No symbol) [0x002BAE08]
	(No symbol) [0x002BAFA7]
	(No symbol) [0x002AD0AE]
	BaseThreadInitThunk [0x76AD7BA9+25]
	RtlInitializeExceptionChain [0x77ADC0CB+107]
	RtlClearBits [0x77ADC04F+191]
	(No symbol) [0x00000000]

2024-12-05 10:19:28,366 [ERROR] bit_browser_manager.py:58 - 设置 currency cookie失败: Message: invalid cookie domain
  (Session info: chrome=126.0.6478.255)
Stacktrace:
	GetHandleVerifier [0x0031FD33+27651]
	(No symbol) [0x002B5554]
	(No symbol) [0x001B195D]
	(No symbol) [0x0023C93E]
	(No symbol) [0x0021390C]
	(No symbol) [0x0022CA7D]
	(No symbol) [0x002136A6]
	(No symbol) [0x001E74E1]
	(No symbol) [0x001E805D]
	GetHandleVerifier [0x005D6613+2872547]
	GetHandleVerifier [0x0062BADD+3221933]
	GetHandleVerifier [0x003A2A94+563556]
	GetHandleVerifier [0x003A9DCC+593052]
	(No symbol) [0x002BE3A4]
	(No symbol) [0x002BAE08]
	(No symbol) [0x002BAFA7]
	(No symbol) [0x002AD0AE]
	BaseThreadInitThunk [0x76AD7BA9+25]
	RtlInitializeExceptionChain [0x77ADC0CB+107]
	RtlClearBits [0x77ADC04F+191]
	(No symbol) [0x00000000]

2024-12-05 10:19:28,368 [ERROR] bit_browser_manager.py:75 - 设置语言偏好时发生错误: Message: unknown error: unhandled inspector error: {"code":-32000,"message":"Another locale override is already in effect"}
  (Session info: chrome=126.0.6478.255)
Stacktrace:
	GetHandleVerifier [0x0031FD33+27651]
	(No symbol) [0x002B5554]
	(No symbol) [0x001B1ADF]
	(No symbol) [0x0019CF7D]
	(No symbol) [0x0019BC03]
	(No symbol) [0x0019C35D]
	(No symbol) [0x0019C2F8]
	(No symbol) [0x001B4804]
	(No symbol) [0x00237381]
	(No symbol) [0x0021390C]
	(No symbol) [0x0022CA7D]
	(No symbol) [0x002136A6]
	(No symbol) [0x001E74E1]
	(No symbol) [0x001E805D]
	GetHandleVerifier [0x005D6613+2872547]
	GetHandleVerifier [0x0062BADD+3221933]
	GetHandleVerifier [0x003A2A94+563556]
	GetHandleVerifier [0x003A9DCC+593052]
	(No symbol) [0x002BE3A4]
	(No symbol) [0x002BAE08]
	(No symbol) [0x002BAFA7]
	(No symbol) [0x002AD0AE]
	BaseThreadInitThunk [0x76AD7BA9+25]
	RtlInitializeExceptionChain [0x77ADC0CB+107]
	RtlClearBits [0x77ADC04F+191]
	(No symbol) [0x00000000]

2024-12-05 10:19:28,368 [INFO] bit_browser_manager.py:244 - 正在导航到: https://www.airbnb.co.nz/rooms/635947170438929163
2024-12-05 10:19:28,512 [INFO] bit_browser_manager.py:252 - 成功加载页面: https://www.airbnb.co.nz/rooms/635947170438929163
2024-12-05 10:19:28,512 [INFO] advanced_analyzer.py:198 - 
开始分析房源: https://www.airbnb.co.nz/rooms/635947170438929163
2024-12-05 10:19:28,512 [INFO] airbnb_calendar_checker.py:27 - 开始检查房源日历: https://www.airbnb.co.nz/rooms/635947170438929163
2024-12-05 10:19:28,515 [INFO] bit_browser_manager.py:56 - 成功设置 locale cookie
2024-12-05 10:19:28,517 [INFO] bit_browser_manager.py:56 - 成功设置 currency cookie
2024-12-05 10:19:28,519 [ERROR] bit_browser_manager.py:75 - 设置语言偏好时发生错误: Message: unknown error: unhandled inspector error: {"code":-32000,"message":"Another locale override is already in effect"}
  (Session info: chrome=126.0.6478.255)
Stacktrace:
	GetHandleVerifier [0x0031FD33+27651]
	(No symbol) [0x002B5554]
	(No symbol) [0x001B1ADF]
	(No symbol) [0x0019CF7D]
	(No symbol) [0x0019BC03]
	(No symbol) [0x0019C35D]
	(No symbol) [0x0019C2F8]
	(No symbol) [0x001B4804]
	(No symbol) [0x00237381]
	(No symbol) [0x0021390C]
	(No symbol) [0x0022CA7D]
	(No symbol) [0x002136A6]
	(No symbol) [0x001E74E1]
	(No symbol) [0x001E805D]
	GetHandleVerifier [0x005D6613+2872547]
	GetHandleVerifier [0x0062BADD+3221933]
	GetHandleVerifier [0x003A2A94+563556]
	GetHandleVerifier [0x003A9DCC+593052]
	(No symbol) [0x002BE3A4]
	(No symbol) [0x002BAE08]
	(No symbol) [0x002BAFA7]
	(No symbol) [0x002AD0AE]
	BaseThreadInitThunk [0x76AD7BA9+25]
	RtlInitializeExceptionChain [0x77ADC0CB+107]
	RtlClearBits [0x77ADC04F+191]
	(No symbol) [0x00000000]

2024-12-05 10:19:28,654 [INFO] airbnb_calendar_checker.py:35 - 页面加载中...
2024-12-05 10:19:28,654 [ERROR] airbnb_calendar_checker.py:238 - 检查日历时发生错误: 'BitBrowserManager' object has no attribute 'close_translation_modal'
2024-12-05 10:19:28,655 [ERROR] advanced_analyzer.py:204 - 获取日历数据失败: https://www.airbnb.co.nz/rooms/635947170438929163
2024-12-05 10:19:28,655 [ERROR] advanced_analyzer.py:326 - 处理 Room ID 635947170438929163 时发生错误: 'BitBrowserManager' object has no attribute 'close_tab'
2024-12-05 10:19:28,655 [INFO] advanced_analyzer.py:307 - 线程 #1 开始处理 Room ID: 10478001
2024-12-05 10:19:29,273 [ERROR] bit_browser_manager.py:58 - 设置 locale cookie失败: Message: invalid cookie domain
  (Session info: chrome=126.0.6478.255)
Stacktrace:
	GetHandleVerifier [0x0031FD33+27651]
	(No symbol) [0x002B5554]
	(No symbol) [0x001B195D]
	(No symbol) [0x0023C93E]
	(No symbol) [0x0021390C]
	(No symbol) [0x0022CA7D]
	(No symbol) [0x002136A6]
	(No symbol) [0x001E74E1]
	(No symbol) [0x001E805D]
	GetHandleVerifier [0x005D6613+2872547]
	GetHandleVerifier [0x0062BADD+3221933]
	GetHandleVerifier [0x003A2A94+563556]
	GetHandleVerifier [0x003A9DCC+593052]
	(No symbol) [0x002BE3A4]
	(No symbol) [0x002BAE08]
	(No symbol) [0x002BAFA7]
	(No symbol) [0x002AD0AE]
	BaseThreadInitThunk [0x76AD7BA9+25]
	RtlInitializeExceptionChain [0x77ADC0CB+107]
	RtlClearBits [0x77ADC04F+191]
	(No symbol) [0x00000000]

2024-12-05 10:19:29,282 [ERROR] bit_browser_manager.py:58 - 设置 currency cookie失败: Message: invalid cookie domain
  (Session info: chrome=126.0.6478.255)
Stacktrace:
	GetHandleVerifier [0x0031FD33+27651]
	(No symbol) [0x002B5554]
	(No symbol) [0x001B195D]
	(No symbol) [0x0023C93E]
	(No symbol) [0x0021390C]
	(No symbol) [0x0022CA7D]
	(No symbol) [0x002136A6]
	(No symbol) [0x001E74E1]
	(No symbol) [0x001E805D]
	GetHandleVerifier [0x005D6613+2872547]
	GetHandleVerifier [0x0062BADD+3221933]
	GetHandleVerifier [0x003A2A94+563556]
	GetHandleVerifier [0x003A9DCC+593052]
	(No symbol) [0x002BE3A4]
	(No symbol) [0x002BAE08]
	(No symbol) [0x002BAFA7]
	(No symbol) [0x002AD0AE]
	BaseThreadInitThunk [0x76AD7BA9+25]
	RtlInitializeExceptionChain [0x77ADC0CB+107]
	RtlClearBits [0x77ADC04F+191]
	(No symbol) [0x00000000]

2024-12-05 10:19:29,300 [ERROR] bit_browser_manager.py:75 - 设置语言偏好时发生错误: Message: unknown error: unhandled inspector error: {"code":-32000,"message":"Another locale override is already in effect"}
  (Session info: chrome=126.0.6478.255)
Stacktrace:
	GetHandleVerifier [0x0031FD33+27651]
	(No symbol) [0x002B5554]
	(No symbol) [0x001B1ADF]
	(No symbol) [0x0019CF7D]
	(No symbol) [0x0019BC03]
	(No symbol) [0x0019C35D]
	(No symbol) [0x0019C2F8]
	(No symbol) [0x001B4804]
	(No symbol) [0x00237381]
	(No symbol) [0x0021390C]
	(No symbol) [0x0022CA7D]
	(No symbol) [0x002136A6]
	(No symbol) [0x001E74E1]
	(No symbol) [0x001E805D]
	GetHandleVerifier [0x005D6613+2872547]
	GetHandleVerifier [0x0062BADD+3221933]
	GetHandleVerifier [0x003A2A94+563556]
	GetHandleVerifier [0x003A9DCC+593052]
	(No symbol) [0x002BE3A4]
	(No symbol) [0x002BAE08]
	(No symbol) [0x002BAFA7]
	(No symbol) [0x002AD0AE]
	BaseThreadInitThunk [0x76AD7BA9+25]
	RtlInitializeExceptionChain [0x77ADC0CB+107]
	RtlClearBits [0x77ADC04F+191]
	(No symbol) [0x00000000]

2024-12-05 10:19:29,300 [INFO] bit_browser_manager.py:244 - 正在导航到: https://www.airbnb.co.nz/rooms/10478001
2024-12-05 10:19:29,534 [INFO] bit_browser_manager.py:252 - 成功加载页面: https://www.airbnb.co.nz/rooms/10478001
2024-12-05 10:19:29,535 [INFO] advanced_analyzer.py:198 - 
开始分析房源: https://www.airbnb.co.nz/rooms/10478001
2024-12-05 10:19:29,535 [INFO] airbnb_calendar_checker.py:27 - 开始检查房源日历: https://www.airbnb.co.nz/rooms/10478001
2024-12-05 10:19:29,541 [INFO] bit_browser_manager.py:56 - 成功设置 locale cookie
2024-12-05 10:19:29,545 [INFO] bit_browser_manager.py:56 - 成功设置 currency cookie
2024-12-05 10:19:29,549 [ERROR] bit_browser_manager.py:75 - 设置语言偏好时发生错误: Message: unknown error: unhandled inspector error: {"code":-32000,"message":"Another locale override is already in effect"}
  (Session info: chrome=126.0.6478.255)
Stacktrace:
	GetHandleVerifier [0x0031FD33+27651]
	(No symbol) [0x002B5554]
	(No symbol) [0x001B1ADF]
	(No symbol) [0x0019CF7D]
	(No symbol) [0x0019BC03]
	(No symbol) [0x0019C35D]
	(No symbol) [0x0019C2F8]
	(No symbol) [0x001B4804]
	(No symbol) [0x00237381]
	(No symbol) [0x0021390C]
	(No symbol) [0x0022CA7D]
	(No symbol) [0x002136A6]
	(No symbol) [0x001E74E1]
	(No symbol) [0x001E805D]
	GetHandleVerifier [0x005D6613+2872547]
	GetHandleVerifier [0x0062BADD+3221933]
	GetHandleVerifier [0x003A2A94+563556]
	GetHandleVerifier [0x003A9DCC+593052]
	(No symbol) [0x002BE3A4]
	(No symbol) [0x002BAE08]
	(No symbol) [0x002BAFA7]
	(No symbol) [0x002AD0AE]
	BaseThreadInitThunk [0x76AD7BA9+25]
	RtlInitializeExceptionChain [0x77ADC0CB+107]
	RtlClearBits [0x77ADC04F+191]
	(No symbol) [0x00000000]

2024-12-05 10:19:29,747 [INFO] airbnb_calendar_checker.py:35 - 页面加载中...
2024-12-05 10:19:29,748 [ERROR] airbnb_calendar_checker.py:238 - 检查日历时发生错误: 'BitBrowserManager' object has no attribute 'close_translation_modal'
2024-12-05 10:19:29,748 [ERROR] advanced_analyzer.py:204 - 获取日历数据失败: https://www.airbnb.co.nz/rooms/10478001
2024-12-05 10:19:29,748 [ERROR] advanced_analyzer.py:326 - 处理 Room ID 10478001 时发生错误: 'BitBrowserManager' object has no attribute 'close_tab'
2024-12-05 10:19:29,748 [INFO] advanced_analyzer.py:307 - 线程 #1 开始处理 Room ID: 43435162
2024-12-05 10:19:30,339 [ERROR] bit_browser_manager.py:58 - 设置 locale cookie失败: Message: invalid cookie domain
  (Session info: chrome=126.0.6478.255)
Stacktrace:
	GetHandleVerifier [0x0031FD33+27651]
	(No symbol) [0x002B5554]
	(No symbol) [0x001B195D]
	(No symbol) [0x0023C93E]
	(No symbol) [0x0021390C]
	(No symbol) [0x0022CA7D]
	(No symbol) [0x002136A6]
	(No symbol) [0x001E74E1]
	(No symbol) [0x001E805D]
	GetHandleVerifier [0x005D6613+2872547]
	GetHandleVerifier [0x0062BADD+3221933]
	GetHandleVerifier [0x003A2A94+563556]
	GetHandleVerifier [0x003A9DCC+593052]
	(No symbol) [0x002BE3A4]
	(No symbol) [0x002BAE08]
	(No symbol) [0x002BAFA7]
	(No symbol) [0x002AD0AE]
	BaseThreadInitThunk [0x76AD7BA9+25]
	RtlInitializeExceptionChain [0x77ADC0CB+107]
	RtlClearBits [0x77ADC04F+191]
	(No symbol) [0x00000000]

2024-12-05 10:19:30,341 [ERROR] bit_browser_manager.py:58 - 设置 currency cookie失败: Message: invalid cookie domain
  (Session info: chrome=126.0.6478.255)
Stacktrace:
	GetHandleVerifier [0x0031FD33+27651]
	(No symbol) [0x002B5554]
	(No symbol) [0x001B195D]
	(No symbol) [0x0023C93E]
	(No symbol) [0x0021390C]
	(No symbol) [0x0022CA7D]
	(No symbol) [0x002136A6]
	(No symbol) [0x001E74E1]
	(No symbol) [0x001E805D]
	GetHandleVerifier [0x005D6613+2872547]
	GetHandleVerifier [0x0062BADD+3221933]
	GetHandleVerifier [0x003A2A94+563556]
	GetHandleVerifier [0x003A9DCC+593052]
	(No symbol) [0x002BE3A4]
	(No symbol) [0x002BAE08]
	(No symbol) [0x002BAFA7]
	(No symbol) [0x002AD0AE]
	BaseThreadInitThunk [0x76AD7BA9+25]
	RtlInitializeExceptionChain [0x77ADC0CB+107]
	RtlClearBits [0x77ADC04F+191]
	(No symbol) [0x00000000]

2024-12-05 10:19:30,342 [ERROR] bit_browser_manager.py:75 - 设置语言偏好时发生错误: Message: unknown error: unhandled inspector error: {"code":-32000,"message":"Another locale override is already in effect"}
  (Session info: chrome=126.0.6478.255)
Stacktrace:
	GetHandleVerifier [0x0031FD33+27651]
	(No symbol) [0x002B5554]
	(No symbol) [0x001B1ADF]
	(No symbol) [0x0019CF7D]
	(No symbol) [0x0019BC03]
	(No symbol) [0x0019C35D]
	(No symbol) [0x0019C2F8]
	(No symbol) [0x001B4804]
	(No symbol) [0x00237381]
	(No symbol) [0x0021390C]
	(No symbol) [0x0022CA7D]
	(No symbol) [0x002136A6]
	(No symbol) [0x001E74E1]
	(No symbol) [0x001E805D]
	GetHandleVerifier [0x005D6613+2872547]
	GetHandleVerifier [0x0062BADD+3221933]
	GetHandleVerifier [0x003A2A94+563556]
	GetHandleVerifier [0x003A9DCC+593052]
	(No symbol) [0x002BE3A4]
	(No symbol) [0x002BAE08]
	(No symbol) [0x002BAFA7]
	(No symbol) [0x002AD0AE]
	BaseThreadInitThunk [0x76AD7BA9+25]
	RtlInitializeExceptionChain [0x77ADC0CB+107]
	RtlClearBits [0x77ADC04F+191]
	(No symbol) [0x00000000]

2024-12-05 10:19:30,342 [INFO] bit_browser_manager.py:244 - 正在导航到: https://www.airbnb.co.nz/rooms/43435162
2024-12-05 10:19:30,569 [INFO] bit_browser_manager.py:252 - 成功加载页面: https://www.airbnb.co.nz/rooms/43435162
2024-12-05 10:19:30,569 [INFO] advanced_analyzer.py:198 - 
开始分析房源: https://www.airbnb.co.nz/rooms/43435162
2024-12-05 10:19:30,569 [INFO] airbnb_calendar_checker.py:27 - 开始检查房源日历: https://www.airbnb.co.nz/rooms/43435162
2024-12-05 10:19:30,572 [INFO] bit_browser_manager.py:56 - 成功设置 locale cookie
2024-12-05 10:19:30,575 [INFO] bit_browser_manager.py:56 - 成功设置 currency cookie
2024-12-05 10:19:30,577 [ERROR] bit_browser_manager.py:75 - 设置语言偏好时发生错误: Message: unknown error: unhandled inspector error: {"code":-32000,"message":"Another locale override is already in effect"}
  (Session info: chrome=126.0.6478.255)
Stacktrace:
	GetHandleVerifier [0x0031FD33+27651]
	(No symbol) [0x002B5554]
	(No symbol) [0x001B1ADF]
	(No symbol) [0x0019CF7D]
	(No symbol) [0x0019BC03]
	(No symbol) [0x0019C35D]
	(No symbol) [0x0019C2F8]
	(No symbol) [0x001B4804]
	(No symbol) [0x00237381]
	(No symbol) [0x0021390C]
	(No symbol) [0x0022CA7D]
	(No symbol) [0x002136A6]
	(No symbol) [0x001E74E1]
	(No symbol) [0x001E805D]
	GetHandleVerifier [0x005D6613+2872547]
	GetHandleVerifier [0x0062BADD+3221933]
	GetHandleVerifier [0x003A2A94+563556]
	GetHandleVerifier [0x003A9DCC+593052]
	(No symbol) [0x002BE3A4]
	(No symbol) [0x002BAE08]
	(No symbol) [0x002BAFA7]
	(No symbol) [0x002AD0AE]
	BaseThreadInitThunk [0x76AD7BA9+25]
	RtlInitializeExceptionChain [0x77ADC0CB+107]
	RtlClearBits [0x77ADC04F+191]
	(No symbol) [0x00000000]

2024-12-05 10:19:30,679 [INFO] airbnb_calendar_checker.py:35 - 页面加载中...
2024-12-05 10:19:30,680 [ERROR] airbnb_calendar_checker.py:238 - 检查日历时发生错误: 'BitBrowserManager' object has no attribute 'close_translation_modal'
2024-12-05 10:19:30,680 [ERROR] advanced_analyzer.py:204 - 获取日历数据失败: https://www.airbnb.co.nz/rooms/43435162
2024-12-05 10:19:30,680 [ERROR] advanced_analyzer.py:326 - 处理 Room ID 43435162 时发生错误: 'BitBrowserManager' object has no attribute 'close_tab'
2024-12-05 10:19:30,680 [INFO] advanced_analyzer.py:307 - 线程 #1 开始处理 Room ID: 1255600611300259176
2024-12-05 10:19:31,278 [ERROR] bit_browser_manager.py:58 - 设置 locale cookie失败: Message: invalid cookie domain
  (Session info: chrome=126.0.6478.255)
Stacktrace:
	GetHandleVerifier [0x0031FD33+27651]
	(No symbol) [0x002B5554]
	(No symbol) [0x001B195D]
	(No symbol) [0x0023C93E]
	(No symbol) [0x0021390C]
	(No symbol) [0x0022CA7D]
	(No symbol) [0x002136A6]
	(No symbol) [0x001E74E1]
	(No symbol) [0x001E805D]
	GetHandleVerifier [0x005D6613+2872547]
	GetHandleVerifier [0x0062BADD+3221933]
	GetHandleVerifier [0x003A2A94+563556]
	GetHandleVerifier [0x003A9DCC+593052]
	(No symbol) [0x002BE3A4]
	(No symbol) [0x002BAE08]
	(No symbol) [0x002BAFA7]
	(No symbol) [0x002AD0AE]
	BaseThreadInitThunk [0x76AD7BA9+25]
	RtlInitializeExceptionChain [0x77ADC0CB+107]
	RtlClearBits [0x77ADC04F+191]
	(No symbol) [0x00000000]

2024-12-05 10:19:31,280 [ERROR] bit_browser_manager.py:58 - 设置 currency cookie失败: Message: invalid cookie domain
  (Session info: chrome=126.0.6478.255)
Stacktrace:
	GetHandleVerifier [0x0031FD33+27651]
	(No symbol) [0x002B5554]
	(No symbol) [0x001B195D]
	(No symbol) [0x0023C93E]
	(No symbol) [0x0021390C]
	(No symbol) [0x0022CA7D]
	(No symbol) [0x002136A6]
	(No symbol) [0x001E74E1]
	(No symbol) [0x001E805D]
	GetHandleVerifier [0x005D6613+2872547]
	GetHandleVerifier [0x0062BADD+3221933]
	GetHandleVerifier [0x003A2A94+563556]
	GetHandleVerifier [0x003A9DCC+593052]
	(No symbol) [0x002BE3A4]
	(No symbol) [0x002BAE08]
	(No symbol) [0x002BAFA7]
	(No symbol) [0x002AD0AE]
	BaseThreadInitThunk [0x76AD7BA9+25]
	RtlInitializeExceptionChain [0x77ADC0CB+107]
	RtlClearBits [0x77ADC04F+191]
	(No symbol) [0x00000000]

2024-12-05 10:19:31,282 [ERROR] bit_browser_manager.py:75 - 设置语言偏好时发生错误: Message: unknown error: unhandled inspector error: {"code":-32000,"message":"Another locale override is already in effect"}
  (Session info: chrome=126.0.6478.255)
Stacktrace:
	GetHandleVerifier [0x0031FD33+27651]
	(No symbol) [0x002B5554]
	(No symbol) [0x001B1ADF]
	(No symbol) [0x0019CF7D]
	(No symbol) [0x0019BC03]
	(No symbol) [0x0019C35D]
	(No symbol) [0x0019C2F8]
	(No symbol) [0x001B4804]
	(No symbol) [0x00237381]
	(No symbol) [0x0021390C]
	(No symbol) [0x0022CA7D]
	(No symbol) [0x002136A6]
	(No symbol) [0x001E74E1]
	(No symbol) [0x001E805D]
	GetHandleVerifier [0x005D6613+2872547]
	GetHandleVerifier [0x0062BADD+3221933]
	GetHandleVerifier [0x003A2A94+563556]
	GetHandleVerifier [0x003A9DCC+593052]
	(No symbol) [0x002BE3A4]
	(No symbol) [0x002BAE08]
	(No symbol) [0x002BAFA7]
	(No symbol) [0x002AD0AE]
	BaseThreadInitThunk [0x76AD7BA9+25]
	RtlInitializeExceptionChain [0x77ADC0CB+107]
	RtlClearBits [0x77ADC04F+191]
	(No symbol) [0x00000000]

2024-12-05 10:19:31,282 [INFO] bit_browser_manager.py:244 - 正在导航到: https://www.airbnb.co.nz/rooms/1255600611300259176
2024-12-05 10:19:31,412 [INFO] bit_browser_manager.py:252 - 成功加载页面: https://www.airbnb.co.nz/rooms/1255600611300259176
2024-12-05 10:19:31,413 [INFO] advanced_analyzer.py:198 - 
开始分析房源: https://www.airbnb.co.nz/rooms/1255600611300259176
2024-12-05 10:19:31,413 [INFO] airbnb_calendar_checker.py:27 - 开始检查房源日历: https://www.airbnb.co.nz/rooms/1255600611300259176
2024-12-05 10:19:31,417 [INFO] bit_browser_manager.py:56 - 成功设置 locale cookie
2024-12-05 10:19:31,421 [INFO] bit_browser_manager.py:56 - 成功设置 currency cookie
2024-12-05 10:19:31,424 [ERROR] bit_browser_manager.py:75 - 设置语言偏好时发生错误: Message: unknown error: unhandled inspector error: {"code":-32000,"message":"Another locale override is already in effect"}
  (Session info: chrome=126.0.6478.255)
Stacktrace:
	GetHandleVerifier [0x0031FD33+27651]
	(No symbol) [0x002B5554]
	(No symbol) [0x001B1ADF]
	(No symbol) [0x0019CF7D]
	(No symbol) [0x0019BC03]
	(No symbol) [0x0019C35D]
	(No symbol) [0x0019C2F8]
	(No symbol) [0x001B4804]
	(No symbol) [0x00237381]
	(No symbol) [0x0021390C]
	(No symbol) [0x0022CA7D]
	(No symbol) [0x002136A6]
	(No symbol) [0x001E74E1]
	(No symbol) [0x001E805D]
	GetHandleVerifier [0x005D6613+2872547]
	GetHandleVerifier [0x0062BADD+3221933]
	GetHandleVerifier [0x003A2A94+563556]
	GetHandleVerifier [0x003A9DCC+593052]
	(No symbol) [0x002BE3A4]
	(No symbol) [0x002BAE08]
	(No symbol) [0x002BAFA7]
	(No symbol) [0x002AD0AE]
	BaseThreadInitThunk [0x76AD7BA9+25]
	RtlInitializeExceptionChain [0x77ADC0CB+107]
	RtlClearBits [0x77ADC04F+191]
	(No symbol) [0x00000000]

2024-12-05 10:19:31,532 [INFO] airbnb_calendar_checker.py:35 - 页面加载中...
2024-12-05 10:19:31,533 [ERROR] airbnb_calendar_checker.py:238 - 检查日历时发生错误: 'BitBrowserManager' object has no attribute 'close_translation_modal'
2024-12-05 10:19:31,533 [ERROR] advanced_analyzer.py:204 - 获取日历数据失败: https://www.airbnb.co.nz/rooms/1255600611300259176
2024-12-05 10:19:31,533 [ERROR] advanced_analyzer.py:326 - 处理 Room ID 1255600611300259176 时发生错误: 'BitBrowserManager' object has no attribute 'close_tab'
2024-12-05 10:19:33,579 [INFO] advanced_analyzer.py:427 - === 程序执行完成 ===
