2024-11-14 16:20:33,886 [INFO] advanced_analyzer.py:473 - === 开始Airbnb数据收集程序 ===
2024-11-14 16:20:34,064 [INFO] advanced_analyzer.py:50 - 成功读取 6 个房间ID
2024-11-14 16:20:34,065 [INFO] advanced_analyzer.py:484 - 生成 6 个URL
2024-11-14 16:20:34,065 [INFO] advanced_analyzer.py:488 - 创建数据目录: data/airbnb_data_20241114_162034
2024-11-14 16:20:34,065 [INFO] advanced_analyzer.py:355 - === 开始批量分析房源 ===
2024-11-14 16:20:34,065 [INFO] advanced_analyzer.py:364 - 设置并发线程数: 1
2024-11-14 16:20:34,066 [INFO] advanced_analyzer.py:158 - 正在从 https://github.com/mozilla/geckodriver/releases/download/v0.33.0/geckodriver-v0.33.0-win64.zip 下载GeckoDriver...
2024-11-14 16:20:35,647 [INFO] advanced_analyzer.py:168 - GeckoDriver已下载并解压到: C:\GitWork\Airbnb data Analyst\drivers\geckodriver.exe
2024-11-14 16:20:35,647 [INFO] advanced_analyzer.py:186 - 开始初始化 Firefox WebDriver... (尝试 1/3)
2024-11-14 16:20:40,603 [INFO] advanced_analyzer.py:124 - 成功获取SOCKS5代理IP: 7731224-23ba352f:74024a8b-global-761946807@gate.kookeey.info:1000
2024-11-14 16:20:40,603 [INFO] advanced_analyzer.py:250 - 找到Firefox安装路径: C:\Program Files\Mozilla Firefox\firefox.exe
2024-11-14 16:20:45,861 [WARNING] advanced_analyzer.py:293 - 代理验证失败: Message: Reached error page: about:neterror?e=connectionFailure&u=http%3A//www.airbnb.co.nz/&c=UTF-8&d=Firefox%20%E6%97%A0%E6%B3%95%E5%BB%BA%E7%AB%8B%E5%88%B0%20www.airbnb.co.nz%20%E6%9C%8D%E5%8A%A1%E5%99%A8%E7%9A%84%E8%BF%9E%E6%8E%A5%E3%80%82
Stacktrace:
RemoteError@chrome://remote/content/shared/RemoteError.sys.mjs:8:8
WebDriverError@chrome://remote/content/shared/webdriver/Errors.sys.mjs:193:5
UnknownError@chrome://remote/content/shared/webdriver/Errors.sys.mjs:832:5
checkReadyState@chrome://remote/content/marionette/navigate.sys.mjs:58:24
onNavigation@chrome://remote/content/marionette/navigate.sys.mjs:344:39
emit@resource://gre/modules/EventEmitter.sys.mjs:148:20
receiveMessage@chrome://remote/content/marionette/actors/MarionetteEventsParent.sys.mjs:33:25

2024-11-14 16:21:08,968 [INFO] advanced_analyzer.py:186 - 开始初始化 Firefox WebDriver... (尝试 2/3)
2024-11-14 16:21:10,296 [INFO] advanced_analyzer.py:124 - 成功获取SOCKS5代理IP: 7731224-23ba352f:74024a8b-global-397589925@gate.kookeey.info:1000
2024-11-14 16:21:10,296 [INFO] advanced_analyzer.py:250 - 找到Firefox安装路径: C:\Program Files\Mozilla Firefox\firefox.exe
2024-11-14 16:21:16,359 [WARNING] advanced_analyzer.py:293 - 代理验证失败: Message: Reached error page: about:neterror?e=connectionFailure&u=http%3A//www.airbnb.co.nz/&c=UTF-8&d=Firefox%20%E6%97%A0%E6%B3%95%E5%BB%BA%E7%AB%8B%E5%88%B0%20www.airbnb.co.nz%20%E6%9C%8D%E5%8A%A1%E5%99%A8%E7%9A%84%E8%BF%9E%E6%8E%A5%E3%80%82
Stacktrace:
RemoteError@chrome://remote/content/shared/RemoteError.sys.mjs:8:8
WebDriverError@chrome://remote/content/shared/webdriver/Errors.sys.mjs:193:5
UnknownError@chrome://remote/content/shared/webdriver/Errors.sys.mjs:832:5
checkReadyState@chrome://remote/content/marionette/navigate.sys.mjs:58:24
onNavigation@chrome://remote/content/marionette/navigate.sys.mjs:344:39
emit@resource://gre/modules/EventEmitter.sys.mjs:148:20
receiveMessage@chrome://remote/content/marionette/actors/MarionetteEventsParent.sys.mjs:33:25

2024-11-14 16:21:39,395 [INFO] advanced_analyzer.py:186 - 开始初始化 Firefox WebDriver... (尝试 3/3)
2024-11-14 16:21:42,447 [INFO] advanced_analyzer.py:124 - 成功获取SOCKS5代理IP: 7731224-23ba352f:74024a8b-global-337637355@gate.kookeey.info:1000
2024-11-14 16:21:42,448 [INFO] advanced_analyzer.py:250 - 找到Firefox安装路径: C:\Program Files\Mozilla Firefox\firefox.exe
