2024-11-14 15:52:26,974 [INFO] advanced_analyzer.py:364 - === 开始Airbnb数据收集程序 ===
2024-11-14 15:52:27,158 [INFO] advanced_analyzer.py:43 - 成功读取 6 个房间ID
2024-11-14 15:52:27,158 [INFO] advanced_analyzer.py:375 - 生成 6 个URL
2024-11-14 15:52:27,158 [INFO] advanced_analyzer.py:379 - 创建数据目录: data/airbnb_data_20241114_155227
2024-11-14 15:52:27,158 [INFO] advanced_analyzer.py:246 - === 开始批量分析房源 ===
2024-11-14 15:52:27,159 [INFO] advanced_analyzer.py:255 - 设置并发线程数: 1
2024-11-14 15:52:27,159 [INFO] advanced_analyzer.py:81 - 开始初始化 Firefox WebDriver... (尝试 1/3)
2024-11-14 15:52:37,361 [WARNING] advanced_analyzer.py:94 - 获取代理IP失败，尝试重新获取: HTTPSConnectionPool(host='www.kookeey.com', port=443): Max retries exceeded with url: /pickdynamicips?auth=pwd&format=1&n=1&p=http&gate=global&g=global&r=-1&type=txt&sign=565067ae9400a1f722e83918c510c829&accessid=7731224&dl=%5Cr%5Cn&upf=1,1 (Caused by ConnectTimeoutError(<urllib3.connection.HTTPSConnection object at 0x0000027670AF4D70>, 'Connection to www.kookeey.com timed out. (connect timeout=10)'))
2024-11-14 15:52:40,152 [INFO] advanced_analyzer.py:91 - 成功获取代理IP: 7731224-23ba352f:74024a8b-global-155578953@gate.kookeey.info:1000
2024-11-14 15:52:40,153 [INFO] advanced_analyzer.py:124 - 已配置代理设置: gate.kookeey.info:1000
2024-11-14 15:52:40,153 [INFO] advanced_analyzer.py:148 - 找到Firefox安装路径: C:\Program Files\Mozilla Firefox\firefox.exe
2024-11-14 15:52:45,374 [WARNING] advanced_analyzer.py:182 - 代理验证失败: Alert Text: None
Message: Unexpected promptUserAndPass dialog detected. Performed handler "dismiss"
Stacktrace:
RemoteError@chrome://remote/content/shared/RemoteError.sys.mjs:8:8
WebDriverError@chrome://remote/content/shared/webdriver/Errors.sys.mjs:193:5
UnexpectedAlertOpenError@chrome://remote/content/shared/webdriver/Errors.sys.mjs:800:5
GeckoDriver.prototype._handleUserPrompts@chrome://remote/content/marionette/driver.sys.mjs:2962:11

2024-11-14 15:57:48,541 [INFO] advanced_analyzer.py:81 - 开始初始化 Firefox WebDriver... (尝试 2/3)
2024-11-14 15:57:50,508 [INFO] advanced_analyzer.py:91 - 成功获取代理IP: 7731224-23ba352f:74024a8b-global-522699815@gate.kookeey.info:1000
2024-11-14 15:57:50,508 [INFO] advanced_analyzer.py:124 - 已配置代理设置: gate.kookeey.info:1000
2024-11-14 15:57:50,508 [INFO] advanced_analyzer.py:148 - 找到Firefox安装路径: C:\Program Files\Mozilla Firefox\firefox.exe
2024-11-14 15:58:40,164 [ERROR] advanced_analyzer.py:190 - 初始化Firefox WebDriver失败 (尝试 2/3): ('Connection aborted.', ConnectionResetError(10054, 'An existing connection was forcibly closed by the remote host', None, 10054, None))
2024-11-14 15:59:05,638 [INFO] advanced_analyzer.py:81 - 开始初始化 Firefox WebDriver... (尝试 3/3)
2024-11-14 15:59:13,581 [INFO] advanced_analyzer.py:91 - 成功获取代理IP: 7731224-23ba352f:74024a8b-global-326088346@gate.kookeey.info:1000
2024-11-14 15:59:13,581 [INFO] advanced_analyzer.py:124 - 已配置代理设置: gate.kookeey.info:1000
2024-11-14 15:59:13,582 [INFO] advanced_analyzer.py:148 - 找到Firefox安装路径: C:\Program Files\Mozilla Firefox\firefox.exe
2024-11-14 16:00:10,840 [ERROR] advanced_analyzer.py:190 - 初始化Firefox WebDriver失败 (尝试 3/3): ('Connection aborted.', ConnectionResetError(10054, 'An existing connection was forcibly closed by the remote host', None, 10054, None))
2024-11-14 16:00:10,840 [ERROR] advanced_analyzer.py:195 - 已达到最大重试次数，初始化失败
2024-11-14 16:00:31,287 [ERROR] advanced_analyzer.py:267 - 无法为URL https://www.airbnb.co.nz/rooms/837352260137971048 初始化WebDriver
2024-11-14 16:00:31,287 [INFO] advanced_analyzer.py:81 - 开始初始化 Firefox WebDriver... (尝试 1/3)
2024-11-14 16:00:34,347 [INFO] advanced_analyzer.py:91 - 成功获取代理IP: 7731224-23ba352f:74024a8b-global-746380711@gate.kookeey.info:1000
2024-11-14 16:00:34,347 [INFO] advanced_analyzer.py:124 - 已配置代理设置: gate.kookeey.info:1000
2024-11-14 16:00:34,347 [INFO] advanced_analyzer.py:148 - 找到Firefox安装路径: C:\Program Files\Mozilla Firefox\firefox.exe
2024-11-14 16:02:18,642 [ERROR] advanced_analyzer.py:190 - 初始化Firefox WebDriver失败 (尝试 1/3): ('Connection aborted.', ConnectionResetError(10054, 'An existing connection was forcibly closed by the remote host', None, 10054, None))
2024-11-14 16:02:23,642 [INFO] advanced_analyzer.py:81 - 开始初始化 Firefox WebDriver... (尝试 2/3)
2024-11-14 16:02:29,204 [INFO] advanced_analyzer.py:91 - 成功获取代理IP: 7731224-23ba352f:74024a8b-global-792460589@gate.kookeey.info:1000
2024-11-14 16:02:29,204 [INFO] advanced_analyzer.py:124 - 已配置代理设置: gate.kookeey.info:1000
2024-11-14 16:02:29,204 [INFO] advanced_analyzer.py:148 - 找到Firefox安装路径: C:\Program Files\Mozilla Firefox\firefox.exe
2024-11-14 16:02:32,337 [ERROR] advanced_analyzer.py:190 - 初始化Firefox WebDriver失败 (尝试 2/3): Message: Service C:\Users\jiann\.wdm\drivers\geckodriver\win64\v0.35.0\geckodriver.exe unexpectedly exited. Status code was: 3221225786

2024-11-14 16:02:37,337 [INFO] advanced_analyzer.py:81 - 开始初始化 Firefox WebDriver... (尝试 3/3)
2024-11-14 16:02:45,164 [INFO] advanced_analyzer.py:91 - 成功获取代理IP: 7731224-23ba352f:74024a8b-global-625660031@gate.kookeey.info:1000
2024-11-14 16:02:45,164 [INFO] advanced_analyzer.py:124 - 已配置代理设置: gate.kookeey.info:1000
2024-11-14 16:02:45,165 [INFO] advanced_analyzer.py:148 - 找到Firefox安装路径: C:\Program Files\Mozilla Firefox\firefox.exe
2024-11-14 16:07:47,848 [ERROR] advanced_analyzer.py:190 - 初始化Firefox WebDriver失败 (尝试 3/3): [WinError 10054] An existing connection was forcibly closed by the remote host
2024-11-14 16:07:47,848 [ERROR] advanced_analyzer.py:195 - 已达到最大重试次数，初始化失败
2024-11-14 16:07:47,848 [ERROR] advanced_analyzer.py:267 - 无法为URL https://www.airbnb.co.nz/rooms/43435162 初始化WebDriver
2024-11-14 16:07:47,848 [INFO] advanced_analyzer.py:81 - 开始初始化 Firefox WebDriver... (尝试 1/3)
2024-11-14 16:07:49,665 [INFO] advanced_analyzer.py:91 - 成功获取代理IP: 7731224-23ba352f:74024a8b-global-494624566@gate.kookeey.info:1000
2024-11-14 16:07:49,665 [INFO] advanced_analyzer.py:124 - 已配置代理设置: gate.kookeey.info:1000
2024-11-14 16:07:49,665 [INFO] advanced_analyzer.py:148 - 找到Firefox安装路径: C:\Program Files\Mozilla Firefox\firefox.exe
