2024-11-14 15:45:20,687 [INFO] advanced_analyzer.py:360 - === 开始Airbnb数据收集程序 ===
2024-11-14 15:45:20,882 [INFO] advanced_analyzer.py:40 - 成功读取 6 个房间ID
2024-11-14 15:45:20,882 [INFO] advanced_analyzer.py:371 - 生成 6 个URL
2024-11-14 15:45:20,882 [INFO] advanced_analyzer.py:375 - 创建数据目录: data/airbnb_data_20241114_154520
2024-11-14 15:45:20,882 [INFO] advanced_analyzer.py:243 - === 开始批量分析房源 ===
2024-11-14 15:45:20,883 [INFO] advanced_analyzer.py:78 - 开始初始化 Firefox WebDriver... (尝试 1/3)
2024-11-14 15:45:20,883 [INFO] advanced_analyzer.py:78 - 开始初始化 Firefox WebDriver... (尝试 1/3)
2024-11-14 15:45:20,883 [INFO] advanced_analyzer.py:78 - 开始初始化 Firefox WebDriver... (尝试 1/3)
2024-11-14 15:45:20,884 [INFO] advanced_analyzer.py:78 - 开始初始化 Firefox WebDriver... (尝试 1/3)
2024-11-14 15:45:21,676 [INFO] advanced_analyzer.py:88 - 成功获取代理IP: 7731224-23ba352f:74024a8b-global-137584271@gate.kookeey.info:1000
2024-11-14 15:45:21,677 [INFO] advanced_analyzer.py:121 - 已配置代理设置: gate.kookeey.info:1000
2024-11-14 15:45:21,677 [INFO] advanced_analyzer.py:145 - 找到Firefox安装路径: C:\Program Files\Mozilla Firefox\firefox.exe
2024-11-14 15:45:22,845 [INFO] advanced_analyzer.py:88 - 成功获取代理IP: 7731224-23ba352f:74024a8b-global-744720459@gate.kookeey.info:1000
2024-11-14 15:45:22,845 [INFO] advanced_analyzer.py:121 - 已配置代理设置: gate.kookeey.info:1000
2024-11-14 15:45:22,845 [INFO] advanced_analyzer.py:145 - 找到Firefox安装路径: C:\Program Files\Mozilla Firefox\firefox.exe
2024-11-14 15:45:25,213 [INFO] advanced_analyzer.py:88 - 成功获取代理IP: 7731224-23ba352f:74024a8b-global-726550715@gate.kookeey.info:1000
2024-11-14 15:45:25,213 [INFO] advanced_analyzer.py:121 - 已配置代理设置: gate.kookeey.info:1000
2024-11-14 15:45:25,213 [INFO] advanced_analyzer.py:145 - 找到Firefox安装路径: C:\Program Files\Mozilla Firefox\firefox.exe
2024-11-14 15:45:34,126 [WARNING] advanced_analyzer.py:91 - 获取代理IP失败，尝试重新获取: HTTPSConnectionPool(host='www.kookeey.com', port=443): Read timed out. (read timeout=10)
2024-11-14 15:45:40,507 [INFO] advanced_analyzer.py:88 - 成功获取代理IP: 7731224-23ba352f:74024a8b-global-613123762@gate.kookeey.info:1000
2024-11-14 15:45:40,507 [INFO] advanced_analyzer.py:121 - 已配置代理设置: gate.kookeey.info:1000
2024-11-14 15:45:40,507 [INFO] advanced_analyzer.py:145 - 找到Firefox安装路径: C:\Program Files\Mozilla Firefox\firefox.exe
2024-11-14 15:47:25,450 [ERROR] advanced_analyzer.py:187 - 初始化Firefox WebDriver失败 (尝试 1/3): ('Connection aborted.', ConnectionResetError(10054, 'An existing connection was forcibly closed by the remote host', None, 10054, None))
2024-11-14 15:47:25,451 [ERROR] advanced_analyzer.py:187 - 初始化Firefox WebDriver失败 (尝试 1/3): ('Connection aborted.', ConnectionResetError(10054, 'An existing connection was forcibly closed by the remote host', None, 10054, None))
2024-11-14 15:47:25,451 [ERROR] advanced_analyzer.py:187 - 初始化Firefox WebDriver失败 (尝试 1/3): ('Connection aborted.', ConnectionResetError(10054, 'An existing connection was forcibly closed by the remote host', None, 10054, None))
2024-11-14 15:47:25,451 [ERROR] advanced_analyzer.py:187 - 初始化Firefox WebDriver失败 (尝试 1/3): ('Connection aborted.', ConnectionResetError(10054, 'An existing connection was forcibly closed by the remote host', None, 10054, None))
2024-11-14 15:47:30,451 [INFO] advanced_analyzer.py:78 - 开始初始化 Firefox WebDriver... (尝试 2/3)
2024-11-14 15:47:30,451 [INFO] advanced_analyzer.py:78 - 开始初始化 Firefox WebDriver... (尝试 2/3)
2024-11-14 15:47:30,451 [INFO] advanced_analyzer.py:78 - 开始初始化 Firefox WebDriver... (尝试 2/3)
2024-11-14 15:47:30,451 [INFO] advanced_analyzer.py:78 - 开始初始化 Firefox WebDriver... (尝试 2/3)
2024-11-14 15:47:31,775 [INFO] advanced_analyzer.py:88 - 成功获取代理IP: 7731224-23ba352f:74024a8b-global-422367517@gate.kookeey.info:1000
2024-11-14 15:47:31,776 [INFO] advanced_analyzer.py:121 - 已配置代理设置: gate.kookeey.info:1000
2024-11-14 15:47:31,776 [INFO] advanced_analyzer.py:145 - 找到Firefox安装路径: C:\Program Files\Mozilla Firefox\firefox.exe
2024-11-14 15:47:31,778 [INFO] advanced_analyzer.py:88 - 成功获取代理IP: 7731224-23ba352f:74024a8b-global-990709414@gate.kookeey.info:1000
2024-11-14 15:47:31,778 [INFO] advanced_analyzer.py:121 - 已配置代理设置: gate.kookeey.info:1000
2024-11-14 15:47:31,778 [INFO] advanced_analyzer.py:145 - 找到Firefox安装路径: C:\Program Files\Mozilla Firefox\firefox.exe
2024-11-14 15:47:39,514 [INFO] advanced_analyzer.py:88 - 成功获取代理IP: 7731224-23ba352f:74024a8b-global-182476149@gate.kookeey.info:1000
2024-11-14 15:47:39,514 [INFO] advanced_analyzer.py:121 - 已配置代理设置: gate.kookeey.info:1000
2024-11-14 15:47:39,514 [INFO] advanced_analyzer.py:145 - 找到Firefox安装路径: C:\Program Files\Mozilla Firefox\firefox.exe
2024-11-14 15:47:39,542 [INFO] advanced_analyzer.py:88 - 成功获取代理IP: 7731224-23ba352f:74024a8b-global-106346436@gate.kookeey.info:1000
2024-11-14 15:47:39,542 [INFO] advanced_analyzer.py:121 - 已配置代理设置: gate.kookeey.info:1000
2024-11-14 15:47:39,542 [INFO] advanced_analyzer.py:145 - 找到Firefox安装路径: C:\Program Files\Mozilla Firefox\firefox.exe
2024-11-14 15:47:46,803 [ERROR] advanced_analyzer.py:187 - 初始化Firefox WebDriver失败 (尝试 2/3): ('Connection aborted.', ConnectionResetError(10054, 'An existing connection was forcibly closed by the remote host', None, 10054, None))
2024-11-14 15:47:46,803 [ERROR] advanced_analyzer.py:187 - 初始化Firefox WebDriver失败 (尝试 2/3): ('Connection aborted.', ConnectionResetError(10054, 'An existing connection was forcibly closed by the remote host', None, 10054, None))
2024-11-14 15:47:51,804 [INFO] advanced_analyzer.py:78 - 开始初始化 Firefox WebDriver... (尝试 3/3)
2024-11-14 15:47:51,804 [INFO] advanced_analyzer.py:78 - 开始初始化 Firefox WebDriver... (尝试 3/3)
2024-11-14 15:47:53,116 [INFO] advanced_analyzer.py:88 - 成功获取代理IP: 7731224-23ba352f:74024a8b-global-818286585@gate.kookeey.info:1000
2024-11-14 15:47:53,116 [INFO] advanced_analyzer.py:121 - 已配置代理设置: gate.kookeey.info:1000
2024-11-14 15:47:53,116 [INFO] advanced_analyzer.py:145 - 找到Firefox安装路径: C:\Program Files\Mozilla Firefox\firefox.exe
2024-11-14 15:47:56,242 [ERROR] advanced_analyzer.py:187 - 初始化Firefox WebDriver失败 (尝试 3/3): Message: Service C:\Users\jiann\.wdm\drivers\geckodriver\win64\v0.35.0\geckodriver.exe unexpectedly exited. Status code was: 3221225786

2024-11-14 15:47:56,242 [ERROR] advanced_analyzer.py:192 - 已达到最大重试次数，初始化失败
2024-11-14 15:47:56,242 [ERROR] advanced_analyzer.py:263 - 无法为URL https://www.airbnb.co.nz/rooms/43435162 初始化WebDriver
2024-11-14 15:47:56,242 [INFO] advanced_analyzer.py:78 - 开始初始化 Firefox WebDriver... (尝试 1/3)
2024-11-14 15:47:57,595 [ERROR] advanced_analyzer.py:187 - 初始化Firefox WebDriver失败 (尝试 2/3): ('Connection aborted.', ConnectionResetError(10054, 'An existing connection was forcibly closed by the remote host', None, 10054, None))
2024-11-14 15:47:57,595 [ERROR] advanced_analyzer.py:187 - 初始化Firefox WebDriver失败 (尝试 2/3): ('Connection aborted.', ConnectionResetError(10054, 'An existing connection was forcibly closed by the remote host', None, 10054, None))
2024-11-14 15:48:00,430 [INFO] advanced_analyzer.py:88 - 成功获取代理IP: 7731224-23ba352f:74024a8b-global-516233729@gate.kookeey.info:1000
2024-11-14 15:48:00,430 [INFO] advanced_analyzer.py:121 - 已配置代理设置: gate.kookeey.info:1000
2024-11-14 15:48:00,430 [INFO] advanced_analyzer.py:145 - 找到Firefox安装路径: C:\Program Files\Mozilla Firefox\firefox.exe
2024-11-14 15:48:02,595 [INFO] advanced_analyzer.py:78 - 开始初始化 Firefox WebDriver... (尝试 3/3)
2024-11-14 15:48:02,595 [INFO] advanced_analyzer.py:78 - 开始初始化 Firefox WebDriver... (尝试 3/3)
2024-11-14 15:48:05,131 [INFO] advanced_analyzer.py:88 - 成功获取代理IP: 7731224-23ba352f:74024a8b-global-921763253@gate.kookeey.info:1000
2024-11-14 15:48:05,132 [INFO] advanced_analyzer.py:121 - 已配置代理设置: gate.kookeey.info:1000
2024-11-14 15:48:05,132 [INFO] advanced_analyzer.py:145 - 找到Firefox安装路径: C:\Program Files\Mozilla Firefox\firefox.exe
2024-11-14 15:48:09,711 [WARNING] advanced_analyzer.py:91 - 获取代理IP失败，尝试重新获取: HTTPSConnectionPool(host='www.kookeey.com', port=443): Read timed out. (read timeout=10)
2024-11-14 15:48:12,825 [WARNING] advanced_analyzer.py:91 - 获取代理IP失败，尝试重新获取: HTTPSConnectionPool(host='www.kookeey.com', port=443): Read timed out. (read timeout=10)
2024-11-14 15:48:17,735 [ERROR] advanced_analyzer.py:187 - 初始化Firefox WebDriver失败 (尝试 3/3): ('Connection aborted.', ConnectionResetError(10054, 'An existing connection was forcibly closed by the remote host', None, 10054, None))
2024-11-14 15:48:17,735 [ERROR] advanced_analyzer.py:192 - 已达到最大重试次数，初始化失败
2024-11-14 15:48:17,735 [ERROR] advanced_analyzer.py:263 - 无法为URL https://www.airbnb.co.nz/rooms/49525472 初始化WebDriver
2024-11-14 15:48:17,735 [INFO] advanced_analyzer.py:78 - 开始初始化 Firefox WebDriver... (尝试 1/3)
2024-11-14 15:48:19,528 [INFO] advanced_analyzer.py:88 - 成功获取代理IP: 7731224-23ba352f:74024a8b-global-487988306@gate.kookeey.info:1000
2024-11-14 15:48:19,528 [INFO] advanced_analyzer.py:121 - 已配置代理设置: gate.kookeey.info:1000
2024-11-14 15:48:19,528 [INFO] advanced_analyzer.py:145 - 找到Firefox安装路径: C:\Program Files\Mozilla Firefox\firefox.exe
2024-11-14 15:48:20,747 [INFO] advanced_analyzer.py:88 - 成功获取代理IP: 7731224-23ba352f:74024a8b-global-998826311@gate.kookeey.info:1000
2024-11-14 15:48:20,747 [INFO] advanced_analyzer.py:121 - 已配置代理设置: gate.kookeey.info:1000
2024-11-14 15:48:20,747 [INFO] advanced_analyzer.py:145 - 找到Firefox安装路径: C:\Program Files\Mozilla Firefox\firefox.exe
2024-11-14 15:48:22,750 [ERROR] advanced_analyzer.py:187 - 初始化Firefox WebDriver失败 (尝试 3/3): HTTPConnectionPool(host='localhost', port=63846): Max retries exceeded with url: /session (Caused by NewConnectionError('<urllib3.connection.HTTPConnection object at 0x000001BB15684AF0>: Failed to establish a new connection: [WinError 10061] No connection could be made because the target machine actively refused it'))
2024-11-14 15:48:22,750 [ERROR] advanced_analyzer.py:192 - 已达到最大重试次数，初始化失败
2024-11-14 15:48:22,750 [ERROR] advanced_analyzer.py:263 - 无法为URL https://www.airbnb.co.nz/rooms/837352260137971048 初始化WebDriver
2024-11-14 15:48:24,841 [WARNING] advanced_analyzer.py:91 - 获取代理IP失败，尝试重新获取: HTTPSConnectionPool(host='www.kookeey.com', port=443): Max retries exceeded with url: /pickdynamicips?auth=pwd&format=1&n=1&p=http&gate=global&g=global&r=-1&type=txt&sign=565067ae9400a1f722e83918c510c829&accessid=7731224&dl=%5Cr%5Cn&upf=1,1 (Caused by ConnectTimeoutError(<urllib3.connection.HTTPSConnection object at 0x000001BB1563E210>, 'Connection to www.kookeey.com timed out. (connect timeout=10)'))
2024-11-14 15:48:26,842 [ERROR] advanced_analyzer.py:95 - 无法获取有效的代理IP
2024-11-14 15:48:26,842 [ERROR] advanced_analyzer.py:263 - 无法为URL https://www.airbnb.co.nz/rooms/830193102361409290 初始化WebDriver
2024-11-14 15:48:34,163 [ERROR] advanced_analyzer.py:187 - 初始化Firefox WebDriver失败 (尝试 1/3): ('Connection aborted.', ConnectionResetError(10054, 'An existing connection was forcibly closed by the remote host', None, 10054, None))
2024-11-14 15:48:34,163 [ERROR] advanced_analyzer.py:187 - 初始化Firefox WebDriver失败 (尝试 1/3): ('Connection aborted.', ConnectionResetError(10054, 'An existing connection was forcibly closed by the remote host', None, 10054, None))
2024-11-14 15:48:39,164 [INFO] advanced_analyzer.py:78 - 开始初始化 Firefox WebDriver... (尝试 2/3)
2024-11-14 15:48:39,164 [INFO] advanced_analyzer.py:78 - 开始初始化 Firefox WebDriver... (尝试 2/3)
2024-11-14 15:48:41,264 [INFO] advanced_analyzer.py:88 - 成功获取代理IP: 7731224-23ba352f:74024a8b-global-847235136@gate.kookeey.info:1000
2024-11-14 15:48:41,264 [INFO] advanced_analyzer.py:121 - 已配置代理设置: gate.kookeey.info:1000
2024-11-14 15:48:41,264 [INFO] advanced_analyzer.py:145 - 找到Firefox安装路径: C:\Program Files\Mozilla Firefox\firefox.exe
2024-11-14 15:48:41,269 [INFO] advanced_analyzer.py:88 - 成功获取代理IP: 7731224-23ba352f:74024a8b-global-762166967@gate.kookeey.info:1000
2024-11-14 15:48:41,270 [INFO] advanced_analyzer.py:121 - 已配置代理设置: gate.kookeey.info:1000
2024-11-14 15:48:41,270 [INFO] advanced_analyzer.py:145 - 找到Firefox安装路径: C:\Program Files\Mozilla Firefox\firefox.exe
2024-11-14 15:49:05,887 [ERROR] advanced_analyzer.py:187 - 初始化Firefox WebDriver失败 (尝试 2/3): HTTPConnectionPool(host='localhost', port=63966): Max retries exceeded with url: /session (Caused by NewConnectionError('<urllib3.connection.HTTPConnection object at 0x000001BB15685E10>: Failed to establish a new connection: [WinError 10061] No connection could be made because the target machine actively refused it'))
2024-11-14 15:49:10,887 [INFO] advanced_analyzer.py:78 - 开始初始化 Firefox WebDriver... (尝试 3/3)
2024-11-14 15:49:12,218 [INFO] advanced_analyzer.py:88 - 成功获取代理IP: 7731224-23ba352f:74024a8b-global-899509106@gate.kookeey.info:1000
2024-11-14 15:49:12,218 [INFO] advanced_analyzer.py:121 - 已配置代理设置: gate.kookeey.info:1000
2024-11-14 15:49:12,218 [INFO] advanced_analyzer.py:145 - 找到Firefox安装路径: C:\Program Files\Mozilla Firefox\firefox.exe
2024-11-14 15:49:22,822 [ERROR] advanced_analyzer.py:187 - 初始化Firefox WebDriver失败 (尝试 2/3): Message: Service C:\Users\jiann\.wdm\drivers\geckodriver\win64\v0.35.0\geckodriver.exe unexpectedly exited. Status code was: 3221225786

2024-11-14 15:49:23,697 [ERROR] advanced_analyzer.py:187 - 初始化Firefox WebDriver失败 (尝试 3/3): ('Connection aborted.', ConnectionResetError(10054, 'An existing connection was forcibly closed by the remote host', None, 10054, None))
2024-11-14 15:49:23,697 [ERROR] advanced_analyzer.py:192 - 已达到最大重试次数，初始化失败
2024-11-14 15:49:23,697 [ERROR] advanced_analyzer.py:263 - 无法为URL https://www.airbnb.co.nz/rooms/716883705085875481 初始化WebDriver
2024-11-14 15:49:23,697 [INFO] advanced_analyzer.py:430 - === 程序执行完成 ===
2024-11-14 15:49:27,823 [INFO] advanced_analyzer.py:78 - 开始初始化 Firefox WebDriver... (尝试 3/3)
2024-11-14 15:49:36,371 [INFO] advanced_analyzer.py:88 - 成功获取代理IP: 7731224-23ba352f:74024a8b-global-920248346@gate.kookeey.info:1000
2024-11-14 15:49:36,372 [INFO] advanced_analyzer.py:121 - 已配置代理设置: gate.kookeey.info:1000
2024-11-14 15:49:36,372 [INFO] advanced_analyzer.py:145 - 找到Firefox安装路径: C:\Program Files\Mozilla Firefox\firefox.exe
2024-11-14 15:50:32,093 [ERROR] advanced_analyzer.py:187 - 初始化Firefox WebDriver失败 (尝试 3/3): ('Connection aborted.', ConnectionResetError(10054, 'An existing connection was forcibly closed by the remote host', None, 10054, None))
2024-11-14 15:50:32,093 [ERROR] advanced_analyzer.py:192 - 已达到最大重试次数，初始化失败
2024-11-14 15:50:32,093 [ERROR] advanced_analyzer.py:263 - 无法为URL https://www.airbnb.co.nz/rooms/969823904189469776 初始化WebDriver
