2024-11-15 11:06:55,945 [INFO] advanced_analyzer.py:358 - === 开始Airbnb数据收集程序 ===
2024-11-15 11:06:56,115 [INFO] advanced_analyzer.py:99 - 成功读取 6 个房间ID
2024-11-15 11:06:56,115 [INFO] advanced_analyzer.py:369 - 生成 6 个URL
2024-11-15 11:06:56,115 [INFO] advanced_analyzer.py:373 - 创建数据目录: data/airbnb_data_20241115_110656
2024-11-15 11:06:56,115 [INFO] advanced_analyzer.py:239 - === 开始批量分析房源 ===
2024-11-15 11:06:56,115 [INFO] advanced_analyzer.py:248 - 设置并发线程数: 1
2024-11-15 11:06:56,116 [INFO] advanced_analyzer.py:168 - 开始初始化BitBrowser...
2024-11-15 11:06:56,120 [ERROR] bit_browser_manager.py:218 - 获取浏览器列表失败，状态码: 404
2024-11-15 11:06:58,120 [INFO] bit_browser_manager.py:44 - 正在创建浏览器配置，请求数据: {
  "name": "airbnb_browser_1731622018",
  "remark": "Airbnb\u6570\u636e\u91c7\u96c6",
  "proxyMethod": 2,
  "proxyType": "http",
  "host": "38.kookeey.info",
  "port": "7426",
  "proxyUserName": "23ba352f",
  "proxyUserPwd": "74024a8b",
  "browserFingerPrint": {
    "coreVersion": "104"
  }
}
2024-11-15 11:07:00,255 [INFO] bit_browser_manager.py:52 - API响应状态码: 200
2024-11-15 11:07:00,255 [INFO] bit_browser_manager.py:53 - API响应头: {'Access-Control-Allow-Origin': '*', 'Access-Control-Allow-Methods': '*', 'Access-Control-Allow-Headers': '*', 'Content-Type': 'application/json; charset=utf-8', 'Content-Length': '8447', 'Date': 'Thu, 14 Nov 2024 22:07:00 GMT', 'Connection': 'keep-alive', 'Keep-Alive': 'timeout=5'}
2024-11-15 11:07:00,256 [INFO] bit_browser_manager.py:56 - API响应内容: {
  "success": true,
  "data": {
    "id": "8dd6175e8a2340e78148bd4f8fb775ee",
    "seq": 2,
    "code": "20241115060700879",
    "platform": "",
    "platformIcon": "",
    "url": "",
    "name": "airbnb_browser_1731622018",
    "userName": "",
    "password": "",
    "cookie": "",
    "otherCookie": "",
    "isGlobalProxyInfo": false,
    "isIpv6": false,
    "proxyMethod": 2,
    "proxyType": "http",
    "agentId": "",
    "ipCheckService": "ip123in",
    "host": "38.kookeey.info",
    "port": 7426,
    "proxyUserName": "23ba352f",
    "proxyPassword": "",
    "lastIp": "",
    "lastCountry": "",
    "isIpNoChange": false,
    "ip": "",
    "country": "",
    "province": "",
    "city": "",
    "dynamicIpUrl": "",
    "isDynamicIpChangeIp": false,
    "remark": "Airbnb\u6570\u636e\u91c7\u96c6",
    "status": 0,
    "operUserName": "",
    "isDelete": 0,
    "delReason": "",
    "isMostCommon": 0,
    "isRemove": 0,
    "tempStr": null,
    "createdBy": "2c9bc058931ee8a601932c65f12b6f6b",
    "userId": "2c9bc058931ee8a601932c65f12b6f6b",
    "createdTime": "2024-11-15 06:07:00",
    "recycleBinRemark": "",
    "mainUserId": "2c9bc058931ee8a601932c65f12b6f6b",
    "abortImage": false,
    "abortMedia": false,
    "stopWhileNetError": false,
    "stopWhileCountryChange": false,
    "syncTabs": true,
    "syncCookies": true,
    "syncIndexedDb": false,
    "syncBookmarks": false,
    "syncAuthorization": false,
    "syncHistory": false,
    "syncGoogleAccount": true,
    "allowedSignin": false,
    "syncSessions": true,
    "workbench": "localserver",
    "clearCacheFilesBeforeLaunch": false,
    "clearCookiesBeforeLaunch": false,
    "clearHistoriesBeforeLaunch": false,
    "randomFingerprint": false,
    "muteAudio": false,
    "disableGpu": false,
    "enableBackgroundMode": false,
    "abortImageMaxSize": null,
    "syncExtensions": false,
    "syncUserExtensions": false,
    "syncLocalStorage": false,
    "credentialsEnableService": false,
    "disableTranslatePopup": false,
    "stopWhileIpChange": false,
    "disableClipboard": false,
    "disableNotifications": false,
    "memorySaver": false,
    "browserFingerPrint": {
      "id": "729d8c0927384b0e97413937345be48f",
      "seq": 2,
      "coreVersion": "104",
      "browserId": "8dd6175e8a2340e78148bd4f8fb775ee",
      "ostype": "PC",
      "os": "Win32",
      "architecture": "x86",
      "osVersion": "10",
      "platformVersion": "10.0.0",
      "version": "100",
      "userAgent": "Mozilla/5.0 (Windows NT 10.0; Win64; x64) AppleWebKit/537.36 (KHTML, like Gecko) Chrome/100.0.4896.75 Safari/537.36",
      "isIpCreateTimeZone": true,
      "timeZone": "",
      "timeZoneOffset": 0,
      "ignoreHttpsErrors": false,
      "webRTC": "3",
      "position": "1",
      "isIpCreatePosition": true,
      "isIpCreateDisplayLanguage": false,
      "displayLanguages": "",
      "isIpCreateLanguage": true,
      "resolutionType": "0",
      "resolution": "1920 x 1080",
      "openWidth": 1280,
      "openHeight": 720,
      "fontType": "2",
      "font": "AppleGothic,STIXVariants,Sitka Text,Lucida Sans Unicode Regular,Impact Regular,Futura,Raanana,Zapfino,MS Sans Serif Regular,Geeza Pro",
      "canvas": "0",
      "canvasValue": "921891",
      "webGL": "0",
      "webGLValue": "591709",
      "webGLMeta": "0",
      "webGLManufacturer": "Google Inc. (NVIDIA)",
      "webGLRender": "ANGLE (NVIDIA, NVIDIA GeForce GTX 1060 3GB Direct3D9Ex vs_3_0 ps_3_0, nvldumd.dll-31.0.15.4601)",
      "audioContext": "0",
      "audioContextValue": "29",
      "mediaDevice": "1",
      "speechVoices": "0",
      "speechVoicesValue": "[{\"name\":\"Microsoft Huihui - Chinese (Simplified, PRC)\",\"default\":true,\"lang\":\"zh-CN\",\"is_remote\":false,\"voice_uri\":\"Microsoft Huihui - Chinese (Simplified, PRC)\"},{\"name\":\"Microsoft Andika - Indonesian (Indonesia)\",\"default\":false,\"lang\":\"id-ID\",\"is_remote\":false,\"voice_uri\":\"Microsoft Andika - Indonesian (Indonesia)\"},{\"name\":\"Microsoft Kangkang - Chinese (Simplified, PRC)\",\"default\":false,\"lang\":\"zh-CN\",\"is_remote\":false,\"voice_uri\":\"Microsoft Kangkang - Chinese (Simplified, PRC)\"},{\"name\":\"Microsoft Yaoyao - Chinese (Simplified, PRC)\",\"default\":false,\"lang\":\"zh-CN\",\"is_remote\":false,\"voice_uri\":\"Microsoft Yaoyao - Chinese (Simplified, PRC)\"},{\"name\":\"Google Deutsch\",\"default\":false,\"lang\":\"de-DE\",\"is_remote\":true,\"voice_uri\":\"Google Deutsch\"},{\"name\":\"Google US English\",\"default\":false,\"lang\":\"en-US\",\"is_remote\":true,\"voice_uri\":\"Google US English\"},{\"name\":\"Google UK English Female\",\"default\":false,\"lang\":\"en-GB\",\"is_remote\":true,\"voice_uri\":\"Google UK English Female\"},{\"name\":\"Google UK English Male\",\"default\":false,\"lang\":\"en-GB\",\"is_remote\":true,\"voice_uri\":\"Google UK English Male\"},{\"name\":\"Google espa\u00f1ol\",\"default\":false,\"lang\":\"es-ES\",\"is_remote\":true,\"voice_uri\":\"Google espa\u00f1ol\"},{\"name\":\"Google espa\u00f1ol de Estados Unidos\",\"default\":false,\"lang\":\"es-US\",\"is_remote\":true,\"voice_uri\":\"Google espa\u00f1ol de Estados Unidos\"},{\"name\":\"Google fran\u00e7ais\",\"default\":false,\"lang\":\"fr-FR\",\"is_remote\":true,\"voice_uri\":\"Google fran\u00e7ais\"},{\"name\":\"Google \u0939\u093f\u0928\u094d\u0926\u0940\",\"default\":false,\"lang\":\"hi-IN\",\"is_remote\":true,\"voice_uri\":\"Google \u0939\u093f\u0928\u094d\u0926\u0940\"},{\"name\":\"Google Bahasa Indonesia\",\"default\":false,\"lang\":\"id-ID\",\"is_remote\":true,\"voice_uri\":\"Google Bahasa Indonesia\"},{\"name\":\"Google italiano\",\"default\":false,\"lang\":\"it-IT\",\"is_remote\":true,\"voice_uri\":\"Google italiano\"},{\"name\":\"Google \u65e5\u672c\u8a9e\",\"default\":false,\"lang\":\"ja-JP\",\"is_remote\":true,\"voice_uri\":\"Google \u65e5\u672c\u8a9e\"},{\"name\":\"Google \ud55c\uad6d\uc758\",\"default\":false,\"lang\":\"ko-KR\",\"is_remote\":true,\"voice_uri\":\"Google \ud55c\uad6d\uc758\"},{\"name\":\"Google Nederlands\",\"default\":false,\"lang\":\"nl-NL\",\"is_remote\":true,\"voice_uri\":\"Google Nederlands\"},{\"name\":\"Google polski\",\"default\":false,\"lang\":\"pl-PL\",\"is_remote\":true,\"voice_uri\":\"Google polski\"},{\"name\":\"Google portugu\u00eas do Brasil\",\"default\":false,\"lang\":\"pt-BR\",\"is_remote\":true,\"voice_uri\":\"Google portugu\u00eas do Brasil\"},{\"name\":\"Google \u0440\u0443\u0441\u0441\u043a\u0438\u0439\",\"default\":false,\"lang\":\"ru-RU\",\"is_remote\":true,\"voice_uri\":\"Google \u0440\u0443\u0441\u0441\u043a\u0438\u0439\"},{\"name\":\"Google\u00a0\u666e\u901a\u8bdd\uff08\u4e2d\u56fd\u5927\u9646\uff09\",\"default\":false,\"lang\":\"zh-CN\",\"is_remote\":true,\"voice_uri\":\"Google\u00a0\u666e\u901a\u8bdd\uff08\u4e2d\u56fd\u5927\u9646\uff09\"},{\"name\":\"Google\u00a0\u7ca4\u8a9e\uff08\u9999\u6e2f\uff09\",\"default\":false,\"lang\":\"zh-HK\",\"is_remote\":true,\"voice_uri\":\"Google\u00a0\u7ca4\u8a9e\uff08\u9999\u6e2f\uff09\"},{\"name\":\"Google \u570b\u8a9e\uff08\u81fa\u7063\uff09\",\"default\":false,\"lang\":\"zh-TW\",\"is_remote\":true,\"voice_uri\":\"Google \u570b\u8a9e\uff08\u81fa\u7063\uff09\"}]",
      "hardwareConcurrency": "4",
      "deviceMemory": "8",
      "deviceInfoEnabled": true,
      "computerName": "DESKTOP-MAL7BZCE",
      "macAddr": "94-E6-F7-2C-18-4F",
      "clientRectNoiseEnabled": true,
      "clientRectNoiseValue": 22298,
      "doNotTrack": "1",
      "portScanProtect": "0",
      "portWhiteList": "",
      "isDelete": 0,
      "colorDepth": 24,
      "totalDiskSpace": "2861948928",
      "devicePixelRatio": 1,
      "disableSslCipherSuitesFlag": false,
      "disableSslCipherSuites": null,
      "plugins": "",
      "enablePlugins": false,
      "windowSizeLimit": true,
      "createdBy": "2c9bc058931ee8a601932c65f12b6f6b",
      "createdTime": "2024-11-15 06:07:00",
      "isValidUsername": true,
      "abortImage": false,
      "abortImageMaxSize": null,
      "abortMedia": false,
      "stopWhileNetError": false,
      "stopWhileCountryChange": false,
      "syncTabs": true,
      "syncCookies": true,
      "syncIndexedDb": false,
      "syncBookmarks": false,
      "syncAuthorization": false,
      "syncHistory": false,
      "syncGoogleAccount": false,
      "allowedSignin": false,
      "syncSessions": false,
      "workbench": "localserver",
      "clearCacheFilesBeforeLaunch": false,
      "clearCookiesBeforeLaunch": false,
      "clearHistoriesBeforeLaunch": false,
      "randomFingerprint": false,
      "muteAudio": false,
      "disableGpu": false,
      "enableBackgroundMode": false,
      "syncExtensions": false,
      "syncUserExtensions": false,
      "syncLocalStorage": false,
      "credentialsEnableService": false,
      "disableTranslatePopup": false,
      "stopWhileIpChange": false,
      "disableClipboard": false,
      "disableNotifications": false,
      "memorySaver": false,
      "coreProduct": "chrome",
      "webgpu": {
        "driver": null,
        "vendor": "nvidia",
        "description": null,
        "device": null,
        "architecture": "pascal"
      },
      "batchRandom": false,
      "batchUpdateFingerPrint": false,
      "firefoxVersionMap": {
        "120": "126,125,124,123,122,121,120,119,118,117",
        "128": "128,127,126,125"
      },
      "launchArgs": null,
      "extendOptions": null,
      "defaultAccuracy": null
    },
    "createdName": null,
    "belongUserName": null,
    "updateName": null,
    "agentIpCount": null,
    "belongToMe": false,
    "seqExport": null,
    "groupIDs": null,
    "browserShareID": null,
    "share": null,
    "shareUserName": null,
    "isShare": 0,
    "isValidUsername": false,
    "createNum": 0,
    "isRandomFinger": true,
    "remarkType": 1,
    "refreshProxyUrl": null,
    "duplicateCheck": 0,
    "ossExtend": null,
    "randomKey": null,
    "randomKeyUser": null,
    "syncBrowserAccount": null,
    "cookieBak": "",
    "passwordBak": null,
    "manual": 0,
    "proxyPasswordBak": null,
    "proxyAgreementType": null,
    "clearCacheWithoutExtensions": false,
    "syncPaymentsAndAddress": false,
    "extendIds": [],
    "isSynOpen": 1,
    "faSecretKey": null,
    "coreProduct": null,
    "ostype": null,
    "os": null,
    "sort": 0,
    "checkPassword": null
  }
}
2024-11-15 11:07:00,258 [INFO] bit_browser_manager.py:60 - 成功创建浏览器配置: 8dd6175e8a2340e78148bd4f8fb775ee
2024-11-15 11:07:02,258 [INFO] bit_browser_manager.py:81 - 正在打开浏览器，请求数据: {
  "id": "8dd6175e8a2340e78148bd4f8fb775ee"
}
2024-11-15 11:07:06,865 [INFO] bit_browser_manager.py:89 - API响应状态码: 200
2024-11-15 11:07:06,865 [INFO] bit_browser_manager.py:90 - API响应头: {'Access-Control-Allow-Origin': '*', 'Access-Control-Allow-Methods': '*', 'Access-Control-Allow-Headers': '*', 'Content-Type': 'application/json; charset=utf-8', 'Content-Length': '332', 'Date': 'Thu, 14 Nov 2024 22:07:06 GMT', 'Connection': 'keep-alive', 'Keep-Alive': 'timeout=5'}
2024-11-15 11:07:06,865 [INFO] bit_browser_manager.py:93 - API响应内容: {
  "success": true,
  "data": {
    "ws": "ws://127.0.0.1:60333/devtools/browser/74ab1340-64c8-4fb9-828d-94ec9cce8e12",
    "http": "127.0.0.1:60333",
    "coreVersion": "104",
    "driver": "C:\\Users\\jiann\\AppData\\Roaming\\BitBrowser\\chromedriver\\104\\chromedriver.exe",
    "seq": 2,
    "name": "airbnb_browser_1731622018",
    "remark": "Airbnb\u6570\u636e\u91c7\u96c6",
    "pid": 35872
  }
}
2024-11-15 11:07:06,865 [INFO] bit_browser_manager.py:99 - 获取到driver路径: C:\Users\jiann\AppData\Roaming\BitBrowser\chromedriver\104\chromedriver.exe
2024-11-15 11:07:06,865 [INFO] bit_browser_manager.py:100 - 获取到websocket地址: 127.0.0.1:60333
2024-11-15 11:07:07,417 [INFO] bit_browser_manager.py:109 - 等待3秒确保浏览器启动...
2024-11-15 11:07:10,418 [INFO] bit_browser_manager.py:250 - 正在测试代理连接...
