2024-11-04 11:50:05,713 [INFO] advanced_analyzer.py:63 - === 开始批量分析房源 ===
2024-11-04 11:50:07,425 [INFO] advanced_analyzer.py:23 - Chrome WebDriver 初始化成功
2024-11-04 11:50:07,425 [INFO] advanced_analyzer.py:71 - 
处理第 1/1 个房源
2024-11-04 11:50:07,425 [INFO] advanced_analyzer.py:29 - 
开始分析房源: https://www.airbnb.co.nz/rooms/837352260137971048
2024-11-04 11:50:07,425 [INFO] airbnb_calendar_checker.py:54 - 开始检查房源日历: https://www.airbnb.co.nz/rooms/837352260137971048
2024-11-04 11:50:14,168 [INFO] airbnb_calendar_checker.py:86 - 没有找到需要关闭的模态框或关闭失败
2024-11-04 11:50:14,257 [INFO] airbnb_calendar_checker.py:97 - 成功打开日历
2024-11-04 11:50:16,374 [INFO] airbnb_calendar_checker.py:115 - 找到 246 个日期单元格
2024-11-04 11:50:16,376 [INFO] advanced_analyzer.py:38 - 成功获取日历数据: 246 条记录
2024-11-04 11:50:16,376 [INFO] price_checker.py:154 - 开始检查房源价格: https://www.airbnb.co.nz/rooms/837352260137971048
2024-11-04 11:50:16,376 [INFO] price_checker.py:37 - 找到第一个可预订日期: 04/11/2024
2024-11-04 11:50:16,376 [INFO] price_checker.py:52 - 开始获取价格信息: https://www.airbnb.co.nz/rooms/837352260137971048
2024-11-04 11:50:16,376 [INFO] price_checker.py:57 - 入住日期: 04/11/2024, 退房日期: 06/11/2024
2024-11-04 11:50:16,377 [INFO] price_checker.py:61 - 访问URL: https://www.airbnb.co.nz/rooms/837352260137971048?check_in=04/11/2024&check_out=06/11/2024&guests=3
2024-11-04 11:50:32,342 [ERROR] price_checker.py:119 - 获取价格信息时发生错误: Message: 
Stacktrace:
	GetHandleVerifier [0x00BD38B3+24035]
	(No symbol) [0x00B5BC44]
	(No symbol) [0x00A3C2D3]
	(No symbol) [0x00A7DC86]
	(No symbol) [0x00A7DECB]
	(No symbol) [0x00ABB9D2]
	(No symbol) [0x00A9FED4]
	(No symbol) [0x00AB953F]
	(No symbol) [0x00A9FC26]
	(No symbol) [0x00A7218C]
	(No symbol) [0x00A7310D]
	GetHandleVerifier [0x00E796D3+2800643]
	GetHandleVerifier [0x00ED428E+3172286]
	GetHandleVerifier [0x00ECCEA2+3142610]
	GetHandleVerifier [0x00C76C60+692624]
	(No symbol) [0x00B64C5D]
	(No symbol) [0x00B61968]
	(No symbol) [0x00B61B00]
	(No symbol) [0x00B53FB0]
	BaseThreadInitThunk [0x769C7BA9+25]
	RtlInitializeExceptionChain [0x7748C0CB+107]
	RtlClearBits [0x7748C04F+191]

2024-11-04 11:50:32,342 [ERROR] price_checker.py:166 - 获取价格信息失败
2024-11-04 11:50:32,342 [ERROR] advanced_analyzer.py:43 - 获取价格数据失败: https://www.airbnb.co.nz/rooms/837352260137971048
2024-11-04 11:50:32,342 [INFO] advanced_analyzer.py:76 - 
分析完成，成功处理 1/1 个房源
2024-11-04 11:50:34,463 [INFO] advanced_analyzer.py:85 - 浏览器已关闭
