2024-11-14 16:08:33,053 [INFO] advanced_analyzer.py:402 - === 开始Airbnb数据收集程序 ===
2024-11-14 16:08:33,225 [INFO] advanced_analyzer.py:43 - 成功读取 6 个房间ID
2024-11-14 16:08:33,225 [INFO] advanced_analyzer.py:413 - 生成 6 个URL
2024-11-14 16:08:33,225 [INFO] advanced_analyzer.py:417 - 创建数据目录: data/airbnb_data_20241114_160833
2024-11-14 16:08:33,225 [INFO] advanced_analyzer.py:284 - === 开始批量分析房源 ===
2024-11-14 16:08:33,225 [INFO] advanced_analyzer.py:293 - 设置并发线程数: 1
2024-11-14 16:08:33,226 [INFO] advanced_analyzer.py:81 - 开始初始化 Firefox WebDriver... (尝试 1/3)
2024-11-14 16:08:34,539 [INFO] advanced_analyzer.py:92 - 成功获取SOCKS5代理IP: 7731224-23ba352f:74024a8b-global-626995229@gate.kookeey.info:1000
2024-11-14 16:08:34,539 [INFO] advanced_analyzer.py:142 - 已配置SOCKS5代理设置: gate.kookeey.info:1000
2024-11-14 16:08:34,539 [INFO] advanced_analyzer.py:168 - 找到Firefox安装路径: C:\Program Files\Mozilla Firefox\firefox.exe
2024-11-14 16:08:40,902 [WARNING] advanced_analyzer.py:213 - 使用 https://api.ipify.org?format=json 验证代理失败: Message: Reached error page: about:neterror?e=connectionFailure&u=https%3A//api.ipify.org/%3Fformat%3Djson&c=UTF-8&d=Firefox%20%E6%97%A0%E6%B3%95%E5%BB%BA%E7%AB%8B%E5%88%B0%20api.ipify.org%20%E6%9C%8D%E5%8A%A1%E5%99%A8%E7%9A%84%E8%BF%9E%E6%8E%A5%E3%80%82
Stacktrace:
RemoteError@chrome://remote/content/shared/RemoteError.sys.mjs:8:8
WebDriverError@chrome://remote/content/shared/webdriver/Errors.sys.mjs:193:5
UnknownError@chrome://remote/content/shared/webdriver/Errors.sys.mjs:832:5
checkReadyState@chrome://remote/content/marionette/navigate.sys.mjs:58:24
onNavigation@chrome://remote/content/marionette/navigate.sys.mjs:344:39
emit@resource://gre/modules/EventEmitter.sys.mjs:148:20
receiveMessage@chrome://remote/content/marionette/actors/MarionetteEventsParent.sys.mjs:33:25

2024-11-14 16:08:42,126 [WARNING] advanced_analyzer.py:213 - 使用 https://ifconfig.me/ip 验证代理失败: Message: Reached error page: about:neterror?e=connectionFailure&u=https%3A//ifconfig.me/ip&c=UTF-8&d=Firefox%20%E6%97%A0%E6%B3%95%E5%BB%BA%E7%AB%8B%E5%88%B0%20ifconfig.me%20%E6%9C%8D%E5%8A%A1%E5%99%A8%E7%9A%84%E8%BF%9E%E6%8E%A5%E3%80%82
Stacktrace:
RemoteError@chrome://remote/content/shared/RemoteError.sys.mjs:8:8
WebDriverError@chrome://remote/content/shared/webdriver/Errors.sys.mjs:193:5
UnknownError@chrome://remote/content/shared/webdriver/Errors.sys.mjs:832:5
checkReadyState@chrome://remote/content/marionette/navigate.sys.mjs:58:24
onNavigation@chrome://remote/content/marionette/navigate.sys.mjs:344:39
emit@resource://gre/modules/EventEmitter.sys.mjs:148:20
receiveMessage@chrome://remote/content/marionette/actors/MarionetteEventsParent.sys.mjs:33:25

2024-11-14 16:08:43,332 [WARNING] advanced_analyzer.py:213 - 使用 https://icanhazip.com 验证代理失败: Message: Reached error page: about:neterror?e=connectionFailure&u=https%3A//icanhazip.com/&c=UTF-8&d=Firefox%20%E6%97%A0%E6%B3%95%E5%BB%BA%E7%AB%8B%E5%88%B0%20icanhazip.com%20%E6%9C%8D%E5%8A%A1%E5%99%A8%E7%9A%84%E8%BF%9E%E6%8E%A5%E3%80%82
Stacktrace:
RemoteError@chrome://remote/content/shared/RemoteError.sys.mjs:8:8
WebDriverError@chrome://remote/content/shared/webdriver/Errors.sys.mjs:193:5
UnknownError@chrome://remote/content/shared/webdriver/Errors.sys.mjs:832:5
checkReadyState@chrome://remote/content/marionette/navigate.sys.mjs:58:24
onNavigation@chrome://remote/content/marionette/navigate.sys.mjs:344:39
emit@resource://gre/modules/EventEmitter.sys.mjs:148:20
receiveMessage@chrome://remote/content/marionette/actors/MarionetteEventsParent.sys.mjs:33:25

2024-11-14 16:08:43,332 [WARNING] advanced_analyzer.py:220 - 代理验证失败: 所有代理验证方法都失败
2024-11-14 16:09:06,393 [INFO] advanced_analyzer.py:81 - 开始初始化 Firefox WebDriver... (尝试 2/3)
2024-11-14 16:09:07,717 [INFO] advanced_analyzer.py:92 - 成功获取SOCKS5代理IP: 7731224-23ba352f:74024a8b-global-468046579@gate.kookeey.info:1000
2024-11-14 16:09:07,718 [INFO] advanced_analyzer.py:142 - 已配置SOCKS5代理设置: gate.kookeey.info:1000
2024-11-14 16:09:07,718 [INFO] advanced_analyzer.py:168 - 找到Firefox安装路径: C:\Program Files\Mozilla Firefox\firefox.exe
2024-11-14 16:09:10,855 [ERROR] advanced_analyzer.py:228 - 初始化Firefox WebDriver失败 (尝试 2/3): Message: Service C:\Users\jiann\.wdm\drivers\geckodriver\win64\v0.35.0\geckodriver.exe unexpectedly exited. Status code was: 3221225786

2024-11-14 16:09:41,315 [INFO] advanced_analyzer.py:81 - 开始初始化 Firefox WebDriver... (尝试 3/3)
