2024-11-15 10:44:24,758 [INFO] advanced_analyzer.py:358 - === 开始Airbnb数据收集程序 ===
2024-11-15 10:44:24,925 [INFO] advanced_analyzer.py:99 - 成功读取 6 个房间ID
2024-11-15 10:44:24,926 [INFO] advanced_analyzer.py:369 - 生成 6 个URL
2024-11-15 10:44:24,926 [INFO] advanced_analyzer.py:373 - 创建数据目录: data/airbnb_data_20241115_104424
2024-11-15 10:44:24,926 [INFO] advanced_analyzer.py:239 - === 开始批量分析房源 ===
2024-11-15 10:44:24,926 [INFO] advanced_analyzer.py:248 - 设置并发线程数: 1
2024-11-15 10:44:24,927 [INFO] advanced_analyzer.py:168 - 开始初始化BitBrowser...
2024-11-15 10:44:26,372 [INFO] bit_browser_manager.py:40 - 成功创建浏览器配置: 911efc1f645e4477ab4ac937b60ab7c3
2024-11-15 10:44:51,660 [INFO] bit_browser_manager.py:73 - 成功打开浏览器实例: 911efc1f645e4477ab4ac937b60ab7c3
2024-11-15 10:44:51,661 [INFO] advanced_analyzer.py:204 - 
开始分析房源: https://www.airbnb.co.nz/rooms/837352260137971048
2024-11-15 10:44:51,661 [INFO] airbnb_calendar_checker.py:70 - 开始检查房源日历: https://www.airbnb.co.nz/rooms/837352260137971048
2024-11-15 10:44:51,959 [INFO] airbnb_calendar_checker.py:75 - 页面加载中...
2024-11-15 10:44:51,963 [INFO] airbnb_calendar_checker.py:82 - 页面基本加载完成
2024-11-15 10:47:52,331 [ERROR] airbnb_calendar_checker.py:127 - 未找到日历按钮
2024-11-15 10:47:52,331 [ERROR] advanced_analyzer.py:210 - 获取日历数据失败: https://www.airbnb.co.nz/rooms/837352260137971048
2024-11-15 10:47:53,349 [INFO] bit_browser_manager.py:100 - 成功关闭浏览器实例: 911efc1f645e4477ab4ac937b60ab7c3
2024-11-15 10:47:54,432 [INFO] bit_browser_manager.py:122 - 成功删除浏览器配置: 911efc1f645e4477ab4ac937b60ab7c3
2024-11-15 10:47:56,490 [INFO] advanced_analyzer.py:168 - 开始初始化BitBrowser...
2024-11-15 10:47:57,395 [INFO] bit_browser_manager.py:40 - 成功创建浏览器配置: 67c5bae5c8be4b4ea89876715ccc6130
2024-11-15 10:48:02,135 [INFO] bit_browser_manager.py:73 - 成功打开浏览器实例: 67c5bae5c8be4b4ea89876715ccc6130
2024-11-15 10:48:02,136 [INFO] advanced_analyzer.py:204 - 
开始分析房源: https://www.airbnb.co.nz/rooms/43435162
2024-11-15 10:48:02,136 [INFO] airbnb_calendar_checker.py:70 - 开始检查房源日历: https://www.airbnb.co.nz/rooms/43435162
2024-11-15 10:48:02,444 [INFO] airbnb_calendar_checker.py:75 - 页面加载中...
2024-11-15 10:48:02,447 [INFO] airbnb_calendar_checker.py:82 - 页面基本加载完成
2024-11-15 10:48:40,173 [ERROR] airbnb_calendar_checker.py:127 - 未找到日历按钮
2024-11-15 10:48:40,173 [ERROR] advanced_analyzer.py:210 - 获取日历数据失败: https://www.airbnb.co.nz/rooms/43435162
2024-11-15 10:48:41,178 [INFO] bit_browser_manager.py:100 - 成功关闭浏览器实例: 67c5bae5c8be4b4ea89876715ccc6130
2024-11-15 10:48:42,068 [INFO] bit_browser_manager.py:122 - 成功删除浏览器配置: 67c5bae5c8be4b4ea89876715ccc6130
2024-11-15 10:48:44,087 [INFO] advanced_analyzer.py:168 - 开始初始化BitBrowser...
2024-11-15 10:48:45,003 [INFO] bit_browser_manager.py:40 - 成功创建浏览器配置: 8337c7c23d0f49b58074a9de350d559e
2024-11-15 10:48:48,713 [INFO] bit_browser_manager.py:73 - 成功打开浏览器实例: 8337c7c23d0f49b58074a9de350d559e
2024-11-15 10:48:48,714 [INFO] advanced_analyzer.py:204 - 
开始分析房源: https://www.airbnb.co.nz/rooms/830193102361409290
2024-11-15 10:48:48,714 [INFO] airbnb_calendar_checker.py:70 - 开始检查房源日历: https://www.airbnb.co.nz/rooms/830193102361409290
2024-11-15 10:48:49,025 [INFO] airbnb_calendar_checker.py:75 - 页面加载中...
2024-11-15 10:48:49,028 [INFO] airbnb_calendar_checker.py:82 - 页面基本加载完成
2024-11-15 10:48:52,788 [ERROR] airbnb_calendar_checker.py:127 - 未找到日历按钮
2024-11-15 10:48:52,788 [ERROR] advanced_analyzer.py:210 - 获取日历数据失败: https://www.airbnb.co.nz/rooms/830193102361409290
2024-11-15 10:48:53,806 [INFO] bit_browser_manager.py:100 - 成功关闭浏览器实例: 8337c7c23d0f49b58074a9de350d559e
2024-11-15 10:48:54,713 [INFO] bit_browser_manager.py:122 - 成功删除浏览器配置: 8337c7c23d0f49b58074a9de350d559e
2024-11-15 10:48:56,727 [INFO] advanced_analyzer.py:168 - 开始初始化BitBrowser...
2024-11-15 10:48:57,661 [INFO] bit_browser_manager.py:40 - 成功创建浏览器配置: 0efa488c74074b79af9cfbaf27c18583
