2024-12-05 10:44:11,928 [INFO] data_export.py:53 - 创建基础目录: data
2024-12-05 10:44:11,928 [INFO] data_export.py:58 - 创建date目录: data\by_date
2024-12-05 10:44:11,928 [INFO] data_export.py:58 - 创建room目录: data\by_room
2024-12-05 10:44:11,932 [INFO] advanced_analyzer.py:429 - === 开始Airbnb数据收集程序 ===
2024-12-05 10:44:12,100 [INFO] advanced_analyzer.py:101 - 成功读取 1 个房间ID
2024-12-05 10:44:12,100 [INFO] advanced_analyzer.py:440 - 生成 1 个URL
2024-12-05 10:44:12,101 [INFO] advanced_analyzer.py:444 - 创建数据目录: data/airbnb_data_20241205_104412
2024-12-05 10:44:12,101 [INFO] advanced_analyzer.py:266 - === 开始批量分析房源 ===
2024-12-05 10:44:12,102 [INFO] advanced_analyzer.py:275 - 设置并发线程数: 1
2024-12-05 10:44:12,127 [INFO] bit_browser_manager.py:92 - 活动浏览器响应: {
  "success": true,
  "data": {
    "34dc763412e34341a759c1ef1ec38580": 9600
  }
}
2024-12-05 10:44:13,121 [INFO] bit_browser_manager.py:117 - 找到 1 个活动浏览器
2024-12-05 10:44:13,121 [INFO] advanced_analyzer.py:291 - 
=== 可用的浏览器实例 ===
2024-12-05 10:44:13,122 [INFO] advanced_analyzer.py:293 - ID: 34dc763412e34341a759c1ef1ec38580
2024-12-05 10:44:13,122 [INFO] advanced_analyzer.py:294 - 名称: AirBnB01
2024-12-05 10:44:13,122 [INFO] advanced_analyzer.py:295 - 备注: 
2024-12-05 10:44:13,122 [INFO] advanced_analyzer.py:296 - PID: 9600

2024-12-05 10:44:13,122 [INFO] advanced_analyzer.py:311 - 
=== URL分配情况 ===
2024-12-05 10:44:13,122 [INFO] advanced_analyzer.py:313 - 线程 1 分配到 1 个URL:
2024-12-05 10:44:13,122 [INFO] advanced_analyzer.py:316 -   - Room ID: 837352260137971048
2024-12-05 10:44:13,122 [INFO] advanced_analyzer.py:327 - 线程 5488 (#1) 使用浏览器 34dc763412e34341a759c1ef1ec38580
2024-12-05 10:44:13,689 [INFO] bit_browser_manager.py:42 - 开始设置语言偏好
2024-12-05 10:44:13,691 [INFO] bit_browser_manager.py:54 - 设置语言为: en
2024-12-05 10:44:13,694 [INFO] bit_browser_manager.py:75 - 成功设置 locale cookie
2024-12-05 10:44:13,696 [INFO] bit_browser_manager.py:75 - 成功设置 currency cookie
2024-12-05 10:44:13,697 [INFO] advanced_analyzer.py:340 - 线程 #1 开始处理 Room ID: 837352260137971048
2024-12-05 10:44:14,736 [INFO] bit_browser_manager.py:42 - 开始设置语言偏好
2024-12-05 10:44:14,736 [INFO] bit_browser_manager.py:47 - 该浏览器实例已设置过语言，跳过设置
2024-12-05 10:44:14,736 [INFO] bit_browser_manager.py:252 - 正在导航到: https://www.airbnb.co.nz/rooms/837352260137971048
2024-12-05 10:44:14,736 [INFO] bit_browser_manager.py:368 - 正在加载页面: https://www.airbnb.co.nz/rooms/837352260137971048
2024-12-05 10:44:14,962 [INFO] bit_browser_manager.py:389 - 页面加载完成
2024-12-05 10:44:14,963 [ERROR] advanced_analyzer.py:359 - 处理 Room ID 837352260137971048 时发生错误: name 'analyze_listing' is not defined
2024-12-05 10:44:17,013 [INFO] advanced_analyzer.py:460 - === 程序执行完成 ===
