2024-11-04 11:55:42,214 [INFO] advanced_analyzer.py:79 - === 开始批量分析房源 ===
2024-11-04 11:55:44,012 [INFO] advanced_analyzer.py:23 - Chrome WebDriver 初始化成功
2024-11-04 11:55:44,012 [INFO] advanced_analyzer.py:87 - 
处理第 1/1 个房源
2024-11-04 11:55:44,012 [INFO] advanced_analyzer.py:29 - 
开始分析房源: https://www.airbnb.co.nz/rooms/837352260137971048
2024-11-04 11:55:44,012 [INFO] airbnb_calendar_checker.py:70 - 开始检查房源日历: https://www.airbnb.co.nz/rooms/837352260137971048
2024-11-04 11:55:51,386 [INFO] airbnb_calendar_checker.py:102 - 没有找到需要关闭的模态框或关闭失败
2024-11-04 11:55:51,469 [INFO] airbnb_calendar_checker.py:113 - 成功打开日历
2024-11-04 11:55:53,609 [INFO] airbnb_calendar_checker.py:131 - 找到 246 个日期单元格
2024-11-04 11:55:53,611 [INFO] airbnb_calendar_checker.py:169 - 收集到 246 条日历数据
2024-11-04 11:55:53,611 [INFO] airbnb_calendar_checker.py:22 - 开始导出数据到Excel...
2024-11-04 11:55:53,611 [INFO] airbnb_calendar_checker.py:32 - 处理房源ID: 837352260137971048
2024-11-04 11:55:53,611 [INFO] airbnb_calendar_checker.py:37 - 将创建文件: data/airbnb_calendar_837352260137971048_20241104_115553.xlsx
2024-11-04 11:55:53,612 [INFO] airbnb_calendar_checker.py:41 - 创建DataFrame，共 246 行数据
2024-11-04 11:55:53,809 [INFO] airbnb_calendar_checker.py:52 - 数据已成功导出到Excel文件: data/airbnb_calendar_837352260137971048_20241104_115553.xlsx
2024-11-04 11:55:53,809 [INFO] airbnb_calendar_checker.py:57 - 文件创建成功，大小: 12.88 KB
2024-11-04 11:55:53,810 [INFO] airbnb_calendar_checker.py:172 - 日历数据已成功导出到: data/airbnb_calendar_837352260137971048_20241104_115553.xlsx
2024-11-04 11:55:53,810 [INFO] advanced_analyzer.py:38 - 成功获取日历数据: 246 条记录
2024-11-04 11:55:53,810 [INFO] airbnb_calendar_checker.py:22 - 开始导出数据到Excel...
2024-11-04 11:55:53,810 [INFO] airbnb_calendar_checker.py:32 - 处理房源ID: 837352260137971048
2024-11-04 11:55:53,810 [INFO] airbnb_calendar_checker.py:37 - 将创建文件: data/airbnb_calendar_837352260137971048_20241104_115553.xlsx
2024-11-04 11:55:53,810 [INFO] airbnb_calendar_checker.py:41 - 创建DataFrame，共 246 行数据
2024-11-04 11:55:53,841 [INFO] airbnb_calendar_checker.py:52 - 数据已成功导出到Excel文件: data/airbnb_calendar_837352260137971048_20241104_115553.xlsx
2024-11-04 11:55:53,841 [INFO] airbnb_calendar_checker.py:57 - 文件创建成功，大小: 12.88 KB
2024-11-04 11:55:53,841 [INFO] advanced_analyzer.py:42 - 日历数据已导出到: data/airbnb_calendar_837352260137971048_20241104_115553.xlsx
2024-11-04 11:55:53,841 [INFO] price_checker.py:154 - 开始检查房源价格: https://www.airbnb.co.nz/rooms/837352260137971048
2024-11-04 11:55:53,841 [INFO] price_checker.py:37 - 找到第一个可预订日期: 04/11/2024
2024-11-04 11:55:53,842 [INFO] price_checker.py:52 - 开始获取价格信息: https://www.airbnb.co.nz/rooms/837352260137971048
2024-11-04 11:55:53,842 [INFO] price_checker.py:57 - 入住日期: 04/11/2024, 退房日期: 06/11/2024
2024-11-04 11:55:53,842 [INFO] price_checker.py:61 - 访问URL: https://www.airbnb.co.nz/rooms/837352260137971048?check_in=04/11/2024&check_out=06/11/2024&guests=3
2024-11-04 11:56:09,670 [ERROR] price_checker.py:119 - 获取价格信息时发生错误: Message: 
Stacktrace:
	GetHandleVerifier [0x00BD38B3+24035]
	(No symbol) [0x00B5BC44]
	(No symbol) [0x00A3C2D3]
	(No symbol) [0x00A7DC86]
	(No symbol) [0x00A7DECB]
	(No symbol) [0x00ABB9D2]
	(No symbol) [0x00A9FED4]
	(No symbol) [0x00AB953F]
	(No symbol) [0x00A9FC26]
	(No symbol) [0x00A7218C]
	(No symbol) [0x00A7310D]
	GetHandleVerifier [0x00E796D3+2800643]
	GetHandleVerifier [0x00ED428E+3172286]
	GetHandleVerifier [0x00ECCEA2+3142610]
	GetHandleVerifier [0x00C76C60+692624]
	(No symbol) [0x00B64C5D]
	(No symbol) [0x00B61968]
	(No symbol) [0x00B61B00]
	(No symbol) [0x00B53FB0]
	BaseThreadInitThunk [0x769C7BA9+25]
	RtlInitializeExceptionChain [0x7748C0CB+107]
	RtlClearBits [0x7748C04F+191]

2024-11-04 11:56:09,670 [ERROR] price_checker.py:166 - 获取价格信息失败
2024-11-04 11:56:09,671 [ERROR] advanced_analyzer.py:47 - 获取价格数据失败: https://www.airbnb.co.nz/rooms/837352260137971048
2024-11-04 11:56:09,671 [INFO] advanced_analyzer.py:65 - 
=== 日历统计信息 ===
2024-11-04 11:56:09,671 [INFO] advanced_analyzer.py:68 - 不可预订: 150天 (60.98%)
2024-11-04 11:56:09,671 [INFO] advanced_analyzer.py:68 - 可预订: 74天 (30.08%)
2024-11-04 11:56:09,671 [INFO] advanced_analyzer.py:68 - 无法选择退房日期: 22天 (8.94%)
2024-11-04 11:56:09,671 [INFO] advanced_analyzer.py:91 - 数据已保存到: data/airbnb_calendar_837352260137971048_20241104_115553.xlsx
2024-11-04 11:56:09,671 [INFO] advanced_analyzer.py:93 - 
分析完成，成功处理 1/1 个房源
2024-11-04 11:56:09,682 [INFO] advanced_analyzer.py:117 - 汇总数据已保存到: data/airbnb_summary_20241104_115609.xlsx
2024-11-04 11:56:11,794 [INFO] advanced_analyzer.py:127 - 浏览器已关闭
