2024-11-12 13:33:37,821 [INFO] advanced_analyzer.py:220 - === 开始Airbnb数据收集程序 ===
2024-11-12 13:33:37,999 [INFO] advanced_analyzer.py:36 - 成功读取 6 个房间ID
2024-11-12 13:33:37,999 [INFO] advanced_analyzer.py:231 - 生成 6 个URL
2024-11-12 13:33:38,000 [INFO] advanced_analyzer.py:235 - 创建数据目录: data/airbnb_data_20241112_133337
2024-11-12 13:33:38,000 [INFO] advanced_analyzer.py:122 - === 开始批量分析房源 ===
2024-11-12 13:33:39,989 [INFO] advanced_analyzer.py:80 - Chrome WebDriver 初始化成功
2024-11-12 13:33:39,989 [INFO] advanced_analyzer.py:135 - 
处理第 1/6 个房源
2024-11-12 13:33:39,989 [INFO] advanced_analyzer.py:87 - 
开始分析房源: https://www.airbnb.co.nz/rooms/837352260137971048
2024-11-12 13:33:39,989 [INFO] airbnb_calendar_checker.py:70 - 开始检查房源日历: https://www.airbnb.co.nz/rooms/837352260137971048
2024-11-12 13:33:40,705 [INFO] airbnb_calendar_checker.py:75 - 页面加载中...
2024-11-12 13:33:40,709 [INFO] airbnb_calendar_checker.py:82 - 页面基本加载完成
2024-11-12 13:33:55,973 [INFO] airbnb_calendar_checker.py:120 - 找到日历按钮: //button[contains(@aria-label, 'Choose')]
2024-11-12 13:33:55,977 [INFO] airbnb_calendar_checker.py:134 - 已滚动到日历按钮位置
2024-11-12 13:33:56,977 [INFO] airbnb_calendar_checker.py:139 - 日历按钮已准备就绪
2024-11-12 13:33:57,120 [INFO] airbnb_calendar_checker.py:148 - 直接点击日历按钮成功
2024-11-12 13:34:07,332 [INFO] airbnb_calendar_checker.py:184 - 日历内容已加载: //div[contains(@data-testid, 'calendar')]
2024-11-12 13:34:07,344 [INFO] airbnb_calendar_checker.py:199 - 找到 123 个日期单元格
2024-11-12 13:34:07,458 [INFO] airbnb_calendar_checker.py:211 - 找到 123 个日期单元格
2024-11-12 13:34:07,460 [INFO] airbnb_calendar_checker.py:256 - 原始单元格数量: 123
2024-11-12 13:34:07,460 [INFO] airbnb_calendar_checker.py:257 - 去重后数据条数: 123
2024-11-12 13:34:07,460 [INFO] airbnb_calendar_checker.py:258 - 处理的唯一日期数: 123
2024-11-12 13:34:07,460 [INFO] airbnb_calendar_checker.py:262 - 收集到 123 条有效日历数据
2024-11-12 13:34:07,460 [INFO] airbnb_calendar_checker.py:22 - 开始导出数据到Excel...
2024-11-12 13:34:07,460 [INFO] airbnb_calendar_checker.py:32 - 处理房源ID: 837352260137971048
2024-11-12 13:34:07,460 [INFO] airbnb_calendar_checker.py:37 - 将创建文件: data/airbnb_calendar_837352260137971048_20241112_133407.xlsx
2024-11-12 13:34:07,461 [INFO] airbnb_calendar_checker.py:41 - 创建DataFrame，共 123 行数据
2024-11-12 13:34:07,489 [INFO] airbnb_calendar_checker.py:52 - 数据已成功导出到Excel文件: data/airbnb_calendar_837352260137971048_20241112_133407.xlsx
2024-11-12 13:34:07,489 [INFO] airbnb_calendar_checker.py:57 - 文件创建成功，大小: 9.12 KB
2024-11-12 13:34:07,489 [INFO] airbnb_calendar_checker.py:265 - 日历数据已成功导出到: data/airbnb_calendar_837352260137971048_20241112_133407.xlsx
2024-11-12 13:34:07,489 [INFO] advanced_analyzer.py:96 - 成功获取日历数据: 123 条记录
2024-11-12 13:34:07,489 [INFO] price_checker.py:495 - 开始检查房源价格: https://www.airbnb.co.nz/rooms/837352260137971048
2024-11-12 13:34:07,489 [INFO] price_checker.py:488 - 找到 37 个可预订日期
2024-11-12 13:34:07,489 [INFO] price_checker.py:511 - [1/37] 处理日期: 18/11/2024
2024-11-12 13:34:07,489 [INFO] price_checker.py:229 - 开始获取价格信息: https://www.airbnb.co.nz/rooms/837352260137971048
2024-11-12 13:34:07,490 [INFO] price_checker.py:230 - 入住日期: 18/11/2024
2024-11-12 13:34:12,654 [INFO] price_checker.py:246 - 开始检查日期 18/11/2024 的最小入住要求...
2024-11-12 13:34:12,666 [INFO] price_checker.py:157 - 检查日期元素: 18 (class: _sl5yz7r)
2024-11-12 13:34:12,670 [INFO] price_checker.py:164 - 移动到日期元素...
2024-11-12 13:34:13,450 [INFO] price_checker.py:171 - 获取到aria-label: 18, Monday, November 2024. Available There is a 1 night minimum stay requirement. Select as check-in date. 
2024-11-12 13:34:13,460 [INFO] price_checker.py:195 - ✓ 成功找到最小入住要求: 1晚 (匹配模式: (\d+)\s*night minimum stay)
2024-11-12 13:34:13,460 [INFO] price_checker.py:248 - 最终使用的最小入住天数: 1晚 (自动检测)
2024-11-12 13:34:13,461 [INFO] price_checker.py:271 - 访问URL: https://www.airbnb.co.nz/rooms/837352260137971048?check_in=2024-11-18&check_out=2024-11-19&adults=3&children=0&infants=0
2024-11-12 13:34:18,561 [INFO] price_checker.py:278 - 检查页面状态...
2024-11-12 13:34:18,564 [INFO] price_checker.py:280 - 页面状态: complete
2024-11-12 13:34:20,573 [INFO] price_checker.py:293 - 价格容器已加载并可见
2024-11-12 13:34:20,574 [INFO] price_checker.py:302 - 尝试价格选择器: xpath - //div[@data-testid='book-it-default']//span[contains(@class, '_1y74zjx')]
2024-11-12 13:34:20,581 [INFO] price_checker.py:307 - 找到 0 个价格元素
2024-11-12 13:34:20,581 [INFO] price_checker.py:302 - 尝试价格选择器: xpath - //div[@data-testid='book-it-default']//span[contains(@class, '_tyxjp1')]
2024-11-12 13:34:20,588 [INFO] price_checker.py:307 - 找到 0 个价格元素
2024-11-12 13:34:20,588 [INFO] price_checker.py:302 - 尝试价格选择器: css - div._wgmchy div._1k1ce2w span._1qgfaxb1
2024-11-12 13:34:20,594 [INFO] price_checker.py:307 - 找到 0 个价格元素
2024-11-12 13:34:20,594 [INFO] price_checker.py:302 - 尝试价格选择器: css - div._wgmchy div._1k1ce2w ._11jcbg2
2024-11-12 13:34:20,600 [INFO] price_checker.py:307 - 找到 0 个价格元素
2024-11-12 13:34:20,600 [INFO] price_checker.py:302 - 尝试价格选择器: xpath - //div[contains(@class, '_wgmchy')]//span[contains(text(), '$') and contains(text(), 'NZD')]
2024-11-12 13:34:20,607 [INFO] price_checker.py:307 - 找到 0 个价格元素
2024-11-12 13:34:20,607 [INFO] price_checker.py:344 - 开始获取价格详情...
2024-11-12 13:34:30,700 [WARNING] price_checker.py:358 - 等待价格详情容器超时
2024-11-12 13:34:30,700 [INFO] price_checker.py:363 - 尝试使用选择器获取价格详情: //div[contains(@class, '_14omvfj')][.//div[text()='Cleaning fee']]//span[contains(@class, '_1k4xcdh')]
2024-11-12 13:34:35,755 [WARNING] price_checker.py:397 - 等待选择器超时: //div[contains(@class, '_14omvfj')][.//div[text()='Cleaning fee']]//span[contains(@class, '_1k4xcdh')]
2024-11-12 13:34:35,755 [INFO] price_checker.py:363 - 尝试使用选择器获取价格详情: //div[contains(@class, '_14omvfj')][.//div[text()='Airbnb service fee']]//span[contains(@class, '_1k4xcdh')]
2024-11-12 13:34:40,811 [WARNING] price_checker.py:397 - 等待选择器超时: //div[contains(@class, '_14omvfj')][.//div[text()='Airbnb service fee']]//span[contains(@class, '_1k4xcdh')]
2024-11-12 13:34:40,811 [INFO] price_checker.py:363 - 尝试使用选择器获取价格详情: //div[contains(@class, '_14omvfj')][.//div[text()='Taxes']]//span[contains(@class, '_1k4xcdh')]
2024-11-12 13:34:45,868 [WARNING] price_checker.py:397 - 等待选择器超时: //div[contains(@class, '_14omvfj')][.//div[text()='Taxes']]//span[contains(@class, '_1k4xcdh')]
2024-11-12 13:34:45,868 [INFO] price_checker.py:363 - 尝试使用选择器获取价格详情: //div[contains(@class, '_14omvfj')][.//div[text()='Special offer']]//span[contains(@class, '_1rc8xn5')]
2024-11-12 13:34:50,925 [WARNING] price_checker.py:397 - 等待选择器超时: //div[contains(@class, '_14omvfj')][.//div[text()='Special offer']]//span[contains(@class, '_1rc8xn5')]
2024-11-12 13:34:50,925 [INFO] price_checker.py:363 - 尝试使用选择器获取价格详情: //div[contains(@class, '_1avmy66')]//span[contains(@class, '_j1kt73')]
2024-11-12 13:34:55,981 [WARNING] price_checker.py:397 - 等待选择器超时: //div[contains(@class, '_1avmy66')]//span[contains(@class, '_j1kt73')]
2024-11-12 13:34:55,981 [INFO] price_checker.py:404 - 验证价格信息完整性:
2024-11-12 13:34:55,981 [WARNING] price_checker.py:410 - ✗ cleaning_fee 未获取到
2024-11-12 13:34:55,981 [WARNING] price_checker.py:410 - ✗ service_fee 未获取到
2024-11-12 13:34:55,981 [WARNING] price_checker.py:410 - ✗ taxes 未获取到
2024-11-12 13:34:55,982 [WARNING] price_checker.py:410 - ✗ total 未获取到
2024-11-12 13:34:55,982 [INFO] price_checker.py:413 - 终价格信息获取结果:
2024-11-12 13:34:55,982 [INFO] price_checker.py:415 - check_in: 18/11/2024
2024-11-12 13:34:55,982 [INFO] price_checker.py:415 - check_out: 19/11/2024
2024-11-12 13:34:55,982 [INFO] price_checker.py:415 - min_nights: 1
2024-11-12 13:34:55,982 [INFO] price_checker.py:415 - guests: 3
2024-11-12 13:34:55,982 [INFO] price_checker.py:415 - nightly_price: None
2024-11-12 13:34:55,982 [INFO] price_checker.py:415 - cleaning_fee: None
2024-11-12 13:34:55,982 [INFO] price_checker.py:415 - service_fee: None
2024-11-12 13:34:55,982 [INFO] price_checker.py:415 - taxes: None
2024-11-12 13:34:55,982 [INFO] price_checker.py:415 - total: None
2024-11-12 13:34:55,982 [INFO] price_checker.py:517 - ✓ 成功获取 18/11/2024 的价格信息
2024-11-12 13:34:55,983 [INFO] price_checker.py:511 - [2/37] 处理日期: 27/11/2024
2024-11-12 13:34:55,983 [INFO] price_checker.py:229 - 开始获取价格信息: https://www.airbnb.co.nz/rooms/837352260137971048
2024-11-12 13:34:55,983 [INFO] price_checker.py:230 - 入住日期: 27/11/2024
2024-11-12 13:35:01,088 [INFO] price_checker.py:246 - 开始检查日期 27/11/2024 的最小入住要求...
2024-11-12 13:35:01,100 [INFO] price_checker.py:157 - 检查日期元素: 27 (class: _2byvyib)
2024-11-12 13:35:01,105 [INFO] price_checker.py:164 - 移动到日期元素...
2024-11-12 13:35:01,886 [INFO] price_checker.py:171 - 获取到aria-label: 27, Wednesday, November 2024. Available There is a 1 night minimum stay requirement. Select as check-in date. 
2024-11-12 13:35:01,895 [INFO] price_checker.py:195 - ✓ 成功找到最小入住要求: 1晚 (匹配模式: (\d+)\s*night minimum stay)
2024-11-12 13:35:01,895 [INFO] price_checker.py:248 - 最终使用的最小入住天数: 1晚 (自动检测)
2024-11-12 13:35:01,895 [INFO] price_checker.py:271 - 访问URL: https://www.airbnb.co.nz/rooms/837352260137971048?check_in=2024-11-27&check_out=2024-11-28&adults=3&children=0&infants=0
2024-11-12 13:35:06,986 [INFO] price_checker.py:278 - 检查页面状态...
2024-11-12 13:35:06,989 [INFO] price_checker.py:280 - 页面状态: complete
2024-11-12 13:35:08,997 [INFO] price_checker.py:293 - 价格容器已加载并可见
2024-11-12 13:35:08,997 [INFO] price_checker.py:302 - 尝试价格选择器: xpath - //div[@data-testid='book-it-default']//span[contains(@class, '_1y74zjx')]
2024-11-12 13:35:09,002 [INFO] price_checker.py:307 - 找到 0 个价格元素
2024-11-12 13:35:09,002 [INFO] price_checker.py:302 - 尝试价格选择器: xpath - //div[@data-testid='book-it-default']//span[contains(@class, '_tyxjp1')]
2024-11-12 13:35:09,007 [INFO] price_checker.py:307 - 找到 0 个价格元素
2024-11-12 13:35:09,007 [INFO] price_checker.py:302 - 尝试价格选择器: css - div._wgmchy div._1k1ce2w span._1qgfaxb1
2024-11-12 13:35:09,010 [INFO] price_checker.py:307 - 找到 0 个价格元素
2024-11-12 13:35:09,010 [INFO] price_checker.py:302 - 尝试价格选择器: css - div._wgmchy div._1k1ce2w ._11jcbg2
2024-11-12 13:35:09,013 [INFO] price_checker.py:307 - 找到 0 个价格元素
2024-11-12 13:35:09,014 [INFO] price_checker.py:302 - 尝试价格选择器: xpath - //div[contains(@class, '_wgmchy')]//span[contains(text(), '$') and contains(text(), 'NZD')]
2024-11-12 13:35:09,019 [INFO] price_checker.py:307 - 找到 0 个价格元素
2024-11-12 13:35:09,019 [INFO] price_checker.py:344 - 开始获取价格详情...
2024-11-12 13:35:19,112 [WARNING] price_checker.py:358 - 等待价格详情容器超时
2024-11-12 13:35:19,112 [INFO] price_checker.py:363 - 尝试使用选择器获取价格详情: //div[contains(@class, '_14omvfj')][.//div[text()='Cleaning fee']]//span[contains(@class, '_1k4xcdh')]
2024-11-12 13:35:24,468 [INFO] advanced_analyzer.py:290 - === 程序执行完成 ===
