2024-11-15 11:18:36,888 [INFO] advanced_analyzer.py:357 - === 开始Airbnb数据收集程序 ===
2024-11-15 11:18:37,059 [INFO] advanced_analyzer.py:99 - 成功读取 6 个房间ID
2024-11-15 11:18:37,059 [INFO] advanced_analyzer.py:368 - 生成 6 个URL
2024-11-15 11:18:37,059 [INFO] advanced_analyzer.py:372 - 创建数据目录: data/airbnb_data_20241115_111837
2024-11-15 11:18:37,059 [INFO] advanced_analyzer.py:238 - === 开始批量分析房源 ===
2024-11-15 11:18:37,060 [INFO] advanced_analyzer.py:247 - 设置并发线程数: 1
2024-11-15 11:18:37,060 [INFO] advanced_analyzer.py:168 - 开始初始化BitBrowser...
2024-11-15 11:18:38,807 [INFO] bit_browser_manager.py:43 - API响应状态码: 200
2024-11-15 11:18:38,807 [INFO] bit_browser_manager.py:44 - API响应头: {'Access-Control-Allow-Origin': '*', 'Access-Control-Allow-Methods': '*', 'Access-Control-Allow-Headers': '*', 'Content-Type': 'application/json; charset=utf-8', 'Content-Length': '72', 'Date': 'Thu, 14 Nov 2024 22:18:38 GMT', 'Connection': 'keep-alive', 'Keep-Alive': 'timeout=5'}
2024-11-15 11:18:38,807 [INFO] bit_browser_manager.py:48 - API响应内容: {
  "success": true,
  "data": {
    "page": 1,
    "pageSize": 100,
    "totalNum": 1,
    "list": []
  }
}
2024-11-15 11:18:38,807 [WARNING] bit_browser_manager.py:60 - 未找到已打开的浏览器实例
2024-11-15 11:18:38,807 [ERROR] advanced_analyzer.py:176 - 未找到活动的BitBrowser实例
2024-11-15 11:18:38,807 [ERROR] advanced_analyzer.py:258 - 无法为URL https://www.airbnb.co.nz/rooms/837352260137971048 初始化BitBrowser
2024-11-15 11:18:38,807 [INFO] advanced_analyzer.py:168 - 开始初始化BitBrowser...
2024-11-15 11:18:39,694 [INFO] bit_browser_manager.py:43 - API响应状态码: 200
2024-11-15 11:18:39,694 [INFO] bit_browser_manager.py:44 - API响应头: {'Access-Control-Allow-Origin': '*', 'Access-Control-Allow-Methods': '*', 'Access-Control-Allow-Headers': '*', 'Content-Type': 'application/json; charset=utf-8', 'Content-Length': '72', 'Date': 'Thu, 14 Nov 2024 22:18:39 GMT', 'Connection': 'keep-alive', 'Keep-Alive': 'timeout=5'}
2024-11-15 11:18:39,695 [INFO] bit_browser_manager.py:48 - API响应内容: {
  "success": true,
  "data": {
    "page": 1,
    "pageSize": 100,
    "totalNum": 1,
    "list": []
  }
}
2024-11-15 11:18:39,695 [WARNING] bit_browser_manager.py:60 - 未找到已打开的浏览器实例
2024-11-15 11:18:39,695 [ERROR] advanced_analyzer.py:176 - 未找到活动的BitBrowser实例
2024-11-15 11:18:39,695 [ERROR] advanced_analyzer.py:258 - 无法为URL https://www.airbnb.co.nz/rooms/43435162 初始化BitBrowser
2024-11-15 11:18:39,695 [INFO] advanced_analyzer.py:168 - 开始初始化BitBrowser...
2024-11-15 11:18:40,598 [INFO] bit_browser_manager.py:43 - API响应状态码: 200
2024-11-15 11:18:40,599 [INFO] bit_browser_manager.py:44 - API响应头: {'Access-Control-Allow-Origin': '*', 'Access-Control-Allow-Methods': '*', 'Access-Control-Allow-Headers': '*', 'Content-Type': 'application/json; charset=utf-8', 'Content-Length': '72', 'Date': 'Thu, 14 Nov 2024 22:18:40 GMT', 'Connection': 'keep-alive', 'Keep-Alive': 'timeout=5'}
2024-11-15 11:18:40,599 [INFO] bit_browser_manager.py:48 - API响应内容: {
  "success": true,
  "data": {
    "page": 1,
    "pageSize": 100,
    "totalNum": 1,
    "list": []
  }
}
2024-11-15 11:18:40,599 [WARNING] bit_browser_manager.py:60 - 未找到已打开的浏览器实例
2024-11-15 11:18:40,599 [ERROR] advanced_analyzer.py:176 - 未找到活动的BitBrowser实例
2024-11-15 11:18:40,599 [ERROR] advanced_analyzer.py:258 - 无法为URL https://www.airbnb.co.nz/rooms/830193102361409290 初始化BitBrowser
2024-11-15 11:18:40,599 [INFO] advanced_analyzer.py:168 - 开始初始化BitBrowser...
2024-11-15 11:18:41,505 [INFO] bit_browser_manager.py:43 - API响应状态码: 200
2024-11-15 11:18:41,505 [INFO] bit_browser_manager.py:44 - API响应头: {'Access-Control-Allow-Origin': '*', 'Access-Control-Allow-Methods': '*', 'Access-Control-Allow-Headers': '*', 'Content-Type': 'application/json; charset=utf-8', 'Content-Length': '72', 'Date': 'Thu, 14 Nov 2024 22:18:41 GMT', 'Connection': 'keep-alive', 'Keep-Alive': 'timeout=5'}
2024-11-15 11:18:41,505 [INFO] bit_browser_manager.py:48 - API响应内容: {
  "success": true,
  "data": {
    "page": 1,
    "pageSize": 100,
    "totalNum": 1,
    "list": []
  }
}
2024-11-15 11:18:41,505 [WARNING] bit_browser_manager.py:60 - 未找到已打开的浏览器实例
2024-11-15 11:18:41,506 [ERROR] advanced_analyzer.py:176 - 未找到活动的BitBrowser实例
2024-11-15 11:18:41,506 [ERROR] advanced_analyzer.py:258 - 无法为URL https://www.airbnb.co.nz/rooms/49525472 初始化BitBrowser
2024-11-15 11:18:41,506 [INFO] advanced_analyzer.py:168 - 开始初始化BitBrowser...
2024-11-15 11:18:42,391 [INFO] bit_browser_manager.py:43 - API响应状态码: 200
2024-11-15 11:18:42,392 [INFO] bit_browser_manager.py:44 - API响应头: {'Access-Control-Allow-Origin': '*', 'Access-Control-Allow-Methods': '*', 'Access-Control-Allow-Headers': '*', 'Content-Type': 'application/json; charset=utf-8', 'Content-Length': '72', 'Date': 'Thu, 14 Nov 2024 22:18:42 GMT', 'Connection': 'keep-alive', 'Keep-Alive': 'timeout=5'}
2024-11-15 11:18:42,392 [INFO] bit_browser_manager.py:48 - API响应内容: {
  "success": true,
  "data": {
    "page": 1,
    "pageSize": 100,
    "totalNum": 1,
    "list": []
  }
}
2024-11-15 11:18:42,392 [WARNING] bit_browser_manager.py:60 - 未找到已打开的浏览器实例
2024-11-15 11:18:42,392 [ERROR] advanced_analyzer.py:176 - 未找到活动的BitBrowser实例
2024-11-15 11:18:42,392 [ERROR] advanced_analyzer.py:258 - 无法为URL https://www.airbnb.co.nz/rooms/716883705085875481 初始化BitBrowser
2024-11-15 11:18:42,392 [INFO] advanced_analyzer.py:168 - 开始初始化BitBrowser...
2024-11-15 11:18:43,306 [INFO] bit_browser_manager.py:43 - API响应状态码: 200
2024-11-15 11:18:43,306 [INFO] bit_browser_manager.py:44 - API响应头: {'Access-Control-Allow-Origin': '*', 'Access-Control-Allow-Methods': '*', 'Access-Control-Allow-Headers': '*', 'Content-Type': 'application/json; charset=utf-8', 'Content-Length': '72', 'Date': 'Thu, 14 Nov 2024 22:18:43 GMT', 'Connection': 'keep-alive', 'Keep-Alive': 'timeout=5'}
2024-11-15 11:18:43,306 [INFO] bit_browser_manager.py:48 - API响应内容: {
  "success": true,
  "data": {
    "page": 1,
    "pageSize": 100,
    "totalNum": 1,
    "list": []
  }
}
2024-11-15 11:18:43,306 [WARNING] bit_browser_manager.py:60 - 未找到已打开的浏览器实例
2024-11-15 11:18:43,306 [ERROR] advanced_analyzer.py:176 - 未找到活动的BitBrowser实例
2024-11-15 11:18:43,307 [ERROR] advanced_analyzer.py:258 - 无法为URL https://www.airbnb.co.nz/rooms/969823904189469776 初始化BitBrowser
2024-11-15 11:18:43,307 [INFO] advanced_analyzer.py:427 - === 程序执行完成 ===
