2024-11-10 10:12:45,038 [INFO] advanced_analyzer.py:192 - === 开始Airbnb数据收集程序 ===
2024-11-10 10:12:45,216 [INFO] advanced_analyzer.py:33 - 成功读取 3 个房间信息
2024-11-10 10:12:45,216 [INFO] advanced_analyzer.py:203 - 生成 3 个URL
2024-11-10 10:12:45,216 [INFO] advanced_analyzer.py:207 - 创建数据目录: data/airbnb_data_20241110_101245
2024-11-10 10:12:45,216 [INFO] advanced_analyzer.py:121 - === 开始批量分析房源 ===
2024-11-10 10:12:47,014 [INFO] advanced_analyzer.py:67 - Chrome WebDriver 初始化成功
2024-11-10 10:12:47,014 [INFO] advanced_analyzer.py:129 - 
处理第 1/3 个房源
2024-11-10 10:12:47,015 [INFO] advanced_analyzer.py:75 - 
开始分析房源: https://www.airbnb.co.nz/rooms/1125096139567330802 (最小入住: 1晚)
2024-11-10 10:12:47,015 [INFO] airbnb_calendar_checker.py:70 - 开始检查房源日历: https://www.airbnb.co.nz/rooms/1125096139567330802
2024-11-10 10:12:47,868 [INFO] airbnb_calendar_checker.py:75 - 页面加载中...
2024-11-10 10:12:47,871 [INFO] airbnb_calendar_checker.py:82 - 页面基本加载完成
2024-11-10 10:13:03,083 [INFO] airbnb_calendar_checker.py:120 - 找到日历按钮: //button[contains(@aria-label, 'Choose')]
2024-11-10 10:13:03,093 [INFO] airbnb_calendar_checker.py:134 - 已滚动到日历按钮位置
2024-11-10 10:13:04,093 [INFO] airbnb_calendar_checker.py:139 - 日历按钮已准备就绪
2024-11-10 10:13:05,192 [INFO] airbnb_calendar_checker.py:153 - JavaScript点击日历按钮成功
2024-11-10 10:13:15,432 [INFO] airbnb_calendar_checker.py:184 - 日历内容已加载: //div[contains(@data-testid, 'calendar')]
2024-11-10 10:13:15,445 [INFO] airbnb_calendar_checker.py:199 - 找到 123 个日期单元格
2024-11-10 10:13:15,563 [INFO] airbnb_calendar_checker.py:211 - 找到 123 个日期单元格
2024-11-10 10:13:15,564 [INFO] airbnb_calendar_checker.py:256 - 原始单元格数量: 123
2024-11-10 10:13:15,564 [INFO] airbnb_calendar_checker.py:257 - 去重后数据条数: 123
2024-11-10 10:13:15,564 [INFO] airbnb_calendar_checker.py:258 - 处理的唯一日期数: 123
2024-11-10 10:13:15,564 [INFO] airbnb_calendar_checker.py:262 - 收集到 123 条有效日历数据
2024-11-10 10:13:15,564 [INFO] airbnb_calendar_checker.py:22 - 开始导出数据到Excel...
2024-11-10 10:13:15,564 [INFO] airbnb_calendar_checker.py:32 - 处理房源ID: 1125096139567330802
2024-11-10 10:13:15,565 [INFO] airbnb_calendar_checker.py:37 - 将创建文件: data/airbnb_calendar_1125096139567330802_20241110_101315.xlsx
2024-11-10 10:13:15,565 [INFO] airbnb_calendar_checker.py:41 - 创建DataFrame，共 123 行数据
2024-11-10 10:13:15,592 [INFO] airbnb_calendar_checker.py:52 - 数据已成功导出到Excel文件: data/airbnb_calendar_1125096139567330802_20241110_101315.xlsx
2024-11-10 10:13:15,592 [INFO] airbnb_calendar_checker.py:57 - 文件创建成功，大小: 8.94 KB
2024-11-10 10:13:15,592 [INFO] airbnb_calendar_checker.py:265 - 日历数据已成功导出到: data/airbnb_calendar_1125096139567330802_20241110_101315.xlsx
2024-11-10 10:13:15,593 [INFO] advanced_analyzer.py:84 - 成功获取日历数据: 123 条记录
2024-11-10 10:13:15,593 [INFO] price_checker.py:464 - 开始检查房源价格: https://www.airbnb.co.nz/rooms/1125096139567330802 (最小入住: 1晚)
2024-11-10 10:13:15,593 [INFO] price_checker.py:456 - 找到 20 个可预订日期
2024-11-10 10:13:15,593 [INFO] price_checker.py:480 - [1/20] 处理日期: 18/11/2024
2024-11-10 10:13:15,593 [INFO] price_checker.py:170 - 开始获取价格信息: https://www.airbnb.co.nz/rooms/1125096139567330802
2024-11-10 10:13:15,593 [INFO] price_checker.py:171 - 入住日期: 18/11/2024, 最小入住晚数: 1
2024-11-10 10:13:15,593 [INFO] price_checker.py:193 - 访问URL: https://www.airbnb.co.nz/rooms/1125096139567330802?check_in=2024-11-18&check_out=2024-11-19&adults=3&children=0&infants=0
2024-11-10 10:13:20,757 [INFO] price_checker.py:200 - 检查页面状态...
2024-11-10 10:13:20,759 [INFO] price_checker.py:202 - 页面状态: complete
2024-11-10 10:13:22,770 [INFO] price_checker.py:215 - 价格容器已加载并可见
2024-11-10 10:13:22,770 [INFO] price_checker.py:224 - 尝试价格选择器: xpath - //div[@data-testid='book-it-default']//span[contains(@class, '_1y74zjx')]
2024-11-10 10:13:22,777 [INFO] price_checker.py:229 - 找到 0 个价格元素
2024-11-10 10:13:22,777 [INFO] price_checker.py:224 - 尝试价格选择器: xpath - //div[@data-testid='book-it-default']//span[contains(@class, '_tyxjp1')]
2024-11-10 10:13:22,784 [INFO] price_checker.py:229 - 找到 0 个价格元素
2024-11-10 10:13:22,784 [INFO] price_checker.py:224 - 尝试价格选择器: css - div._wgmchy div._1k1ce2w span._1qgfaxb1
2024-11-10 10:13:22,790 [INFO] price_checker.py:229 - 找到 1 个价格元素
2024-11-10 10:13:22,805 [INFO] price_checker.py:234 - 找到可见价格元素: $259 NZD 
$216 NZD 
night
$216 NZD per night, originally $259 NZD
2024-11-10 10:13:22,811 [INFO] price_checker.py:247 - 找到每晚价格元素: $259 NZD 
$216 NZD 
night
$216 NZD per night, originally $259 NZD
2024-11-10 10:13:22,812 [INFO] price_checker.py:255 - 成功解析折扣价格: $259 NZD (原价: $259 NZD)
2024-11-10 10:13:22,812 [INFO] price_checker.py:276 - 尝试直接获取价格详情...
2024-11-10 10:13:22,892 [WARNING] price_checker.py:319 - 使用选择器 div._14omvfj:has(div:contains('Cleaning fee')) > span._1k4xcdh 获取价格详情时出错: Message: invalid selector
from javascript error: {"status":32,"value":"An invalid or illegal selector was specified"}
  (Session info: chrome=130.0.6723.117); For documentation on this error, please visit: https://www.selenium.dev/documentation/webdriver/troubleshooting/errors#invalid-selector-exception
Stacktrace:
	GetHandleVerifier [0x0055EBD3+24307]
	(No symbol) [0x004E8D74]
	(No symbol) [0x003CC323]
	(No symbol) [0x003D1DA0]
	(No symbol) [0x003D3628]
	(No symbol) [0x003D36A0]
	(No symbol) [0x0040D899]
	(No symbol) [0x0040DECB]
	(No symbol) [0x0044BA2C]
	(No symbol) [0x0042FED4]
	(No symbol) [0x00449579]
	(No symbol) [0x0042FC26]
	(No symbol) [0x0040219C]
	(No symbol) [0x0040311D]
	GetHandleVerifier [0x00808D93+2818227]
	GetHandleVerifier [0x0086542E+3196750]
	GetHandleVerifier [0x0085D9D2+3165426]
	GetHandleVerifier [0x005FDA70+675216]
	(No symbol) [0x004F1B3D]
	(No symbol) [0x004EEA18]
	(No symbol) [0x004EEBB5]
	(No symbol) [0x004E1640]
	BaseThreadInitThunk [0x76167BA9+25]
	RtlInitializeExceptionChain [0x7747C0CB+107]
	RtlClearBits [0x7747C04F+191]

2024-11-10 10:13:22,902 [WARNING] price_checker.py:319 - 使用选择器 div._14omvfj:has(div:contains('service fee')) > span._1k4xcdh 获取价格详情时出错: Message: invalid selector
from javascript error: {"status":32,"value":"An invalid or illegal selector was specified"}
  (Session info: chrome=130.0.6723.117); For documentation on this error, please visit: https://www.selenium.dev/documentation/webdriver/troubleshooting/errors#invalid-selector-exception
Stacktrace:
	GetHandleVerifier [0x0055EBD3+24307]
	(No symbol) [0x004E8D74]
	(No symbol) [0x003CC323]
	(No symbol) [0x003D1DA0]
	(No symbol) [0x003D3628]
	(No symbol) [0x003D36A0]
	(No symbol) [0x0040D899]
	(No symbol) [0x0040DECB]
	(No symbol) [0x0044BA2C]
	(No symbol) [0x0042FED4]
	(No symbol) [0x00449579]
	(No symbol) [0x0042FC26]
	(No symbol) [0x0040219C]
	(No symbol) [0x0040311D]
	GetHandleVerifier [0x00808D93+2818227]
	GetHandleVerifier [0x0086542E+3196750]
	GetHandleVerifier [0x0085D9D2+3165426]
	GetHandleVerifier [0x005FDA70+675216]
	(No symbol) [0x004F1B3D]
	(No symbol) [0x004EEA18]
	(No symbol) [0x004EEBB5]
	(No symbol) [0x004E1640]
	BaseThreadInitThunk [0x76167BA9+25]
	RtlInitializeExceptionChain [0x7747C0CB+107]
	RtlClearBits [0x7747C04F+191]

2024-11-10 10:13:22,912 [WARNING] price_checker.py:319 - 使用选择器 div._14omvfj:has(div:contains('Taxes')) > span._1k4xcdh 获取价格详情时出错: Message: invalid selector
from javascript error: {"status":32,"value":"An invalid or illegal selector was specified"}
  (Session info: chrome=130.0.6723.117); For documentation on this error, please visit: https://www.selenium.dev/documentation/webdriver/troubleshooting/errors#invalid-selector-exception
Stacktrace:
	GetHandleVerifier [0x0055EBD3+24307]
	(No symbol) [0x004E8D74]
	(No symbol) [0x003CC323]
	(No symbol) [0x003D1DA0]
	(No symbol) [0x003D3628]
	(No symbol) [0x003D36A0]
	(No symbol) [0x0040D899]
	(No symbol) [0x0040DECB]
	(No symbol) [0x0044BA2C]
	(No symbol) [0x0042FED4]
	(No symbol) [0x00449579]
	(No symbol) [0x0042FC26]
	(No symbol) [0x0040219C]
	(No symbol) [0x0040311D]
	GetHandleVerifier [0x00808D93+2818227]
	GetHandleVerifier [0x0086542E+3196750]
	GetHandleVerifier [0x0085D9D2+3165426]
	GetHandleVerifier [0x005FDA70+675216]
	(No symbol) [0x004F1B3D]
	(No symbol) [0x004EEA18]
	(No symbol) [0x004EEBB5]
	(No symbol) [0x004E1640]
	BaseThreadInitThunk [0x76167BA9+25]
	RtlInitializeExceptionChain [0x7747C0CB+107]
	RtlClearBits [0x7747C04F+191]

2024-11-10 10:13:23,033 [INFO] price_checker.py:324 - 直接获取价格详情失败，尝试点击展开按钮...
2024-11-10 10:13:23,040 [INFO] price_checker.py:331 - 找到 1 个匹配元素
2024-11-10 10:13:23,050 [INFO] price_checker.py:331 - 找到 1 个匹配元素
2024-11-10 10:13:23,060 [INFO] price_checker.py:331 - 找到 1 个匹配元素
2024-11-10 10:13:23,070 [INFO] price_checker.py:331 - 找到 1 个匹配元素
2024-11-10 10:13:23,080 [INFO] price_checker.py:331 - 找到 5 个匹配元素
2024-11-10 10:13:23,104 [INFO] price_checker.py:331 - 找到 5 个匹配元素
2024-11-10 10:13:23,123 [WARNING] price_checker.py:384 - 未找到价格详情按钮
2024-11-10 10:13:23,124 [INFO] price_checker.py:387 - 最终价格信息获取结果:
2024-11-10 10:13:23,124 [INFO] price_checker.py:389 - check_in: 18/11/2024
2024-11-10 10:13:23,124 [INFO] price_checker.py:389 - check_out: 19/11/2024
2024-11-10 10:13:23,124 [INFO] price_checker.py:389 - guests: 3
2024-11-10 10:13:23,124 [INFO] price_checker.py:389 - nightly_price: $259 NZD
2024-11-10 10:13:23,124 [INFO] price_checker.py:389 - cleaning_fee: None
2024-11-10 10:13:23,124 [INFO] price_checker.py:389 - service_fee: None
2024-11-10 10:13:23,124 [INFO] price_checker.py:389 - taxes: None
2024-11-10 10:13:23,124 [INFO] price_checker.py:389 - total: None
2024-11-10 10:13:23,124 [INFO] price_checker.py:389 - original_price: $259 NZD
2024-11-10 10:13:23,124 [INFO] price_checker.py:486 - ✓ 成功获取 18/11/2024 的价格信息
2024-11-10 10:13:23,124 [INFO] price_checker.py:480 - [2/20] 处理日期: 22/11/2024
2024-11-10 10:13:23,124 [INFO] price_checker.py:170 - 开始获取价格信息: https://www.airbnb.co.nz/rooms/1125096139567330802
2024-11-10 10:13:23,125 [INFO] price_checker.py:171 - 入住日期: 22/11/2024, 最小入住晚数: 1
2024-11-10 10:13:23,125 [INFO] price_checker.py:193 - 访问URL: https://www.airbnb.co.nz/rooms/1125096139567330802?check_in=2024-11-22&check_out=2024-11-23&adults=3&children=0&infants=0
2024-11-10 10:13:28,215 [INFO] price_checker.py:200 - 检查页面状态...
2024-11-10 10:13:28,218 [INFO] price_checker.py:202 - 页面状态: complete
2024-11-10 10:13:30,226 [INFO] price_checker.py:215 - 价格容器已加载并可见
2024-11-10 10:13:30,226 [INFO] price_checker.py:224 - 尝试价格选择器: xpath - //div[@data-testid='book-it-default']//span[contains(@class, '_1y74zjx')]
2024-11-10 10:13:30,231 [INFO] price_checker.py:229 - 找到 0 个价格元素
2024-11-10 10:13:30,231 [INFO] price_checker.py:224 - 尝试价格选择器: xpath - //div[@data-testid='book-it-default']//span[contains(@class, '_tyxjp1')]
2024-11-10 10:13:30,235 [INFO] price_checker.py:229 - 找到 0 个价格元素
2024-11-10 10:13:30,236 [INFO] price_checker.py:224 - 尝试价格选择器: css - div._wgmchy div._1k1ce2w span._1qgfaxb1
2024-11-10 10:13:30,241 [INFO] price_checker.py:229 - 找到 1 个价格元素
2024-11-10 10:13:30,260 [INFO] price_checker.py:234 - 找到可见价格元素: $261 NZD 
$217 NZD 
night
$217 NZD per night, originally $261 NZD
2024-11-10 10:13:30,276 [INFO] price_checker.py:247 - 找到每晚价格元素: $261 NZD 
$217 NZD 
night
$217 NZD per night, originally $261 NZD
2024-11-10 10:13:30,276 [INFO] price_checker.py:255 - 成功解析折扣价格: $261 NZD (原价: $261 NZD)
2024-11-10 10:13:30,276 [INFO] price_checker.py:276 - 尝试直接获取价格详情...
2024-11-10 10:13:30,332 [WARNING] price_checker.py:319 - 使用选择器 div._14omvfj:has(div:contains('Cleaning fee')) > span._1k4xcdh 获取价格详情时出错: Message: invalid selector
from javascript error: {"status":32,"value":"An invalid or illegal selector was specified"}
  (Session info: chrome=130.0.6723.117); For documentation on this error, please visit: https://www.selenium.dev/documentation/webdriver/troubleshooting/errors#invalid-selector-exception
Stacktrace:
	GetHandleVerifier [0x0055EBD3+24307]
	(No symbol) [0x004E8D74]
	(No symbol) [0x003CC323]
	(No symbol) [0x003D1DA0]
	(No symbol) [0x003D3628]
	(No symbol) [0x003D36A0]
	(No symbol) [0x0040D899]
	(No symbol) [0x0040DECB]
	(No symbol) [0x0044BA2C]
	(No symbol) [0x0042FED4]
	(No symbol) [0x00449579]
	(No symbol) [0x0042FC26]
	(No symbol) [0x0040219C]
	(No symbol) [0x0040311D]
	GetHandleVerifier [0x00808D93+2818227]
	GetHandleVerifier [0x0086542E+3196750]
	GetHandleVerifier [0x0085D9D2+3165426]
	GetHandleVerifier [0x005FDA70+675216]
	(No symbol) [0x004F1B3D]
	(No symbol) [0x004EEA18]
	(No symbol) [0x004EEBB5]
	(No symbol) [0x004E1640]
	BaseThreadInitThunk [0x76167BA9+25]
	RtlInitializeExceptionChain [0x7747C0CB+107]
	RtlClearBits [0x7747C04F+191]

2024-11-10 10:13:30,336 [WARNING] price_checker.py:319 - 使用选择器 div._14omvfj:has(div:contains('service fee')) > span._1k4xcdh 获取价格详情时出错: Message: invalid selector
from javascript error: {"status":32,"value":"An invalid or illegal selector was specified"}
  (Session info: chrome=130.0.6723.117); For documentation on this error, please visit: https://www.selenium.dev/documentation/webdriver/troubleshooting/errors#invalid-selector-exception
Stacktrace:
	GetHandleVerifier [0x0055EBD3+24307]
	(No symbol) [0x004E8D74]
	(No symbol) [0x003CC323]
	(No symbol) [0x003D1DA0]
	(No symbol) [0x003D3628]
	(No symbol) [0x003D36A0]
	(No symbol) [0x0040D899]
	(No symbol) [0x0040DECB]
	(No symbol) [0x0044BA2C]
	(No symbol) [0x0042FED4]
	(No symbol) [0x00449579]
	(No symbol) [0x0042FC26]
	(No symbol) [0x0040219C]
	(No symbol) [0x0040311D]
	GetHandleVerifier [0x00808D93+2818227]
	GetHandleVerifier [0x0086542E+3196750]
	GetHandleVerifier [0x0085D9D2+3165426]
	GetHandleVerifier [0x005FDA70+675216]
	(No symbol) [0x004F1B3D]
	(No symbol) [0x004EEA18]
	(No symbol) [0x004EEBB5]
	(No symbol) [0x004E1640]
	BaseThreadInitThunk [0x76167BA9+25]
	RtlInitializeExceptionChain [0x7747C0CB+107]
	RtlClearBits [0x7747C04F+191]

2024-11-10 10:13:30,340 [WARNING] price_checker.py:319 - 使用选择器 div._14omvfj:has(div:contains('Taxes')) > span._1k4xcdh 获取价格详情时出错: Message: invalid selector
from javascript error: {"status":32,"value":"An invalid or illegal selector was specified"}
  (Session info: chrome=130.0.6723.117); For documentation on this error, please visit: https://www.selenium.dev/documentation/webdriver/troubleshooting/errors#invalid-selector-exception
Stacktrace:
	GetHandleVerifier [0x0055EBD3+24307]
	(No symbol) [0x004E8D74]
	(No symbol) [0x003CC323]
	(No symbol) [0x003D1DA0]
	(No symbol) [0x003D3628]
	(No symbol) [0x003D36A0]
	(No symbol) [0x0040D899]
	(No symbol) [0x0040DECB]
	(No symbol) [0x0044BA2C]
	(No symbol) [0x0042FED4]
	(No symbol) [0x00449579]
	(No symbol) [0x0042FC26]
	(No symbol) [0x0040219C]
	(No symbol) [0x0040311D]
	GetHandleVerifier [0x00808D93+2818227]
	GetHandleVerifier [0x0086542E+3196750]
	GetHandleVerifier [0x0085D9D2+3165426]
	GetHandleVerifier [0x005FDA70+675216]
	(No symbol) [0x004F1B3D]
	(No symbol) [0x004EEA18]
	(No symbol) [0x004EEBB5]
	(No symbol) [0x004E1640]
	BaseThreadInitThunk [0x76167BA9+25]
	RtlInitializeExceptionChain [0x7747C0CB+107]
	RtlClearBits [0x7747C04F+191]

2024-11-10 10:13:30,422 [INFO] price_checker.py:324 - 直接获取价格详情失败，尝试点击展开按钮...
2024-11-10 10:13:30,426 [INFO] price_checker.py:331 - 找到 1 个匹配元素
2024-11-10 10:13:30,433 [INFO] price_checker.py:331 - 找到 1 个匹配元素
2024-11-10 10:13:30,441 [INFO] price_checker.py:331 - 找到 1 个匹配元素
2024-11-10 10:13:30,449 [INFO] price_checker.py:331 - 找到 1 个匹配元素
2024-11-10 10:13:30,457 [INFO] price_checker.py:331 - 找到 5 个匹配元素
2024-11-10 10:13:30,479 [INFO] price_checker.py:331 - 找到 5 个匹配元素
2024-11-10 10:13:30,497 [WARNING] price_checker.py:384 - 未找到价格详情按钮
2024-11-10 10:13:30,497 [INFO] price_checker.py:387 - 最终价格信息获取结果:
2024-11-10 10:13:30,497 [INFO] price_checker.py:389 - check_in: 22/11/2024
2024-11-10 10:13:30,497 [INFO] price_checker.py:389 - check_out: 23/11/2024
2024-11-10 10:13:30,497 [INFO] price_checker.py:389 - guests: 3
2024-11-10 10:13:30,498 [INFO] price_checker.py:389 - nightly_price: $261 NZD
2024-11-10 10:13:30,498 [INFO] price_checker.py:389 - cleaning_fee: None
2024-11-10 10:13:30,498 [INFO] price_checker.py:389 - service_fee: None
2024-11-10 10:13:30,498 [INFO] price_checker.py:389 - taxes: None
2024-11-10 10:13:30,498 [INFO] price_checker.py:389 - total: None
2024-11-10 10:13:30,498 [INFO] price_checker.py:389 - original_price: $261 NZD
2024-11-10 10:13:30,498 [INFO] price_checker.py:486 - ✓ 成功获取 22/11/2024 的价格信息
2024-11-10 10:13:30,498 [INFO] price_checker.py:480 - [3/20] 处理日期: 26/11/2024
2024-11-10 10:13:30,498 [INFO] price_checker.py:170 - 开始获取价格信息: https://www.airbnb.co.nz/rooms/1125096139567330802
2024-11-10 10:13:30,498 [INFO] price_checker.py:171 - 入住日期: 26/11/2024, 最小入住晚数: 1
2024-11-10 10:13:30,498 [INFO] price_checker.py:193 - 访问URL: https://www.airbnb.co.nz/rooms/1125096139567330802?check_in=2024-11-26&check_out=2024-11-27&adults=3&children=0&infants=0
2024-11-10 10:13:35,594 [INFO] price_checker.py:200 - 检查页面状态...
2024-11-10 10:13:35,596 [INFO] price_checker.py:202 - 页面状态: complete
2024-11-10 10:13:40,036 [INFO] advanced_analyzer.py:262 - === 程序执行完成 ===
