2024-11-14 16:22:03,075 [INFO] advanced_analyzer.py:494 - === 开始Airbnb数据收集程序 ===
2024-11-14 16:22:03,253 [INFO] advanced_analyzer.py:50 - 成功读取 6 个房间ID
2024-11-14 16:22:03,253 [INFO] advanced_analyzer.py:505 - 生成 6 个URL
2024-11-14 16:22:03,253 [INFO] advanced_analyzer.py:509 - 创建数据目录: data/airbnb_data_20241114_162203
2024-11-14 16:22:03,253 [INFO] advanced_analyzer.py:376 - === 开始批量分析房源 ===
2024-11-14 16:22:03,254 [INFO] advanced_analyzer.py:385 - 设置并发线程数: 1
2024-11-14 16:22:03,254 [INFO] advanced_analyzer.py:154 - GeckoDriver已存在
2024-11-14 16:22:03,255 [INFO] advanced_analyzer.py:186 - 开始初始化 Firefox WebDriver... (尝试 1/3)
2024-11-14 16:22:20,404 [INFO] advanced_analyzer.py:124 - 成功获取SOCKS5代理IP: 7731224-23ba352f:74024a8b-global-697797823@gate.kookeey.info:1000
2024-11-14 16:22:20,404 [INFO] advanced_analyzer.py:218 - 代理配置信息:
2024-11-14 16:22:20,404 [INFO] advanced_analyzer.py:219 - 主机: gate.kookeey.info
2024-11-14 16:22:20,404 [INFO] advanced_analyzer.py:220 - 端口: 1000
2024-11-14 16:22:20,405 [INFO] advanced_analyzer.py:221 - 用户名: 7731224
2024-11-14 16:22:20,405 [INFO] advanced_analyzer.py:265 - 找到Firefox安装路径: C:\Program Files\Mozilla Firefox\firefox.exe
2024-11-14 16:22:25,577 [WARNING] advanced_analyzer.py:313 - 代理验证失败: Message: Reached error page: about:neterror?e=connectionFailure&u=http%3A//example.com/&c=UTF-8&d=Firefox%20%E6%97%A0%E6%B3%95%E5%BB%BA%E7%AB%8B%E5%88%B0%20example.com%20%E6%9C%8D%E5%8A%A1%E5%99%A8%E7%9A%84%E8%BF%9E%E6%8E%A5%E3%80%82
Stacktrace:
RemoteError@chrome://remote/content/shared/RemoteError.sys.mjs:8:8
WebDriverError@chrome://remote/content/shared/webdriver/Errors.sys.mjs:193:5
UnknownError@chrome://remote/content/shared/webdriver/Errors.sys.mjs:832:5
checkReadyState@chrome://remote/content/marionette/navigate.sys.mjs:58:24
onNavigation@chrome://remote/content/marionette/navigate.sys.mjs:344:39
emit@resource://gre/modules/EventEmitter.sys.mjs:148:20
receiveMessage@chrome://remote/content/marionette/actors/MarionetteEventsParent.sys.mjs:33:25

2024-11-14 16:22:48,710 [INFO] advanced_analyzer.py:186 - 开始初始化 Firefox WebDriver... (尝试 2/3)
2024-11-14 16:22:52,056 [INFO] advanced_analyzer.py:124 - 成功获取SOCKS5代理IP: 7731224-23ba352f:74024a8b-global-669787332@gate.kookeey.info:1000
2024-11-14 16:22:52,057 [INFO] advanced_analyzer.py:218 - 代理配置信息:
2024-11-14 16:22:52,057 [INFO] advanced_analyzer.py:219 - 主机: gate.kookeey.info
2024-11-14 16:22:52,057 [INFO] advanced_analyzer.py:220 - 端口: 1000
2024-11-14 16:22:52,057 [INFO] advanced_analyzer.py:221 - 用户名: 7731224
2024-11-14 16:22:52,057 [INFO] advanced_analyzer.py:265 - 找到Firefox安装路径: C:\Program Files\Mozilla Firefox\firefox.exe
2024-11-14 16:22:57,209 [WARNING] advanced_analyzer.py:313 - 代理验证失败: Message: Reached error page: about:neterror?e=connectionFailure&u=http%3A//example.com/&c=UTF-8&d=Firefox%20%E6%97%A0%E6%B3%95%E5%BB%BA%E7%AB%8B%E5%88%B0%20example.com%20%E6%9C%8D%E5%8A%A1%E5%99%A8%E7%9A%84%E8%BF%9E%E6%8E%A5%E3%80%82
Stacktrace:
RemoteError@chrome://remote/content/shared/RemoteError.sys.mjs:8:8
WebDriverError@chrome://remote/content/shared/webdriver/Errors.sys.mjs:193:5
UnknownError@chrome://remote/content/shared/webdriver/Errors.sys.mjs:832:5
checkReadyState@chrome://remote/content/marionette/navigate.sys.mjs:58:24
onNavigation@chrome://remote/content/marionette/navigate.sys.mjs:344:39
emit@resource://gre/modules/EventEmitter.sys.mjs:148:20
receiveMessage@chrome://remote/content/marionette/actors/MarionetteEventsParent.sys.mjs:33:25

2024-11-14 16:23:20,284 [INFO] advanced_analyzer.py:186 - 开始初始化 Firefox WebDriver... (尝试 3/3)
2024-11-14 16:23:33,787 [INFO] advanced_analyzer.py:124 - 成功获取SOCKS5代理IP: 7731224-23ba352f:74024a8b-global-637271873@gate.kookeey.info:1000
2024-11-14 16:23:33,787 [INFO] advanced_analyzer.py:218 - 代理配置信息:
2024-11-14 16:23:33,787 [INFO] advanced_analyzer.py:219 - 主机: gate.kookeey.info
2024-11-14 16:23:33,787 [INFO] advanced_analyzer.py:220 - 端口: 1000
2024-11-14 16:23:33,788 [INFO] advanced_analyzer.py:221 - 用户名: 7731224
2024-11-14 16:23:33,788 [INFO] advanced_analyzer.py:265 - 找到Firefox安装路径: C:\Program Files\Mozilla Firefox\firefox.exe
2024-11-14 16:23:38,953 [WARNING] advanced_analyzer.py:313 - 代理验证失败: Message: Reached error page: about:neterror?e=connectionFailure&u=http%3A//example.com/&c=UTF-8&d=Firefox%20%E6%97%A0%E6%B3%95%E5%BB%BA%E7%AB%8B%E5%88%B0%20example.com%20%E6%9C%8D%E5%8A%A1%E5%99%A8%E7%9A%84%E8%BF%9E%E6%8E%A5%E3%80%82
Stacktrace:
RemoteError@chrome://remote/content/shared/RemoteError.sys.mjs:8:8
WebDriverError@chrome://remote/content/shared/webdriver/Errors.sys.mjs:193:5
UnknownError@chrome://remote/content/shared/webdriver/Errors.sys.mjs:832:5
checkReadyState@chrome://remote/content/marionette/navigate.sys.mjs:58:24
onNavigation@chrome://remote/content/marionette/navigate.sys.mjs:344:39
emit@resource://gre/modules/EventEmitter.sys.mjs:148:20
receiveMessage@chrome://remote/content/marionette/actors/MarionetteEventsParent.sys.mjs:33:25

2024-11-14 16:24:02,012 [ERROR] advanced_analyzer.py:397 - 无法为URL https://www.airbnb.co.nz/rooms/837352260137971048 初始化WebDriver
2024-11-14 16:24:02,012 [INFO] advanced_analyzer.py:154 - GeckoDriver已存在
2024-11-14 16:24:02,012 [INFO] advanced_analyzer.py:186 - 开始初始化 Firefox WebDriver... (尝试 1/3)
2024-11-14 16:24:06,284 [INFO] advanced_analyzer.py:124 - 成功获取SOCKS5代理IP: 7731224-23ba352f:74024a8b-global-717232065@gate.kookeey.info:1000
2024-11-14 16:24:06,284 [INFO] advanced_analyzer.py:218 - 代理配置信息:
2024-11-14 16:24:06,284 [INFO] advanced_analyzer.py:219 - 主机: gate.kookeey.info
2024-11-14 16:24:06,284 [INFO] advanced_analyzer.py:220 - 端口: 1000
2024-11-14 16:24:06,284 [INFO] advanced_analyzer.py:221 - 用户名: 7731224
2024-11-14 16:24:06,284 [INFO] advanced_analyzer.py:265 - 找到Firefox安装路径: C:\Program Files\Mozilla Firefox\firefox.exe
2024-11-14 16:24:11,601 [WARNING] advanced_analyzer.py:313 - 代理验证失败: Message: Reached error page: about:neterror?e=connectionFailure&u=http%3A//example.com/&c=UTF-8&d=Firefox%20%E6%97%A0%E6%B3%95%E5%BB%BA%E7%AB%8B%E5%88%B0%20example.com%20%E6%9C%8D%E5%8A%A1%E5%99%A8%E7%9A%84%E8%BF%9E%E6%8E%A5%E3%80%82
Stacktrace:
RemoteError@chrome://remote/content/shared/RemoteError.sys.mjs:8:8
WebDriverError@chrome://remote/content/shared/webdriver/Errors.sys.mjs:193:5
UnknownError@chrome://remote/content/shared/webdriver/Errors.sys.mjs:832:5
checkReadyState@chrome://remote/content/marionette/navigate.sys.mjs:58:24
onNavigation@chrome://remote/content/marionette/navigate.sys.mjs:344:39
emit@resource://gre/modules/EventEmitter.sys.mjs:148:20
receiveMessage@chrome://remote/content/marionette/actors/MarionetteEventsParent.sys.mjs:33:25

