2024-11-05 13:34:13,571 [INFO] advanced_analyzer.py:192 - === 开始Airbnb数据收集程序 ===
2024-11-05 13:34:13,741 [INFO] advanced_analyzer.py:33 - 成功读取 2 个房间信息
2024-11-05 13:34:13,742 [INFO] advanced_analyzer.py:203 - 生成 2 个URL
2024-11-05 13:34:13,742 [INFO] advanced_analyzer.py:207 - 创建数据目录: data/airbnb_data_20241105_133413
2024-11-05 13:34:13,742 [INFO] advanced_analyzer.py:121 - === 开始批量分析房源 ===
2024-11-05 13:34:15,485 [INFO] advanced_analyzer.py:67 - Chrome WebDriver 初始化成功
2024-11-05 13:34:15,485 [INFO] advanced_analyzer.py:129 - 
处理第 1/2 个房源
2024-11-05 13:34:15,486 [INFO] advanced_analyzer.py:75 - 
开始分析房源: https://www.airbnb.co.nz/rooms/1043238006551529117 (最小入住: 2晚)
2024-11-05 13:34:15,486 [INFO] airbnb_calendar_checker.py:70 - 开始检查房源日历: https://www.airbnb.co.nz/rooms/1043238006551529117
2024-11-05 13:34:28,565 [INFO] airbnb_calendar_checker.py:103 - 没有找到需要关闭的模态框或关闭失败
2024-11-05 13:34:28,663 [INFO] airbnb_calendar_checker.py:114 - 成功打开日历
2024-11-05 13:34:30,768 [INFO] airbnb_calendar_checker.py:133 - 找到 246 个日期单元格
2024-11-05 13:34:30,770 [INFO] airbnb_calendar_checker.py:178 - 原始单元格数量: 246
2024-11-05 13:34:30,770 [INFO] airbnb_calendar_checker.py:179 - 去重后数据条数: 123
2024-11-05 13:34:30,770 [INFO] airbnb_calendar_checker.py:180 - 处理的唯一日期数: 123
2024-11-05 13:34:30,770 [INFO] airbnb_calendar_checker.py:184 - 收集到 123 条有效日历数据
2024-11-05 13:34:30,770 [INFO] airbnb_calendar_checker.py:22 - 开始导出数据到Excel...
2024-11-05 13:34:30,770 [INFO] airbnb_calendar_checker.py:32 - 处理房源ID: 1043238006551529117
2024-11-05 13:34:30,770 [INFO] airbnb_calendar_checker.py:37 - 将创建文件: data/airbnb_calendar_1043238006551529117_20241105_133430.xlsx
2024-11-05 13:34:30,771 [INFO] airbnb_calendar_checker.py:41 - 创建DataFrame，共 123 行数据
2024-11-05 13:34:30,799 [INFO] airbnb_calendar_checker.py:52 - 数据已成功导出到Excel文件: data/airbnb_calendar_1043238006551529117_20241105_133430.xlsx
2024-11-05 13:34:30,799 [INFO] airbnb_calendar_checker.py:57 - 文件创建成功，大小: 9.10 KB
2024-11-05 13:34:30,799 [INFO] airbnb_calendar_checker.py:187 - 日历数据已成功导出到: data/airbnb_calendar_1043238006551529117_20241105_133430.xlsx
2024-11-05 13:34:30,799 [INFO] advanced_analyzer.py:84 - 成功获取日历数据: 123 条记录
2024-11-05 13:34:30,800 [INFO] price_checker.py:331 - 开始检查房源价格: https://www.airbnb.co.nz/rooms/1043238006551529117 (最小入住: 2晚)
2024-11-05 13:34:30,800 [INFO] price_checker.py:323 - 找到 43 个可预订日期
2024-11-05 13:34:30,800 [INFO] price_checker.py:345 - 正在处理第 1/43 个日期: 19/11/2024
2024-11-05 13:34:30,800 [INFO] price_checker.py:75 - 开始获取价格信息: https://www.airbnb.co.nz/rooms/1043238006551529117
2024-11-05 13:34:30,800 [INFO] price_checker.py:86 - 入住日期: 2024-11-19, 退房日期: 2024-11-21 (最小入住: 2晚)
2024-11-05 13:34:30,800 [INFO] price_checker.py:90 - 访问URL: https://www.airbnb.co.nz/rooms/1043238006551529117?check_in=2024-11-19&check_out=2024-11-21&adults=3&children=0&infants=0
2024-11-05 13:34:41,087 [INFO] price_checker.py:119 - 页面加载完成
2024-11-05 13:34:41,096 [INFO] price_checker.py:62 - 日期区间 19/11/2024 到 2024-11-21 可预订
2024-11-05 13:35:01,291 [ERROR] price_checker.py:158 - 未找到价格详情按钮
2024-11-05 13:35:01,291 [WARNING] price_checker.py:353 - 获取 19/11/2024 的价格信息失败
2024-11-05 13:35:01,291 [INFO] price_checker.py:345 - 正在处理第 2/43 个日期: 20/11/2024
2024-11-05 13:35:01,291 [INFO] price_checker.py:75 - 开始获取价格信息: https://www.airbnb.co.nz/rooms/1043238006551529117
2024-11-05 13:35:01,291 [INFO] price_checker.py:86 - 入住日期: 2024-11-20, 退房日期: 2024-11-22 (最小入住: 2晚)
2024-11-05 13:35:01,291 [INFO] price_checker.py:90 - 访问URL: https://www.airbnb.co.nz/rooms/1043238006551529117?check_in=2024-11-20&check_out=2024-11-22&adults=3&children=0&infants=0
2024-11-05 13:35:11,468 [INFO] price_checker.py:119 - 页面加载完成
2024-11-05 13:35:11,474 [INFO] price_checker.py:62 - 日期区间 20/11/2024 到 2024-11-22 可预订
2024-11-05 13:35:31,663 [ERROR] price_checker.py:158 - 未找到价格详情按钮
2024-11-05 13:35:31,663 [WARNING] price_checker.py:353 - 获取 20/11/2024 的价格信息失败
2024-11-05 13:35:31,663 [INFO] price_checker.py:345 - 正在处理第 3/43 个日期: 24/11/2024
2024-11-05 13:35:31,663 [INFO] price_checker.py:75 - 开始获取价格信息: https://www.airbnb.co.nz/rooms/1043238006551529117
2024-11-05 13:35:31,663 [INFO] price_checker.py:86 - 入住日期: 2024-11-24, 退房日期: 2024-11-26 (最小入住: 2晚)
2024-11-05 13:35:31,663 [INFO] price_checker.py:90 - 访问URL: https://www.airbnb.co.nz/rooms/1043238006551529117?check_in=2024-11-24&check_out=2024-11-26&adults=3&children=0&infants=0
2024-11-05 13:35:45,849 [INFO] advanced_analyzer.py:262 - === 程序执行完成 ===
