2024-11-15 11:16:10,879 [INFO] advanced_analyzer.py:357 - === 开始Airbnb数据收集程序 ===
2024-11-15 11:16:11,049 [INFO] advanced_analyzer.py:99 - 成功读取 6 个房间ID
2024-11-15 11:16:11,049 [INFO] advanced_analyzer.py:368 - 生成 6 个URL
2024-11-15 11:16:11,050 [INFO] advanced_analyzer.py:372 - 创建数据目录: data/airbnb_data_20241115_111611
2024-11-15 11:16:11,050 [INFO] advanced_analyzer.py:238 - === 开始批量分析房源 ===
2024-11-15 11:16:11,050 [INFO] advanced_analyzer.py:247 - 设置并发线程数: 1
2024-11-15 11:16:11,051 [INFO] advanced_analyzer.py:168 - 开始初始化BitBrowser...
2024-11-15 11:16:11,054 [INFO] bit_browser_manager.py:31 - API响应状态码: 404
2024-11-15 11:16:11,054 [INFO] bit_browser_manager.py:32 - API响应头: {'Access-Control-Allow-Origin': '*', 'Access-Control-Allow-Methods': '*', 'Access-Control-Allow-Headers': '*', 'Content-Type': 'text/plain; charset=utf-8', 'Content-Length': '9', 'Date': 'Thu, 14 Nov 2024 22:16:11 GMT', 'Connection': 'keep-alive', 'Keep-Alive': 'timeout=5'}
2024-11-15 11:16:11,055 [ERROR] bit_browser_manager.py:54 - API响应不是有效的JSON格式
2024-11-15 11:16:11,055 [ERROR] advanced_analyzer.py:176 - 未找到活动的BitBrowser实例
2024-11-15 11:16:11,055 [ERROR] advanced_analyzer.py:258 - 无法为URL https://www.airbnb.co.nz/rooms/837352260137971048 初始化BitBrowser
2024-11-15 11:16:11,055 [INFO] advanced_analyzer.py:168 - 开始初始化BitBrowser...
2024-11-15 11:16:11,057 [INFO] bit_browser_manager.py:31 - API响应状态码: 404
2024-11-15 11:16:11,057 [INFO] bit_browser_manager.py:32 - API响应头: {'Access-Control-Allow-Origin': '*', 'Access-Control-Allow-Methods': '*', 'Access-Control-Allow-Headers': '*', 'Content-Type': 'text/plain; charset=utf-8', 'Content-Length': '9', 'Date': 'Thu, 14 Nov 2024 22:16:11 GMT', 'Connection': 'keep-alive', 'Keep-Alive': 'timeout=5'}
2024-11-15 11:16:11,057 [ERROR] bit_browser_manager.py:54 - API响应不是有效的JSON格式
2024-11-15 11:16:11,057 [ERROR] advanced_analyzer.py:176 - 未找到活动的BitBrowser实例
2024-11-15 11:16:11,057 [ERROR] advanced_analyzer.py:258 - 无法为URL https://www.airbnb.co.nz/rooms/43435162 初始化BitBrowser
2024-11-15 11:16:11,057 [INFO] advanced_analyzer.py:168 - 开始初始化BitBrowser...
2024-11-15 11:16:11,059 [INFO] bit_browser_manager.py:31 - API响应状态码: 404
2024-11-15 11:16:11,059 [INFO] bit_browser_manager.py:32 - API响应头: {'Access-Control-Allow-Origin': '*', 'Access-Control-Allow-Methods': '*', 'Access-Control-Allow-Headers': '*', 'Content-Type': 'text/plain; charset=utf-8', 'Content-Length': '9', 'Date': 'Thu, 14 Nov 2024 22:16:11 GMT', 'Connection': 'keep-alive', 'Keep-Alive': 'timeout=5'}
2024-11-15 11:16:11,060 [ERROR] bit_browser_manager.py:54 - API响应不是有效的JSON格式
2024-11-15 11:16:11,060 [ERROR] advanced_analyzer.py:176 - 未找到活动的BitBrowser实例
2024-11-15 11:16:11,060 [ERROR] advanced_analyzer.py:258 - 无法为URL https://www.airbnb.co.nz/rooms/830193102361409290 初始化BitBrowser
2024-11-15 11:16:11,060 [INFO] advanced_analyzer.py:168 - 开始初始化BitBrowser...
2024-11-15 11:16:11,062 [INFO] bit_browser_manager.py:31 - API响应状态码: 404
2024-11-15 11:16:11,062 [INFO] bit_browser_manager.py:32 - API响应头: {'Access-Control-Allow-Origin': '*', 'Access-Control-Allow-Methods': '*', 'Access-Control-Allow-Headers': '*', 'Content-Type': 'text/plain; charset=utf-8', 'Content-Length': '9', 'Date': 'Thu, 14 Nov 2024 22:16:11 GMT', 'Connection': 'keep-alive', 'Keep-Alive': 'timeout=5'}
2024-11-15 11:16:11,062 [ERROR] bit_browser_manager.py:54 - API响应不是有效的JSON格式
2024-11-15 11:16:11,062 [ERROR] advanced_analyzer.py:176 - 未找到活动的BitBrowser实例
2024-11-15 11:16:11,062 [ERROR] advanced_analyzer.py:258 - 无法为URL https://www.airbnb.co.nz/rooms/49525472 初始化BitBrowser
2024-11-15 11:16:11,062 [INFO] advanced_analyzer.py:168 - 开始初始化BitBrowser...
2024-11-15 11:16:11,064 [INFO] bit_browser_manager.py:31 - API响应状态码: 404
2024-11-15 11:16:11,064 [INFO] bit_browser_manager.py:32 - API响应头: {'Access-Control-Allow-Origin': '*', 'Access-Control-Allow-Methods': '*', 'Access-Control-Allow-Headers': '*', 'Content-Type': 'text/plain; charset=utf-8', 'Content-Length': '9', 'Date': 'Thu, 14 Nov 2024 22:16:11 GMT', 'Connection': 'keep-alive', 'Keep-Alive': 'timeout=5'}
2024-11-15 11:16:11,064 [ERROR] bit_browser_manager.py:54 - API响应不是有效的JSON格式
2024-11-15 11:16:11,064 [ERROR] advanced_analyzer.py:176 - 未找到活动的BitBrowser实例
2024-11-15 11:16:11,064 [ERROR] advanced_analyzer.py:258 - 无法为URL https://www.airbnb.co.nz/rooms/716883705085875481 初始化BitBrowser
2024-11-15 11:16:11,064 [INFO] advanced_analyzer.py:168 - 开始初始化BitBrowser...
2024-11-15 11:16:11,066 [INFO] bit_browser_manager.py:31 - API响应状态码: 404
2024-11-15 11:16:11,066 [INFO] bit_browser_manager.py:32 - API响应头: {'Access-Control-Allow-Origin': '*', 'Access-Control-Allow-Methods': '*', 'Access-Control-Allow-Headers': '*', 'Content-Type': 'text/plain; charset=utf-8', 'Content-Length': '9', 'Date': 'Thu, 14 Nov 2024 22:16:11 GMT', 'Connection': 'keep-alive', 'Keep-Alive': 'timeout=5'}
2024-11-15 11:16:11,066 [ERROR] bit_browser_manager.py:54 - API响应不是有效的JSON格式
2024-11-15 11:16:11,066 [ERROR] advanced_analyzer.py:176 - 未找到活动的BitBrowser实例
2024-11-15 11:16:11,066 [ERROR] advanced_analyzer.py:258 - 无法为URL https://www.airbnb.co.nz/rooms/969823904189469776 初始化BitBrowser
2024-11-15 11:16:11,067 [INFO] advanced_analyzer.py:427 - === 程序执行完成 ===
