2024-11-05 12:19:27,300 [INFO] advanced_analyzer.py:76 - === 开始批量分析房源 ===
2024-11-05 12:19:29,065 [INFO] advanced_analyzer.py:24 - Chrome WebDriver 初始化成功
2024-11-05 12:19:29,065 [INFO] advanced_analyzer.py:84 - 
处理第 1/1 个房源
2024-11-05 12:19:29,066 [INFO] advanced_analyzer.py:30 - 
开始分析房源: https://www.airbnb.co.nz/rooms/830193102361409290
2024-11-05 12:19:29,066 [INFO] airbnb_calendar_checker.py:70 - 开始检查房源日历: https://www.airbnb.co.nz/rooms/830193102361409290
2024-11-05 12:19:38,926 [INFO] airbnb_calendar_checker.py:103 - 没有找到需要关闭的模态框或关闭失败
2024-11-05 12:19:49,017 [ERROR] airbnb_calendar_checker.py:123 - 打开日历失败: Message: 
Stacktrace:
	GetHandleVerifier [0x00DC38B3+24035]
	(No symbol) [0x00D4BC44]
	(No symbol) [0x00C2C2D3]
	(No symbol) [0x00C6DC86]
	(No symbol) [0x00C6DECB]
	(No symbol) [0x00CAB9D2]
	(No symbol) [0x00C8FED4]
	(No symbol) [0x00CA953F]
	(No symbol) [0x00C8FC26]
	(No symbol) [0x00C6218C]
	(No symbol) [0x00C6310D]
	GetHandleVerifier [0x010696D3+2800643]
	GetHandleVerifier [0x010C428E+3172286]
	GetHandleVerifier [0x010BCEA2+3142610]
	GetHandleVerifier [0x00E66C60+692624]
	(No symbol) [0x00D54C5D]
	(No symbol) [0x00D51968]
	(No symbol) [0x00D51B00]
	(No symbol) [0x00D43FB0]
	BaseThreadInitThunk [0x769C7BA9+25]
	RtlInitializeExceptionChain [0x7748C0CB+107]
	RtlClearBits [0x7748C04F+191]

2024-11-05 12:19:49,017 [ERROR] advanced_analyzer.py:36 - 获取日历数据失败: https://www.airbnb.co.nz/rooms/830193102361409290
2024-11-05 12:19:49,017 [INFO] advanced_analyzer.py:90 - 
分析完成，成功处理 0/1 个房源
2024-11-05 12:19:51,124 [INFO] advanced_analyzer.py:143 - 浏览器已关闭
