2024-11-15 13:33:05,627 [INFO] advanced_analyzer.py:391 - === 开始Airbnb数据收集程序 ===
2024-11-15 13:33:05,801 [INFO] advanced_analyzer.py:100 - 成功读取 6 个房间ID
2024-11-15 13:33:05,801 [INFO] advanced_analyzer.py:402 - 生成 6 个URL
2024-11-15 13:33:05,801 [INFO] advanced_analyzer.py:406 - 创建数据目录: data/airbnb_data_20241115_133305
2024-11-15 13:33:05,801 [INFO] advanced_analyzer.py:232 - === 开始批量分析房源 ===
2024-11-15 13:33:05,802 [INFO] advanced_analyzer.py:241 - 设置并发线程数: 3
2024-11-15 13:33:05,831 [INFO] bit_browser_manager.py:38 - 活动浏览器响应: {
  "success": true,
  "data": {
    "fa23ba7669ce4064b2fafb611daa22a3": 23592,
    "cf51683770d94ff3931408fce73c90f3": 38604,
    "cd272b4525344db49309c826255465b8": 26068
  }
}
2024-11-15 13:33:11,244 [INFO] bit_browser_manager.py:63 - 找到 3 个活动浏览器
2024-11-15 13:33:11,244 [INFO] advanced_analyzer.py:257 - 
=== 可用的浏览器实例 ===
2024-11-15 13:33:11,244 [INFO] advanced_analyzer.py:259 - ID: fa23ba7669ce4064b2fafb611daa22a3
2024-11-15 13:33:11,244 [INFO] advanced_analyzer.py:260 - 名称: _1
2024-11-15 13:33:11,245 [INFO] advanced_analyzer.py:261 - 备注: 
2024-11-15 13:33:11,245 [INFO] advanced_analyzer.py:262 - PID: 23592

2024-11-15 13:33:11,245 [INFO] advanced_analyzer.py:259 - ID: cf51683770d94ff3931408fce73c90f3
2024-11-15 13:33:11,245 [INFO] advanced_analyzer.py:260 - 名称: 
2024-11-15 13:33:11,245 [INFO] advanced_analyzer.py:261 - 备注: 
2024-11-15 13:33:11,245 [INFO] advanced_analyzer.py:262 - PID: 38604

2024-11-15 13:33:11,245 [INFO] advanced_analyzer.py:259 - ID: cd272b4525344db49309c826255465b8
2024-11-15 13:33:11,245 [INFO] advanced_analyzer.py:260 - 名称: _2
2024-11-15 13:33:11,245 [INFO] advanced_analyzer.py:261 - 备注: 
2024-11-15 13:33:11,245 [INFO] advanced_analyzer.py:262 - PID: 26068

2024-11-15 13:33:11,245 [INFO] advanced_analyzer.py:275 - 线程 42484 使用浏览器 fa23ba7669ce4064b2fafb611daa22a3
2024-11-15 13:33:11,246 [INFO] advanced_analyzer.py:275 - 线程 38004 使用浏览器 cf51683770d94ff3931408fce73c90f3
2024-11-15 13:33:11,246 [INFO] advanced_analyzer.py:275 - 线程 37664 使用浏览器 cd272b4525344db49309c826255465b8
2024-11-15 13:33:12,380 [INFO] bit_browser_manager.py:187 - 正在导航到: https://www.airbnb.co.nz/rooms/43435162
2024-11-15 13:33:12,382 [INFO] bit_browser_manager.py:187 - 正在导航到: https://www.airbnb.co.nz/rooms/837352260137971048
2024-11-15 13:33:12,425 [INFO] bit_browser_manager.py:187 - 正在导航到: https://www.airbnb.co.nz/rooms/830193102361409290
2024-11-15 13:33:12,565 [INFO] bit_browser_manager.py:195 - 成功加载页面: https://www.airbnb.co.nz/rooms/43435162
2024-11-15 13:33:12,565 [INFO] advanced_analyzer.py:197 - 
开始分析房源: https://www.airbnb.co.nz/rooms/43435162
2024-11-15 13:33:12,565 [INFO] airbnb_calendar_checker.py:70 - 开始检查房源日历: https://www.airbnb.co.nz/rooms/43435162
2024-11-15 13:33:12,659 [INFO] airbnb_calendar_checker.py:75 - 页面加载中...
2024-11-15 13:33:12,661 [INFO] airbnb_calendar_checker.py:82 - 页面基本加载完成
2024-11-15 13:33:16,937 [INFO] bit_browser_manager.py:195 - 成功加载页面: https://www.airbnb.co.nz/rooms/837352260137971048
2024-11-15 13:33:16,937 [INFO] advanced_analyzer.py:197 - 
开始分析房源: https://www.airbnb.co.nz/rooms/837352260137971048
2024-11-15 13:33:16,937 [INFO] airbnb_calendar_checker.py:70 - 开始检查房源日历: https://www.airbnb.co.nz/rooms/837352260137971048
2024-11-15 13:33:17,224 [INFO] bit_browser_manager.py:195 - 成功加载页面: https://www.airbnb.co.nz/rooms/830193102361409290
2024-11-15 13:33:17,224 [INFO] advanced_analyzer.py:197 - 
开始分析房源: https://www.airbnb.co.nz/rooms/830193102361409290
2024-11-15 13:33:17,224 [INFO] airbnb_calendar_checker.py:70 - 开始检查房源日历: https://www.airbnb.co.nz/rooms/830193102361409290
2024-11-15 13:33:18,027 [INFO] airbnb_calendar_checker.py:75 - 页面加载中...
2024-11-15 13:33:18,030 [INFO] airbnb_calendar_checker.py:82 - 页面基本加载完成
2024-11-15 13:33:18,584 [INFO] airbnb_calendar_checker.py:75 - 页面加载中...
2024-11-15 13:33:18,586 [INFO] airbnb_calendar_checker.py:82 - 页面基本加载完成
2024-11-15 13:34:12,880 [INFO] airbnb_calendar_checker.py:120 - 找到日历按钮: //button[contains(@aria-label, 'Choose')]
2024-11-15 13:34:12,883 [INFO] airbnb_calendar_checker.py:134 - 已滚动到日历按钮位置
2024-11-15 13:34:13,883 [INFO] airbnb_calendar_checker.py:139 - 日历按钮已准备就绪
2024-11-15 13:34:14,026 [INFO] airbnb_calendar_checker.py:148 - 直接点击日历按钮成功
2024-11-15 13:34:18,249 [INFO] airbnb_calendar_checker.py:120 - 找到日历按钮: //button[contains(@aria-label, 'Choose')]
2024-11-15 13:34:18,251 [INFO] airbnb_calendar_checker.py:134 - 已滚动到日历按钮位置
2024-11-15 13:34:18,811 [INFO] airbnb_calendar_checker.py:120 - 找到日历按钮: //button[contains(@aria-label, 'Choose')]
2024-11-15 13:34:18,815 [INFO] airbnb_calendar_checker.py:134 - 已滚动到日历按钮位置
2024-11-15 13:34:19,252 [INFO] airbnb_calendar_checker.py:139 - 日历按钮已准备就绪
2024-11-15 13:34:19,382 [INFO] airbnb_calendar_checker.py:148 - 直接点击日历按钮成功
2024-11-15 13:34:19,815 [INFO] airbnb_calendar_checker.py:139 - 日历按钮已准备就绪
2024-11-15 13:34:19,947 [INFO] airbnb_calendar_checker.py:148 - 直接点击日历按钮成功
2024-11-15 13:34:34,148 [INFO] airbnb_calendar_checker.py:184 - 日历内容已加载: //div[contains(@data-testid, 'calendar')]
2024-11-15 13:34:34,161 [INFO] airbnb_calendar_checker.py:199 - 找到 123 个日期单元格
2024-11-15 13:34:34,255 [INFO] airbnb_calendar_checker.py:211 - 找到 123 个日期单元格
2024-11-15 13:34:34,256 [INFO] airbnb_calendar_checker.py:256 - 原始单元格数量: 123
2024-11-15 13:34:34,256 [INFO] airbnb_calendar_checker.py:257 - 去重后数据条数: 123
2024-11-15 13:34:34,256 [INFO] airbnb_calendar_checker.py:258 - 处理的唯一日期数: 123
2024-11-15 13:34:34,256 [INFO] airbnb_calendar_checker.py:262 - 收集到 123 条有效日历数据
2024-11-15 13:34:34,256 [INFO] airbnb_calendar_checker.py:22 - 开始导出数据到Excel...
2024-11-15 13:34:34,256 [INFO] airbnb_calendar_checker.py:32 - 处理房源ID: 43435162
2024-11-15 13:34:34,256 [INFO] airbnb_calendar_checker.py:37 - 将创建文件: data/airbnb_calendar_43435162_20241115_133434.xlsx
2024-11-15 13:34:34,257 [INFO] airbnb_calendar_checker.py:41 - 创建DataFrame，共 123 行数据
2024-11-15 13:34:34,284 [INFO] airbnb_calendar_checker.py:52 - 数据已成功导出到Excel文件: data/airbnb_calendar_43435162_20241115_133434.xlsx
2024-11-15 13:34:34,284 [INFO] airbnb_calendar_checker.py:57 - 文件创建成功，大小: 9.09 KB
2024-11-15 13:34:34,285 [INFO] airbnb_calendar_checker.py:265 - 日历数据已成功导出到: data/airbnb_calendar_43435162_20241115_133434.xlsx
2024-11-15 13:34:34,285 [INFO] advanced_analyzer.py:206 - 成功获取日历数据: 123 条记录
2024-11-15 13:34:34,285 [INFO] price_checker.py:571 - 开始检查房源价格: https://www.airbnb.co.nz/rooms/43435162
2024-11-15 13:34:34,285 [INFO] price_checker.py:564 - 找到 39 个可预订日期
2024-11-15 13:34:34,285 [INFO] price_checker.py:580 - 找到 39 个可预订日期
2024-11-15 13:34:34,285 [INFO] price_checker.py:589 - [1/39] 处理日期: 17/11/2024
2024-11-15 13:34:34,285 [INFO] price_checker.py:599 - 日期格式转换: 17/11/2024 -> 11/17/2024
2024-11-15 13:34:34,285 [INFO] price_checker.py:254 - 
=== 开始获取价格信息 ===
2024-11-15 13:34:34,285 [INFO] price_checker.py:255 - URL: https://www.airbnb.co.nz/rooms/43435162
2024-11-15 13:34:34,285 [INFO] price_checker.py:256 - 入住日期: 11/17/2024
2024-11-15 13:34:34,285 [INFO] price_checker.py:257 - 指定最小入住天数: 自动检测
2024-11-15 13:34:34,285 [ERROR] price_checker.py:282 - 日期解析失败: month must be in 1..12
2024-11-15 13:34:34,286 [WARNING] price_checker.py:621 - ✗ 获取 11/17/2024 的价格信息失败
2024-11-15 13:34:34,286 [INFO] price_checker.py:589 - [2/39] 处理日期: 18/11/2024
2024-11-15 13:34:34,286 [INFO] price_checker.py:599 - 日期格式转换: 18/11/2024 -> 11/18/2024
2024-11-15 13:34:34,286 [INFO] price_checker.py:254 - 
=== 开始获取价格信息 ===
2024-11-15 13:34:34,286 [INFO] price_checker.py:255 - URL: https://www.airbnb.co.nz/rooms/43435162
2024-11-15 13:34:34,286 [INFO] price_checker.py:256 - 入住日期: 11/18/2024
2024-11-15 13:34:34,286 [INFO] price_checker.py:257 - 指定最小入住天数: 自动检测
2024-11-15 13:34:34,286 [ERROR] price_checker.py:282 - 日期解析失败: month must be in 1..12
2024-11-15 13:34:34,286 [WARNING] price_checker.py:621 - ✗ 获取 11/18/2024 的价格信息失败
2024-11-15 13:34:34,286 [INFO] price_checker.py:589 - [3/39] 处理日期: 19/11/2024
2024-11-15 13:34:34,286 [INFO] price_checker.py:599 - 日期格式转换: 19/11/2024 -> 11/19/2024
2024-11-15 13:34:34,286 [INFO] price_checker.py:254 - 
=== 开始获取价格信息 ===
2024-11-15 13:34:34,286 [INFO] price_checker.py:255 - URL: https://www.airbnb.co.nz/rooms/43435162
2024-11-15 13:34:34,287 [INFO] price_checker.py:256 - 入住日期: 11/19/2024
2024-11-15 13:34:34,287 [INFO] price_checker.py:257 - 指定最小入住天数: 自动检测
2024-11-15 13:34:34,287 [ERROR] price_checker.py:282 - 日期解析失败: month must be in 1..12
2024-11-15 13:34:34,287 [WARNING] price_checker.py:621 - ✗ 获取 11/19/2024 的价格信息失败
2024-11-15 13:34:34,287 [INFO] price_checker.py:589 - [4/39] 处理日期: 20/11/2024
2024-11-15 13:34:34,287 [INFO] price_checker.py:599 - 日期格式转换: 20/11/2024 -> 11/20/2024
2024-11-15 13:34:34,287 [INFO] price_checker.py:254 - 
=== 开始获取价格信息 ===
2024-11-15 13:34:34,287 [INFO] price_checker.py:255 - URL: https://www.airbnb.co.nz/rooms/43435162
2024-11-15 13:34:34,287 [INFO] price_checker.py:256 - 入住日期: 11/20/2024
2024-11-15 13:34:34,287 [INFO] price_checker.py:257 - 指定最小入住天数: 自动检测
2024-11-15 13:34:34,287 [ERROR] price_checker.py:282 - 日期解析失败: month must be in 1..12
2024-11-15 13:34:34,287 [WARNING] price_checker.py:621 - ✗ 获取 11/20/2024 的价格信息失败
2024-11-15 13:34:34,287 [INFO] price_checker.py:589 - [5/39] 处理日期: 21/11/2024
2024-11-15 13:34:34,288 [INFO] price_checker.py:599 - 日期格式转换: 21/11/2024 -> 11/21/2024
2024-11-15 13:34:34,288 [INFO] price_checker.py:254 - 
=== 开始获取价格信息 ===
2024-11-15 13:34:34,288 [INFO] price_checker.py:255 - URL: https://www.airbnb.co.nz/rooms/43435162
2024-11-15 13:34:34,288 [INFO] price_checker.py:256 - 入住日期: 11/21/2024
2024-11-15 13:34:34,288 [INFO] price_checker.py:257 - 指定最小入住天数: 自动检测
2024-11-15 13:34:34,288 [ERROR] price_checker.py:282 - 日期解析失败: month must be in 1..12
2024-11-15 13:34:34,288 [WARNING] price_checker.py:621 - ✗ 获取 11/21/2024 的价格信息失败
2024-11-15 13:34:34,288 [INFO] price_checker.py:625 - 已完成 5/39 个日期的处理
2024-11-15 13:34:37,288 [INFO] price_checker.py:589 - [6/39] 处理日期: 22/11/2024
2024-11-15 13:34:37,288 [INFO] price_checker.py:599 - 日期格式转换: 22/11/2024 -> 11/22/2024
2024-11-15 13:34:37,289 [INFO] price_checker.py:254 - 
=== 开始获取价格信息 ===
2024-11-15 13:34:37,289 [INFO] price_checker.py:255 - URL: https://www.airbnb.co.nz/rooms/43435162
2024-11-15 13:34:37,289 [INFO] price_checker.py:256 - 入住日期: 11/22/2024
2024-11-15 13:34:37,289 [INFO] price_checker.py:257 - 指定最小入住天数: 自动检测
2024-11-15 13:34:37,289 [ERROR] price_checker.py:282 - 日期解析失败: month must be in 1..12
2024-11-15 13:34:37,289 [WARNING] price_checker.py:621 - ✗ 获取 11/22/2024 的价格信息失败
2024-11-15 13:34:37,289 [INFO] price_checker.py:589 - [7/39] 处理日期: 23/11/2024
2024-11-15 13:34:37,289 [INFO] price_checker.py:599 - 日期格式转换: 23/11/2024 -> 11/23/2024
2024-11-15 13:34:37,289 [INFO] price_checker.py:254 - 
=== 开始获取价格信息 ===
2024-11-15 13:34:37,289 [INFO] price_checker.py:255 - URL: https://www.airbnb.co.nz/rooms/43435162
2024-11-15 13:34:37,289 [INFO] price_checker.py:256 - 入住日期: 11/23/2024
2024-11-15 13:34:37,290 [INFO] price_checker.py:257 - 指定最小入住天数: 自动检测
2024-11-15 13:34:37,290 [ERROR] price_checker.py:282 - 日期解析失败: month must be in 1..12
2024-11-15 13:34:37,290 [WARNING] price_checker.py:621 - ✗ 获取 11/23/2024 的价格信息失败
2024-11-15 13:34:37,290 [INFO] price_checker.py:589 - [8/39] 处理日期: 29/11/2024
2024-11-15 13:34:37,290 [INFO] price_checker.py:599 - 日期格式转换: 29/11/2024 -> 11/29/2024
2024-11-15 13:34:37,290 [INFO] price_checker.py:254 - 
=== 开始获取价格信息 ===
2024-11-15 13:34:37,290 [INFO] price_checker.py:255 - URL: https://www.airbnb.co.nz/rooms/43435162
2024-11-15 13:34:37,290 [INFO] price_checker.py:256 - 入住日期: 11/29/2024
2024-11-15 13:34:37,290 [INFO] price_checker.py:257 - 指定最小入住天数: 自动检测
2024-11-15 13:34:37,290 [ERROR] price_checker.py:282 - 日期解析失败: month must be in 1..12
2024-11-15 13:34:37,290 [WARNING] price_checker.py:621 - ✗ 获取 11/29/2024 的价格信息失败
2024-11-15 13:34:37,290 [INFO] price_checker.py:589 - [9/39] 处理日期: 30/11/2024
2024-11-15 13:34:37,290 [INFO] price_checker.py:599 - 日期格式转换: 30/11/2024 -> 11/30/2024
2024-11-15 13:34:37,290 [INFO] price_checker.py:254 - 
=== 开始获取价格信息 ===
2024-11-15 13:34:37,291 [INFO] price_checker.py:255 - URL: https://www.airbnb.co.nz/rooms/43435162
2024-11-15 13:34:37,291 [INFO] price_checker.py:256 - 入住日期: 11/30/2024
2024-11-15 13:34:37,291 [INFO] price_checker.py:257 - 指定最小入住天数: 自动检测
2024-11-15 13:34:37,291 [ERROR] price_checker.py:282 - 日期解析失败: month must be in 1..12
2024-11-15 13:34:37,291 [WARNING] price_checker.py:621 - ✗ 获取 11/30/2024 的价格信息失败
2024-11-15 13:34:37,291 [INFO] price_checker.py:589 - [10/39] 处理日期: 01/12/2024
2024-11-15 13:34:37,291 [INFO] price_checker.py:599 - 日期格式转换: 01/12/2024 -> 12/01/2024
2024-11-15 13:34:37,291 [INFO] price_checker.py:254 - 
=== 开始获取价格信息 ===
2024-11-15 13:34:37,291 [INFO] price_checker.py:255 - URL: https://www.airbnb.co.nz/rooms/43435162
2024-11-15 13:34:37,291 [INFO] price_checker.py:256 - 入住日期: 12/01/2024
2024-11-15 13:34:37,291 [INFO] price_checker.py:257 - 指定最小入住天数: 自动检测
2024-11-15 13:34:37,291 [INFO] price_checker.py:268 - 成功解析日期: 2024-01-12 00:00:00
2024-11-15 13:34:37,291 [INFO] price_checker.py:272 - URL日期格式: 2024-01-12
2024-11-15 13:34:37,292 [INFO] price_checker.py:276 - 日历日期格式: 01/12/2024
2024-11-15 13:34:37,292 [INFO] price_checker.py:291 - 完整URL: https://www.airbnb.co.nz/rooms/43435162?check_in=2024-01-12
2024-11-15 13:34:39,407 [INFO] price_checker.py:299 - 查找日历日期: 01/12/2024
2024-11-15 13:34:39,449 [INFO] airbnb_calendar_checker.py:184 - 日历内容已加载: //div[contains(@data-testid, 'calendar')]
2024-11-15 13:34:39,461 [INFO] airbnb_calendar_checker.py:199 - 找到 123 个日期单元格
2024-11-15 13:34:39,565 [INFO] airbnb_calendar_checker.py:211 - 找到 123 个日期单元格
2024-11-15 13:34:39,567 [INFO] airbnb_calendar_checker.py:256 - 原始单元格数量: 123
2024-11-15 13:34:39,567 [INFO] airbnb_calendar_checker.py:257 - 去重后数据条数: 123
2024-11-15 13:34:39,567 [INFO] airbnb_calendar_checker.py:258 - 处理的唯一日期数: 123
2024-11-15 13:34:39,567 [INFO] airbnb_calendar_checker.py:262 - 收集到 123 条有效日历数据
2024-11-15 13:34:39,567 [INFO] airbnb_calendar_checker.py:22 - 开始导出数据到Excel...
2024-11-15 13:34:39,567 [INFO] airbnb_calendar_checker.py:32 - 处理房源ID: 837352260137971048
2024-11-15 13:34:39,567 [INFO] airbnb_calendar_checker.py:37 - 将创建文件: data/airbnb_calendar_837352260137971048_20241115_133439.xlsx
2024-11-15 13:34:39,568 [INFO] airbnb_calendar_checker.py:41 - 创建DataFrame，共 123 行数据
2024-11-15 13:34:39,590 [INFO] airbnb_calendar_checker.py:52 - 数据已成功导出到Excel文件: data/airbnb_calendar_837352260137971048_20241115_133439.xlsx
2024-11-15 13:34:39,590 [INFO] airbnb_calendar_checker.py:57 - 文件创建成功，大小: 9.12 KB
2024-11-15 13:34:39,590 [INFO] airbnb_calendar_checker.py:265 - 日历数据已成功导出到: data/airbnb_calendar_837352260137971048_20241115_133439.xlsx
2024-11-15 13:34:39,591 [INFO] advanced_analyzer.py:206 - 成功获取日历数据: 123 条记录
2024-11-15 13:34:39,591 [INFO] price_checker.py:571 - 开始检查房源价格: https://www.airbnb.co.nz/rooms/837352260137971048
2024-11-15 13:34:39,591 [INFO] price_checker.py:564 - 找到 37 个可预订日期
2024-11-15 13:34:39,591 [INFO] price_checker.py:580 - 找到 37 个可预订日期
2024-11-15 13:34:39,591 [INFO] price_checker.py:589 - [1/37] 处理日期: 18/11/2024
2024-11-15 13:34:39,591 [INFO] price_checker.py:599 - 日期格式转换: 18/11/2024 -> 11/18/2024
2024-11-15 13:34:39,591 [INFO] price_checker.py:254 - 
=== 开始获取价格信息 ===
2024-11-15 13:34:39,591 [INFO] price_checker.py:255 - URL: https://www.airbnb.co.nz/rooms/837352260137971048
2024-11-15 13:34:39,591 [INFO] price_checker.py:256 - 入住日期: 11/18/2024
2024-11-15 13:34:39,591 [INFO] price_checker.py:257 - 指定最小入住天数: 自动检测
2024-11-15 13:34:39,591 [ERROR] price_checker.py:282 - 日期解析失败: month must be in 1..12
2024-11-15 13:34:39,591 [WARNING] price_checker.py:621 - ✗ 获取 11/18/2024 的价格信息失败
2024-11-15 13:34:39,592 [INFO] price_checker.py:589 - [2/37] 处理日期: 27/11/2024
2024-11-15 13:34:39,592 [INFO] price_checker.py:599 - 日期格式转换: 27/11/2024 -> 11/27/2024
2024-11-15 13:34:39,592 [INFO] price_checker.py:254 - 
=== 开始获取价格信息 ===
2024-11-15 13:34:39,592 [INFO] price_checker.py:255 - URL: https://www.airbnb.co.nz/rooms/837352260137971048
2024-11-15 13:34:39,592 [INFO] price_checker.py:256 - 入住日期: 11/27/2024
2024-11-15 13:34:39,592 [INFO] price_checker.py:257 - 指定最小入住天数: 自动检测
2024-11-15 13:34:39,592 [ERROR] price_checker.py:282 - 日期解析失败: month must be in 1..12
2024-11-15 13:34:39,592 [WARNING] price_checker.py:621 - ✗ 获取 11/27/2024 的价格信息失败
2024-11-15 13:34:39,592 [INFO] price_checker.py:589 - [3/37] 处理日期: 28/11/2024
2024-11-15 13:34:39,592 [INFO] price_checker.py:599 - 日期格式转换: 28/11/2024 -> 11/28/2024
2024-11-15 13:34:39,592 [INFO] price_checker.py:254 - 
=== 开始获取价格信息 ===
2024-11-15 13:34:39,592 [INFO] price_checker.py:255 - URL: https://www.airbnb.co.nz/rooms/837352260137971048
2024-11-15 13:34:39,592 [INFO] price_checker.py:256 - 入住日期: 11/28/2024
2024-11-15 13:34:39,593 [INFO] price_checker.py:257 - 指定最小入住天数: 自动检测
2024-11-15 13:34:39,593 [ERROR] price_checker.py:282 - 日期解析失败: month must be in 1..12
2024-11-15 13:34:39,593 [WARNING] price_checker.py:621 - ✗ 获取 11/28/2024 的价格信息失败
2024-11-15 13:34:39,593 [INFO] price_checker.py:589 - [4/37] 处理日期: 29/11/2024
2024-11-15 13:34:39,593 [INFO] price_checker.py:599 - 日期格式转换: 29/11/2024 -> 11/29/2024
2024-11-15 13:34:39,593 [INFO] price_checker.py:254 - 
=== 开始获取价格信息 ===
2024-11-15 13:34:39,593 [INFO] price_checker.py:255 - URL: https://www.airbnb.co.nz/rooms/837352260137971048
2024-11-15 13:34:39,593 [INFO] price_checker.py:256 - 入住日期: 11/29/2024
2024-11-15 13:34:39,593 [INFO] price_checker.py:257 - 指定最小入住天数: 自动检测
2024-11-15 13:34:39,593 [ERROR] price_checker.py:282 - 日期解析失败: month must be in 1..12
2024-11-15 13:34:39,593 [WARNING] price_checker.py:621 - ✗ 获取 11/29/2024 的价格信息失败
2024-11-15 13:34:39,593 [INFO] price_checker.py:589 - [5/37] 处理日期: 30/11/2024
2024-11-15 13:34:39,593 [INFO] price_checker.py:599 - 日期格式转换: 30/11/2024 -> 11/30/2024
2024-11-15 13:34:39,593 [INFO] price_checker.py:254 - 
=== 开始获取价格信息 ===
2024-11-15 13:34:39,594 [INFO] price_checker.py:255 - URL: https://www.airbnb.co.nz/rooms/837352260137971048
2024-11-15 13:34:39,594 [INFO] price_checker.py:256 - 入住日期: 11/30/2024
2024-11-15 13:34:39,594 [INFO] price_checker.py:257 - 指定最小入住天数: 自动检测
2024-11-15 13:34:39,594 [ERROR] price_checker.py:282 - 日期解析失败: month must be in 1..12
2024-11-15 13:34:39,594 [WARNING] price_checker.py:621 - ✗ 获取 11/30/2024 的价格信息失败
2024-11-15 13:34:39,594 [INFO] price_checker.py:625 - 已完成 5/37 个日期的处理
2024-11-15 13:34:40,012 [INFO] airbnb_calendar_checker.py:184 - 日历内容已加载: //div[contains(@data-testid, 'calendar')]
2024-11-15 13:34:40,025 [INFO] airbnb_calendar_checker.py:199 - 找到 123 个日期单元格
2024-11-15 13:34:40,150 [INFO] airbnb_calendar_checker.py:211 - 找到 123 个日期单元格
2024-11-15 13:34:40,151 [INFO] airbnb_calendar_checker.py:256 - 原始单元格数量: 123
2024-11-15 13:34:40,151 [INFO] airbnb_calendar_checker.py:257 - 去重后数据条数: 123
2024-11-15 13:34:40,151 [INFO] airbnb_calendar_checker.py:258 - 处理的唯一日期数: 123
2024-11-15 13:34:40,151 [INFO] airbnb_calendar_checker.py:262 - 收集到 123 条有效日历数据
2024-11-15 13:34:40,151 [INFO] airbnb_calendar_checker.py:22 - 开始导出数据到Excel...
2024-11-15 13:34:40,151 [INFO] airbnb_calendar_checker.py:32 - 处理房源ID: 830193102361409290
2024-11-15 13:34:40,152 [INFO] airbnb_calendar_checker.py:37 - 将创建文件: data/airbnb_calendar_830193102361409290_20241115_133440.xlsx
2024-11-15 13:34:40,152 [INFO] airbnb_calendar_checker.py:41 - 创建DataFrame，共 123 行数据
2024-11-15 13:34:40,174 [INFO] airbnb_calendar_checker.py:52 - 数据已成功导出到Excel文件: data/airbnb_calendar_830193102361409290_20241115_133440.xlsx
2024-11-15 13:34:40,174 [INFO] airbnb_calendar_checker.py:57 - 文件创建成功，大小: 8.84 KB
2024-11-15 13:34:40,174 [INFO] airbnb_calendar_checker.py:265 - 日历数据已成功导出到: data/airbnb_calendar_830193102361409290_20241115_133440.xlsx
2024-11-15 13:34:40,174 [INFO] advanced_analyzer.py:206 - 成功获取日历数据: 123 条记录
2024-11-15 13:34:40,174 [INFO] price_checker.py:571 - 开始检查房源价格: https://www.airbnb.co.nz/rooms/830193102361409290
2024-11-15 13:34:40,174 [INFO] price_checker.py:564 - 找到 72 个可预订日期
2024-11-15 13:34:40,174 [INFO] price_checker.py:580 - 找到 72 个可预订日期
2024-11-15 13:34:40,174 [INFO] price_checker.py:589 - [1/72] 处理日期: 18/11/2024
2024-11-15 13:34:40,174 [INFO] price_checker.py:599 - 日期格式转换: 18/11/2024 -> 11/18/2024
2024-11-15 13:34:40,175 [INFO] price_checker.py:254 - 
=== 开始获取价格信息 ===
2024-11-15 13:34:40,175 [INFO] price_checker.py:255 - URL: https://www.airbnb.co.nz/rooms/830193102361409290
2024-11-15 13:34:40,175 [INFO] price_checker.py:256 - 入住日期: 11/18/2024
2024-11-15 13:34:40,175 [INFO] price_checker.py:257 - 指定最小入住天数: 自动检测
2024-11-15 13:34:40,175 [ERROR] price_checker.py:282 - 日期解析失败: month must be in 1..12
2024-11-15 13:34:40,175 [WARNING] price_checker.py:621 - ✗ 获取 11/18/2024 的价格信息失败
2024-11-15 13:34:40,175 [INFO] price_checker.py:589 - [2/72] 处理日期: 19/11/2024
2024-11-15 13:34:40,175 [INFO] price_checker.py:599 - 日期格式转换: 19/11/2024 -> 11/19/2024
2024-11-15 13:34:40,175 [INFO] price_checker.py:254 - 
=== 开始获取价格信息 ===
2024-11-15 13:34:40,175 [INFO] price_checker.py:255 - URL: https://www.airbnb.co.nz/rooms/830193102361409290
2024-11-15 13:34:40,175 [INFO] price_checker.py:256 - 入住日期: 11/19/2024
2024-11-15 13:34:40,175 [INFO] price_checker.py:257 - 指定最小入住天数: 自动检测
2024-11-15 13:34:40,175 [ERROR] price_checker.py:282 - 日期解析失败: month must be in 1..12
2024-11-15 13:34:40,175 [WARNING] price_checker.py:621 - ✗ 获取 11/19/2024 的价格信息失败
2024-11-15 13:34:40,176 [INFO] price_checker.py:589 - [3/72] 处理日期: 20/11/2024
2024-11-15 13:34:40,176 [INFO] price_checker.py:599 - 日期格式转换: 20/11/2024 -> 11/20/2024
2024-11-15 13:34:40,176 [INFO] price_checker.py:254 - 
=== 开始获取价格信息 ===
2024-11-15 13:34:40,176 [INFO] price_checker.py:255 - URL: https://www.airbnb.co.nz/rooms/830193102361409290
2024-11-15 13:34:40,176 [INFO] price_checker.py:256 - 入住日期: 11/20/2024
2024-11-15 13:34:40,176 [INFO] price_checker.py:257 - 指定最小入住天数: 自动检测
2024-11-15 13:34:40,176 [ERROR] price_checker.py:282 - 日期解析失败: month must be in 1..12
2024-11-15 13:34:40,176 [WARNING] price_checker.py:621 - ✗ 获取 11/20/2024 的价格信息失败
2024-11-15 13:34:40,176 [INFO] price_checker.py:589 - [4/72] 处理日期: 21/11/2024
2024-11-15 13:34:40,176 [INFO] price_checker.py:599 - 日期格式转换: 21/11/2024 -> 11/21/2024
2024-11-15 13:34:40,176 [INFO] price_checker.py:254 - 
=== 开始获取价格信息 ===
2024-11-15 13:34:40,176 [INFO] price_checker.py:255 - URL: https://www.airbnb.co.nz/rooms/830193102361409290
2024-11-15 13:34:40,176 [INFO] price_checker.py:256 - 入住日期: 11/21/2024
2024-11-15 13:34:40,177 [INFO] price_checker.py:257 - 指定最小入住天数: 自动检测
2024-11-15 13:34:40,177 [ERROR] price_checker.py:282 - 日期解析失败: month must be in 1..12
2024-11-15 13:34:40,177 [WARNING] price_checker.py:621 - ✗ 获取 11/21/2024 的价格信息失败
2024-11-15 13:34:40,177 [INFO] price_checker.py:589 - [5/72] 处理日期: 22/11/2024
2024-11-15 13:34:40,177 [INFO] price_checker.py:599 - 日期格式转换: 22/11/2024 -> 11/22/2024
2024-11-15 13:34:40,177 [INFO] price_checker.py:254 - 
=== 开始获取价格信息 ===
2024-11-15 13:34:40,177 [INFO] price_checker.py:255 - URL: https://www.airbnb.co.nz/rooms/830193102361409290
2024-11-15 13:34:40,177 [INFO] price_checker.py:256 - 入住日期: 11/22/2024
2024-11-15 13:34:40,177 [INFO] price_checker.py:257 - 指定最小入住天数: 自动检测
2024-11-15 13:34:40,177 [ERROR] price_checker.py:282 - 日期解析失败: month must be in 1..12
2024-11-15 13:34:40,177 [WARNING] price_checker.py:621 - ✗ 获取 11/22/2024 的价格信息失败
2024-11-15 13:34:40,177 [INFO] price_checker.py:625 - 已完成 5/72 个日期的处理
2024-11-15 13:34:42,594 [INFO] price_checker.py:589 - [6/37] 处理日期: 01/12/2024
2024-11-15 13:34:42,594 [INFO] price_checker.py:599 - 日期格式转换: 01/12/2024 -> 12/01/2024
2024-11-15 13:34:42,594 [INFO] price_checker.py:254 - 
=== 开始获取价格信息 ===
2024-11-15 13:34:42,595 [INFO] price_checker.py:255 - URL: https://www.airbnb.co.nz/rooms/837352260137971048
2024-11-15 13:34:42,595 [INFO] price_checker.py:256 - 入住日期: 12/01/2024
2024-11-15 13:34:42,595 [INFO] price_checker.py:257 - 指定最小入住天数: 自动检测
2024-11-15 13:34:42,595 [INFO] price_checker.py:268 - 成功解析日期: 2024-01-12 00:00:00
2024-11-15 13:34:42,595 [INFO] price_checker.py:272 - URL日期格式: 2024-01-12
2024-11-15 13:34:42,595 [INFO] price_checker.py:276 - 日历日期格式: 01/12/2024
2024-11-15 13:34:42,595 [INFO] price_checker.py:291 - 完整URL: https://www.airbnb.co.nz/rooms/837352260137971048?check_in=2024-01-12
2024-11-15 13:34:43,178 [INFO] price_checker.py:589 - [6/72] 处理日期: 24/11/2024
2024-11-15 13:34:43,178 [INFO] price_checker.py:599 - 日期格式转换: 24/11/2024 -> 11/24/2024
2024-11-15 13:34:43,178 [INFO] price_checker.py:254 - 
=== 开始获取价格信息 ===
2024-11-15 13:34:43,178 [INFO] price_checker.py:255 - URL: https://www.airbnb.co.nz/rooms/830193102361409290
2024-11-15 13:34:43,178 [INFO] price_checker.py:256 - 入住日期: 11/24/2024
2024-11-15 13:34:43,178 [INFO] price_checker.py:257 - 指定最小入住天数: 自动检测
2024-11-15 13:34:43,178 [ERROR] price_checker.py:282 - 日期解析失败: month must be in 1..12
2024-11-15 13:34:43,178 [WARNING] price_checker.py:621 - ✗ 获取 11/24/2024 的价格信息失败
2024-11-15 13:34:43,178 [INFO] price_checker.py:589 - [7/72] 处理日期: 25/11/2024
2024-11-15 13:34:43,178 [INFO] price_checker.py:599 - 日期格式转换: 25/11/2024 -> 11/25/2024
2024-11-15 13:34:43,178 [INFO] price_checker.py:254 - 
=== 开始获取价格信息 ===
2024-11-15 13:34:43,178 [INFO] price_checker.py:255 - URL: https://www.airbnb.co.nz/rooms/830193102361409290
2024-11-15 13:34:43,179 [INFO] price_checker.py:256 - 入住日期: 11/25/2024
2024-11-15 13:34:43,179 [INFO] price_checker.py:257 - 指定最小入住天数: 自动检测
2024-11-15 13:34:43,179 [ERROR] price_checker.py:282 - 日期解析失败: month must be in 1..12
2024-11-15 13:34:43,179 [WARNING] price_checker.py:621 - ✗ 获取 11/25/2024 的价格信息失败
2024-11-15 13:34:43,179 [INFO] price_checker.py:589 - [8/72] 处理日期: 26/11/2024
2024-11-15 13:34:43,179 [INFO] price_checker.py:599 - 日期格式转换: 26/11/2024 -> 11/26/2024
2024-11-15 13:34:43,179 [INFO] price_checker.py:254 - 
=== 开始获取价格信息 ===
2024-11-15 13:34:43,179 [INFO] price_checker.py:255 - URL: https://www.airbnb.co.nz/rooms/830193102361409290
2024-11-15 13:34:43,179 [INFO] price_checker.py:256 - 入住日期: 11/26/2024
2024-11-15 13:34:43,179 [INFO] price_checker.py:257 - 指定最小入住天数: 自动检测
2024-11-15 13:34:43,179 [ERROR] price_checker.py:282 - 日期解析失败: month must be in 1..12
2024-11-15 13:34:43,179 [WARNING] price_checker.py:621 - ✗ 获取 11/26/2024 的价格信息失败
2024-11-15 13:34:43,179 [INFO] price_checker.py:589 - [9/72] 处理日期: 27/11/2024
2024-11-15 13:34:43,179 [INFO] price_checker.py:599 - 日期格式转换: 27/11/2024 -> 11/27/2024
2024-11-15 13:34:43,180 [INFO] price_checker.py:254 - 
=== 开始获取价格信息 ===
2024-11-15 13:34:43,180 [INFO] price_checker.py:255 - URL: https://www.airbnb.co.nz/rooms/830193102361409290
2024-11-15 13:34:43,180 [INFO] price_checker.py:256 - 入住日期: 11/27/2024
2024-11-15 13:34:43,180 [INFO] price_checker.py:257 - 指定最小入住天数: 自动检测
2024-11-15 13:34:43,180 [ERROR] price_checker.py:282 - 日期解析失败: month must be in 1..12
2024-11-15 13:34:43,180 [WARNING] price_checker.py:621 - ✗ 获取 11/27/2024 的价格信息失败
2024-11-15 13:34:43,180 [INFO] price_checker.py:589 - [10/72] 处理日期: 28/11/2024
2024-11-15 13:34:43,180 [INFO] price_checker.py:599 - 日期格式转换: 28/11/2024 -> 11/28/2024
2024-11-15 13:34:43,180 [INFO] price_checker.py:254 - 
=== 开始获取价格信息 ===
2024-11-15 13:34:43,180 [INFO] price_checker.py:255 - URL: https://www.airbnb.co.nz/rooms/830193102361409290
2024-11-15 13:34:43,180 [INFO] price_checker.py:256 - 入住日期: 11/28/2024
2024-11-15 13:34:43,180 [INFO] price_checker.py:257 - 指定最小入住天数: 自动检测
2024-11-15 13:34:43,180 [ERROR] price_checker.py:282 - 日期解析失败: month must be in 1..12
2024-11-15 13:34:43,180 [WARNING] price_checker.py:621 - ✗ 获取 11/28/2024 的价格信息失败
2024-11-15 13:34:43,181 [INFO] price_checker.py:625 - 已完成 10/72 个日期的处理
2024-11-15 13:34:45,073 [INFO] price_checker.py:299 - 查找日历日期: 01/12/2024
2024-11-15 13:34:46,181 [INFO] price_checker.py:589 - [11/72] 处理日期: 29/11/2024
2024-11-15 13:34:46,181 [INFO] price_checker.py:599 - 日期格式转换: 29/11/2024 -> 11/29/2024
2024-11-15 13:34:46,181 [INFO] price_checker.py:254 - 
=== 开始获取价格信息 ===
2024-11-15 13:34:46,181 [INFO] price_checker.py:255 - URL: https://www.airbnb.co.nz/rooms/830193102361409290
2024-11-15 13:34:46,182 [INFO] price_checker.py:256 - 入住日期: 11/29/2024
2024-11-15 13:34:46,182 [INFO] price_checker.py:257 - 指定最小入住天数: 自动检测
2024-11-15 13:34:46,182 [ERROR] price_checker.py:282 - 日期解析失败: month must be in 1..12
2024-11-15 13:34:46,182 [WARNING] price_checker.py:621 - ✗ 获取 11/29/2024 的价格信息失败
2024-11-15 13:34:46,182 [INFO] price_checker.py:589 - [12/72] 处理日期: 30/11/2024
2024-11-15 13:34:46,182 [INFO] price_checker.py:599 - 日期格式转换: 30/11/2024 -> 11/30/2024
2024-11-15 13:34:46,182 [INFO] price_checker.py:254 - 
=== 开始获取价格信息 ===
2024-11-15 13:34:46,182 [INFO] price_checker.py:255 - URL: https://www.airbnb.co.nz/rooms/830193102361409290
2024-11-15 13:34:46,182 [INFO] price_checker.py:256 - 入住日期: 11/30/2024
2024-11-15 13:34:46,182 [INFO] price_checker.py:257 - 指定最小入住天数: 自动检测
2024-11-15 13:34:46,182 [ERROR] price_checker.py:282 - 日期解析失败: month must be in 1..12
2024-11-15 13:34:46,182 [WARNING] price_checker.py:621 - ✗ 获取 11/30/2024 的价格信息失败
2024-11-15 13:34:46,182 [INFO] price_checker.py:589 - [13/72] 处理日期: 01/12/2024
2024-11-15 13:34:46,183 [INFO] price_checker.py:599 - 日期格式转换: 01/12/2024 -> 12/01/2024
2024-11-15 13:34:46,183 [INFO] price_checker.py:254 - 
=== 开始获取价格信息 ===
2024-11-15 13:34:46,183 [INFO] price_checker.py:255 - URL: https://www.airbnb.co.nz/rooms/830193102361409290
2024-11-15 13:34:46,183 [INFO] price_checker.py:256 - 入住日期: 12/01/2024
2024-11-15 13:34:46,183 [INFO] price_checker.py:257 - 指定最小入住天数: 自动检测
2024-11-15 13:34:46,183 [INFO] price_checker.py:268 - 成功解析日期: 2024-01-12 00:00:00
2024-11-15 13:34:46,183 [INFO] price_checker.py:272 - URL日期格式: 2024-01-12
2024-11-15 13:34:46,183 [INFO] price_checker.py:276 - 日历日期格式: 01/12/2024
2024-11-15 13:34:46,183 [INFO] price_checker.py:291 - 完整URL: https://www.airbnb.co.nz/rooms/830193102361409290?check_in=2024-01-12
2024-11-15 13:34:48,663 [INFO] price_checker.py:299 - 查找日历日期: 01/12/2024
2024-11-15 13:34:49,463 [ERROR] price_checker.py:490 - 获取价格信息时发生错误: Message: 
Stacktrace:
	GetHandleVerifier [0x00A7FD33+27651]
	(No symbol) [0x00A15554]
	(No symbol) [0x00911ADF]
	(No symbol) [0x00952BFE]
	(No symbol) [0x00952CDB]
	(No symbol) [0x0098EBD2]
	(No symbol) [0x00973954]
	(No symbol) [0x0098CA7D]
	(No symbol) [0x009736A6]
	(No symbol) [0x009474E1]
	(No symbol) [0x0094805D]
	GetHandleVerifier [0x00D36613+2872547]
	GetHandleVerifier [0x00D8BADD+3221933]
	GetHandleVerifier [0x00B02A94+563556]
	GetHandleVerifier [0x00B09DCC+593052]
	(No symbol) [0x00A1E3A4]
	(No symbol) [0x00A1AE08]
	(No symbol) [0x00A1AFA7]
	(No symbol) [0x00A0D0AE]
	BaseThreadInitThunk [0x74D37BA9+25]
	RtlInitializeExceptionChain [0x7704C0CB+107]
	RtlClearBits [0x7704C04F+191]

2024-11-15 13:34:49,463 [ERROR] price_checker.py:491 - 错误详情: TimeoutException
2024-11-15 13:34:49,464 [ERROR] price_checker.py:492 - 错误堆栈: Traceback (most recent call last):
  File "C:\GitWork\Airbnb data Analyst\price_checker.py", line 302, in get_price_info
    date_element = WebDriverWait(driver, 10).until(
        EC.presence_of_element_located(
            (By.XPATH, f"//div[@data-testid='calendar-day-{calendar_date}']/..")
        )
    )
  File "C:\Users\jiann\AppData\Local\Programs\Python\Python313\Lib\site-packages\selenium\webdriver\support\wait.py", line 105, in until
    raise TimeoutException(message, screen, stacktrace)
selenium.common.exceptions.TimeoutException: Message: 
Stacktrace:
	GetHandleVerifier [0x00A7FD33+27651]
	(No symbol) [0x00A15554]
	(No symbol) [0x00911ADF]
	(No symbol) [0x00952BFE]
	(No symbol) [0x00952CDB]
	(No symbol) [0x0098EBD2]
	(No symbol) [0x00973954]
	(No symbol) [0x0098CA7D]
	(No symbol) [0x009736A6]
	(No symbol) [0x009474E1]
	(No symbol) [0x0094805D]
	GetHandleVerifier [0x00D36613+2872547]
	GetHandleVerifier [0x00D8BADD+3221933]
	GetHandleVerifier [0x00B02A94+563556]
	GetHandleVerifier [0x00B09DCC+593052]
	(No symbol) [0x00A1E3A4]
	(No symbol) [0x00A1AE08]
	(No symbol) [0x00A1AFA7]
	(No symbol) [0x00A0D0AE]
	BaseThreadInitThunk [0x74D37BA9+25]
	RtlInitializeExceptionChain [0x7704C0CB+107]
	RtlClearBits [0x7704C04F+191]


2024-11-15 13:34:49,464 [WARNING] price_checker.py:621 - ✗ 获取 12/01/2024 的价格信息失败
2024-11-15 13:34:49,465 [INFO] price_checker.py:625 - 已完成 10/39 个日期的处理
2024-11-15 13:34:52,465 [INFO] price_checker.py:589 - [11/39] 处理日期: 02/12/2024
2024-11-15 13:34:52,465 [INFO] price_checker.py:599 - 日期格式转换: 02/12/2024 -> 12/02/2024
2024-11-15 13:34:52,465 [INFO] price_checker.py:254 - 
=== 开始获取价格信息 ===
2024-11-15 13:34:52,465 [INFO] price_checker.py:255 - URL: https://www.airbnb.co.nz/rooms/43435162
2024-11-15 13:34:52,465 [INFO] price_checker.py:256 - 入住日期: 12/02/2024
2024-11-15 13:34:52,465 [INFO] price_checker.py:257 - 指定最小入住天数: 自动检测
2024-11-15 13:34:52,465 [INFO] price_checker.py:268 - 成功解析日期: 2024-02-12 00:00:00
2024-11-15 13:34:52,466 [INFO] price_checker.py:272 - URL日期格式: 2024-02-12
2024-11-15 13:34:52,466 [INFO] price_checker.py:276 - 日历日期格式: 02/12/2024
2024-11-15 13:34:52,466 [INFO] price_checker.py:291 - 完整URL: https://www.airbnb.co.nz/rooms/43435162?check_in=2024-02-12
2024-11-15 13:34:54,561 [INFO] price_checker.py:299 - 查找日历日期: 02/12/2024
2024-11-15 13:34:55,081 [ERROR] price_checker.py:490 - 获取价格信息时发生错误: Message: 
Stacktrace:
	GetHandleVerifier [0x00A7FD33+27651]
	(No symbol) [0x00A15554]
	(No symbol) [0x00911ADF]
	(No symbol) [0x00952BFE]
	(No symbol) [0x00952CDB]
	(No symbol) [0x0098EBD2]
	(No symbol) [0x00973954]
	(No symbol) [0x0098CA7D]
	(No symbol) [0x009736A6]
	(No symbol) [0x009474E1]
	(No symbol) [0x0094805D]
	GetHandleVerifier [0x00D36613+2872547]
	GetHandleVerifier [0x00D8BADD+3221933]
	GetHandleVerifier [0x00B02A94+563556]
	GetHandleVerifier [0x00B09DCC+593052]
	(No symbol) [0x00A1E3A4]
	(No symbol) [0x00A1AE08]
	(No symbol) [0x00A1AFA7]
	(No symbol) [0x00A0D0AE]
	BaseThreadInitThunk [0x74D37BA9+25]
	RtlInitializeExceptionChain [0x7704C0CB+107]
	RtlClearBits [0x7704C04F+191]

2024-11-15 13:34:55,082 [ERROR] price_checker.py:491 - 错误详情: TimeoutException
2024-11-15 13:34:55,082 [ERROR] price_checker.py:492 - 错误堆栈: Traceback (most recent call last):
  File "C:\GitWork\Airbnb data Analyst\price_checker.py", line 302, in get_price_info
    date_element = WebDriverWait(driver, 10).until(
        EC.presence_of_element_located(
            (By.XPATH, f"//div[@data-testid='calendar-day-{calendar_date}']/..")
        )
    )
  File "C:\Users\jiann\AppData\Local\Programs\Python\Python313\Lib\site-packages\selenium\webdriver\support\wait.py", line 105, in until
    raise TimeoutException(message, screen, stacktrace)
selenium.common.exceptions.TimeoutException: Message: 
Stacktrace:
	GetHandleVerifier [0x00A7FD33+27651]
	(No symbol) [0x00A15554]
	(No symbol) [0x00911ADF]
	(No symbol) [0x00952BFE]
	(No symbol) [0x00952CDB]
	(No symbol) [0x0098EBD2]
	(No symbol) [0x00973954]
	(No symbol) [0x0098CA7D]
	(No symbol) [0x009736A6]
	(No symbol) [0x009474E1]
	(No symbol) [0x0094805D]
	GetHandleVerifier [0x00D36613+2872547]
	GetHandleVerifier [0x00D8BADD+3221933]
	GetHandleVerifier [0x00B02A94+563556]
	GetHandleVerifier [0x00B09DCC+593052]
	(No symbol) [0x00A1E3A4]
	(No symbol) [0x00A1AE08]
	(No symbol) [0x00A1AFA7]
	(No symbol) [0x00A0D0AE]
	BaseThreadInitThunk [0x74D37BA9+25]
	RtlInitializeExceptionChain [0x7704C0CB+107]
	RtlClearBits [0x7704C04F+191]


2024-11-15 13:34:55,083 [WARNING] price_checker.py:621 - ✗ 获取 12/01/2024 的价格信息失败
2024-11-15 13:34:55,083 [INFO] price_checker.py:589 - [7/37] 处理日期: 02/12/2024
2024-11-15 13:34:55,083 [INFO] price_checker.py:599 - 日期格式转换: 02/12/2024 -> 12/02/2024
2024-11-15 13:34:55,083 [INFO] price_checker.py:254 - 
=== 开始获取价格信息 ===
2024-11-15 13:34:55,083 [INFO] price_checker.py:255 - URL: https://www.airbnb.co.nz/rooms/837352260137971048
2024-11-15 13:34:55,083 [INFO] price_checker.py:256 - 入住日期: 12/02/2024
2024-11-15 13:34:55,083 [INFO] price_checker.py:257 - 指定最小入住天数: 自动检测
2024-11-15 13:34:55,083 [INFO] price_checker.py:268 - 成功解析日期: 2024-02-12 00:00:00
2024-11-15 13:34:55,083 [INFO] price_checker.py:272 - URL日期格式: 2024-02-12
2024-11-15 13:34:55,083 [INFO] price_checker.py:276 - 日历日期格式: 02/12/2024
2024-11-15 13:34:55,083 [INFO] price_checker.py:291 - 完整URL: https://www.airbnb.co.nz/rooms/837352260137971048?check_in=2024-02-12
2024-11-15 13:34:57,236 [INFO] price_checker.py:299 - 查找日历日期: 02/12/2024
2024-11-15 13:34:58,700 [ERROR] price_checker.py:490 - 获取价格信息时发生错误: Message: 
Stacktrace:
	GetHandleVerifier [0x00A7FD33+27651]
	(No symbol) [0x00A15554]
	(No symbol) [0x00911ADF]
	(No symbol) [0x00952BFE]
	(No symbol) [0x00952CDB]
	(No symbol) [0x0098EBD2]
	(No symbol) [0x00973954]
	(No symbol) [0x0098CA7D]
	(No symbol) [0x009736A6]
	(No symbol) [0x009474E1]
	(No symbol) [0x0094805D]
	GetHandleVerifier [0x00D36613+2872547]
	GetHandleVerifier [0x00D8BADD+3221933]
	GetHandleVerifier [0x00B02A94+563556]
	GetHandleVerifier [0x00B09DCC+593052]
	(No symbol) [0x00A1E3A4]
	(No symbol) [0x00A1AE08]
	(No symbol) [0x00A1AFA7]
	(No symbol) [0x00A0D0AE]
	BaseThreadInitThunk [0x74D37BA9+25]
	RtlInitializeExceptionChain [0x7704C0CB+107]
	RtlClearBits [0x7704C04F+191]

2024-11-15 13:34:58,700 [ERROR] price_checker.py:491 - 错误详情: TimeoutException
2024-11-15 13:34:58,701 [ERROR] price_checker.py:492 - 错误堆栈: Traceback (most recent call last):
  File "C:\GitWork\Airbnb data Analyst\price_checker.py", line 302, in get_price_info
    date_element = WebDriverWait(driver, 10).until(
        EC.presence_of_element_located(
            (By.XPATH, f"//div[@data-testid='calendar-day-{calendar_date}']/..")
        )
    )
  File "C:\Users\jiann\AppData\Local\Programs\Python\Python313\Lib\site-packages\selenium\webdriver\support\wait.py", line 105, in until
    raise TimeoutException(message, screen, stacktrace)
selenium.common.exceptions.TimeoutException: Message: 
Stacktrace:
	GetHandleVerifier [0x00A7FD33+27651]
	(No symbol) [0x00A15554]
	(No symbol) [0x00911ADF]
	(No symbol) [0x00952BFE]
	(No symbol) [0x00952CDB]
	(No symbol) [0x0098EBD2]
	(No symbol) [0x00973954]
	(No symbol) [0x0098CA7D]
	(No symbol) [0x009736A6]
	(No symbol) [0x009474E1]
	(No symbol) [0x0094805D]
	GetHandleVerifier [0x00D36613+2872547]
	GetHandleVerifier [0x00D8BADD+3221933]
	GetHandleVerifier [0x00B02A94+563556]
	GetHandleVerifier [0x00B09DCC+593052]
	(No symbol) [0x00A1E3A4]
	(No symbol) [0x00A1AE08]
	(No symbol) [0x00A1AFA7]
	(No symbol) [0x00A0D0AE]
	BaseThreadInitThunk [0x74D37BA9+25]
	RtlInitializeExceptionChain [0x7704C0CB+107]
	RtlClearBits [0x7704C04F+191]


2024-11-15 13:34:58,701 [WARNING] price_checker.py:621 - ✗ 获取 12/01/2024 的价格信息失败
2024-11-15 13:34:58,701 [INFO] price_checker.py:589 - [14/72] 处理日期: 02/12/2024
2024-11-15 13:34:58,701 [INFO] price_checker.py:599 - 日期格式转换: 02/12/2024 -> 12/02/2024
2024-11-15 13:34:58,701 [INFO] price_checker.py:254 - 
=== 开始获取价格信息 ===
2024-11-15 13:34:58,701 [INFO] price_checker.py:255 - URL: https://www.airbnb.co.nz/rooms/830193102361409290
2024-11-15 13:34:58,701 [INFO] price_checker.py:256 - 入住日期: 12/02/2024
2024-11-15 13:34:58,701 [INFO] price_checker.py:257 - 指定最小入住天数: 自动检测
2024-11-15 13:34:58,702 [INFO] price_checker.py:268 - 成功解析日期: 2024-02-12 00:00:00
2024-11-15 13:34:58,702 [INFO] price_checker.py:272 - URL日期格式: 2024-02-12
2024-11-15 13:34:58,702 [INFO] price_checker.py:276 - 日历日期格式: 02/12/2024
2024-11-15 13:34:58,702 [INFO] price_checker.py:291 - 完整URL: https://www.airbnb.co.nz/rooms/830193102361409290?check_in=2024-02-12
2024-11-15 13:35:00,824 [INFO] price_checker.py:299 - 查找日历日期: 02/12/2024
