2024-11-04 09:13:31,489 [INFO] 开始抓取房源: https://www.airbnb.co.nz/rooms/837352260137971048
2024-11-04 09:13:31,489 [INFO] 设置: guests=3, num_days=180
2024-11-04 09:13:31,490 [INFO] ====== WebDriver manager ======
2024-11-04 09:13:32,071 [INFO] Get LATEST chromedriver version for google-chrome
2024-11-04 09:13:32,335 [INFO] Get LATEST chromedriver version for google-chrome
2024-11-04 09:13:32,370 [INFO] Get LATEST chromedriver version for google-chrome
2024-11-04 09:13:32,689 [INFO] WebDriver version 130.0.6723.91 selected
2024-11-04 09:13:32,691 [INFO] Modern chrome version https://storage.googleapis.com/chrome-for-testing-public/130.0.6723.91/win32/chromedriver-win32.zip
2024-11-04 09:13:32,691 [INFO] About to download new driver from https://storage.googleapis.com/chrome-for-testing-public/130.0.6723.91/win32/chromedriver-win32.zip
2024-11-04 09:13:32,885 [INFO] Driver downloading response is 200
2024-11-04 09:13:33,458 [INFO] Get LATEST chromedriver version for google-chrome
2024-11-04 09:13:33,559 [INFO] Driver has been saved in cache [C:\Users\jiann\.wdm\drivers\chromedriver\win64\130.0.6723.91]
2024-11-04 09:13:34,825 [INFO] Chrome WebDriver 初始化成功
2024-11-04 09:13:34,825 [INFO] 访问页面: https://www.airbnb.co.nz/rooms/837352260137971048
2024-11-04 09:13:41,534 [INFO] 页面解析完成
2024-11-04 09:13:41,545 [INFO] 找到 6 个房屋信息元素
2024-11-04 09:13:41,545 [INFO] 房屋信息: Guests=6.0, bedrooms=3.0, beds=4.0, baths=2.0, years_hosting=NaN
2024-11-04 09:13:41,545 [INFO] 
处理日期: 2024-11-04 到 2024-11-06
2024-11-04 09:13:45,914 [INFO] 找到 123 个日期单元格
2024-11-04 09:13:45,916 [INFO] 找到 7 个JSON脚本
2024-11-04 09:13:45,920 [WARNING] 未找到价格信息
2024-11-04 09:13:45,924 [INFO] 成功抓取日期 2024-11-04 的数据
2024-11-04 09:13:45,924 [INFO] 
处理日期: 2024-11-05 到 2024-11-07
2024-11-04 09:13:50,408 [INFO] 找到 123 个日期单元格
2024-11-04 09:13:50,410 [INFO] 找到 7 个JSON脚本
2024-11-04 09:13:50,415 [WARNING] 未找到价格信息
2024-11-04 09:13:50,416 [INFO] 成功抓取日期 2024-11-05 的数据
2024-11-04 09:13:50,416 [INFO] 
处理日期: 2024-11-06 到 2024-11-08
2024-11-04 09:13:54,768 [INFO] 找到 123 个日期单元格
2024-11-04 09:13:54,770 [INFO] 找到 7 个JSON脚本
2024-11-04 09:13:54,775 [WARNING] 未找到价格信息
2024-11-04 09:13:54,776 [INFO] 成功抓取日期 2024-11-06 的数据
2024-11-04 09:13:54,776 [INFO] 
处理日期: 2024-11-07 到 2024-11-09
2024-11-04 09:13:58,710 [INFO] 找到 123 个日期单元格
2024-11-04 09:13:58,712 [INFO] 找到 7 个JSON脚本
2024-11-04 09:13:58,716 [WARNING] 未找到价格信息
2024-11-04 09:13:58,717 [INFO] 成功抓取日期 2024-11-07 的数据
2024-11-04 09:13:58,718 [INFO] 
处理日期: 2024-11-08 到 2024-11-10
2024-11-04 09:14:03,023 [INFO] 找到 123 个日期单元格
2024-11-04 09:14:03,025 [INFO] 找到 7 个JSON脚本
2024-11-04 09:14:03,029 [WARNING] 未找到价格信息
2024-11-04 09:14:03,030 [INFO] 成功抓取日期 2024-11-08 的数据
2024-11-04 09:14:03,030 [INFO] 
处理日期: 2024-11-09 到 2024-11-11
2024-11-04 09:14:07,204 [INFO] 找到 123 个日期单元格
2024-11-04 09:14:07,206 [INFO] 找到 7 个JSON脚本
2024-11-04 09:14:07,211 [WARNING] 未找到价格信息
2024-11-04 09:14:07,212 [INFO] 成功抓取日期 2024-11-09 的数据
2024-11-04 09:14:07,212 [INFO] 
处理日期: 2024-11-10 到 2024-11-12
2024-11-04 09:14:11,626 [INFO] 找到 123 个日期单元格
2024-11-04 09:14:11,628 [INFO] 找到 7 个JSON脚本
2024-11-04 09:14:11,633 [WARNING] 未找到价格信息
2024-11-04 09:14:11,634 [INFO] 成功抓取日期 2024-11-10 的数据
2024-11-04 09:14:11,634 [INFO] 
处理日期: 2024-11-11 到 2024-11-13
2024-11-04 09:14:16,101 [INFO] 找到 123 个日期单元格
2024-11-04 09:14:16,103 [INFO] 找到 7 个JSON脚本
2024-11-04 09:14:16,108 [WARNING] 未找到价格信息
2024-11-04 09:14:16,109 [INFO] 成功抓取日期 2024-11-11 的数据
2024-11-04 09:14:16,109 [INFO] 
处理日期: 2024-11-12 到 2024-11-14
2024-11-04 09:14:20,066 [INFO] 找到 123 个日期单元格
2024-11-04 09:14:20,068 [INFO] 找到 7 个JSON脚本
2024-11-04 09:14:20,073 [WARNING] 未找到价格信息
2024-11-04 09:14:20,074 [INFO] 成功抓取日期 2024-11-12 的数据
2024-11-04 09:14:20,074 [INFO] 
处理日期: 2024-11-13 到 2024-11-15
2024-11-04 09:14:24,780 [INFO] 找到 123 个日期单元格
2024-11-04 09:14:24,782 [INFO] 找到 7 个JSON脚本
2024-11-04 09:14:24,787 [WARNING] 未找到价格信息
2024-11-04 09:14:24,788 [INFO] 成功抓取日期 2024-11-13 的数据
2024-11-04 09:14:24,788 [INFO] 
处理日期: 2024-11-14 到 2024-11-16
2024-11-04 09:14:29,286 [INFO] 找到 123 个日期单元格
2024-11-04 09:14:29,288 [INFO] 找到 7 个JSON脚本
2024-11-04 09:14:29,293 [WARNING] 未找到价格信息
2024-11-04 09:14:29,294 [INFO] 成功抓取日期 2024-11-14 的数据
2024-11-04 09:14:29,294 [INFO] 
处理日期: 2024-11-15 到 2024-11-17
2024-11-04 09:14:33,410 [INFO] 找到 123 个日期单元格
2024-11-04 09:14:33,411 [INFO] 找到 7 个JSON脚本
2024-11-04 09:14:33,416 [WARNING] 未找到价格信息
2024-11-04 09:14:33,417 [INFO] 成功抓取日期 2024-11-15 的数据
2024-11-04 09:14:33,417 [INFO] 
处理日期: 2024-11-16 到 2024-11-18
2024-11-04 09:14:37,553 [INFO] 找到 123 个日期单元格
2024-11-04 09:14:37,555 [INFO] 找到 7 个JSON脚本
2024-11-04 09:14:37,560 [WARNING] 未找到价格信息
2024-11-04 09:14:37,561 [INFO] 成功抓取日期 2024-11-16 的数据
2024-11-04 09:14:37,561 [INFO] 
处理日期: 2024-11-17 到 2024-11-19
2024-11-04 09:14:42,098 [INFO] 找到 123 个日期单元格
2024-11-04 09:14:42,100 [INFO] 找到 7 个JSON脚本
2024-11-04 09:14:42,104 [WARNING] 未找到价格信息
2024-11-04 09:14:42,105 [INFO] 成功抓取日期 2024-11-17 的数据
2024-11-04 09:14:42,106 [INFO] 
处理日期: 2024-11-18 到 2024-11-20
2024-11-04 09:14:46,091 [INFO] 找到 123 个日期单元格
2024-11-04 09:14:46,093 [INFO] 找到 7 个JSON脚本
2024-11-04 09:14:46,097 [WARNING] 未找到价格信息
2024-11-04 09:14:46,098 [INFO] 成功抓取日期 2024-11-18 的数据
2024-11-04 09:14:46,098 [INFO] 
处理日期: 2024-11-19 到 2024-11-21
2024-11-04 09:14:50,308 [INFO] 找到 123 个日期单元格
2024-11-04 09:14:50,310 [INFO] 找到 7 个JSON脚本
2024-11-04 09:14:50,315 [WARNING] 未找到价格信息
2024-11-04 09:14:50,316 [INFO] 成功抓取日期 2024-11-19 的数据
2024-11-04 09:14:50,316 [INFO] 
处理日期: 2024-11-20 到 2024-11-22
2024-11-04 09:14:54,744 [INFO] 找到 123 个日期单元格
2024-11-04 09:14:54,745 [INFO] 找到 7 个JSON脚本
2024-11-04 09:14:54,750 [WARNING] 未找到价格信息
2024-11-04 09:14:54,751 [INFO] 成功抓取日期 2024-11-20 的数据
2024-11-04 09:14:54,751 [INFO] 
处理日期: 2024-11-21 到 2024-11-23
2024-11-04 09:14:58,823 [INFO] 找到 123 个日期单元格
2024-11-04 09:14:58,824 [INFO] 找到 7 个JSON脚本
2024-11-04 09:14:58,829 [WARNING] 未找到价格信息
2024-11-04 09:14:58,830 [INFO] 成功抓取日期 2024-11-21 的数据
2024-11-04 09:14:58,830 [INFO] 
处理日期: 2024-11-22 到 2024-11-24
2024-11-04 09:15:02,696 [INFO] 找到 123 个日期单元格
2024-11-04 09:15:02,698 [INFO] 找到 7 个JSON脚本
2024-11-04 09:15:02,702 [WARNING] 未找到价格信息
2024-11-04 09:15:02,703 [INFO] 成功抓取日期 2024-11-22 的数据
2024-11-04 09:15:02,703 [INFO] 
处理日期: 2024-11-23 到 2024-11-25
2024-11-04 09:15:06,968 [INFO] 找到 123 个日期单元格
2024-11-04 09:15:06,969 [INFO] 找到 7 个JSON脚本
2024-11-04 09:15:06,975 [WARNING] 未找到价格信息
2024-11-04 09:15:06,976 [INFO] 成功抓取日期 2024-11-23 的数据
2024-11-04 09:15:06,976 [INFO] 
处理日期: 2024-11-24 到 2024-11-26
2024-11-04 09:15:10,395 [WARNING] Retrying (Retry(total=2, connect=None, read=None, redirect=None, status=None)) after connection broken by 'ConnectionResetError(10054, 'An existing connection was forcibly closed by the remote host', None, 10054, None)': /session/4d2b429a0d87b0740a9129d3014fe693
2024-11-04 09:15:14,426 [WARNING] Retrying (Retry(total=1, connect=None, read=None, redirect=None, status=None)) after connection broken by 'NewConnectionError('<urllib3.connection.HTTPConnection object at 0x000001F656A00550>: Failed to establish a new connection: [WinError 10061] No connection could be made because the target machine actively refused it')': /session/4d2b429a0d87b0740a9129d3014fe693
