2024-11-15 11:13:55,331 [INFO] advanced_analyzer.py:357 - === 开始Airbnb数据收集程序 ===
2024-11-15 11:13:55,505 [INFO] advanced_analyzer.py:99 - 成功读取 6 个房间ID
2024-11-15 11:13:55,506 [INFO] advanced_analyzer.py:368 - 生成 6 个URL
2024-11-15 11:13:55,506 [INFO] advanced_analyzer.py:372 - 创建数据目录: data/airbnb_data_20241115_111355
2024-11-15 11:13:55,506 [INFO] advanced_analyzer.py:238 - === 开始批量分析房源 ===
2024-11-15 11:13:55,506 [INFO] advanced_analyzer.py:247 - 设置并发线程数: 1
2024-11-15 11:13:55,507 [INFO] advanced_analyzer.py:168 - 开始初始化BitBrowser...
2024-11-15 11:13:55,511 [ERROR] bit_browser_manager.py:32 - 获取浏览器列表失败，状态码: 404
2024-11-15 11:13:55,511 [ERROR] advanced_analyzer.py:176 - 未找到活动的BitBrowser实例
2024-11-15 11:13:55,511 [ERROR] advanced_analyzer.py:258 - 无法为URL https://www.airbnb.co.nz/rooms/837352260137971048 初始化BitBrowser
2024-11-15 11:13:55,511 [INFO] advanced_analyzer.py:168 - 开始初始化BitBrowser...
2024-11-15 11:13:55,513 [ERROR] bit_browser_manager.py:32 - 获取浏览器列表失败，状态码: 404
2024-11-15 11:13:55,513 [ERROR] advanced_analyzer.py:176 - 未找到活动的BitBrowser实例
2024-11-15 11:13:55,513 [ERROR] advanced_analyzer.py:258 - 无法为URL https://www.airbnb.co.nz/rooms/43435162 初始化BitBrowser
2024-11-15 11:13:55,514 [INFO] advanced_analyzer.py:168 - 开始初始化BitBrowser...
2024-11-15 11:13:55,516 [ERROR] bit_browser_manager.py:32 - 获取浏览器列表失败，状态码: 404
2024-11-15 11:13:55,516 [ERROR] advanced_analyzer.py:176 - 未找到活动的BitBrowser实例
2024-11-15 11:13:55,516 [ERROR] advanced_analyzer.py:258 - 无法为URL https://www.airbnb.co.nz/rooms/830193102361409290 初始化BitBrowser
2024-11-15 11:13:55,516 [INFO] advanced_analyzer.py:168 - 开始初始化BitBrowser...
2024-11-15 11:13:55,518 [ERROR] bit_browser_manager.py:32 - 获取浏览器列表失败，状态码: 404
2024-11-15 11:13:55,518 [ERROR] advanced_analyzer.py:176 - 未找到活动的BitBrowser实例
2024-11-15 11:13:55,518 [ERROR] advanced_analyzer.py:258 - 无法为URL https://www.airbnb.co.nz/rooms/49525472 初始化BitBrowser
2024-11-15 11:13:55,518 [INFO] advanced_analyzer.py:168 - 开始初始化BitBrowser...
2024-11-15 11:13:55,520 [ERROR] bit_browser_manager.py:32 - 获取浏览器列表失败，状态码: 404
2024-11-15 11:13:55,520 [ERROR] advanced_analyzer.py:176 - 未找到活动的BitBrowser实例
2024-11-15 11:13:55,520 [ERROR] advanced_analyzer.py:258 - 无法为URL https://www.airbnb.co.nz/rooms/716883705085875481 初始化BitBrowser
2024-11-15 11:13:55,520 [INFO] advanced_analyzer.py:168 - 开始初始化BitBrowser...
2024-11-15 11:13:55,522 [ERROR] bit_browser_manager.py:32 - 获取浏览器列表失败，状态码: 404
2024-11-15 11:13:55,522 [ERROR] advanced_analyzer.py:176 - 未找到活动的BitBrowser实例
2024-11-15 11:13:55,522 [ERROR] advanced_analyzer.py:258 - 无法为URL https://www.airbnb.co.nz/rooms/969823904189469776 初始化BitBrowser
2024-11-15 11:13:55,522 [INFO] advanced_analyzer.py:427 - === 程序执行完成 ===
