2024-11-15 10:51:18,051 [INFO] advanced_analyzer.py:358 - === 开始Airbnb数据收集程序 ===
2024-11-15 10:51:18,220 [INFO] advanced_analyzer.py:99 - 成功读取 6 个房间ID
2024-11-15 10:51:18,220 [INFO] advanced_analyzer.py:369 - 生成 6 个URL
2024-11-15 10:51:18,220 [INFO] advanced_analyzer.py:373 - 创建数据目录: data/airbnb_data_20241115_105118
2024-11-15 10:51:18,220 [INFO] advanced_analyzer.py:239 - === 开始批量分析房源 ===
2024-11-15 10:51:18,221 [INFO] advanced_analyzer.py:248 - 设置并发线程数: 1
2024-11-15 10:51:18,221 [INFO] advanced_analyzer.py:168 - 开始初始化BitBrowser...
2024-11-15 10:51:18,222 [INFO] bit_browser_manager.py:53 - 正在创建浏览器配置，请求数据: {
  "name": "airbnb_browser_1731621078",
  "remark": "Airbnb\u6570\u636e\u91c7\u96c6",
  "proxyMethod": 2,
  "proxyType": "http",
  "host": "38.kookeey.info",
  "port": "7426",
  "proxyUserName": "23ba352f",
  "proxyUserPwd": "74024a8b",
  "isGlobalProxyInfo": true,
  "browserFingerPrint": {
    "coreVersion": "130"
  },
  "credentialsEnableService": true,
  "proxyAgreementType": "http",
  "syncTabs": true,
  "syncCookies": true,
  "abortImage": false,
  "abortMedia": false,
  "clearCacheFilesBeforeLaunch": true,
  "clearCookiesBeforeLaunch": true,
  "ipCheckService": "ip-api",
  "proxyAuthenticationHeader": {
    "Proxy-Authorization": "Basic MjNiYTM1MmY6NzQwMjRhOGI="
  }
}
2024-11-15 10:51:19,167 [INFO] bit_browser_manager.py:61 - API响应状态码: 200
2024-11-15 10:51:19,167 [INFO] bit_browser_manager.py:62 - API响应头: {'Access-Control-Allow-Origin': '*', 'Access-Control-Allow-Methods': '*', 'Access-Control-Allow-Headers': '*', 'Content-Type': 'application/json; charset=utf-8', 'Content-Length': '8706', 'Date': 'Thu, 14 Nov 2024 21:51:19 GMT', 'Connection': 'keep-alive', 'Keep-Alive': 'timeout=5'}
2024-11-15 10:51:19,167 [INFO] bit_browser_manager.py:65 - API响应内容: {
  "success": true,
  "data": {
    "id": "b14d04c569744d918107df4ec5e91ffc",
    "seq": 16,
    "code": "20241115055119800",
    "platform": "",
    "platformIcon": "",
    "url": "",
    "name": "airbnb_browser_1731621078",
    "userName": "",
    "password": "",
    "cookie": "",
    "otherCookie": "",
    "isGlobalProxyInfo": true,
    "isIpv6": false,
    "proxyMethod": 2,
    "proxyType": "http",
    "agentId": "",
    "ipCheckService": "ip-api",
    "host": "38.kookeey.info",
    "port": 7426,
    "proxyUserName": "23ba352f",
    "proxyPassword": "",
    "lastIp": "",
    "lastCountry": "",
    "isIpNoChange": false,
    "ip": "",
    "country": "",
    "province": "",
    "city": "",
    "dynamicIpUrl": "",
    "isDynamicIpChangeIp": false,
    "remark": "Airbnb\u6570\u636e\u91c7\u96c6",
    "status": 0,
    "operUserName": "",
    "isDelete": 0,
    "delReason": "",
    "isMostCommon": 0,
    "isRemove": 0,
    "tempStr": null,
    "createdBy": "2c9bc058931ee8a601932c65f12b6f6b",
    "userId": "2c9bc058931ee8a601932c65f12b6f6b",
    "createdTime": "2024-11-15 05:51:19",
    "recycleBinRemark": "",
    "mainUserId": "2c9bc058931ee8a601932c65f12b6f6b",
    "abortImage": false,
    "abortMedia": false,
    "stopWhileNetError": false,
    "stopWhileCountryChange": false,
    "syncTabs": true,
    "syncCookies": true,
    "syncIndexedDb": false,
    "syncBookmarks": false,
    "syncAuthorization": false,
    "syncHistory": false,
    "syncGoogleAccount": true,
    "allowedSignin": false,
    "syncSessions": true,
    "workbench": "localserver",
    "clearCacheFilesBeforeLaunch": true,
    "clearCookiesBeforeLaunch": true,
    "clearHistoriesBeforeLaunch": false,
    "randomFingerprint": false,
    "muteAudio": false,
    "disableGpu": false,
    "enableBackgroundMode": false,
    "abortImageMaxSize": null,
    "syncExtensions": false,
    "syncUserExtensions": false,
    "syncLocalStorage": false,
    "credentialsEnableService": true,
    "disableTranslatePopup": false,
    "stopWhileIpChange": false,
    "disableClipboard": false,
    "disableNotifications": false,
    "memorySaver": false,
    "browserFingerPrint": {
      "id": "d8c76fd5d47f4ff3b28ebe11243b13b2",
      "seq": 16,
      "coreVersion": "130",
      "browserId": "b14d04c569744d918107df4ec5e91ffc",
      "ostype": "PC",
      "os": "Win32",
      "architecture": "x86",
      "osVersion": "11",
      "platformVersion": "15.0.0",
      "version": "130",
      "userAgent": "Mozilla/5.0 (Windows NT 10.0; Win64; x64) AppleWebKit/537.36 (KHTML, like Gecko) Chrome/130.0.6723.58 Safari/537.36",
      "isIpCreateTimeZone": true,
      "timeZone": "",
      "timeZoneOffset": 0,
      "ignoreHttpsErrors": false,
      "webRTC": "3",
      "position": "1",
      "isIpCreatePosition": true,
      "isIpCreateDisplayLanguage": false,
      "displayLanguages": "",
      "isIpCreateLanguage": true,
      "resolutionType": "0",
      "resolution": "1920 x 1080",
      "openWidth": 1280,
      "openHeight": 720,
      "fontType": "2",
      "font": "Hoefler Text,Segoe UI Historic Regular,Optima,Gill Sans,Sathu,sinhala Sangam MN,Raanana,Myanmar MN,BlinkMacSystemFont,Microsoft PhangsPa",
      "canvas": "0",
      "canvasValue": "247428",
      "webGL": "0",
      "webGLValue": "637616",
      "webGLMeta": "0",
      "webGLManufacturer": "Google Inc. (NVIDIA)",
      "webGLRender": "ANGLE (NVIDIA, NVIDIA Quadro K6000 Direct3D11 vs_5_0 ps_5_0, D3D11)",
      "audioContext": "0",
      "audioContextValue": "93",
      "mediaDevice": "1",
      "speechVoices": "0",
      "speechVoicesValue": "[{\"name\":\"Microsoft Sreymom Online (Natural) - Khmer (Cambodia)\",\"default\":false,\"lang\":\"km-KH\",\"is_remote\":false,\"voice_uri\":\"Microsoft Sreymom Online (Natural) - Khmer (Cambodia)\"},{\"name\":\"Microsoft Elvira Online (Natural) - Spanish (Spain)\",\"default\":false,\"lang\":\"es-ES\",\"is_remote\":false,\"voice_uri\":\"Microsoft Elvira Online (Natural) - Spanish (Spain)\"},{\"name\":\"Microsoft Noora Online (Natural) - Finnish (Finland)\",\"default\":false,\"lang\":\"fi-FI\",\"is_remote\":false,\"voice_uri\":\"Microsoft Noora Online (Natural) - Finnish (Finland)\"},{\"name\":\"Microsoft Huihui - Chinese (Simplified, PRC)\",\"default\":true,\"lang\":\"zh-CN\",\"is_remote\":false,\"voice_uri\":\"Microsoft Huihui - Chinese (Simplified, PRC)\"},{\"name\":\"Microsoft Kangkang - Chinese (Simplified, PRC)\",\"default\":false,\"lang\":\"zh-CN\",\"is_remote\":false,\"voice_uri\":\"Microsoft Kangkang - Chinese (Simplified, PRC)\"},{\"name\":\"Microsoft Yaoyao - Chinese (Simplified, PRC)\",\"default\":false,\"lang\":\"zh-CN\",\"is_remote\":false,\"voice_uri\":\"Microsoft Yaoyao - Chinese (Simplified, PRC)\"},{\"name\":\"Google \u666e\u901a\u8bdd\uff08\u4e2d\u56fd\u5927\u9646\uff09\",\"default\":false,\"lang\":\"zh-CN\",\"is_remote\":true,\"voice_uri\":\"Google \u666e\u901a\u8bdd\uff08\u4e2d\u56fd\u5927\u9646\uff09\"},{\"name\":\"Google \u7ca4\u8a9e\uff08\u9999\u6e2f\uff09\",\"default\":false,\"lang\":\"zh-HK\",\"is_remote\":true,\"voice_uri\":\"Google \u7ca4\u8a9e\uff08\u9999\u6e2f\uff09\"},{\"name\":\"Google \u570b\u8a9e\uff08\u81fa\u7063\uff09\",\"default\":false,\"lang\":\"zh-TW\",\"is_remote\":true,\"voice_uri\":\"Google \u570b\u8a9e\uff08\u81fa\u7063\uff09\"},{\"name\":\"Google \u65e5\u672c\u8a9e\",\"default\":false,\"lang\":\"ja-JP\",\"is_remote\":true,\"voice_uri\":\"Google \u65e5\u672c\u8a9e\"},{\"name\":\"Google Deutsch\",\"default\":false,\"lang\":\"de-DE\",\"is_remote\":true,\"voice_uri\":\"Google Deutsch\"},{\"name\":\"Google US English\",\"default\":false,\"lang\":\"en-US\",\"is_remote\":true,\"voice_uri\":\"Google US English\"},{\"name\":\"Google UK English Female\",\"default\":false,\"lang\":\"en-GB\",\"is_remote\":true,\"voice_uri\":\"Google UK English Female\"},{\"name\":\"Google UK English Male\",\"default\":false,\"lang\":\"en-GB\",\"is_remote\":true,\"voice_uri\":\"Google UK English Male\"},{\"name\":\"Google espa\u00f1ol\",\"default\":false,\"lang\":\"es-ES\",\"is_remote\":true,\"voice_uri\":\"Google espa\u00f1ol\"},{\"name\":\"Google espa\u00f1ol de Estados Unidos\",\"default\":false,\"lang\":\"es-US\",\"is_remote\":true,\"voice_uri\":\"Google espa\u00f1ol de Estados Unidos\"},{\"name\":\"Google fran\u00e7ais\",\"default\":false,\"lang\":\"fr-FR\",\"is_remote\":true,\"voice_uri\":\"Google fran\u00e7ais\"},{\"name\":\"Google \u0939\u093f\u0928\u094d\u0926\u0940\",\"default\":false,\"lang\":\"hi-IN\",\"is_remote\":true,\"voice_uri\":\"Google \u0939\u093f\u0928\u094d\u0926\u0940\"},{\"name\":\"Google Bahasa Indonesia\",\"default\":false,\"lang\":\"id-ID\",\"is_remote\":true,\"voice_uri\":\"Google Bahasa Indonesia\"},{\"name\":\"Google polski\",\"default\":false,\"lang\":\"pl-PL\",\"is_remote\":true,\"voice_uri\":\"Google polski\"},{\"name\":\"Google \u0440\u0443\u0441\u0441\u043a\u0438\u0439\",\"default\":false,\"lang\":\"ru-RU\",\"is_remote\":true,\"voice_uri\":\"Google \u0440\u0443\u0441\u0441\u043a\u0438\u0439\"},{\"name\":\"Google portugu\u00eas do Brasil\",\"default\":false,\"lang\":\"pt-BR\",\"is_remote\":true,\"voice_uri\":\"Google portugu\u00eas do Brasil\"},{\"name\":\"Google italiano\",\"default\":false,\"lang\":\"it-IT\",\"is_remote\":true,\"voice_uri\":\"Google italiano\"},{\"name\":\"Google \ud55c\uad6d\uc758\",\"default\":false,\"lang\":\"ko-KR\",\"is_remote\":true,\"voice_uri\":\"Google \ud55c\uad6d\uc758\"}]",
      "hardwareConcurrency": "4",
      "deviceMemory": "8",
      "deviceInfoEnabled": true,
      "computerName": "DESKTOP-XYPXMIF2",
      "macAddr": "04-ED-33-E2-C6-23",
      "clientRectNoiseEnabled": true,
      "clientRectNoiseValue": 31507,
      "doNotTrack": "1",
      "portScanProtect": "0",
      "portWhiteList": "",
      "isDelete": 0,
      "colorDepth": 24,
      "totalDiskSpace": "1482293248",
      "devicePixelRatio": 1,
      "disableSslCipherSuitesFlag": false,
      "disableSslCipherSuites": null,
      "plugins": "",
      "enablePlugins": false,
      "windowSizeLimit": true,
      "createdBy": "2c9bc058931ee8a601932c65f12b6f6b",
      "createdTime": "2024-11-15 05:51:19",
      "isValidUsername": true,
      "abortImage": false,
      "abortImageMaxSize": null,
      "abortMedia": false,
      "stopWhileNetError": false,
      "stopWhileCountryChange": false,
      "syncTabs": true,
      "syncCookies": true,
      "syncIndexedDb": false,
      "syncBookmarks": false,
      "syncAuthorization": false,
      "syncHistory": false,
      "syncGoogleAccount": false,
      "allowedSignin": false,
      "syncSessions": false,
      "workbench": "localserver",
      "clearCacheFilesBeforeLaunch": false,
      "clearCookiesBeforeLaunch": false,
      "clearHistoriesBeforeLaunch": false,
      "randomFingerprint": false,
      "muteAudio": false,
      "disableGpu": false,
      "enableBackgroundMode": false,
      "syncExtensions": false,
      "syncUserExtensions": false,
      "syncLocalStorage": false,
      "credentialsEnableService": false,
      "disableTranslatePopup": false,
      "stopWhileIpChange": false,
      "disableClipboard": false,
      "disableNotifications": false,
      "memorySaver": false,
      "coreProduct": "chrome",
      "webgpu": {
        "driver": null,
        "vendor": "nvidia",
        "description": null,
        "device": null,
        "architecture": "kepler"
      },
      "batchRandom": false,
      "batchUpdateFingerPrint": false,
      "firefoxVersionMap": {
        "120": "126,125,124,123,122,121,120,119,118,117",
        "128": "128,127,126,125"
      },
      "launchArgs": null,
      "extendOptions": null,
      "defaultAccuracy": null
    },
    "createdName": null,
    "belongUserName": null,
    "updateName": null,
    "agentIpCount": null,
    "belongToMe": false,
    "seqExport": null,
    "groupIDs": null,
    "browserShareID": null,
    "share": null,
    "shareUserName": null,
    "isShare": 0,
    "isValidUsername": false,
    "createNum": 0,
    "isRandomFinger": true,
    "remarkType": 1,
    "refreshProxyUrl": null,
    "duplicateCheck": 0,
    "ossExtend": null,
    "randomKey": null,
    "randomKeyUser": null,
    "syncBrowserAccount": null,
    "cookieBak": "",
    "passwordBak": null,
    "manual": 0,
    "proxyPasswordBak": null,
    "proxyAgreementType": "http",
    "clearCacheWithoutExtensions": false,
    "syncPaymentsAndAddress": false,
    "extendIds": [],
    "isSynOpen": 1,
    "faSecretKey": null,
    "coreProduct": null,
    "ostype": null,
    "os": null,
    "sort": 0,
    "checkPassword": null
  }
}
2024-11-15 10:51:19,169 [ERROR] bit_browser_manager.py:77 - 创建浏览器配置时发生错误: 'Response' object has no attribute 'get'
2024-11-15 10:51:19,170 [ERROR] bit_browser_manager.py:78 - 错误详情: Traceback (most recent call last):
  File "C:\GitWork\Airbnb data Analyst\bit_browser_manager.py", line 67, in create_browser
    if response.get('success') and response.get('data', {}).get('id'):
       ^^^^^^^^^^^^
AttributeError: 'Response' object has no attribute 'get'

2024-11-15 10:51:19,170 [ERROR] advanced_analyzer.py:176 - 创建BitBrowser实例失败
2024-11-15 10:51:19,170 [ERROR] advanced_analyzer.py:259 - 无法为URL https://www.airbnb.co.nz/rooms/837352260137971048 初始化BitBrowser
2024-11-15 10:51:19,170 [INFO] advanced_analyzer.py:168 - 开始初始化BitBrowser...
2024-11-15 10:51:19,171 [INFO] bit_browser_manager.py:53 - 正在创建浏览器配置，请求数据: {
  "name": "airbnb_browser_1731621079",
  "remark": "Airbnb\u6570\u636e\u91c7\u96c6",
  "proxyMethod": 2,
  "proxyType": "http",
  "host": "38.kookeey.info",
  "port": "7426",
  "proxyUserName": "23ba352f",
  "proxyUserPwd": "74024a8b",
  "isGlobalProxyInfo": true,
  "browserFingerPrint": {
    "coreVersion": "130"
  },
  "credentialsEnableService": true,
  "proxyAgreementType": "http",
  "syncTabs": true,
  "syncCookies": true,
  "abortImage": false,
  "abortMedia": false,
  "clearCacheFilesBeforeLaunch": true,
  "clearCookiesBeforeLaunch": true,
  "ipCheckService": "ip-api",
  "proxyAuthenticationHeader": {
    "Proxy-Authorization": "Basic MjNiYTM1MmY6NzQwMjRhOGI="
  }
}
2024-11-15 10:51:20,109 [INFO] bit_browser_manager.py:61 - API响应状态码: 200
2024-11-15 10:51:20,109 [INFO] bit_browser_manager.py:62 - API响应头: {'Access-Control-Allow-Origin': '*', 'Access-Control-Allow-Methods': '*', 'Access-Control-Allow-Headers': '*', 'Content-Type': 'application/json; charset=utf-8', 'Content-Length': '8424', 'Date': 'Thu, 14 Nov 2024 21:51:20 GMT', 'Connection': 'keep-alive', 'Keep-Alive': 'timeout=5'}
2024-11-15 10:51:20,110 [INFO] bit_browser_manager.py:65 - API响应内容: {
  "success": true,
  "data": {
    "id": "ddd2b7a57fdb4522bb87ed0f2f1d66b9",
    "seq": 17,
    "code": "20241115055120744",
    "platform": "",
    "platformIcon": "",
    "url": "",
    "name": "airbnb_browser_1731621079",
    "userName": "",
    "password": "",
    "cookie": "",
    "otherCookie": "",
    "isGlobalProxyInfo": true,
    "isIpv6": false,
    "proxyMethod": 2,
    "proxyType": "http",
    "agentId": "",
    "ipCheckService": "ip-api",
    "host": "38.kookeey.info",
    "port": 7426,
    "proxyUserName": "23ba352f",
    "proxyPassword": "",
    "lastIp": "",
    "lastCountry": "",
    "isIpNoChange": false,
    "ip": "",
    "country": "",
    "province": "",
    "city": "",
    "dynamicIpUrl": "",
    "isDynamicIpChangeIp": false,
    "remark": "Airbnb\u6570\u636e\u91c7\u96c6",
    "status": 0,
    "operUserName": "",
    "isDelete": 0,
    "delReason": "",
    "isMostCommon": 0,
    "isRemove": 0,
    "tempStr": null,
    "createdBy": "2c9bc058931ee8a601932c65f12b6f6b",
    "userId": "2c9bc058931ee8a601932c65f12b6f6b",
    "createdTime": "2024-11-15 05:51:20",
    "recycleBinRemark": "",
    "mainUserId": "2c9bc058931ee8a601932c65f12b6f6b",
    "abortImage": false,
    "abortMedia": false,
    "stopWhileNetError": false,
    "stopWhileCountryChange": false,
    "syncTabs": true,
    "syncCookies": true,
    "syncIndexedDb": false,
    "syncBookmarks": false,
    "syncAuthorization": false,
    "syncHistory": false,
    "syncGoogleAccount": true,
    "allowedSignin": false,
    "syncSessions": true,
    "workbench": "localserver",
    "clearCacheFilesBeforeLaunch": true,
    "clearCookiesBeforeLaunch": true,
    "clearHistoriesBeforeLaunch": false,
    "randomFingerprint": false,
    "muteAudio": false,
    "disableGpu": false,
    "enableBackgroundMode": false,
    "abortImageMaxSize": null,
    "syncExtensions": false,
    "syncUserExtensions": false,
    "syncLocalStorage": false,
    "credentialsEnableService": true,
    "disableTranslatePopup": false,
    "stopWhileIpChange": false,
    "disableClipboard": false,
    "disableNotifications": false,
    "memorySaver": false,
    "browserFingerPrint": {
      "id": "0d9d4f884cef4bb3804e0e54739746c7",
      "seq": 17,
      "coreVersion": "130",
      "browserId": "ddd2b7a57fdb4522bb87ed0f2f1d66b9",
      "ostype": "PC",
      "os": "Win32",
      "architecture": "x86",
      "osVersion": "11",
      "platformVersion": "13.0.0",
      "version": "129",
      "userAgent": "Mozilla/5.0 (Windows NT 10.0; Win64; x64) AppleWebKit/537.36 (KHTML, like Gecko) Chrome/129.0.6668.59 Safari/537.36",
      "isIpCreateTimeZone": true,
      "timeZone": "",
      "timeZoneOffset": 0,
      "ignoreHttpsErrors": false,
      "webRTC": "3",
      "position": "1",
      "isIpCreatePosition": true,
      "isIpCreateDisplayLanguage": false,
      "displayLanguages": "",
      "isIpCreateLanguage": true,
      "resolutionType": "0",
      "resolution": "1920 x 1080",
      "openWidth": 1280,
      "openHeight": 720,
      "fontType": "2",
      "font": "Microsoft JhengHei UI Light,STIXVariants,Microsoft YaHei UI Light,Zapf Dingbats,PT Sans Caption,Mongolia Baiti Regular,Apple Chancery,Papyrus,Sana,MV Boli Regular",
      "canvas": "0",
      "canvasValue": "260213",
      "webGL": "0",
      "webGLValue": "404568",
      "webGLMeta": "0",
      "webGLManufacturer": "Google Inc. (Intel)",
      "webGLRender": "ANGLE (Intel, Intel(R) HD Graphics 4000 Direct3D11 vs_5_0 ps_5_0, D3D11-10.18.13.5324)",
      "audioContext": "0",
      "audioContextValue": "1",
      "mediaDevice": "1",
      "speechVoices": "0",
      "speechVoicesValue": "[{\"name\":\"Microsoft An - Vietnamese (Vietnam)\",\"default\":true,\"lang\":\"vi-VN\",\"is_remote\":false,\"voice_uri\":\"Microsoft An - Vietnamese (Vietnam)\"},{\"name\":\"Microsoft Mark - English (United States)\",\"default\":false,\"lang\":\"en-US\",\"is_remote\":false,\"voice_uri\":\"Microsoft Mark - English (United States)\"},{\"name\":\"Microsoft Zira - English (United States)\",\"default\":false,\"lang\":\"en-US\",\"is_remote\":false,\"voice_uri\":\"Microsoft Zira - English (United States)\"},{\"name\":\"Microsoft David - English (United States)\",\"default\":false,\"lang\":\"en-US\",\"is_remote\":false,\"voice_uri\":\"Microsoft David - English (United States)\"},{\"name\":\"Google Deutsch\",\"default\":false,\"lang\":\"de-DE\",\"is_remote\":true,\"voice_uri\":\"Google Deutsch\"},{\"name\":\"Google US English\",\"default\":false,\"lang\":\"en-US\",\"is_remote\":true,\"voice_uri\":\"Google US English\"},{\"name\":\"Google UK English Female\",\"default\":false,\"lang\":\"en-GB\",\"is_remote\":true,\"voice_uri\":\"Google UK English Female\"},{\"name\":\"Google UK English Male\",\"default\":false,\"lang\":\"en-GB\",\"is_remote\":true,\"voice_uri\":\"Google UK English Male\"},{\"name\":\"Google espa\u00f1ol\",\"default\":false,\"lang\":\"es-ES\",\"is_remote\":true,\"voice_uri\":\"Google espa\u00f1ol\"},{\"name\":\"Google espa\u00f1ol de Estados Unidos\",\"default\":false,\"lang\":\"es-US\",\"is_remote\":true,\"voice_uri\":\"Google espa\u00f1ol de Estados Unidos\"},{\"name\":\"Google fran\u00e7ais\",\"default\":false,\"lang\":\"fr-FR\",\"is_remote\":true,\"voice_uri\":\"Google fran\u00e7ais\"},{\"name\":\"Google \u0939\u093f\u0928\u094d\u0926\u0940\",\"default\":false,\"lang\":\"hi-IN\",\"is_remote\":true,\"voice_uri\":\"Google \u0939\u093f\u0928\u094d\u0926\u0940\"},{\"name\":\"Google Bahasa Indonesia\",\"default\":false,\"lang\":\"id-ID\",\"is_remote\":true,\"voice_uri\":\"Google Bahasa Indonesia\"},{\"name\":\"Google italiano\",\"default\":false,\"lang\":\"it-IT\",\"is_remote\":true,\"voice_uri\":\"Google italiano\"},{\"name\":\"Google \u65e5\u672c\u8a9e\",\"default\":false,\"lang\":\"ja-JP\",\"is_remote\":true,\"voice_uri\":\"Google \u65e5\u672c\u8a9e\"},{\"name\":\"Google \ud55c\uad6d\uc758\",\"default\":false,\"lang\":\"ko-KR\",\"is_remote\":true,\"voice_uri\":\"Google \ud55c\uad6d\uc758\"},{\"name\":\"Google Nederlands\",\"default\":false,\"lang\":\"nl-NL\",\"is_remote\":true,\"voice_uri\":\"Google Nederlands\"},{\"name\":\"Google polski\",\"default\":false,\"lang\":\"pl-PL\",\"is_remote\":true,\"voice_uri\":\"Google polski\"},{\"name\":\"Google portugu\u00eas do Brasil\",\"default\":false,\"lang\":\"pt-BR\",\"is_remote\":true,\"voice_uri\":\"Google portugu\u00eas do Brasil\"},{\"name\":\"Google \u0440\u0443\u0441\u0441\u043a\u0438\u0439\",\"default\":false,\"lang\":\"ru-RU\",\"is_remote\":true,\"voice_uri\":\"Google \u0440\u0443\u0441\u0441\u043a\u0438\u0439\"},{\"name\":\"Google\u00a0\u666e\u901a\u8bdd\uff08\u4e2d\u56fd\u5927\u9646\uff09\",\"default\":false,\"lang\":\"zh-CN\",\"is_remote\":true,\"voice_uri\":\"Google\u00a0\u666e\u901a\u8bdd\uff08\u4e2d\u56fd\u5927\u9646\uff09\"},{\"name\":\"Google\u00a0\u7ca4\u8a9e\uff08\u9999\u6e2f\uff09\",\"default\":false,\"lang\":\"zh-HK\",\"is_remote\":true,\"voice_uri\":\"Google\u00a0\u7ca4\u8a9e\uff08\u9999\u6e2f\uff09\"},{\"name\":\"Google \u570b\u8a9e\uff08\u81fa\u7063\uff09\",\"default\":false,\"lang\":\"zh-TW\",\"is_remote\":true,\"voice_uri\":\"Google \u570b\u8a9e\uff08\u81fa\u7063\uff09\"}]",
      "hardwareConcurrency": "4",
      "deviceMemory": "8",
      "deviceInfoEnabled": true,
      "computerName": "DESKTOP-5BFHEKGV",
      "macAddr": "A0-36-9F-93-67-CD",
      "clientRectNoiseEnabled": true,
      "clientRectNoiseValue": 20893,
      "doNotTrack": "1",
      "portScanProtect": "0",
      "portWhiteList": "",
      "isDelete": 0,
      "colorDepth": 24,
      "totalDiskSpace": "2418917376",
      "devicePixelRatio": 1,
      "disableSslCipherSuitesFlag": false,
      "disableSslCipherSuites": null,
      "plugins": "",
      "enablePlugins": false,
      "windowSizeLimit": true,
      "createdBy": "2c9bc058931ee8a601932c65f12b6f6b",
      "createdTime": "2024-11-15 05:51:20",
      "isValidUsername": true,
      "abortImage": false,
      "abortImageMaxSize": null,
      "abortMedia": false,
      "stopWhileNetError": false,
      "stopWhileCountryChange": false,
      "syncTabs": true,
      "syncCookies": true,
      "syncIndexedDb": false,
      "syncBookmarks": false,
      "syncAuthorization": false,
      "syncHistory": false,
      "syncGoogleAccount": false,
      "allowedSignin": false,
      "syncSessions": false,
      "workbench": "localserver",
      "clearCacheFilesBeforeLaunch": false,
      "clearCookiesBeforeLaunch": false,
      "clearHistoriesBeforeLaunch": false,
      "randomFingerprint": false,
      "muteAudio": false,
      "disableGpu": false,
      "enableBackgroundMode": false,
      "syncExtensions": false,
      "syncUserExtensions": false,
      "syncLocalStorage": false,
      "credentialsEnableService": false,
      "disableTranslatePopup": false,
      "stopWhileIpChange": false,
      "disableClipboard": false,
      "disableNotifications": false,
      "memorySaver": false,
      "coreProduct": "chrome",
      "webgpu": {
        "driver": null,
        "vendor": "intel",
        "description": null,
        "device": null,
        "architecture": "gen-7"
      },
      "batchRandom": false,
      "batchUpdateFingerPrint": false,
      "firefoxVersionMap": {
        "120": "126,125,124,123,122,121,120,119,118,117",
        "128": "128,127,126,125"
      },
      "launchArgs": null,
      "extendOptions": null,
      "defaultAccuracy": null
    },
    "createdName": null,
    "belongUserName": null,
    "updateName": null,
    "agentIpCount": null,
    "belongToMe": false,
    "seqExport": null,
    "groupIDs": null,
    "browserShareID": null,
    "share": null,
    "shareUserName": null,
    "isShare": 0,
    "isValidUsername": false,
    "createNum": 0,
    "isRandomFinger": true,
    "remarkType": 1,
    "refreshProxyUrl": null,
    "duplicateCheck": 0,
    "ossExtend": null,
    "randomKey": null,
    "randomKeyUser": null,
    "syncBrowserAccount": null,
    "cookieBak": "",
    "passwordBak": null,
    "manual": 0,
    "proxyPasswordBak": null,
    "proxyAgreementType": "http",
    "clearCacheWithoutExtensions": false,
    "syncPaymentsAndAddress": false,
    "extendIds": [],
    "isSynOpen": 1,
    "faSecretKey": null,
    "coreProduct": null,
    "ostype": null,
    "os": null,
    "sort": 0,
    "checkPassword": null
  }
}
2024-11-15 10:51:20,111 [ERROR] bit_browser_manager.py:77 - 创建浏览器配置时发生错误: 'Response' object has no attribute 'get'
2024-11-15 10:51:20,112 [ERROR] bit_browser_manager.py:78 - 错误详情: Traceback (most recent call last):
  File "C:\GitWork\Airbnb data Analyst\bit_browser_manager.py", line 67, in create_browser
    if response.get('success') and response.get('data', {}).get('id'):
       ^^^^^^^^^^^^
AttributeError: 'Response' object has no attribute 'get'

2024-11-15 10:51:20,112 [ERROR] advanced_analyzer.py:176 - 创建BitBrowser实例失败
2024-11-15 10:51:20,112 [ERROR] advanced_analyzer.py:259 - 无法为URL https://www.airbnb.co.nz/rooms/43435162 初始化BitBrowser
2024-11-15 10:51:20,113 [INFO] advanced_analyzer.py:168 - 开始初始化BitBrowser...
2024-11-15 10:51:20,113 [INFO] bit_browser_manager.py:53 - 正在创建浏览器配置，请求数据: {
  "name": "airbnb_browser_1731621080",
  "remark": "Airbnb\u6570\u636e\u91c7\u96c6",
  "proxyMethod": 2,
  "proxyType": "http",
  "host": "38.kookeey.info",
  "port": "7426",
  "proxyUserName": "23ba352f",
  "proxyUserPwd": "74024a8b",
  "isGlobalProxyInfo": true,
  "browserFingerPrint": {
    "coreVersion": "130"
  },
  "credentialsEnableService": true,
  "proxyAgreementType": "http",
  "syncTabs": true,
  "syncCookies": true,
  "abortImage": false,
  "abortMedia": false,
  "clearCacheFilesBeforeLaunch": true,
  "clearCookiesBeforeLaunch": true,
  "ipCheckService": "ip-api",
  "proxyAuthenticationHeader": {
    "Proxy-Authorization": "Basic MjNiYTM1MmY6NzQwMjRhOGI="
  }
}
2024-11-15 10:51:21,088 [INFO] bit_browser_manager.py:61 - API响应状态码: 200
2024-11-15 10:51:21,088 [INFO] bit_browser_manager.py:62 - API响应头: {'Access-Control-Allow-Origin': '*', 'Access-Control-Allow-Methods': '*', 'Access-Control-Allow-Headers': '*', 'Content-Type': 'application/json; charset=utf-8', 'Content-Length': '8710', 'Date': 'Thu, 14 Nov 2024 21:51:21 GMT', 'Connection': 'keep-alive', 'Keep-Alive': 'timeout=5'}
2024-11-15 10:51:21,089 [INFO] bit_browser_manager.py:65 - API响应内容: {
  "success": true,
  "data": {
    "id": "a8aa0f7fd7234f6db6c0be4f323184b9",
    "seq": 18,
    "code": "20241115055121702",
    "platform": "",
    "platformIcon": "",
    "url": "",
    "name": "airbnb_browser_1731621080",
    "userName": "",
    "password": "",
    "cookie": "",
    "otherCookie": "",
    "isGlobalProxyInfo": true,
    "isIpv6": false,
    "proxyMethod": 2,
    "proxyType": "http",
    "agentId": "",
    "ipCheckService": "ip-api",
    "host": "38.kookeey.info",
    "port": 7426,
    "proxyUserName": "23ba352f",
    "proxyPassword": "",
    "lastIp": "",
    "lastCountry": "",
    "isIpNoChange": false,
    "ip": "",
    "country": "",
    "province": "",
    "city": "",
    "dynamicIpUrl": "",
    "isDynamicIpChangeIp": false,
    "remark": "Airbnb\u6570\u636e\u91c7\u96c6",
    "status": 0,
    "operUserName": "",
    "isDelete": 0,
    "delReason": "",
    "isMostCommon": 0,
    "isRemove": 0,
    "tempStr": null,
    "createdBy": "2c9bc058931ee8a601932c65f12b6f6b",
    "userId": "2c9bc058931ee8a601932c65f12b6f6b",
    "createdTime": "2024-11-15 05:51:21",
    "recycleBinRemark": "",
    "mainUserId": "2c9bc058931ee8a601932c65f12b6f6b",
    "abortImage": false,
    "abortMedia": false,
    "stopWhileNetError": false,
    "stopWhileCountryChange": false,
    "syncTabs": true,
    "syncCookies": true,
    "syncIndexedDb": false,
    "syncBookmarks": false,
    "syncAuthorization": false,
    "syncHistory": false,
    "syncGoogleAccount": true,
    "allowedSignin": false,
    "syncSessions": true,
    "workbench": "localserver",
    "clearCacheFilesBeforeLaunch": true,
    "clearCookiesBeforeLaunch": true,
    "clearHistoriesBeforeLaunch": false,
    "randomFingerprint": false,
    "muteAudio": false,
    "disableGpu": false,
    "enableBackgroundMode": false,
    "abortImageMaxSize": null,
    "syncExtensions": false,
    "syncUserExtensions": false,
    "syncLocalStorage": false,
    "credentialsEnableService": true,
    "disableTranslatePopup": false,
    "stopWhileIpChange": false,
    "disableClipboard": false,
    "disableNotifications": false,
    "memorySaver": false,
    "browserFingerPrint": {
      "id": "566887636f874631a31749622d4fc510",
      "seq": 18,
      "coreVersion": "130",
      "browserId": "a8aa0f7fd7234f6db6c0be4f323184b9",
      "ostype": "PC",
      "os": "Win32",
      "architecture": "x86",
      "osVersion": "11",
      "platformVersion": "15.0.0",
      "version": "130",
      "userAgent": "Mozilla/5.0 (Windows NT 10.0; Win64; x64) AppleWebKit/537.36 (KHTML, like Gecko) Chrome/130.0.6723.59 Safari/537.36",
      "isIpCreateTimeZone": true,
      "timeZone": "",
      "timeZoneOffset": 0,
      "ignoreHttpsErrors": false,
      "webRTC": "3",
      "position": "1",
      "isIpCreatePosition": true,
      "isIpCreateDisplayLanguage": false,
      "displayLanguages": "",
      "isIpCreateLanguage": true,
      "resolutionType": "0",
      "resolution": "1920 x 1080",
      "openWidth": 1280,
      "openHeight": 720,
      "fontType": "2",
      "font": "Avenir Next,AppleMyungjo,Roman Regular,Monaco,Modern,Yu Gothic UI,Geeza Pro,Gurmukhi Sangam MN,Microsoft PhangsPa,Apple Color Emoji",
      "canvas": "0",
      "canvasValue": "829118",
      "webGL": "0",
      "webGLValue": "270401",
      "webGLMeta": "0",
      "webGLManufacturer": "Google Inc. (NVIDIA)",
      "webGLRender": "ANGLE (NVIDIA, NVIDIA GeForce RTX 3080 Direct3D11 vs_5_0 ps_5_0, D3D11-30.0.15.1117)",
      "audioContext": "0",
      "audioContextValue": "9",
      "mediaDevice": "1",
      "speechVoices": "0",
      "speechVoicesValue": "[{\"name\":\"Microsoft Irina - Russian (Russia)\",\"default\":false,\"lang\":\"ru-RU\",\"is_remote\":false,\"voice_uri\":\"Microsoft Irina - Russian (Russia)\"},{\"name\":\"Microsoft Mark - English (United States)\",\"default\":false,\"lang\":\"en-US\",\"is_remote\":false,\"voice_uri\":\"Microsoft Mark - English (United States)\"},{\"name\":\"Microsoft Zira - English (United States)\",\"default\":false,\"lang\":\"en-US\",\"is_remote\":false,\"voice_uri\":\"Microsoft Zira - English (United States)\"},{\"name\":\"Microsoft Heami - Korean (Korean)\",\"default\":false,\"lang\":\"ko-KR\",\"is_remote\":false,\"voice_uri\":\"Microsoft Heami - Korean (Korean)\"},{\"name\":\"Microsoft David - English (United States)\",\"default\":false,\"lang\":\"en-US\",\"is_remote\":false,\"voice_uri\":\"Microsoft David - English (United States)\"},{\"name\":\"Microsoft Pavel - Russian (Russia)\",\"default\":false,\"lang\":\"ru-RU\",\"is_remote\":false,\"voice_uri\":\"Microsoft Pavel - Russian (Russia)\"},{\"name\":\"Google Deutsch\",\"default\":false,\"lang\":\"de-DE\",\"is_remote\":true,\"voice_uri\":\"Google Deutsch\"},{\"name\":\"Google US English\",\"default\":false,\"lang\":\"en-US\",\"is_remote\":true,\"voice_uri\":\"Google US English\"},{\"name\":\"Google UK English Female\",\"default\":false,\"lang\":\"en-GB\",\"is_remote\":true,\"voice_uri\":\"Google UK English Female\"},{\"name\":\"Google UK English Male\",\"default\":false,\"lang\":\"en-GB\",\"is_remote\":true,\"voice_uri\":\"Google UK English Male\"},{\"name\":\"Google espa\u00f1ol\",\"default\":false,\"lang\":\"es-ES\",\"is_remote\":true,\"voice_uri\":\"Google espa\u00f1ol\"},{\"name\":\"Google espa\u00f1ol de Estados Unidos\",\"default\":false,\"lang\":\"es-US\",\"is_remote\":true,\"voice_uri\":\"Google espa\u00f1ol de Estados Unidos\"},{\"name\":\"Google fran\u00e7ais\",\"default\":false,\"lang\":\"fr-FR\",\"is_remote\":true,\"voice_uri\":\"Google fran\u00e7ais\"},{\"name\":\"Google \u0939\u093f\u0928\u094d\u0926\u0940\",\"default\":false,\"lang\":\"hi-IN\",\"is_remote\":true,\"voice_uri\":\"Google \u0939\u093f\u0928\u094d\u0926\u0940\"},{\"name\":\"Google Bahasa Indonesia\",\"default\":false,\"lang\":\"id-ID\",\"is_remote\":true,\"voice_uri\":\"Google Bahasa Indonesia\"},{\"name\":\"Google italiano\",\"default\":false,\"lang\":\"it-IT\",\"is_remote\":true,\"voice_uri\":\"Google italiano\"},{\"name\":\"Google \u65e5\u672c\u8a9e\",\"default\":false,\"lang\":\"ja-JP\",\"is_remote\":true,\"voice_uri\":\"Google \u65e5\u672c\u8a9e\"},{\"name\":\"Google \ud55c\uad6d\uc758\",\"default\":false,\"lang\":\"ko-KR\",\"is_remote\":true,\"voice_uri\":\"Google \ud55c\uad6d\uc758\"},{\"name\":\"Google Nederlands\",\"default\":false,\"lang\":\"nl-NL\",\"is_remote\":true,\"voice_uri\":\"Google Nederlands\"},{\"name\":\"Google polski\",\"default\":false,\"lang\":\"pl-PL\",\"is_remote\":true,\"voice_uri\":\"Google polski\"},{\"name\":\"Google portugu\u00eas do Brasil\",\"default\":false,\"lang\":\"pt-BR\",\"is_remote\":true,\"voice_uri\":\"Google portugu\u00eas do Brasil\"},{\"name\":\"Google \u0440\u0443\u0441\u0441\u043a\u0438\u0439\",\"default\":false,\"lang\":\"ru-RU\",\"is_remote\":true,\"voice_uri\":\"Google \u0440\u0443\u0441\u0441\u043a\u0438\u0439\"},{\"name\":\"Google\u00a0\u666e\u901a\u8bdd\uff08\u4e2d\u56fd\u5927\u9646\uff09\",\"default\":false,\"lang\":\"zh-CN\",\"is_remote\":true,\"voice_uri\":\"Google\u00a0\u666e\u901a\u8bdd\uff08\u4e2d\u56fd\u5927\u9646\uff09\"},{\"name\":\"Google\u00a0\u7ca4\u8a9e\uff08\u9999\u6e2f\uff09\",\"default\":false,\"lang\":\"zh-HK\",\"is_remote\":true,\"voice_uri\":\"Google\u00a0\u7ca4\u8a9e\uff08\u9999\u6e2f\uff09\"},{\"name\":\"Google \u570b\u8a9e\uff08\u81fa\u7063\uff09\",\"default\":false,\"lang\":\"zh-TW\",\"is_remote\":true,\"voice_uri\":\"Google \u570b\u8a9e\uff08\u81fa\u7063\uff09\"}]",
      "hardwareConcurrency": "4",
      "deviceMemory": "8",
      "deviceInfoEnabled": true,
      "computerName": "DESKTOP-37G8J1YX",
      "macAddr": "90-1B-0E-F2-45-D6",
      "clientRectNoiseEnabled": true,
      "clientRectNoiseValue": 50075,
      "doNotTrack": "1",
      "portScanProtect": "0",
      "portWhiteList": "",
      "isDelete": 0,
      "colorDepth": 24,
      "totalDiskSpace": "218136576",
      "devicePixelRatio": 1,
      "disableSslCipherSuitesFlag": false,
      "disableSslCipherSuites": null,
      "plugins": "",
      "enablePlugins": false,
      "windowSizeLimit": true,
      "createdBy": "2c9bc058931ee8a601932c65f12b6f6b",
      "createdTime": "2024-11-15 05:51:21",
      "isValidUsername": true,
      "abortImage": false,
      "abortImageMaxSize": null,
      "abortMedia": false,
      "stopWhileNetError": false,
      "stopWhileCountryChange": false,
      "syncTabs": true,
      "syncCookies": true,
      "syncIndexedDb": false,
      "syncBookmarks": false,
      "syncAuthorization": false,
      "syncHistory": false,
      "syncGoogleAccount": false,
      "allowedSignin": false,
      "syncSessions": false,
      "workbench": "localserver",
      "clearCacheFilesBeforeLaunch": false,
      "clearCookiesBeforeLaunch": false,
      "clearHistoriesBeforeLaunch": false,
      "randomFingerprint": false,
      "muteAudio": false,
      "disableGpu": false,
      "enableBackgroundMode": false,
      "syncExtensions": false,
      "syncUserExtensions": false,
      "syncLocalStorage": false,
      "credentialsEnableService": false,
      "disableTranslatePopup": false,
      "stopWhileIpChange": false,
      "disableClipboard": false,
      "disableNotifications": false,
      "memorySaver": false,
      "coreProduct": "chrome",
      "webgpu": {
        "driver": null,
        "vendor": "nvidia",
        "description": null,
        "device": null,
        "architecture": "ampere"
      },
      "batchRandom": false,
      "batchUpdateFingerPrint": false,
      "firefoxVersionMap": {
        "120": "126,125,124,123,122,121,120,119,118,117",
        "128": "128,127,126,125"
      },
      "launchArgs": null,
      "extendOptions": null,
      "defaultAccuracy": null
    },
    "createdName": null,
    "belongUserName": null,
    "updateName": null,
    "agentIpCount": null,
    "belongToMe": false,
    "seqExport": null,
    "groupIDs": null,
    "browserShareID": null,
    "share": null,
    "shareUserName": null,
    "isShare": 0,
    "isValidUsername": false,
    "createNum": 0,
    "isRandomFinger": true,
    "remarkType": 1,
    "refreshProxyUrl": null,
    "duplicateCheck": 0,
    "ossExtend": null,
    "randomKey": null,
    "randomKeyUser": null,
    "syncBrowserAccount": null,
    "cookieBak": "",
    "passwordBak": null,
    "manual": 0,
    "proxyPasswordBak": null,
    "proxyAgreementType": "http",
    "clearCacheWithoutExtensions": false,
    "syncPaymentsAndAddress": false,
    "extendIds": [],
    "isSynOpen": 1,
    "faSecretKey": null,
    "coreProduct": null,
    "ostype": null,
    "os": null,
    "sort": 0,
    "checkPassword": null
  }
}
2024-11-15 10:51:21,090 [ERROR] bit_browser_manager.py:77 - 创建浏览器配置时发生错误: 'Response' object has no attribute 'get'
2024-11-15 10:51:21,092 [ERROR] bit_browser_manager.py:78 - 错误详情: Traceback (most recent call last):
  File "C:\GitWork\Airbnb data Analyst\bit_browser_manager.py", line 67, in create_browser
    if response.get('success') and response.get('data', {}).get('id'):
       ^^^^^^^^^^^^
AttributeError: 'Response' object has no attribute 'get'

2024-11-15 10:51:21,092 [ERROR] advanced_analyzer.py:176 - 创建BitBrowser实例失败
2024-11-15 10:51:21,092 [ERROR] advanced_analyzer.py:259 - 无法为URL https://www.airbnb.co.nz/rooms/830193102361409290 初始化BitBrowser
2024-11-15 10:51:21,092 [INFO] advanced_analyzer.py:168 - 开始初始化BitBrowser...
2024-11-15 10:51:21,092 [INFO] bit_browser_manager.py:53 - 正在创建浏览器配置，请求数据: {
  "name": "airbnb_browser_1731621081",
  "remark": "Airbnb\u6570\u636e\u91c7\u96c6",
  "proxyMethod": 2,
  "proxyType": "http",
  "host": "38.kookeey.info",
  "port": "7426",
  "proxyUserName": "23ba352f",
  "proxyUserPwd": "74024a8b",
  "isGlobalProxyInfo": true,
  "browserFingerPrint": {
    "coreVersion": "130"
  },
  "credentialsEnableService": true,
  "proxyAgreementType": "http",
  "syncTabs": true,
  "syncCookies": true,
  "abortImage": false,
  "abortMedia": false,
  "clearCacheFilesBeforeLaunch": true,
  "clearCookiesBeforeLaunch": true,
  "ipCheckService": "ip-api",
  "proxyAuthenticationHeader": {
    "Proxy-Authorization": "Basic MjNiYTM1MmY6NzQwMjRhOGI="
  }
}
2024-11-15 10:51:21,964 [INFO] bit_browser_manager.py:61 - API响应状态码: 200
2024-11-15 10:51:21,965 [INFO] bit_browser_manager.py:62 - API响应头: {'Access-Control-Allow-Origin': '*', 'Access-Control-Allow-Methods': '*', 'Access-Control-Allow-Headers': '*', 'Content-Type': 'application/json; charset=utf-8', 'Content-Length': '85', 'Date': 'Thu, 14 Nov 2024 21:51:21 GMT', 'Connection': 'keep-alive', 'Keep-Alive': 'timeout=5'}
2024-11-15 10:51:21,965 [INFO] bit_browser_manager.py:65 - API响应内容: {
  "success": false,
  "msg": "Available browser has been exceeded, please purchase online"
}
2024-11-15 10:51:21,965 [ERROR] bit_browser_manager.py:77 - 创建浏览器配置时发生错误: 'Response' object has no attribute 'get'
2024-11-15 10:51:21,966 [ERROR] bit_browser_manager.py:78 - 错误详情: Traceback (most recent call last):
  File "C:\GitWork\Airbnb data Analyst\bit_browser_manager.py", line 67, in create_browser
    if response.get('success') and response.get('data', {}).get('id'):
       ^^^^^^^^^^^^
AttributeError: 'Response' object has no attribute 'get'

2024-11-15 10:51:21,966 [ERROR] advanced_analyzer.py:176 - 创建BitBrowser实例失败
2024-11-15 10:51:21,966 [ERROR] advanced_analyzer.py:259 - 无法为URL https://www.airbnb.co.nz/rooms/49525472 初始化BitBrowser
2024-11-15 10:51:21,966 [INFO] advanced_analyzer.py:168 - 开始初始化BitBrowser...
2024-11-15 10:51:21,966 [INFO] bit_browser_manager.py:53 - 正在创建浏览器配置，请求数据: {
  "name": "airbnb_browser_1731621081",
  "remark": "Airbnb\u6570\u636e\u91c7\u96c6",
  "proxyMethod": 2,
  "proxyType": "http",
  "host": "38.kookeey.info",
  "port": "7426",
  "proxyUserName": "23ba352f",
  "proxyUserPwd": "74024a8b",
  "isGlobalProxyInfo": true,
  "browserFingerPrint": {
    "coreVersion": "130"
  },
  "credentialsEnableService": true,
  "proxyAgreementType": "http",
  "syncTabs": true,
  "syncCookies": true,
  "abortImage": false,
  "abortMedia": false,
  "clearCacheFilesBeforeLaunch": true,
  "clearCookiesBeforeLaunch": true,
  "ipCheckService": "ip-api",
  "proxyAuthenticationHeader": {
    "Proxy-Authorization": "Basic MjNiYTM1MmY6NzQwMjRhOGI="
  }
}
2024-11-15 10:51:22,830 [INFO] bit_browser_manager.py:61 - API响应状态码: 200
2024-11-15 10:51:22,830 [INFO] bit_browser_manager.py:62 - API响应头: {'Access-Control-Allow-Origin': '*', 'Access-Control-Allow-Methods': '*', 'Access-Control-Allow-Headers': '*', 'Content-Type': 'application/json; charset=utf-8', 'Content-Length': '85', 'Date': 'Thu, 14 Nov 2024 21:51:22 GMT', 'Connection': 'keep-alive', 'Keep-Alive': 'timeout=5'}
2024-11-15 10:51:22,830 [INFO] bit_browser_manager.py:65 - API响应内容: {
  "success": false,
  "msg": "Available browser has been exceeded, please purchase online"
}
2024-11-15 10:51:22,831 [ERROR] bit_browser_manager.py:77 - 创建浏览器配置时发生错误: 'Response' object has no attribute 'get'
2024-11-15 10:51:22,832 [ERROR] bit_browser_manager.py:78 - 错误详情: Traceback (most recent call last):
  File "C:\GitWork\Airbnb data Analyst\bit_browser_manager.py", line 67, in create_browser
    if response.get('success') and response.get('data', {}).get('id'):
       ^^^^^^^^^^^^
AttributeError: 'Response' object has no attribute 'get'

2024-11-15 10:51:22,832 [ERROR] advanced_analyzer.py:176 - 创建BitBrowser实例失败
2024-11-15 10:51:22,832 [ERROR] advanced_analyzer.py:259 - 无法为URL https://www.airbnb.co.nz/rooms/716883705085875481 初始化BitBrowser
2024-11-15 10:51:22,832 [INFO] advanced_analyzer.py:168 - 开始初始化BitBrowser...
2024-11-15 10:51:22,832 [INFO] bit_browser_manager.py:53 - 正在创建浏览器配置，请求数据: {
  "name": "airbnb_browser_1731621082",
  "remark": "Airbnb\u6570\u636e\u91c7\u96c6",
  "proxyMethod": 2,
  "proxyType": "http",
  "host": "38.kookeey.info",
  "port": "7426",
  "proxyUserName": "23ba352f",
  "proxyUserPwd": "74024a8b",
  "isGlobalProxyInfo": true,
  "browserFingerPrint": {
    "coreVersion": "130"
  },
  "credentialsEnableService": true,
  "proxyAgreementType": "http",
  "syncTabs": true,
  "syncCookies": true,
  "abortImage": false,
  "abortMedia": false,
  "clearCacheFilesBeforeLaunch": true,
  "clearCookiesBeforeLaunch": true,
  "ipCheckService": "ip-api",
  "proxyAuthenticationHeader": {
    "Proxy-Authorization": "Basic MjNiYTM1MmY6NzQwMjRhOGI="
  }
}
2024-11-15 10:51:23,707 [INFO] bit_browser_manager.py:61 - API响应状态码: 200
2024-11-15 10:51:23,708 [INFO] bit_browser_manager.py:62 - API响应头: {'Access-Control-Allow-Origin': '*', 'Access-Control-Allow-Methods': '*', 'Access-Control-Allow-Headers': '*', 'Content-Type': 'application/json; charset=utf-8', 'Content-Length': '85', 'Date': 'Thu, 14 Nov 2024 21:51:23 GMT', 'Connection': 'keep-alive', 'Keep-Alive': 'timeout=5'}
2024-11-15 10:51:23,708 [INFO] bit_browser_manager.py:65 - API响应内容: {
  "success": false,
  "msg": "Available browser has been exceeded, please purchase online"
}
2024-11-15 10:51:23,708 [ERROR] bit_browser_manager.py:77 - 创建浏览器配置时发生错误: 'Response' object has no attribute 'get'
2024-11-15 10:51:23,709 [ERROR] bit_browser_manager.py:78 - 错误详情: Traceback (most recent call last):
  File "C:\GitWork\Airbnb data Analyst\bit_browser_manager.py", line 67, in create_browser
    if response.get('success') and response.get('data', {}).get('id'):
       ^^^^^^^^^^^^
AttributeError: 'Response' object has no attribute 'get'

2024-11-15 10:51:23,709 [ERROR] advanced_analyzer.py:176 - 创建BitBrowser实例失败
2024-11-15 10:51:23,709 [ERROR] advanced_analyzer.py:259 - 无法为URL https://www.airbnb.co.nz/rooms/969823904189469776 初始化BitBrowser
2024-11-15 10:51:23,709 [INFO] advanced_analyzer.py:428 - === 程序执行完成 ===
