2024-12-05 10:29:14,590 [INFO] data_export.py:53 - 创建基础目录: data
2024-12-05 10:29:14,590 [INFO] data_export.py:58 - 创建date目录: data\by_date
2024-12-05 10:29:14,590 [INFO] data_export.py:58 - 创建room目录: data\by_room
2024-12-05 10:29:14,597 [INFO] advanced_analyzer.py:396 - === 开始Airbnb数据收集程序 ===
2024-12-05 10:29:14,765 [INFO] advanced_analyzer.py:101 - 成功读取 1 个房间ID
2024-12-05 10:29:14,766 [INFO] advanced_analyzer.py:407 - 生成 1 个URL
2024-12-05 10:29:14,766 [INFO] advanced_analyzer.py:411 - 创建数据目录: data/airbnb_data_20241205_102914
2024-12-05 10:29:14,766 [INFO] advanced_analyzer.py:233 - === 开始批量分析房源 ===
2024-12-05 10:29:14,766 [INFO] advanced_analyzer.py:242 - 设置并发线程数: 1
2024-12-05 10:29:14,791 [INFO] bit_browser_manager.py:95 - 活动浏览器响应: {
  "success": true,
  "data": {
    "34dc763412e34341a759c1ef1ec38580": 9600
  }
}
2024-12-05 10:29:15,797 [INFO] bit_browser_manager.py:120 - 找到 1 个活动浏览器
2024-12-05 10:29:15,797 [INFO] advanced_analyzer.py:258 - 
=== 可用的浏览器实例 ===
2024-12-05 10:29:15,797 [INFO] advanced_analyzer.py:260 - ID: 34dc763412e34341a759c1ef1ec38580
2024-12-05 10:29:15,797 [INFO] advanced_analyzer.py:261 - 名称: AirBnB01
2024-12-05 10:29:15,797 [INFO] advanced_analyzer.py:262 - 备注: 
2024-12-05 10:29:15,797 [INFO] advanced_analyzer.py:263 - PID: 9600

2024-12-05 10:29:15,797 [INFO] advanced_analyzer.py:278 - 
=== URL分配情况 ===
2024-12-05 10:29:15,797 [INFO] advanced_analyzer.py:280 - 线程 1 分配到 1 个URL:
2024-12-05 10:29:15,797 [INFO] advanced_analyzer.py:283 -   - Room ID: 837352260137971048
2024-12-05 10:29:15,798 [INFO] advanced_analyzer.py:294 - 线程 15556 (#1) 使用浏览器 34dc763412e34341a759c1ef1ec38580
2024-12-05 10:29:16,366 [INFO] bit_browser_manager.py:64 - 成功设置 locale cookie
2024-12-05 10:29:16,369 [INFO] bit_browser_manager.py:64 - 成功设置 currency cookie
2024-12-05 10:29:16,371 [INFO] advanced_analyzer.py:307 - 线程 #1 开始处理 Room ID: 837352260137971048
2024-12-05 10:29:16,410 [ERROR] bit_browser_manager.py:267 - 打开新标签页失败: 'BitBrowserManager' object has no attribute 'tab_switch_wait'
2024-12-05 10:29:16,410 [ERROR] advanced_analyzer.py:313 - 无法在浏览器 34dc763412e34341a759c1ef1ec38580 中打开URL https://www.airbnb.co.nz/rooms/837352260137971048
2024-12-05 10:29:18,463 [INFO] advanced_analyzer.py:427 - === 程序执行完成 ===
