2024-11-05 14:03:38,088 [INFO] advanced_analyzer.py:192 - === 开始Airbnb数据收集程序 ===
2024-11-05 14:03:38,254 [INFO] advanced_analyzer.py:33 - 成功读取 2 个房间信息
2024-11-05 14:03:38,254 [INFO] advanced_analyzer.py:203 - 生成 2 个URL
2024-11-05 14:03:38,254 [INFO] advanced_analyzer.py:207 - 创建数据目录: data/airbnb_data_20241105_140338
2024-11-05 14:03:38,254 [INFO] advanced_analyzer.py:121 - === 开始批量分析房源 ===
2024-11-05 14:03:39,967 [INFO] advanced_analyzer.py:67 - Chrome WebDriver 初始化成功
2024-11-05 14:03:39,968 [INFO] advanced_analyzer.py:129 - 
处理第 1/2 个房源
2024-11-05 14:03:39,968 [INFO] advanced_analyzer.py:75 - 
开始分析房源: https://www.airbnb.co.nz/rooms/43435162 (最小入住: 2晚)
2024-11-05 14:03:39,968 [INFO] airbnb_calendar_checker.py:70 - 开始检查房源日历: https://www.airbnb.co.nz/rooms/43435162
2024-11-05 14:03:41,355 [INFO] airbnb_calendar_checker.py:75 - 页面加载中...
2024-11-05 14:03:41,358 [INFO] airbnb_calendar_checker.py:82 - 页面基本加载完成
2024-11-05 14:03:56,655 [INFO] airbnb_calendar_checker.py:120 - 找到日历按钮: //button[contains(@aria-label, 'Choose')]
2024-11-05 14:03:56,658 [INFO] airbnb_calendar_checker.py:134 - 已滚动到日历按钮位置
2024-11-05 14:03:57,673 [ERROR] airbnb_calendar_checker.py:144 - 等待按钮可点击时出错: Message: invalid selector
from javascript error: {"status":32,"value":"Unable to locate an element with the xpath expression .<button type=\"button\" class=\"chplgv4 atm_1s_glywfm atm_26_1j28jx2 atm_3f_idpfg4 atm_9j_tlke0l atm_9s_1o8liyq atm_bx_1kw7nm4 atm_gi_idpfg4 atm_ks_ewfl5b atm_r3_1kw7nm4 atm_rd_glywfm atm_vb_1wugsn5 atm_kd_glywfm atm_c8_km0zk7 atm_g3_18khvle atm_fr_1m9t47k atm_cs_10d11i2 atm_l8_1fwxnve atm_mk_h2mmj6 atm_vv_1q9ccgz atm_wq_kb7nvz atm_3f_glywfm_jo46a5 atm_l8_idpfg4_jo46a5 atm_gi_idpfg4_jo46a5 atm_3f_glywfm_1icshfk atm_kd_glywfm_19774hq atm_5j_qslrf5_vmtskl atm_6i_idpfg4_vmtskl atm_92_1yyfdc7_vmtskl atm_fq_j39m9b_vmtskl atm_mk_stnw88_vmtskl atm_n3_j39m9b_vmtskl atm_tk_idpfg4_vmtskl atm_wq_idpfg4_vmtskl atm_wq_cs5v99_1w3cfyq atm_uc_aaiy6o_9xuho3 atm_70_lgq2mu_9xuho3 atm_uc_glywfm_9xuho3_1rrf6b5 atm_wq_cs5v99_pfnrn2_1oszvuo atm_uc_aaiy6o_1buez3b_1oszvuo atm_70_lgq2mu_1buez3b_1oszvuo atm_uc_glywfm_1buez3b_1o31aam c177491c atm_7l_dezgoh atm_uc_fg9k26 atm_26_116dmco_1rqz0hn dir dir-ltr\" aria-expanded=\"false\" aria-label=\"Choose a language and currency\"><div class=\"lloffz7 atm_h_1h6ojuz atm_9s_1txwivl atm_e2_1osqo2v atm_mk_h2mmj6 atm_wq_kb7nvz dir dir-ltr\"><div class=\"_z5mecy\" aria-hidden=\"true\"><svg xmlns=\"http://www.w3.org/2000/svg\" viewBox=\"0 0 16 16\" aria-hidden=\"true\" role=\"presentation\" focusable=\"false\" style=\"display: block; height: 16px; width: 16px; fill: currentcolor;\"><path d=\"M8 .25a7.77 7.77 0 0 1 7.75 7.78 7.75 7.75 0 0 1-7.52 7.72h-.25A7.75 7.75 0 0 1 .25 8.24v-.25A7.75 7.75 0 0 1 8 .25zm1.95 8.5h-3.9c.15 2.9 1.17 5.34 1.88 5.5H8c.68 0 1.72-2.37 1.93-5.23zm4.26 0h-2.76c-.09 1.96-.53 3.78-1.18 5.08A6.26 6.26 0 0 0 14.17 9zm-9.67 0H1.8a6.26 6.26 0 0 0 3.94 5.08 12.59 12.59 0 0 1-1.16-4.7l-.03-.38zm1.2-6.58-.12.05a6.26 6.26 0 0 0-3.83 5.03h2.75c.09-1.83.48-3.54 1.06-4.81zm2.25-.42c-.7 0-1.78 2.51-1.94 5.5h3.9c-.15-2.9-1.18-5.34-1.89-5.5h-.07zm2.28.43.03.05a12.95 12.95 0 0 1 1.15 5.02h2.75a6.28 6.28 0 0 0-3.93-5.07z\"></path></svg></div></div></button> because of the following error:\nSyntaxError: Failed to execute 'evaluate' on 'Document': The string '.<button type=\"button\" class=\"chplgv4 atm_1s_glywfm atm_26_1j28jx2 atm_3f_idpfg4 atm_9j_tlke0l atm_9s_1o8liyq atm_bx_1kw7nm4 atm_gi_idpfg4 atm_ks_ewfl5b atm_r3_1kw7nm4 atm_rd_glywfm atm_vb_1wugsn5 atm_kd_glywfm atm_c8_km0zk7 atm_g3_18khvle atm_fr_1m9t47k atm_cs_10d11i2 atm_l8_1fwxnve atm_mk_h2mmj6 atm_vv_1q9ccgz atm_wq_kb7nvz atm_3f_glywfm_jo46a5 atm_l8_idpfg4_jo46a5 atm_gi_idpfg4_jo46a5 atm_3f_glywfm_1icshfk atm_kd_glywfm_19774hq atm_5j_qslrf5_vmtskl atm_6i_idpfg4_vmtskl atm_92_1yyfdc7_vmtskl atm_fq_j39m9b_vmtskl atm_mk_stnw88_vmtskl atm_n3_j39m9b_vmtskl atm_tk_idpfg4_vmtskl atm_wq_idpfg4_vmtskl atm_wq_cs5v99_1w3cfyq atm_uc_aaiy6o_9xuho3 atm_70_lgq2mu_9xuho3 atm_uc_glywfm_9xuho3_1rrf6b5 atm_wq_cs5v99_pfnrn2_1oszvuo atm_uc_aaiy6o_1buez3b_1oszvuo atm_70_lgq2mu_1buez3b_1oszvuo atm_uc_glywfm_1buez3b_1o31aam c177491c atm_7l_dezgoh atm_uc_fg9k26 atm_26_116dmco_1rqz0hn dir dir-ltr\" aria-expanded=\"false\" aria-label=\"Choose a language and currency\"><div class=\"lloffz7 atm_h_1h6ojuz atm_9s_1txwivl atm_e2_1osqo2v atm_mk_h2mmj6 atm_wq_kb7nvz dir dir-ltr\"><div class=\"_z5mecy\" aria-hidden=\"true\"><svg xmlns=\"http://www.w3.org/2000/svg\" viewBox=\"0 0 16 16\" aria-hidden=\"true\" role=\"presentation\" focusable=\"false\" style=\"display: block; height: 16px; width: 16px; fill: currentcolor;\"><path d=\"M8 .25a7.77 7.77 0 0 1 7.75 7.78 7.75 7.75 0 0 1-7.52 7.72h-.25A7.75 7.75 0 0 1 .25 8.24v-.25A7.75 7.75 0 0 1 8 .25zm1.95 8.5h-3.9c.15 2.9 1.17 5.34 1.88 5.5H8c.68 0 1.72-2.37 1.93-5.23zm4.26 0h-2.76c-.09 1.96-.53 3.78-1.18 5.08A6.26 6.26 0 0 0 14.17 9zm-9.67 0H1.8a6.26 6.26 0 0 0 3.94 5.08 12.59 12.59 0 0 1-1.16-4.7l-.03-.38zm1.2-6.58-.12.05a6.26 6.26 0 0 0-3.83 5.03h2.75c.09-1.83.48-3.54 1.06-4.81zm2.25-.42c-.7 0-1.78 2.51-1.94 5.5h3.9c-.15-2.9-1.18-5.34-1.89-5.5h-.07zm2.28.43.03.05a12.95 12.95 0 0 1 1.15 5.02h2.75a6.28 6.28 0 0 0-3.93-5.07z\"></path></svg></div></div></button>' is not a valid XPath expression."}
  (Session info: chrome=130.0.6723.92); For documentation on this error, please visit: https://www.selenium.dev/documentation/webdriver/troubleshooting/errors#invalid-selector-exception
Stacktrace:
	GetHandleVerifier [0x00DC38B3+24035]
	(No symbol) [0x00D4BC44]
	(No symbol) [0x00C2C2D3]
	(No symbol) [0x00C31D58]
	(No symbol) [0x00C335E8]
	(No symbol) [0x00C33660]
	(No symbol) [0x00C6D899]
	(No symbol) [0x00C6DECB]
	(No symbol) [0x00CAB9D2]
	(No symbol) [0x00C8FED4]
	(No symbol) [0x00CA953F]
	(No symbol) [0x00C8FC26]
	(No symbol) [0x00C6218C]
	(No symbol) [0x00C6310D]
	GetHandleVerifier [0x010696D3+2800643]
	GetHandleVerifier [0x010C428E+3172286]
	GetHandleVerifier [0x010BCEA2+3142610]
	GetHandleVerifier [0x00E66C60+692624]
	(No symbol) [0x00D54C5D]
	(No symbol) [0x00D51968]
	(No symbol) [0x00D51B00]
	(No symbol) [0x00D43FB0]
	BaseThreadInitThunk [0x769C7BA9+25]
	RtlInitializeExceptionChain [0x7748C0CB+107]
	RtlClearBits [0x7748C04F+191]

2024-11-05 14:03:57,674 [ERROR] advanced_analyzer.py:81 - 获取日历数据失败: https://www.airbnb.co.nz/rooms/43435162
2024-11-05 14:03:57,674 [INFO] advanced_analyzer.py:129 - 
处理第 2/2 个房源
2024-11-05 14:03:57,674 [INFO] advanced_analyzer.py:75 - 
开始分析房源: https://www.airbnb.co.nz/rooms/830193102361409290 (最小入住: 1晚)
2024-11-05 14:03:57,674 [INFO] airbnb_calendar_checker.py:70 - 开始检查房源日历: https://www.airbnb.co.nz/rooms/830193102361409290
2024-11-05 14:03:57,919 [INFO] airbnb_calendar_checker.py:75 - 页面加载中...
2024-11-05 14:03:57,922 [INFO] airbnb_calendar_checker.py:82 - 页面基本加载完成
2024-11-05 14:04:13,079 [INFO] airbnb_calendar_checker.py:120 - 找到日历按钮: //button[contains(@aria-label, 'Choose')]
2024-11-05 14:04:13,081 [INFO] airbnb_calendar_checker.py:134 - 已滚动到日历按钮位置
2024-11-05 14:04:14,090 [ERROR] airbnb_calendar_checker.py:144 - 等待按钮可点击时出错: Message: invalid selector
from javascript error: {"status":32,"value":"Unable to locate an element with the xpath expression .<button type=\"button\" class=\"chplgv4 atm_1s_glywfm atm_26_1j28jx2 atm_3f_idpfg4 atm_9j_tlke0l atm_9s_1o8liyq atm_bx_1kw7nm4 atm_gi_idpfg4 atm_ks_ewfl5b atm_r3_1kw7nm4 atm_rd_glywfm atm_vb_1wugsn5 atm_kd_glywfm atm_c8_km0zk7 atm_g3_18khvle atm_fr_1m9t47k atm_cs_10d11i2 atm_l8_1fwxnve atm_mk_h2mmj6 atm_vv_1q9ccgz atm_wq_kb7nvz atm_3f_glywfm_jo46a5 atm_l8_idpfg4_jo46a5 atm_gi_idpfg4_jo46a5 atm_3f_glywfm_1icshfk atm_kd_glywfm_19774hq atm_5j_qslrf5_vmtskl atm_6i_idpfg4_vmtskl atm_92_1yyfdc7_vmtskl atm_fq_j39m9b_vmtskl atm_mk_stnw88_vmtskl atm_n3_j39m9b_vmtskl atm_tk_idpfg4_vmtskl atm_wq_idpfg4_vmtskl atm_wq_cs5v99_1w3cfyq atm_uc_aaiy6o_9xuho3 atm_70_lgq2mu_9xuho3 atm_uc_glywfm_9xuho3_1rrf6b5 atm_wq_cs5v99_pfnrn2_1oszvuo atm_uc_aaiy6o_1buez3b_1oszvuo atm_70_lgq2mu_1buez3b_1oszvuo atm_uc_glywfm_1buez3b_1o31aam c177491c atm_7l_dezgoh atm_uc_fg9k26 atm_26_116dmco_1rqz0hn dir dir-ltr\" aria-expanded=\"false\" aria-label=\"Choose a language and currency\"><div class=\"lloffz7 atm_h_1h6ojuz atm_9s_1txwivl atm_e2_1osqo2v atm_mk_h2mmj6 atm_wq_kb7nvz dir dir-ltr\"><div class=\"_z5mecy\" aria-hidden=\"true\"><svg xmlns=\"http://www.w3.org/2000/svg\" viewBox=\"0 0 16 16\" aria-hidden=\"true\" role=\"presentation\" focusable=\"false\" style=\"display: block; height: 16px; width: 16px; fill: currentcolor;\"><path d=\"M8 .25a7.77 7.77 0 0 1 7.75 7.78 7.75 7.75 0 0 1-7.52 7.72h-.25A7.75 7.75 0 0 1 .25 8.24v-.25A7.75 7.75 0 0 1 8 .25zm1.95 8.5h-3.9c.15 2.9 1.17 5.34 1.88 5.5H8c.68 0 1.72-2.37 1.93-5.23zm4.26 0h-2.76c-.09 1.96-.53 3.78-1.18 5.08A6.26 6.26 0 0 0 14.17 9zm-9.67 0H1.8a6.26 6.26 0 0 0 3.94 5.08 12.59 12.59 0 0 1-1.16-4.7l-.03-.38zm1.2-6.58-.12.05a6.26 6.26 0 0 0-3.83 5.03h2.75c.09-1.83.48-3.54 1.06-4.81zm2.25-.42c-.7 0-1.78 2.51-1.94 5.5h3.9c-.15-2.9-1.18-5.34-1.89-5.5h-.07zm2.28.43.03.05a12.95 12.95 0 0 1 1.15 5.02h2.75a6.28 6.28 0 0 0-3.93-5.07z\"></path></svg></div></div></button> because of the following error:\nSyntaxError: Failed to execute 'evaluate' on 'Document': The string '.<button type=\"button\" class=\"chplgv4 atm_1s_glywfm atm_26_1j28jx2 atm_3f_idpfg4 atm_9j_tlke0l atm_9s_1o8liyq atm_bx_1kw7nm4 atm_gi_idpfg4 atm_ks_ewfl5b atm_r3_1kw7nm4 atm_rd_glywfm atm_vb_1wugsn5 atm_kd_glywfm atm_c8_km0zk7 atm_g3_18khvle atm_fr_1m9t47k atm_cs_10d11i2 atm_l8_1fwxnve atm_mk_h2mmj6 atm_vv_1q9ccgz atm_wq_kb7nvz atm_3f_glywfm_jo46a5 atm_l8_idpfg4_jo46a5 atm_gi_idpfg4_jo46a5 atm_3f_glywfm_1icshfk atm_kd_glywfm_19774hq atm_5j_qslrf5_vmtskl atm_6i_idpfg4_vmtskl atm_92_1yyfdc7_vmtskl atm_fq_j39m9b_vmtskl atm_mk_stnw88_vmtskl atm_n3_j39m9b_vmtskl atm_tk_idpfg4_vmtskl atm_wq_idpfg4_vmtskl atm_wq_cs5v99_1w3cfyq atm_uc_aaiy6o_9xuho3 atm_70_lgq2mu_9xuho3 atm_uc_glywfm_9xuho3_1rrf6b5 atm_wq_cs5v99_pfnrn2_1oszvuo atm_uc_aaiy6o_1buez3b_1oszvuo atm_70_lgq2mu_1buez3b_1oszvuo atm_uc_glywfm_1buez3b_1o31aam c177491c atm_7l_dezgoh atm_uc_fg9k26 atm_26_116dmco_1rqz0hn dir dir-ltr\" aria-expanded=\"false\" aria-label=\"Choose a language and currency\"><div class=\"lloffz7 atm_h_1h6ojuz atm_9s_1txwivl atm_e2_1osqo2v atm_mk_h2mmj6 atm_wq_kb7nvz dir dir-ltr\"><div class=\"_z5mecy\" aria-hidden=\"true\"><svg xmlns=\"http://www.w3.org/2000/svg\" viewBox=\"0 0 16 16\" aria-hidden=\"true\" role=\"presentation\" focusable=\"false\" style=\"display: block; height: 16px; width: 16px; fill: currentcolor;\"><path d=\"M8 .25a7.77 7.77 0 0 1 7.75 7.78 7.75 7.75 0 0 1-7.52 7.72h-.25A7.75 7.75 0 0 1 .25 8.24v-.25A7.75 7.75 0 0 1 8 .25zm1.95 8.5h-3.9c.15 2.9 1.17 5.34 1.88 5.5H8c.68 0 1.72-2.37 1.93-5.23zm4.26 0h-2.76c-.09 1.96-.53 3.78-1.18 5.08A6.26 6.26 0 0 0 14.17 9zm-9.67 0H1.8a6.26 6.26 0 0 0 3.94 5.08 12.59 12.59 0 0 1-1.16-4.7l-.03-.38zm1.2-6.58-.12.05a6.26 6.26 0 0 0-3.83 5.03h2.75c.09-1.83.48-3.54 1.06-4.81zm2.25-.42c-.7 0-1.78 2.51-1.94 5.5h3.9c-.15-2.9-1.18-5.34-1.89-5.5h-.07zm2.28.43.03.05a12.95 12.95 0 0 1 1.15 5.02h2.75a6.28 6.28 0 0 0-3.93-5.07z\"></path></svg></div></div></button>' is not a valid XPath expression."}
  (Session info: chrome=130.0.6723.92); For documentation on this error, please visit: https://www.selenium.dev/documentation/webdriver/troubleshooting/errors#invalid-selector-exception
Stacktrace:
	GetHandleVerifier [0x00DC38B3+24035]
	(No symbol) [0x00D4BC44]
	(No symbol) [0x00C2C2D3]
	(No symbol) [0x00C31D58]
	(No symbol) [0x00C335E8]
	(No symbol) [0x00C33660]
	(No symbol) [0x00C6D899]
	(No symbol) [0x00C6DECB]
	(No symbol) [0x00CAB9D2]
	(No symbol) [0x00C8FED4]
	(No symbol) [0x00CA953F]
	(No symbol) [0x00C8FC26]
	(No symbol) [0x00C6218C]
	(No symbol) [0x00C6310D]
	GetHandleVerifier [0x010696D3+2800643]
	GetHandleVerifier [0x010C428E+3172286]
	GetHandleVerifier [0x010BCEA2+3142610]
	GetHandleVerifier [0x00E66C60+692624]
	(No symbol) [0x00D54C5D]
	(No symbol) [0x00D51968]
	(No symbol) [0x00D51B00]
	(No symbol) [0x00D43FB0]
	BaseThreadInitThunk [0x769C7BA9+25]
	RtlInitializeExceptionChain [0x7748C0CB+107]
	RtlClearBits [0x7748C04F+191]

2024-11-05 14:04:14,090 [ERROR] advanced_analyzer.py:81 - 获取日历数据失败: https://www.airbnb.co.nz/rooms/830193102361409290
2024-11-05 14:04:14,090 [INFO] advanced_analyzer.py:135 - 
分析完成，成功处理 0/2 个房源
2024-11-05 14:04:16,217 [INFO] advanced_analyzer.py:188 - 浏览器已关闭
2024-11-05 14:04:20,238 [INFO] advanced_analyzer.py:262 - === 程序执行完成 ===
