2024-11-10 09:45:17,488 [INFO] advanced_analyzer.py:192 - === 开始Airbnb数据收集程序 ===
2024-11-10 09:45:17,667 [INFO] advanced_analyzer.py:33 - 成功读取 3 个房间信息
2024-11-10 09:45:17,667 [INFO] advanced_analyzer.py:203 - 生成 3 个URL
2024-11-10 09:45:17,667 [INFO] advanced_analyzer.py:207 - 创建数据目录: data/airbnb_data_20241110_094517
2024-11-10 09:45:17,668 [INFO] advanced_analyzer.py:121 - === 开始批量分析房源 ===
2024-11-10 09:45:19,416 [INFO] advanced_analyzer.py:67 - Chrome WebDriver 初始化成功
2024-11-10 09:45:19,416 [INFO] advanced_analyzer.py:129 - 
处理第 1/3 个房源
2024-11-10 09:45:19,417 [INFO] advanced_analyzer.py:75 - 
开始分析房源: https://www.airbnb.co.nz/rooms/1125096139567330802 (最小入住: 1晚)
2024-11-10 09:45:19,417 [INFO] airbnb_calendar_checker.py:70 - 开始检查房源日历: https://www.airbnb.co.nz/rooms/1125096139567330802
2024-11-10 09:45:20,183 [INFO] airbnb_calendar_checker.py:75 - 页面加载中...
2024-11-10 09:45:20,186 [INFO] airbnb_calendar_checker.py:82 - 页面基本加载完成
2024-11-10 09:45:35,374 [INFO] airbnb_calendar_checker.py:120 - 找到日历按钮: //button[contains(@aria-label, 'Choose')]
2024-11-10 09:45:35,377 [INFO] airbnb_calendar_checker.py:134 - 已滚动到日历按钮位置
2024-11-10 09:45:36,378 [INFO] airbnb_calendar_checker.py:139 - 日历按钮已准备就绪
2024-11-10 09:45:37,422 [INFO] airbnb_calendar_checker.py:153 - JavaScript点击日历按钮成功
2024-11-10 09:45:47,657 [INFO] airbnb_calendar_checker.py:184 - 日历内容已加载: //div[contains(@data-testid, 'calendar')]
2024-11-10 09:45:47,669 [INFO] airbnb_calendar_checker.py:199 - 找到 123 个日期单元格
2024-11-10 09:45:47,793 [INFO] airbnb_calendar_checker.py:211 - 找到 123 个日期单元格
2024-11-10 09:45:47,794 [INFO] airbnb_calendar_checker.py:256 - 原始单元格数量: 123
2024-11-10 09:45:47,794 [INFO] airbnb_calendar_checker.py:257 - 去重后数据条数: 123
2024-11-10 09:45:47,794 [INFO] airbnb_calendar_checker.py:258 - 处理的唯一日期数: 123
2024-11-10 09:45:47,794 [INFO] airbnb_calendar_checker.py:262 - 收集到 123 条有效日历数据
2024-11-10 09:45:47,794 [INFO] airbnb_calendar_checker.py:22 - 开始导出数据到Excel...
2024-11-10 09:45:47,794 [INFO] airbnb_calendar_checker.py:32 - 处理房源ID: 1125096139567330802
2024-11-10 09:45:47,795 [INFO] airbnb_calendar_checker.py:37 - 将创建文件: data/airbnb_calendar_1125096139567330802_20241110_094547.xlsx
2024-11-10 09:45:47,795 [INFO] airbnb_calendar_checker.py:41 - 创建DataFrame，共 123 行数据
2024-11-10 09:45:47,821 [INFO] airbnb_calendar_checker.py:52 - 数据已成功导出到Excel文件: data/airbnb_calendar_1125096139567330802_20241110_094547.xlsx
2024-11-10 09:45:47,821 [INFO] airbnb_calendar_checker.py:57 - 文件创建成功，大小: 8.94 KB
2024-11-10 09:45:47,821 [INFO] airbnb_calendar_checker.py:265 - 日历数据已成功导出到: data/airbnb_calendar_1125096139567330802_20241110_094547.xlsx
2024-11-10 09:45:47,821 [INFO] advanced_analyzer.py:84 - 成功获取日历数据: 123 条记录
2024-11-10 09:45:47,821 [INFO] price_checker.py:336 - 开始检查房源价格: https://www.airbnb.co.nz/rooms/1125096139567330802 (最小入住: 1晚)
2024-11-10 09:45:47,822 [INFO] price_checker.py:328 - 找到 20 个可预订日期
2024-11-10 09:45:47,822 [INFO] price_checker.py:352 - [1/20] 处理日期: 18/11/2024
2024-11-10 09:45:47,822 [INFO] price_checker.py:127 - 开始获取价格信息: https://www.airbnb.co.nz/rooms/1125096139567330802
2024-11-10 09:45:47,822 [INFO] price_checker.py:128 - 入住日期: 18/11/2024, 最小入住晚数: 1
2024-11-10 09:45:47,822 [INFO] price_checker.py:150 - 访问URL: https://www.airbnb.co.nz/rooms/1125096139567330802?check_in=2024-11-18&check_out=2024-11-19&adults=3&children=0&infants=0
2024-11-10 09:45:52,980 [INFO] price_checker.py:157 - 检查页面状态...
2024-11-10 09:45:52,982 [INFO] price_checker.py:159 - 页面状态: complete
2024-11-10 09:45:52,990 [INFO] price_checker.py:169 - 价格容器已加载
2024-11-10 09:45:52,999 [INFO] price_checker.py:116 - 成功找到元素，使用xpath: //span[contains(@class, '_11jcbg2') or contains(@class, 'price')]
2024-11-10 09:45:53,006 [INFO] price_checker.py:178 - 找到每晚价格元素: 
2024-11-10 09:45:53,006 [WARNING] price_checker.py:186 - 价格文本格式不符合预期: 
2024-11-10 09:45:53,006 [INFO] price_checker.py:193 - 开始查找价格详情按钮...
2024-11-10 09:45:53,006 [INFO] price_checker.py:197 - 尝试使用选择器: css - button[aria-label='Show price details']
2024-11-10 09:45:53,013 [INFO] price_checker.py:202 - 找到 0 个匹配元素
2024-11-10 09:45:53,013 [INFO] price_checker.py:197 - 尝试使用选择器: xpath - //button[contains(., 'price details')]
2024-11-10 09:45:53,019 [INFO] price_checker.py:202 - 找到 0 个匹配元素
2024-11-10 09:45:53,019 [INFO] price_checker.py:197 - 尝试使用选择器: css - button._12wl7g09
2024-11-10 09:45:53,025 [INFO] price_checker.py:202 - 找到 5 个匹配元素
2024-11-10 09:45:53,075 [INFO] price_checker.py:197 - 尝试使用选择器: xpath - //div[contains(@class, '_14omvfj')]//button
2024-11-10 09:45:53,082 [INFO] price_checker.py:202 - 找到 5 个匹配元素
2024-11-10 09:45:53,087 [INFO] price_checker.py:197 - 尝试使用选择器: xpath - //div[contains(@class, '_1k4xcdh')]/preceding-sibling::span//button
2024-11-10 09:45:53,094 [INFO] price_checker.py:202 - 找到 0 个匹配元素
2024-11-10 09:45:53,105 [INFO] price_checker.py:254 - 找到总价: 
2024-11-10 09:45:53,105 [INFO] price_checker.py:259 - 最终价格信息获取结果:
2024-11-10 09:45:53,105 [INFO] price_checker.py:261 - check_in: 18/11/2024
2024-11-10 09:45:53,105 [INFO] price_checker.py:261 - check_out: 19/11/2024
2024-11-10 09:45:53,105 [INFO] price_checker.py:261 - guests: 3
2024-11-10 09:45:53,106 [INFO] price_checker.py:261 - nightly_price: None
2024-11-10 09:45:53,106 [INFO] price_checker.py:261 - cleaning_fee: None
2024-11-10 09:45:53,106 [INFO] price_checker.py:261 - service_fee: None
2024-11-10 09:45:53,106 [INFO] price_checker.py:261 - taxes: None
2024-11-10 09:45:53,106 [INFO] price_checker.py:261 - total: 
2024-11-10 09:45:53,106 [INFO] price_checker.py:358 - ✓ 成功获取 18/11/2024 的价格信息
2024-11-10 09:45:53,106 [INFO] price_checker.py:352 - [2/20] 处理日期: 22/11/2024
2024-11-10 09:45:53,106 [INFO] price_checker.py:127 - 开始获取价格信息: https://www.airbnb.co.nz/rooms/1125096139567330802
2024-11-10 09:45:53,106 [INFO] price_checker.py:128 - 入住日期: 22/11/2024, 最小入住晚数: 1
2024-11-10 09:45:53,106 [INFO] price_checker.py:150 - 访问URL: https://www.airbnb.co.nz/rooms/1125096139567330802?check_in=2024-11-22&check_out=2024-11-23&adults=3&children=0&infants=0
2024-11-10 09:45:58,200 [INFO] price_checker.py:157 - 检查页面状态...
2024-11-10 09:45:58,202 [INFO] price_checker.py:159 - 页面状态: complete
2024-11-10 09:45:58,208 [INFO] price_checker.py:169 - 价格容器已加载
2024-11-10 09:45:58,212 [INFO] price_checker.py:116 - 成功找到元素，使用xpath: //span[contains(@class, '_11jcbg2') or contains(@class, 'price')]
2024-11-10 09:45:58,216 [INFO] price_checker.py:178 - 找到每晚价格元素: 
2024-11-10 09:45:58,216 [WARNING] price_checker.py:186 - 价格文本格式不符合预期: 
2024-11-10 09:45:58,217 [INFO] price_checker.py:193 - 开始查找价格详情按钮...
2024-11-10 09:45:58,217 [INFO] price_checker.py:197 - 尝试使用选择器: css - button[aria-label='Show price details']
2024-11-10 09:45:58,220 [INFO] price_checker.py:202 - 找到 0 个匹配元素
2024-11-10 09:45:58,221 [INFO] price_checker.py:197 - 尝试使用选择器: xpath - //button[contains(., 'price details')]
2024-11-10 09:45:58,226 [INFO] price_checker.py:202 - 找到 0 个匹配元素
2024-11-10 09:45:58,226 [INFO] price_checker.py:197 - 尝试使用选择器: css - button._12wl7g09
2024-11-10 09:45:58,230 [INFO] price_checker.py:202 - 找到 5 个匹配元素
2024-11-10 09:45:58,235 [INFO] price_checker.py:197 - 尝试使用选择器: xpath - //div[contains(@class, '_14omvfj')]//button
2024-11-10 09:45:58,239 [INFO] price_checker.py:202 - 找到 5 个匹配元素
2024-11-10 09:45:58,244 [INFO] price_checker.py:197 - 尝试使用选择器: xpath - //div[contains(@class, '_1k4xcdh')]/preceding-sibling::span//button
2024-11-10 09:45:58,249 [INFO] price_checker.py:202 - 找到 0 个匹配元素
2024-11-10 09:45:58,257 [INFO] price_checker.py:254 - 找到总价: 
2024-11-10 09:45:58,257 [INFO] price_checker.py:259 - 最终价格信息获取结果:
2024-11-10 09:45:58,257 [INFO] price_checker.py:261 - check_in: 22/11/2024
2024-11-10 09:45:58,257 [INFO] price_checker.py:261 - check_out: 23/11/2024
2024-11-10 09:45:58,257 [INFO] price_checker.py:261 - guests: 3
2024-11-10 09:45:58,257 [INFO] price_checker.py:261 - nightly_price: None
2024-11-10 09:45:58,257 [INFO] price_checker.py:261 - cleaning_fee: None
2024-11-10 09:45:58,257 [INFO] price_checker.py:261 - service_fee: None
2024-11-10 09:45:58,257 [INFO] price_checker.py:261 - taxes: None
2024-11-10 09:45:58,257 [INFO] price_checker.py:261 - total: 
2024-11-10 09:45:58,257 [INFO] price_checker.py:358 - ✓ 成功获取 22/11/2024 的价格信息
2024-11-10 09:45:58,258 [INFO] price_checker.py:352 - [3/20] 处理日期: 26/11/2024
2024-11-10 09:45:58,258 [INFO] price_checker.py:127 - 开始获取价格信息: https://www.airbnb.co.nz/rooms/1125096139567330802
2024-11-10 09:45:58,258 [INFO] price_checker.py:128 - 入住日期: 26/11/2024, 最小入住晚数: 1
2024-11-10 09:45:58,258 [INFO] price_checker.py:150 - 访问URL: https://www.airbnb.co.nz/rooms/1125096139567330802?check_in=2024-11-26&check_out=2024-11-27&adults=3&children=0&infants=0
2024-11-10 09:46:03,347 [INFO] price_checker.py:157 - 检查页面状态...
2024-11-10 09:46:03,350 [INFO] price_checker.py:159 - 页面状态: complete
2024-11-10 09:46:03,357 [INFO] price_checker.py:169 - 价格容器已加载
2024-11-10 09:46:03,361 [INFO] price_checker.py:116 - 成功找到元素，使用xpath: //span[contains(@class, '_11jcbg2') or contains(@class, 'price')]
2024-11-10 09:46:03,365 [INFO] price_checker.py:178 - 找到每晚价格元素: 
2024-11-10 09:46:03,365 [WARNING] price_checker.py:186 - 价格文本格式不符合预期: 
2024-11-10 09:46:03,365 [INFO] price_checker.py:193 - 开始查找价格详情按钮...
2024-11-10 09:46:03,365 [INFO] price_checker.py:197 - 尝试使用选择器: css - button[aria-label='Show price details']
2024-11-10 09:46:03,371 [INFO] price_checker.py:202 - 找到 0 个匹配元素
2024-11-10 09:46:03,372 [INFO] price_checker.py:197 - 尝试使用选择器: xpath - //button[contains(., 'price details')]
2024-11-10 09:46:03,376 [INFO] price_checker.py:202 - 找到 0 个匹配元素
2024-11-10 09:46:03,376 [INFO] price_checker.py:197 - 尝试使用选择器: css - button._12wl7g09
2024-11-10 09:46:03,380 [INFO] price_checker.py:202 - 找到 5 个匹配元素
2024-11-10 09:46:03,387 [INFO] price_checker.py:197 - 尝试使用选择器: xpath - //div[contains(@class, '_14omvfj')]//button
2024-11-10 09:46:03,393 [INFO] price_checker.py:202 - 找到 5 个匹配元素
2024-11-10 09:46:03,398 [INFO] price_checker.py:197 - 尝试使用选择器: xpath - //div[contains(@class, '_1k4xcdh')]/preceding-sibling::span//button
2024-11-10 09:46:03,404 [INFO] price_checker.py:202 - 找到 0 个匹配元素
2024-11-10 09:46:03,413 [INFO] price_checker.py:254 - 找到总价: 
2024-11-10 09:46:03,413 [INFO] price_checker.py:259 - 最终价格信息获取结果:
2024-11-10 09:46:03,413 [INFO] price_checker.py:261 - check_in: 26/11/2024
2024-11-10 09:46:03,413 [INFO] price_checker.py:261 - check_out: 27/11/2024
2024-11-10 09:46:03,413 [INFO] price_checker.py:261 - guests: 3
2024-11-10 09:46:03,414 [INFO] price_checker.py:261 - nightly_price: None
2024-11-10 09:46:03,414 [INFO] price_checker.py:261 - cleaning_fee: None
2024-11-10 09:46:03,414 [INFO] price_checker.py:261 - service_fee: None
2024-11-10 09:46:03,414 [INFO] price_checker.py:261 - taxes: None
2024-11-10 09:46:03,414 [INFO] price_checker.py:261 - total: 
2024-11-10 09:46:03,414 [INFO] price_checker.py:358 - ✓ 成功获取 26/11/2024 的价格信息
2024-11-10 09:46:03,414 [INFO] price_checker.py:352 - [4/20] 处理日期: 27/11/2024
2024-11-10 09:46:03,414 [INFO] price_checker.py:127 - 开始获取价格信息: https://www.airbnb.co.nz/rooms/1125096139567330802
2024-11-10 09:46:03,414 [INFO] price_checker.py:128 - 入住日期: 27/11/2024, 最小入住晚数: 1
2024-11-10 09:46:03,414 [INFO] price_checker.py:150 - 访问URL: https://www.airbnb.co.nz/rooms/1125096139567330802?check_in=2024-11-27&check_out=2024-11-28&adults=3&children=0&infants=0
2024-11-10 09:46:08,511 [INFO] price_checker.py:157 - 检查页面状态...
2024-11-10 09:46:08,514 [INFO] price_checker.py:159 - 页面状态: complete
2024-11-10 09:46:08,520 [INFO] price_checker.py:169 - 价格容器已加载
2024-11-10 09:46:08,525 [INFO] price_checker.py:116 - 成功找到元素，使用xpath: //span[contains(@class, '_11jcbg2') or contains(@class, 'price')]
2024-11-10 09:46:08,529 [INFO] price_checker.py:178 - 找到每晚价格元素: 
2024-11-10 09:46:08,530 [WARNING] price_checker.py:186 - 价格文本格式不符合预期: 
2024-11-10 09:46:08,530 [INFO] price_checker.py:193 - 开始查找价格详情按钮...
2024-11-10 09:46:08,530 [INFO] price_checker.py:197 - 尝试使用选择器: css - button[aria-label='Show price details']
2024-11-10 09:46:08,533 [INFO] price_checker.py:202 - 找到 0 个匹配元素
2024-11-10 09:46:08,534 [INFO] price_checker.py:197 - 尝试使用选择器: xpath - //button[contains(., 'price details')]
2024-11-10 09:46:08,538 [INFO] price_checker.py:202 - 找到 0 个匹配元素
2024-11-10 09:46:08,538 [INFO] price_checker.py:197 - 尝试使用选择器: css - button._12wl7g09
2024-11-10 09:46:08,544 [INFO] price_checker.py:202 - 找到 5 个匹配元素
2024-11-10 09:46:08,549 [INFO] price_checker.py:197 - 尝试使用选择器: xpath - //div[contains(@class, '_14omvfj')]//button
2024-11-10 09:46:08,554 [INFO] price_checker.py:202 - 找到 5 个匹配元素
2024-11-10 09:46:08,559 [INFO] price_checker.py:197 - 尝试使用选择器: xpath - //div[contains(@class, '_1k4xcdh')]/preceding-sibling::span//button
2024-11-10 09:46:08,564 [INFO] price_checker.py:202 - 找到 0 个匹配元素
2024-11-10 09:46:08,572 [INFO] price_checker.py:254 - 找到总价: 
2024-11-10 09:46:08,572 [INFO] price_checker.py:259 - 最终价格信息获取结果:
2024-11-10 09:46:08,572 [INFO] price_checker.py:261 - check_in: 27/11/2024
2024-11-10 09:46:08,572 [INFO] price_checker.py:261 - check_out: 28/11/2024
2024-11-10 09:46:08,572 [INFO] price_checker.py:261 - guests: 3
2024-11-10 09:46:08,572 [INFO] price_checker.py:261 - nightly_price: None
2024-11-10 09:46:08,572 [INFO] price_checker.py:261 - cleaning_fee: None
2024-11-10 09:46:08,573 [INFO] price_checker.py:261 - service_fee: None
2024-11-10 09:46:08,573 [INFO] price_checker.py:261 - taxes: None
2024-11-10 09:46:08,573 [INFO] price_checker.py:261 - total: 
2024-11-10 09:46:08,573 [INFO] price_checker.py:358 - ✓ 成功获取 27/11/2024 的价格信息
2024-11-10 09:46:08,573 [INFO] price_checker.py:352 - [5/20] 处理日期: 28/11/2024
2024-11-10 09:46:08,573 [INFO] price_checker.py:127 - 开始获取价格信息: https://www.airbnb.co.nz/rooms/1125096139567330802
2024-11-10 09:46:08,573 [INFO] price_checker.py:128 - 入住日期: 28/11/2024, 最小入住晚数: 1
2024-11-10 09:46:08,573 [INFO] price_checker.py:150 - 访问URL: https://www.airbnb.co.nz/rooms/1125096139567330802?check_in=2024-11-28&check_out=2024-11-29&adults=3&children=0&infants=0
2024-11-10 09:46:13,665 [INFO] price_checker.py:157 - 检查页面状态...
2024-11-10 09:46:13,668 [INFO] price_checker.py:159 - 页面状态: complete
2024-11-10 09:46:13,674 [INFO] price_checker.py:169 - 价格容器已加载
2024-11-10 09:46:13,679 [INFO] price_checker.py:116 - 成功找到元素，使用xpath: //span[contains(@class, '_11jcbg2') or contains(@class, 'price')]
2024-11-10 09:46:13,683 [INFO] price_checker.py:178 - 找到每晚价格元素: 
2024-11-10 09:46:13,683 [WARNING] price_checker.py:186 - 价格文本格式不符合预期: 
2024-11-10 09:46:13,683 [INFO] price_checker.py:193 - 开始查找价格详情按钮...
2024-11-10 09:46:13,683 [INFO] price_checker.py:197 - 尝试使用选择器: css - button[aria-label='Show price details']
2024-11-10 09:46:13,686 [INFO] price_checker.py:202 - 找到 0 个匹配元素
2024-11-10 09:46:13,687 [INFO] price_checker.py:197 - 尝试使用选择器: xpath - //button[contains(., 'price details')]
2024-11-10 09:46:13,691 [INFO] price_checker.py:202 - 找到 0 个匹配元素
2024-11-10 09:46:13,691 [INFO] price_checker.py:197 - 尝试使用选择器: css - button._12wl7g09
2024-11-10 09:46:13,695 [INFO] price_checker.py:202 - 找到 5 个匹配元素
2024-11-10 09:46:13,699 [INFO] price_checker.py:197 - 尝试使用选择器: xpath - //div[contains(@class, '_14omvfj')]//button
2024-11-10 09:46:13,704 [INFO] price_checker.py:202 - 找到 5 个匹配元素
2024-11-10 09:46:13,708 [INFO] price_checker.py:197 - 尝试使用选择器: xpath - //div[contains(@class, '_1k4xcdh')]/preceding-sibling::span//button
2024-11-10 09:46:13,712 [INFO] price_checker.py:202 - 找到 0 个匹配元素
2024-11-10 09:46:13,720 [INFO] price_checker.py:254 - 找到总价: 
2024-11-10 09:46:13,720 [INFO] price_checker.py:259 - 最终价格信息获取结果:
2024-11-10 09:46:13,720 [INFO] price_checker.py:261 - check_in: 28/11/2024
2024-11-10 09:46:13,721 [INFO] price_checker.py:261 - check_out: 29/11/2024
2024-11-10 09:46:13,721 [INFO] price_checker.py:261 - guests: 3
2024-11-10 09:46:13,721 [INFO] price_checker.py:261 - nightly_price: None
2024-11-10 09:46:13,721 [INFO] price_checker.py:261 - cleaning_fee: None
2024-11-10 09:46:13,721 [INFO] price_checker.py:261 - service_fee: None
2024-11-10 09:46:13,721 [INFO] price_checker.py:261 - taxes: None
2024-11-10 09:46:13,721 [INFO] price_checker.py:261 - total: 
2024-11-10 09:46:13,721 [INFO] price_checker.py:358 - ✓ 成功获取 28/11/2024 的价格信息
2024-11-10 09:46:13,721 [INFO] price_checker.py:365 - 已完成 5/20 个日期的处理
2024-11-10 09:46:23,721 [INFO] price_checker.py:352 - [6/20] 处理日期: 03/12/2024
2024-11-10 09:46:23,721 [INFO] price_checker.py:127 - 开始获取价格信息: https://www.airbnb.co.nz/rooms/1125096139567330802
2024-11-10 09:46:23,722 [INFO] price_checker.py:128 - 入住日期: 03/12/2024, 最小入住晚数: 1
2024-11-10 09:46:23,722 [INFO] price_checker.py:150 - 访问URL: https://www.airbnb.co.nz/rooms/1125096139567330802?check_in=2024-12-03&check_out=2024-12-04&adults=3&children=0&infants=0
2024-11-10 09:46:28,815 [INFO] price_checker.py:157 - 检查页面状态...
2024-11-10 09:46:28,817 [INFO] price_checker.py:159 - 页面状态: complete
2024-11-10 09:46:28,823 [INFO] price_checker.py:169 - 价格容器已加载
2024-11-10 09:46:28,827 [INFO] price_checker.py:116 - 成功找到元素，使用xpath: //span[contains(@class, '_11jcbg2') or contains(@class, 'price')]
2024-11-10 09:46:28,832 [INFO] price_checker.py:178 - 找到每晚价格元素: 
2024-11-10 09:46:28,832 [WARNING] price_checker.py:186 - 价格文本格式不符合预期: 
2024-11-10 09:46:28,832 [INFO] price_checker.py:193 - 开始查找价格详情按钮...
2024-11-10 09:46:28,832 [INFO] price_checker.py:197 - 尝试使用选择器: css - button[aria-label='Show price details']
2024-11-10 09:46:28,838 [INFO] price_checker.py:202 - 找到 0 个匹配元素
2024-11-10 09:46:28,838 [INFO] price_checker.py:197 - 尝试使用选择器: xpath - //button[contains(., 'price details')]
2024-11-10 09:46:28,842 [INFO] price_checker.py:202 - 找到 0 个匹配元素
2024-11-10 09:46:28,842 [INFO] price_checker.py:197 - 尝试使用选择器: css - button._12wl7g09
2024-11-10 09:46:28,845 [INFO] price_checker.py:202 - 找到 5 个匹配元素
2024-11-10 09:46:28,850 [INFO] price_checker.py:197 - 尝试使用选择器: xpath - //div[contains(@class, '_14omvfj')]//button
2024-11-10 09:46:28,855 [INFO] price_checker.py:202 - 找到 5 个匹配元素
2024-11-10 09:46:28,859 [INFO] price_checker.py:197 - 尝试使用选择器: xpath - //div[contains(@class, '_1k4xcdh')]/preceding-sibling::span//button
2024-11-10 09:46:28,864 [INFO] price_checker.py:202 - 找到 0 个匹配元素
2024-11-10 09:46:28,872 [INFO] price_checker.py:254 - 找到总价: 
2024-11-10 09:46:28,872 [INFO] price_checker.py:259 - 最终价格信息获取结果:
2024-11-10 09:46:28,872 [INFO] price_checker.py:261 - check_in: 03/12/2024
2024-11-10 09:46:28,872 [INFO] price_checker.py:261 - check_out: 04/12/2024
2024-11-10 09:46:28,872 [INFO] price_checker.py:261 - guests: 3
2024-11-10 09:46:28,872 [INFO] price_checker.py:261 - nightly_price: None
2024-11-10 09:46:28,872 [INFO] price_checker.py:261 - cleaning_fee: None
2024-11-10 09:46:28,872 [INFO] price_checker.py:261 - service_fee: None
2024-11-10 09:46:28,872 [INFO] price_checker.py:261 - taxes: None
2024-11-10 09:46:28,873 [INFO] price_checker.py:261 - total: 
2024-11-10 09:46:28,873 [INFO] price_checker.py:358 - ✓ 成功获取 03/12/2024 的价格信息
2024-11-10 09:46:28,873 [INFO] price_checker.py:352 - [7/20] 处理日期: 04/12/2024
2024-11-10 09:46:28,873 [INFO] price_checker.py:127 - 开始获取价格信息: https://www.airbnb.co.nz/rooms/1125096139567330802
2024-11-10 09:46:28,873 [INFO] price_checker.py:128 - 入住日期: 04/12/2024, 最小入住晚数: 1
2024-11-10 09:46:28,873 [INFO] price_checker.py:150 - 访问URL: https://www.airbnb.co.nz/rooms/1125096139567330802?check_in=2024-12-04&check_out=2024-12-05&adults=3&children=0&infants=0
2024-11-10 09:46:39,692 [INFO] advanced_analyzer.py:262 - === 程序执行完成 ===
