2024-11-15 10:58:18,617 [INFO] advanced_analyzer.py:358 - === 开始Airbnb数据收集程序 ===
2024-11-15 10:58:18,788 [INFO] advanced_analyzer.py:99 - 成功读取 6 个房间ID
2024-11-15 10:58:18,788 [INFO] advanced_analyzer.py:369 - 生成 6 个URL
2024-11-15 10:58:18,789 [INFO] advanced_analyzer.py:373 - 创建数据目录: data/airbnb_data_20241115_105818
2024-11-15 10:58:18,789 [INFO] advanced_analyzer.py:239 - === 开始批量分析房源 ===
2024-11-15 10:58:18,789 [INFO] advanced_analyzer.py:248 - 设置并发线程数: 1
2024-11-15 10:58:18,790 [INFO] advanced_analyzer.py:168 - 开始初始化BitBrowser...
2024-11-15 10:58:18,793 [ERROR] bit_browser_manager.py:242 - 获取浏览器列表失败，状态码: 404
2024-11-15 10:58:20,794 [INFO] bit_browser_manager.py:58 - 正在创建浏览器配置，请求数据: {
  "name": "airbnb_browser_1731621500",
  "remark": "Airbnb\u6570\u636e\u91c7\u96c6",
  "proxyMethod": 2,
  "proxyType": "http",
  "host": "38.kookeey.info",
  "port": "7426",
  "proxyUserName": "23ba352f",
  "proxyUserPwd": "74024a8b",
  "isGlobalProxyInfo": true,
  "browserFingerPrint": {
    "coreVersion": "130"
  },
  "credentialsEnableService": true,
  "proxyAgreementType": "http",
  "syncTabs": true,
  "syncCookies": true,
  "abortImage": false,
  "abortMedia": false,
  "clearCacheFilesBeforeLaunch": true,
  "clearCookiesBeforeLaunch": true,
  "ipCheckService": "ip-api",
  "proxyAuthenticationHeader": {
    "Proxy-Authorization": "Basic MjNiYTM1MmY6NzQwMjRhOGI="
  }
}
2024-11-15 10:58:22,073 [INFO] bit_browser_manager.py:66 - API响应状态码: 200
2024-11-15 10:58:22,073 [INFO] bit_browser_manager.py:67 - API响应头: {'Access-Control-Allow-Origin': '*', 'Access-Control-Allow-Methods': '*', 'Access-Control-Allow-Headers': '*', 'Content-Type': 'application/json; charset=utf-8', 'Content-Length': '8231', 'Date': 'Thu, 14 Nov 2024 21:58:22 GMT', 'Connection': 'keep-alive', 'Keep-Alive': 'timeout=5'}
2024-11-15 10:58:22,074 [INFO] bit_browser_manager.py:70 - API响应内容: {
  "success": true,
  "data": {
    "id": "e0fa001d4dc34f8987d9d0a678cfc4c3",
    "seq": 1,
    "code": "20241115055822733",
    "platform": "",
    "platformIcon": "",
    "url": "",
    "name": "airbnb_browser_1731621500",
    "userName": "",
    "password": "",
    "cookie": "",
    "otherCookie": "",
    "isGlobalProxyInfo": true,
    "isIpv6": false,
    "proxyMethod": 2,
    "proxyType": "http",
    "agentId": "",
    "ipCheckService": "ip-api",
    "host": "38.kookeey.info",
    "port": 7426,
    "proxyUserName": "23ba352f",
    "proxyPassword": "",
    "lastIp": "",
    "lastCountry": "",
    "isIpNoChange": false,
    "ip": "",
    "country": "",
    "province": "",
    "city": "",
    "dynamicIpUrl": "",
    "isDynamicIpChangeIp": false,
    "remark": "Airbnb\u6570\u636e\u91c7\u96c6",
    "status": 0,
    "operUserName": "",
    "isDelete": 0,
    "delReason": "",
    "isMostCommon": 0,
    "isRemove": 0,
    "tempStr": null,
    "createdBy": "2c9bc058931ee8a601932c65f12b6f6b",
    "userId": "2c9bc058931ee8a601932c65f12b6f6b",
    "createdTime": "2024-11-15 05:58:22",
    "recycleBinRemark": "",
    "mainUserId": "2c9bc058931ee8a601932c65f12b6f6b",
    "abortImage": false,
    "abortMedia": false,
    "stopWhileNetError": false,
    "stopWhileCountryChange": false,
    "syncTabs": true,
    "syncCookies": true,
    "syncIndexedDb": false,
    "syncBookmarks": false,
    "syncAuthorization": false,
    "syncHistory": false,
    "syncGoogleAccount": true,
    "allowedSignin": false,
    "syncSessions": true,
    "workbench": "localserver",
    "clearCacheFilesBeforeLaunch": true,
    "clearCookiesBeforeLaunch": true,
    "clearHistoriesBeforeLaunch": false,
    "randomFingerprint": false,
    "muteAudio": false,
    "disableGpu": false,
    "enableBackgroundMode": false,
    "abortImageMaxSize": null,
    "syncExtensions": false,
    "syncUserExtensions": false,
    "syncLocalStorage": false,
    "credentialsEnableService": true,
    "disableTranslatePopup": false,
    "stopWhileIpChange": false,
    "disableClipboard": false,
    "disableNotifications": false,
    "memorySaver": false,
    "browserFingerPrint": {
      "id": "115e02386eab4d509b8f5a20de5f012d",
      "seq": 1,
      "coreVersion": "130",
      "browserId": "e0fa001d4dc34f8987d9d0a678cfc4c3",
      "ostype": "PC",
      "os": "Win32",
      "architecture": "x86",
      "osVersion": "11",
      "platformVersion": "15.0.0",
      "version": "129",
      "userAgent": "Mozilla/5.0 (Windows NT 10.0; Win64; x64) AppleWebKit/537.36 (KHTML, like Gecko) Chrome/129.0.6668.71 Safari/537.36",
      "isIpCreateTimeZone": true,
      "timeZone": "",
      "timeZoneOffset": 0,
      "ignoreHttpsErrors": false,
      "webRTC": "3",
      "position": "1",
      "isIpCreatePosition": true,
      "isIpCreateDisplayLanguage": false,
      "displayLanguages": "",
      "isIpCreateLanguage": true,
      "resolutionType": "0",
      "resolution": "1920 x 1080",
      "openWidth": 1280,
      "openHeight": 720,
      "fontType": "2",
      "font": "MingLiu_HKSCS-ExtB Regular,NSimsun,STIXSizeTwoSym,Farisi,Waseem,InaiMathi,Microsoft YaHei Light,Apple Color Emoji,Helvetica Neue,Snell Roundhand",
      "canvas": "0",
      "canvasValue": "640740",
      "webGL": "0",
      "webGLValue": "339193",
      "webGLMeta": "0",
      "webGLManufacturer": "Google Inc. (AMD)",
      "webGLRender": "ANGLE (AMD, AMD Radeon R9 200 Series Direct3D11 vs_5_0 ps_5_0, D3D11-8.17.10.1474)",
      "audioContext": "0",
      "audioContextValue": "61",
      "mediaDevice": "1",
      "speechVoices": "0",
      "speechVoicesValue": "[{\"name\":\"Microsoft Yasmin - Malay (Malaysia)\",\"default\":false,\"lang\":\"ms-MY\",\"is_remote\":false,\"voice_uri\":\"Microsoft Yasmin - Malay (Malaysia)\"},{\"name\":\"Microsoft Yating - Chinese (Traditional, Taiwan)\",\"default\":false,\"lang\":\"zh-TW\",\"is_remote\":false,\"voice_uri\":\"Microsoft Yating - Chinese (Traditional, Taiwan)\"},{\"name\":\"Microsoft Yunxi - Chinese (Mainland)\",\"default\":false,\"lang\":\"zh-CN\",\"is_remote\":false,\"voice_uri\":\"Microsoft Yunxi - Chinese (Mainland)\"},{\"name\":\"Google Bahasa Indonesia\",\"default\":false,\"lang\":\"id-ID\",\"is_remote\":true,\"voice_uri\":\"Google Bahasa Indonesia\"},{\"name\":\"Google Deutsch\",\"default\":false,\"lang\":\"de-DE\",\"is_remote\":true,\"voice_uri\":\"Google Deutsch\"},{\"name\":\"Google espa\u00f1ol\",\"default\":false,\"lang\":\"es-ES\",\"is_remote\":true,\"voice_uri\":\"Google espa\u00f1ol\"},{\"name\":\"Google espa\u00f1ol de Estados Unidos\",\"default\":false,\"lang\":\"es-US\",\"is_remote\":true,\"voice_uri\":\"Google espa\u00f1ol de Estados Unidos\"},{\"name\":\"Google fran\u00e7ais\",\"default\":false,\"lang\":\"fr-FR\",\"is_remote\":true,\"voice_uri\":\"Google fran\u00e7ais\"},{\"name\":\"Google italiano\",\"default\":false,\"lang\":\"it-IT\",\"is_remote\":true,\"voice_uri\":\"Google italiano\"},{\"name\":\"Google Nederlands\",\"default\":false,\"lang\":\"nl-NL\",\"is_remote\":true,\"voice_uri\":\"Google Nederlands\"},{\"name\":\"Google polski\",\"default\":false,\"lang\":\"pl-PL\",\"is_remote\":true,\"voice_uri\":\"Google polski\"},{\"name\":\"Google portugu\u00eas do Brasil\",\"default\":false,\"lang\":\"pt-BR\",\"is_remote\":true,\"voice_uri\":\"Google portugu\u00eas do Brasil\"},{\"name\":\"Google UK English Female\",\"default\":false,\"lang\":\"en-GB\",\"is_remote\":true,\"voice_uri\":\"Google UK English Female\"},{\"name\":\"Google UK English Male\",\"default\":false,\"lang\":\"en-GB\",\"is_remote\":true,\"voice_uri\":\"Google UK English Male\"},{\"name\":\"Google US English\",\"default\":false,\"lang\":\"en-US\",\"is_remote\":true,\"voice_uri\":\"Google US English\"},{\"name\":\"Google \u0440\u0443\u0441\u0441\u043a\u0438\u0439\",\"default\":false,\"lang\":\"ru-RU\",\"is_remote\":true,\"voice_uri\":\"Google \u0440\u0443\u0441\u0441\u043a\u0438\u0439\"},{\"name\":\"Google \u0939\u093f\u0928\u094d\u0926\u0940\",\"default\":false,\"lang\":\"hi-IN\",\"is_remote\":true,\"voice_uri\":\"Google \u0939\u093f\u0928\u094d\u0926\u0940\"},{\"name\":\"Google \u570b\u8a9e\uff08\u81fa\u7063\uff09\",\"default\":false,\"lang\":\"zh-TW\",\"is_remote\":true,\"voice_uri\":\"Google \u570b\u8a9e\uff08\u81fa\u7063\uff09\"},{\"name\":\"Google \u65e5\u672c\u8a9e\",\"default\":false,\"lang\":\"ja-JP\",\"is_remote\":true,\"voice_uri\":\"Google \u65e5\u672c\u8a9e\"},{\"name\":\"Google \ud55c\uad6d\uc758\",\"default\":false,\"lang\":\"ko-KR\",\"is_remote\":true,\"voice_uri\":\"Google \ud55c\uad6d\uc758\"},{\"name\":\"Google\u00a0\u666e\u901a\u8bdd\uff08\u4e2d\u56fd\u5927\u9646\uff09\",\"default\":false,\"lang\":\"zh-CN\",\"is_remote\":true,\"voice_uri\":\"Google\u00a0\u666e\u901a\u8bdd\uff08\u4e2d\u56fd\u5927\u9646\uff09\"},{\"name\":\"Google\u00a0\u7ca4\u8a9e\uff08\u9999\u6e2f\uff09\",\"default\":false,\"lang\":\"zh-HK\",\"is_remote\":true,\"voice_uri\":\"Google\u00a0\u7ca4\u8a9e\uff08\u9999\u6e2f\uff09\"}]",
      "hardwareConcurrency": "4",
      "deviceMemory": "8",
      "deviceInfoEnabled": true,
      "computerName": "DESKTOP-11BN6B7L",
      "macAddr": "3C-97-0E-1B-85-2B",
      "clientRectNoiseEnabled": true,
      "clientRectNoiseValue": 4689,
      "doNotTrack": "1",
      "portScanProtect": "0",
      "portWhiteList": "",
      "isDelete": 0,
      "colorDepth": 24,
      "totalDiskSpace": "2149793792",
      "devicePixelRatio": 1,
      "disableSslCipherSuitesFlag": false,
      "disableSslCipherSuites": null,
      "plugins": "",
      "enablePlugins": false,
      "windowSizeLimit": true,
      "createdBy": "2c9bc058931ee8a601932c65f12b6f6b",
      "createdTime": "2024-11-15 05:58:22",
      "isValidUsername": true,
      "abortImage": false,
      "abortImageMaxSize": null,
      "abortMedia": false,
      "stopWhileNetError": false,
      "stopWhileCountryChange": false,
      "syncTabs": true,
      "syncCookies": true,
      "syncIndexedDb": false,
      "syncBookmarks": false,
      "syncAuthorization": false,
      "syncHistory": false,
      "syncGoogleAccount": false,
      "allowedSignin": false,
      "syncSessions": false,
      "workbench": "localserver",
      "clearCacheFilesBeforeLaunch": false,
      "clearCookiesBeforeLaunch": false,
      "clearHistoriesBeforeLaunch": false,
      "randomFingerprint": false,
      "muteAudio": false,
      "disableGpu": false,
      "enableBackgroundMode": false,
      "syncExtensions": false,
      "syncUserExtensions": false,
      "syncLocalStorage": false,
      "credentialsEnableService": false,
      "disableTranslatePopup": false,
      "stopWhileIpChange": false,
      "disableClipboard": false,
      "disableNotifications": false,
      "memorySaver": false,
      "coreProduct": "chrome",
      "webgpu": {
        "driver": null,
        "vendor": "amd",
        "description": null,
        "device": null,
        "architecture": "gcn-5"
      },
      "batchRandom": false,
      "batchUpdateFingerPrint": false,
      "firefoxVersionMap": {
        "120": "126,125,124,123,122,121,120,119,118,117",
        "128": "128,127,126,125"
      },
      "launchArgs": null,
      "extendOptions": null,
      "defaultAccuracy": null
    },
    "createdName": null,
    "belongUserName": null,
    "updateName": null,
    "agentIpCount": null,
    "belongToMe": false,
    "seqExport": null,
    "groupIDs": null,
    "browserShareID": null,
    "share": null,
    "shareUserName": null,
    "isShare": 0,
    "isValidUsername": false,
    "createNum": 0,
    "isRandomFinger": true,
    "remarkType": 1,
    "refreshProxyUrl": null,
    "duplicateCheck": 0,
    "ossExtend": null,
    "randomKey": null,
    "randomKeyUser": null,
    "syncBrowserAccount": null,
    "cookieBak": "",
    "passwordBak": null,
    "manual": 0,
    "proxyPasswordBak": null,
    "proxyAgreementType": "http",
    "clearCacheWithoutExtensions": false,
    "syncPaymentsAndAddress": false,
    "extendIds": [],
    "isSynOpen": 1,
    "faSecretKey": null,
    "coreProduct": null,
    "ostype": null,
    "os": null,
    "sort": 0,
    "checkPassword": null
  }
}
2024-11-15 10:58:22,075 [INFO] bit_browser_manager.py:74 - 成功创建浏览器配置: e0fa001d4dc34f8987d9d0a678cfc4c3
2024-11-15 10:58:24,076 [INFO] bit_browser_manager.py:98 - 正在打开浏览器，请求数据: {
  "id": "e0fa001d4dc34f8987d9d0a678cfc4c3",
  "loadExtensions": false,
  "headless": false,
  "loadImage": true
}
2024-11-15 10:58:26,555 [INFO] bit_browser_manager.py:106 - API响应状态码: 200
2024-11-15 10:58:26,555 [INFO] bit_browser_manager.py:107 - API响应头: {'Access-Control-Allow-Origin': '*', 'Access-Control-Allow-Methods': '*', 'Access-Control-Allow-Headers': '*', 'Content-Type': 'application/json; charset=utf-8', 'Content-Length': '332', 'Date': 'Thu, 14 Nov 2024 21:58:26 GMT', 'Connection': 'keep-alive', 'Keep-Alive': 'timeout=5'}
2024-11-15 10:58:26,555 [INFO] bit_browser_manager.py:110 - API响应内容: {
  "success": true,
  "data": {
    "ws": "ws://127.0.0.1:59925/devtools/browser/c57845b5-ca2e-4b73-a893-fa4141cec395",
    "http": "127.0.0.1:59925",
    "coreVersion": "130",
    "driver": "C:\\Users\\jiann\\AppData\\Roaming\\BitBrowser\\chromedriver\\130\\chromedriver.exe",
    "seq": 1,
    "name": "airbnb_browser_1731621500",
    "remark": "Airbnb\u6570\u636e\u91c7\u96c6",
    "pid": 33864
  }
}
2024-11-15 10:58:26,555 [INFO] bit_browser_manager.py:116 - 获取到driver路径: C:\Users\jiann\AppData\Roaming\BitBrowser\chromedriver\130\chromedriver.exe
2024-11-15 10:58:26,555 [INFO] bit_browser_manager.py:117 - 获取到websocket地址: 127.0.0.1:59925
2024-11-15 10:58:26,555 [INFO] bit_browser_manager.py:124 - 设置代理URL: http://23ba352f:74024a8b@38.kookeey.info:7426
2024-11-15 10:58:27,267 [INFO] bit_browser_manager.py:133 - 等待3秒确保浏览器启动...
2024-11-15 10:58:30,267 [INFO] bit_browser_manager.py:274 - 正在测试代理连接...
2024-11-15 10:58:54,788 [ERROR] bit_browser_manager.py:306 - 代理测试失败: Message: 
Stacktrace:
	GetHandleVerifier [0x01251F83+24307]
	(No symbol) [0x011D9BE4]
	(No symbol) [0x010BC313]
	(No symbol) [0x010FDC76]
	(No symbol) [0x010FDEBB]
	(No symbol) [0x0113B9E2]
	(No symbol) [0x0111FED4]
	(No symbol) [0x01139569]
	(No symbol) [0x0111FC26]
	(No symbol) [0x010F218C]
	(No symbol) [0x010F310D]
	GetHandleVerifier [0x01503C23+2849683]
	GetHandleVerifier [0x01560D2E+3230878]
	GetHandleVerifier [0x01558DE2+3198290]
	GetHandleVerifier [0x012F3580+685296]
	(No symbol) [0x011E2CAD]
	(No symbol) [0x011DF8B8]
	(No symbol) [0x011DFA55]
	(No symbol) [0x011D2340]
	BaseThreadInitThunk [0x74D37BA9+25]
	RtlInitializeExceptionChain [0x7704C0CB+107]
	RtlClearBits [0x7704C04F+191]

2024-11-15 10:58:54,788 [ERROR] bit_browser_manager.py:138 - 代理测试失败
2024-11-15 10:58:55,833 [INFO] bit_browser_manager.py:173 - 成功关闭浏览器实例: e0fa001d4dc34f8987d9d0a678cfc4c3
2024-11-15 10:58:57,890 [ERROR] advanced_analyzer.py:182 - 打开BitBrowser失败
2024-11-15 10:58:58,766 [INFO] bit_browser_manager.py:196 - 成功删除浏览器配置: e0fa001d4dc34f8987d9d0a678cfc4c3
2024-11-15 10:58:58,767 [ERROR] advanced_analyzer.py:259 - 无法为URL https://www.airbnb.co.nz/rooms/837352260137971048 初始化BitBrowser
2024-11-15 10:58:58,767 [INFO] advanced_analyzer.py:168 - 开始初始化BitBrowser...
2024-11-15 10:58:58,769 [ERROR] bit_browser_manager.py:242 - 获取浏览器列表失败，状态码: 404
2024-11-15 10:59:00,769 [INFO] bit_browser_manager.py:58 - 正在创建浏览器配置，请求数据: {
  "name": "airbnb_browser_1731621540",
  "remark": "Airbnb\u6570\u636e\u91c7\u96c6",
  "proxyMethod": 2,
  "proxyType": "http",
  "host": "38.kookeey.info",
  "port": "7426",
  "proxyUserName": "23ba352f",
  "proxyUserPwd": "74024a8b",
  "isGlobalProxyInfo": true,
  "browserFingerPrint": {
    "coreVersion": "130"
  },
  "credentialsEnableService": true,
  "proxyAgreementType": "http",
  "syncTabs": true,
  "syncCookies": true,
  "abortImage": false,
  "abortMedia": false,
  "clearCacheFilesBeforeLaunch": true,
  "clearCookiesBeforeLaunch": true,
  "ipCheckService": "ip-api",
  "proxyAuthenticationHeader": {
    "Proxy-Authorization": "Basic MjNiYTM1MmY6NzQwMjRhOGI="
  }
}
2024-11-15 10:59:01,680 [INFO] bit_browser_manager.py:66 - API响应状态码: 200
2024-11-15 10:59:01,680 [INFO] bit_browser_manager.py:67 - API响应头: {'Access-Control-Allow-Origin': '*', 'Access-Control-Allow-Methods': '*', 'Access-Control-Allow-Headers': '*', 'Content-Type': 'application/json; charset=utf-8', 'Content-Length': '8249', 'Date': 'Thu, 14 Nov 2024 21:59:01 GMT', 'Connection': 'keep-alive', 'Keep-Alive': 'timeout=5'}
2024-11-15 10:59:01,680 [INFO] bit_browser_manager.py:70 - API响应内容: {
  "success": true,
  "data": {
    "id": "0754899b69314d76ae1587b686e955c0",
    "seq": 1,
    "code": "20241115055902348",
    "platform": "",
    "platformIcon": "",
    "url": "",
    "name": "airbnb_browser_1731621540",
    "userName": "",
    "password": "",
    "cookie": "",
    "otherCookie": "",
    "isGlobalProxyInfo": true,
    "isIpv6": false,
    "proxyMethod": 2,
    "proxyType": "http",
    "agentId": "",
    "ipCheckService": "ip-api",
    "host": "38.kookeey.info",
    "port": 7426,
    "proxyUserName": "23ba352f",
    "proxyPassword": "",
    "lastIp": "",
    "lastCountry": "",
    "isIpNoChange": false,
    "ip": "",
    "country": "",
    "province": "",
    "city": "",
    "dynamicIpUrl": "",
    "isDynamicIpChangeIp": false,
    "remark": "Airbnb\u6570\u636e\u91c7\u96c6",
    "status": 0,
    "operUserName": "",
    "isDelete": 0,
    "delReason": "",
    "isMostCommon": 0,
    "isRemove": 0,
    "tempStr": null,
    "createdBy": "2c9bc058931ee8a601932c65f12b6f6b",
    "userId": "2c9bc058931ee8a601932c65f12b6f6b",
    "createdTime": "2024-11-15 05:59:02",
    "recycleBinRemark": "",
    "mainUserId": "2c9bc058931ee8a601932c65f12b6f6b",
    "abortImage": false,
    "abortMedia": false,
    "stopWhileNetError": false,
    "stopWhileCountryChange": false,
    "syncTabs": true,
    "syncCookies": true,
    "syncIndexedDb": false,
    "syncBookmarks": false,
    "syncAuthorization": false,
    "syncHistory": false,
    "syncGoogleAccount": true,
    "allowedSignin": false,
    "syncSessions": true,
    "workbench": "localserver",
    "clearCacheFilesBeforeLaunch": true,
    "clearCookiesBeforeLaunch": true,
    "clearHistoriesBeforeLaunch": false,
    "randomFingerprint": false,
    "muteAudio": false,
    "disableGpu": false,
    "enableBackgroundMode": false,
    "abortImageMaxSize": null,
    "syncExtensions": false,
    "syncUserExtensions": false,
    "syncLocalStorage": false,
    "credentialsEnableService": true,
    "disableTranslatePopup": false,
    "stopWhileIpChange": false,
    "disableClipboard": false,
    "disableNotifications": false,
    "memorySaver": false,
    "browserFingerPrint": {
      "id": "07fc99d73a874744b4e522f8b3c736c0",
      "seq": 1,
      "coreVersion": "130",
      "browserId": "0754899b69314d76ae1587b686e955c0",
      "ostype": "PC",
      "os": "Win32",
      "architecture": "x86",
      "osVersion": "10",
      "platformVersion": "10.0.0",
      "version": "130",
      "userAgent": "Mozilla/5.0 (Windows NT 10.0; Win64; x64) AppleWebKit/537.36 (KHTML, like Gecko) Chrome/130.0.6723.58 Safari/537.36",
      "isIpCreateTimeZone": true,
      "timeZone": "",
      "timeZoneOffset": 0,
      "ignoreHttpsErrors": false,
      "webRTC": "3",
      "position": "1",
      "isIpCreatePosition": true,
      "isIpCreateDisplayLanguage": false,
      "displayLanguages": "",
      "isIpCreateLanguage": true,
      "resolutionType": "0",
      "resolution": "1920 x 1080",
      "openWidth": 1280,
      "openHeight": 720,
      "fontType": "2",
      "font": "STIXIntegralsUpSm,PMingLiU-ExtB Regular,System,Corsiva Hebrew,New Peninim MT,Savoye LET,Snell Roundhand,Sylfaen Regular,Bangla MN,Lao Sangam MN",
      "canvas": "0",
      "canvasValue": "315470",
      "webGL": "0",
      "webGLValue": "762873",
      "webGLMeta": "0",
      "webGLManufacturer": "Google Inc. (Intel)",
      "webGLRender": "ANGLE (Intel, Intel(R) UHD Graphics 750 Direct3D9Ex vs_3_0 ps_3_0, igdumdim32.dll-30.0.101.1191)",
      "audioContext": "0",
      "audioContextValue": "58",
      "mediaDevice": "1",
      "speechVoices": "0",
      "speechVoicesValue": "[{\"name\":\"Microsoft David - English (United States)\",\"default\":true,\"lang\":\"en-US\",\"is_remote\":false,\"voice_uri\":\"Microsoft David - English (United States)\"},{\"name\":\"Microsoft Mark - English (United States)\",\"default\":false,\"lang\":\"en-US\",\"is_remote\":false,\"voice_uri\":\"Microsoft Mark - English (United States)\"},{\"name\":\"Microsoft Zira - English (United States)\",\"default\":false,\"lang\":\"en-US\",\"is_remote\":false,\"voice_uri\":\"Microsoft Zira - English (United States)\"},{\"name\":\"Google Deutsch\",\"default\":false,\"lang\":\"de-DE\",\"is_remote\":true,\"voice_uri\":\"Google Deutsch\"},{\"name\":\"Google US English\",\"default\":false,\"lang\":\"en-US\",\"is_remote\":true,\"voice_uri\":\"Google US English\"},{\"name\":\"Google UK English Female\",\"default\":false,\"lang\":\"en-GB\",\"is_remote\":true,\"voice_uri\":\"Google UK English Female\"},{\"name\":\"Google UK English Male\",\"default\":false,\"lang\":\"en-GB\",\"is_remote\":true,\"voice_uri\":\"Google UK English Male\"},{\"name\":\"Google espa\u00f1ol\",\"default\":false,\"lang\":\"es-ES\",\"is_remote\":true,\"voice_uri\":\"Google espa\u00f1ol\"},{\"name\":\"Google espa\u00f1ol de Estados Unidos\",\"default\":false,\"lang\":\"es-US\",\"is_remote\":true,\"voice_uri\":\"Google espa\u00f1ol de Estados Unidos\"},{\"name\":\"Google fran\u00e7ais\",\"default\":false,\"lang\":\"fr-FR\",\"is_remote\":true,\"voice_uri\":\"Google fran\u00e7ais\"},{\"name\":\"Google \u0939\u093f\u0928\u094d\u0926\u0940\",\"default\":false,\"lang\":\"hi-IN\",\"is_remote\":true,\"voice_uri\":\"Google \u0939\u093f\u0928\u094d\u0926\u0940\"},{\"name\":\"Google Bahasa Indonesia\",\"default\":false,\"lang\":\"id-ID\",\"is_remote\":true,\"voice_uri\":\"Google Bahasa Indonesia\"},{\"name\":\"Google italiano\",\"default\":false,\"lang\":\"it-IT\",\"is_remote\":true,\"voice_uri\":\"Google italiano\"},{\"name\":\"Google \u65e5\u672c\u8a9e\",\"default\":false,\"lang\":\"ja-JP\",\"is_remote\":true,\"voice_uri\":\"Google \u65e5\u672c\u8a9e\"},{\"name\":\"Google \ud55c\uad6d\uc758\",\"default\":false,\"lang\":\"ko-KR\",\"is_remote\":true,\"voice_uri\":\"Google \ud55c\uad6d\uc758\"},{\"name\":\"Google Nederlands\",\"default\":false,\"lang\":\"nl-NL\",\"is_remote\":true,\"voice_uri\":\"Google Nederlands\"},{\"name\":\"Google polski\",\"default\":false,\"lang\":\"pl-PL\",\"is_remote\":true,\"voice_uri\":\"Google polski\"},{\"name\":\"Google portugu\u00eas do Brasil\",\"default\":false,\"lang\":\"pt-BR\",\"is_remote\":true,\"voice_uri\":\"Google portugu\u00eas do Brasil\"},{\"name\":\"Google \u0440\u0443\u0441\u0441\u043a\u0438\u0439\",\"default\":false,\"lang\":\"ru-RU\",\"is_remote\":true,\"voice_uri\":\"Google \u0440\u0443\u0441\u0441\u043a\u0438\u0439\"},{\"name\":\"Google \u666e\u901a\u8bdd\uff08\u4e2d\u56fd\u5927\u9646\uff09\",\"default\":false,\"lang\":\"zh-CN\",\"is_remote\":true,\"voice_uri\":\"Google \u666e\u901a\u8bdd\uff08\u4e2d\u56fd\u5927\u9646\uff09\"},{\"name\":\"Google \u7ca4\u8a9e\uff08\u9999\u6e2f\uff09\",\"default\":false,\"lang\":\"zh-HK\",\"is_remote\":true,\"voice_uri\":\"Google \u7ca4\u8a9e\uff08\u9999\u6e2f\uff09\"},{\"name\":\"Google \u570b\u8a9e\uff08\u81fa\u7063\uff09\",\"default\":false,\"lang\":\"zh-TW\",\"is_remote\":true,\"voice_uri\":\"Google \u570b\u8a9e\uff08\u81fa\u7063\uff09\"}]",
      "hardwareConcurrency": "4",
      "deviceMemory": "8",
      "deviceInfoEnabled": true,
      "computerName": "DESKTOP-TVRUKKM9",
      "macAddr": "68-3E-26-71-B2-2E",
      "clientRectNoiseEnabled": true,
      "clientRectNoiseValue": 17633,
      "doNotTrack": "1",
      "portScanProtect": "0",
      "portWhiteList": "",
      "isDelete": 0,
      "colorDepth": 24,
      "totalDiskSpace": "4126212096",
      "devicePixelRatio": 1,
      "disableSslCipherSuitesFlag": false,
      "disableSslCipherSuites": null,
      "plugins": "",
      "enablePlugins": false,
      "windowSizeLimit": true,
      "createdBy": "2c9bc058931ee8a601932c65f12b6f6b",
      "createdTime": "2024-11-15 05:59:02",
      "isValidUsername": true,
      "abortImage": false,
      "abortImageMaxSize": null,
      "abortMedia": false,
      "stopWhileNetError": false,
      "stopWhileCountryChange": false,
      "syncTabs": true,
      "syncCookies": true,
      "syncIndexedDb": false,
      "syncBookmarks": false,
      "syncAuthorization": false,
      "syncHistory": false,
      "syncGoogleAccount": false,
      "allowedSignin": false,
      "syncSessions": false,
      "workbench": "localserver",
      "clearCacheFilesBeforeLaunch": false,
      "clearCookiesBeforeLaunch": false,
      "clearHistoriesBeforeLaunch": false,
      "randomFingerprint": false,
      "muteAudio": false,
      "disableGpu": false,
      "enableBackgroundMode": false,
      "syncExtensions": false,
      "syncUserExtensions": false,
      "syncLocalStorage": false,
      "credentialsEnableService": false,
      "disableTranslatePopup": false,
      "stopWhileIpChange": false,
      "disableClipboard": false,
      "disableNotifications": false,
      "memorySaver": false,
      "coreProduct": "chrome",
      "webgpu": {
        "driver": null,
        "vendor": "intel",
        "description": null,
        "device": null,
        "architecture": "gen-12"
      },
      "batchRandom": false,
      "batchUpdateFingerPrint": false,
      "firefoxVersionMap": {
        "120": "126,125,124,123,122,121,120,119,118,117",
        "128": "128,127,126,125"
      },
      "launchArgs": null,
      "extendOptions": null,
      "defaultAccuracy": null
    },
    "createdName": null,
    "belongUserName": null,
    "updateName": null,
    "agentIpCount": null,
    "belongToMe": false,
    "seqExport": null,
    "groupIDs": null,
    "browserShareID": null,
    "share": null,
    "shareUserName": null,
    "isShare": 0,
    "isValidUsername": false,
    "createNum": 0,
    "isRandomFinger": true,
    "remarkType": 1,
    "refreshProxyUrl": null,
    "duplicateCheck": 0,
    "ossExtend": null,
    "randomKey": null,
    "randomKeyUser": null,
    "syncBrowserAccount": null,
    "cookieBak": "",
    "passwordBak": null,
    "manual": 0,
    "proxyPasswordBak": null,
    "proxyAgreementType": "http",
    "clearCacheWithoutExtensions": false,
    "syncPaymentsAndAddress": false,
    "extendIds": [],
    "isSynOpen": 1,
    "faSecretKey": null,
    "coreProduct": null,
    "ostype": null,
    "os": null,
    "sort": 0,
    "checkPassword": null
  }
}
2024-11-15 10:59:01,682 [INFO] bit_browser_manager.py:74 - 成功创建浏览器配置: 0754899b69314d76ae1587b686e955c0
