2024-11-15 10:31:22,708 [INFO] advanced_analyzer.py:358 - === 开始Airbnb数据收集程序 ===
2024-11-15 10:31:22,882 [INFO] advanced_analyzer.py:99 - 成功读取 6 个房间ID
2024-11-15 10:31:22,882 [INFO] advanced_analyzer.py:369 - 生成 6 个URL
2024-11-15 10:31:22,882 [INFO] advanced_analyzer.py:373 - 创建数据目录: data/airbnb_data_20241115_103122
2024-11-15 10:31:22,882 [INFO] advanced_analyzer.py:239 - === 开始批量分析房源 ===
2024-11-15 10:31:22,883 [INFO] advanced_analyzer.py:248 - 设置并发线程数: 1
2024-11-15 10:31:22,883 [INFO] advanced_analyzer.py:168 - 开始初始化BitBrowser...
2024-11-15 10:31:24,070 [INFO] bit_browser_manager.py:38 - 成功创建浏览器实例: 2303bf1fb5c34eeb941cf38736d96ead
2024-11-15 10:31:49,035 [INFO] bit_browser_manager.py:70 - 成功打开浏览器实例: 2303bf1fb5c34eeb941cf38736d96ead
2024-11-15 10:31:49,037 [INFO] advanced_analyzer.py:204 - 
开始分析房源: https://www.airbnb.co.nz/rooms/837352260137971048
2024-11-15 10:31:49,037 [INFO] airbnb_calendar_checker.py:70 - 开始检查房源日历: https://www.airbnb.co.nz/rooms/837352260137971048
2024-11-15 10:31:49,341 [INFO] airbnb_calendar_checker.py:75 - 页面加载中...
2024-11-15 10:31:49,344 [INFO] airbnb_calendar_checker.py:82 - 页面基本加载完成
2024-11-15 10:33:11,675 [ERROR] airbnb_calendar_checker.py:127 - 未找到日历按钮
2024-11-15 10:33:11,675 [ERROR] advanced_analyzer.py:210 - 获取日历数据失败: https://www.airbnb.co.nz/rooms/837352260137971048
2024-11-15 10:33:12,688 [INFO] bit_browser_manager.py:94 - 成功关闭浏览器实例: 2303bf1fb5c34eeb941cf38736d96ead
2024-11-15 10:33:13,593 [INFO] bit_browser_manager.py:115 - 成功删除浏览器实例: 2303bf1fb5c34eeb941cf38736d96ead
2024-11-15 10:33:15,632 [INFO] advanced_analyzer.py:168 - 开始初始化BitBrowser...
2024-11-15 10:33:16,524 [INFO] bit_browser_manager.py:38 - 成功创建浏览器实例: d135bd2422e745518d65126df97f9cf7
2024-11-15 10:33:21,240 [INFO] bit_browser_manager.py:70 - 成功打开浏览器实例: d135bd2422e745518d65126df97f9cf7
2024-11-15 10:33:21,241 [INFO] advanced_analyzer.py:204 - 
开始分析房源: https://www.airbnb.co.nz/rooms/43435162
2024-11-15 10:33:21,242 [INFO] airbnb_calendar_checker.py:70 - 开始检查房源日历: https://www.airbnb.co.nz/rooms/43435162
2024-11-15 10:33:21,554 [INFO] airbnb_calendar_checker.py:75 - 页面加载中...
2024-11-15 10:33:21,556 [INFO] airbnb_calendar_checker.py:82 - 页面基本加载完成
2024-11-15 10:34:52,039 [ERROR] airbnb_calendar_checker.py:127 - 未找到日历按钮
2024-11-15 10:34:52,039 [ERROR] advanced_analyzer.py:210 - 获取日历数据失败: https://www.airbnb.co.nz/rooms/43435162
2024-11-15 10:34:53,086 [INFO] bit_browser_manager.py:94 - 成功关闭浏览器实例: d135bd2422e745518d65126df97f9cf7
2024-11-15 10:34:54,199 [INFO] bit_browser_manager.py:115 - 成功删除浏览器实例: d135bd2422e745518d65126df97f9cf7
2024-11-15 10:34:56,209 [INFO] advanced_analyzer.py:168 - 开始初始化BitBrowser...
2024-11-15 10:34:57,119 [INFO] bit_browser_manager.py:38 - 成功创建浏览器实例: 18d809d667e34a0893a4c2cfe82fe132
2024-11-15 10:35:01,142 [INFO] bit_browser_manager.py:70 - 成功打开浏览器实例: 18d809d667e34a0893a4c2cfe82fe132
2024-11-15 10:35:01,143 [INFO] advanced_analyzer.py:204 - 
开始分析房源: https://www.airbnb.co.nz/rooms/830193102361409290
2024-11-15 10:35:01,143 [INFO] airbnb_calendar_checker.py:70 - 开始检查房源日历: https://www.airbnb.co.nz/rooms/830193102361409290
2024-11-15 10:35:01,457 [INFO] airbnb_calendar_checker.py:75 - 页面加载中...
2024-11-15 10:35:01,459 [INFO] airbnb_calendar_checker.py:82 - 页面基本加载完成
2024-11-15 10:35:06,084 [INFO] airbnb_calendar_checker.py:93 - 没有找到需要关闭的模态框或关闭失败
2024-11-15 10:35:06,094 [ERROR] airbnb_calendar_checker.py:127 - 未找到日历按钮
2024-11-15 10:35:06,094 [ERROR] advanced_analyzer.py:210 - 获取日历数据失败: https://www.airbnb.co.nz/rooms/830193102361409290
2024-11-15 10:35:07,100 [INFO] bit_browser_manager.py:94 - 成功关闭浏览器实例: 18d809d667e34a0893a4c2cfe82fe132
2024-11-15 10:35:08,003 [INFO] bit_browser_manager.py:115 - 成功删除浏览器实例: 18d809d667e34a0893a4c2cfe82fe132
2024-11-15 10:35:10,021 [INFO] advanced_analyzer.py:168 - 开始初始化BitBrowser...
2024-11-15 10:35:10,918 [INFO] bit_browser_manager.py:38 - 成功创建浏览器实例: c93568f12aa54df3a0b14c4b4ee3430c
2024-11-15 10:35:26,379 [ERROR] bit_browser_manager.py:73 - 浏览器打开后验证失败: HTTPConnectionPool(host='localhost', port=58275): Max retries exceeded with url: /session/9fac560623cb94fc596e5a39ac91a3b8/url (Caused by NewConnectionError('<urllib3.connection.HTTPConnection object at 0x000001C1497FDBF0>: Failed to establish a new connection: [WinError 10061] No connection could be made because the target machine actively refused it'))
2024-11-15 10:35:26,379 [ERROR] advanced_analyzer.py:182 - 打开BitBrowser失败
2024-11-15 10:35:27,270 [INFO] bit_browser_manager.py:115 - 成功删除浏览器实例: c93568f12aa54df3a0b14c4b4ee3430c
2024-11-15 10:35:27,270 [ERROR] advanced_analyzer.py:259 - 无法为URL https://www.airbnb.co.nz/rooms/49525472 初始化BitBrowser
2024-11-15 10:35:27,270 [INFO] advanced_analyzer.py:168 - 开始初始化BitBrowser...
2024-11-15 10:35:28,184 [INFO] bit_browser_manager.py:38 - 成功创建浏览器实例: 93e3c9fd9d004aa1b1efa4ea5ca74b6d
2024-11-15 10:35:31,708 [INFO] bit_browser_manager.py:70 - 成功打开浏览器实例: 93e3c9fd9d004aa1b1efa4ea5ca74b6d
2024-11-15 10:35:31,710 [INFO] advanced_analyzer.py:204 - 
开始分析房源: https://www.airbnb.co.nz/rooms/716883705085875481
2024-11-15 10:35:31,710 [INFO] airbnb_calendar_checker.py:70 - 开始检查房源日历: https://www.airbnb.co.nz/rooms/716883705085875481
2024-11-15 10:35:32,025 [INFO] airbnb_calendar_checker.py:75 - 页面加载中...
2024-11-15 10:35:32,028 [INFO] airbnb_calendar_checker.py:82 - 页面基本加载完成
2024-11-15 10:35:35,298 [INFO] airbnb_calendar_checker.py:93 - 没有找到需要关闭的模态框或关闭失败
2024-11-15 10:35:35,313 [ERROR] airbnb_calendar_checker.py:127 - 未找到日历按钮
2024-11-15 10:35:35,313 [ERROR] advanced_analyzer.py:210 - 获取日历数据失败: https://www.airbnb.co.nz/rooms/716883705085875481
2024-11-15 10:35:36,331 [INFO] bit_browser_manager.py:94 - 成功关闭浏览器实例: 93e3c9fd9d004aa1b1efa4ea5ca74b6d
2024-11-15 10:35:37,214 [INFO] bit_browser_manager.py:115 - 成功删除浏览器实例: 93e3c9fd9d004aa1b1efa4ea5ca74b6d
