2024-11-12 13:46:04,607 [INFO] advanced_analyzer.py:220 - === 开始Airbnb数据收集程序 ===
2024-11-12 13:46:04,789 [INFO] advanced_analyzer.py:36 - 成功读取 5 个房间ID
2024-11-12 13:46:04,789 [INFO] advanced_analyzer.py:231 - 生成 5 个URL
2024-11-12 13:46:04,789 [INFO] advanced_analyzer.py:235 - 创建数据目录: data/airbnb_data_20241112_134604
2024-11-12 13:46:04,789 [INFO] advanced_analyzer.py:122 - === 开始批量分析房源 ===
2024-11-12 13:46:06,568 [INFO] advanced_analyzer.py:80 - Chrome WebDriver 初始化成功
2024-11-12 13:46:06,568 [INFO] advanced_analyzer.py:135 - 
处理第 1/5 个房源
2024-11-12 13:46:06,569 [INFO] advanced_analyzer.py:87 - 
开始分析房源: https://www.airbnb.co.nz/rooms/43435162
2024-11-12 13:46:06,569 [INFO] airbnb_calendar_checker.py:70 - 开始检查房源日历: https://www.airbnb.co.nz/rooms/43435162
2024-11-12 13:46:09,736 [INFO] airbnb_calendar_checker.py:75 - 页面加载中...
2024-11-12 13:46:09,739 [INFO] airbnb_calendar_checker.py:82 - 页面基本加载完成
2024-11-12 13:46:24,928 [INFO] airbnb_calendar_checker.py:120 - 找到日历按钮: //button[contains(@aria-label, 'Choose')]
2024-11-12 13:46:24,931 [INFO] airbnb_calendar_checker.py:134 - 已滚动到日历按钮位置
2024-11-12 13:46:25,932 [INFO] airbnb_calendar_checker.py:139 - 日历按钮已准备就绪
2024-11-12 13:46:26,044 [INFO] airbnb_calendar_checker.py:148 - 直接点击日历按钮成功
2024-11-12 13:46:36,216 [INFO] airbnb_calendar_checker.py:184 - 日历内容已加载: //div[contains(@data-testid, 'calendar')]
2024-11-12 13:46:36,229 [INFO] airbnb_calendar_checker.py:199 - 找到 123 个日期单元格
2024-11-12 13:46:36,324 [INFO] airbnb_calendar_checker.py:211 - 找到 123 个日期单元格
2024-11-12 13:46:36,325 [INFO] airbnb_calendar_checker.py:256 - 原始单元格数量: 123
2024-11-12 13:46:36,325 [INFO] airbnb_calendar_checker.py:257 - 去重后数据条数: 123
2024-11-12 13:46:36,325 [INFO] airbnb_calendar_checker.py:258 - 处理的唯一日期数: 123
2024-11-12 13:46:36,325 [INFO] airbnb_calendar_checker.py:262 - 收集到 123 条有效日历数据
2024-11-12 13:46:36,325 [INFO] airbnb_calendar_checker.py:22 - 开始导出数据到Excel...
2024-11-12 13:46:36,325 [INFO] airbnb_calendar_checker.py:32 - 处理房源ID: 43435162
2024-11-12 13:46:36,325 [INFO] airbnb_calendar_checker.py:37 - 将创建文件: data/airbnb_calendar_43435162_20241112_134636.xlsx
2024-11-12 13:46:36,326 [INFO] airbnb_calendar_checker.py:41 - 创建DataFrame，共 123 行数据
2024-11-12 13:46:36,351 [INFO] airbnb_calendar_checker.py:52 - 数据已成功导出到Excel文件: data/airbnb_calendar_43435162_20241112_134636.xlsx
2024-11-12 13:46:36,352 [INFO] airbnb_calendar_checker.py:57 - 文件创建成功，大小: 9.09 KB
2024-11-12 13:46:36,352 [INFO] airbnb_calendar_checker.py:265 - 日历数据已成功导出到: data/airbnb_calendar_43435162_20241112_134636.xlsx
2024-11-12 13:46:36,352 [INFO] advanced_analyzer.py:96 - 成功获取日历数据: 123 条记录
2024-11-12 13:46:36,352 [INFO] price_checker.py:500 - 开始检查房源价格: https://www.airbnb.co.nz/rooms/43435162
2024-11-12 13:46:36,352 [INFO] price_checker.py:493 - 找到 39 个可预订日期
2024-11-12 13:46:36,352 [INFO] price_checker.py:516 - [1/39] 处理日期: 17/11/2024
2024-11-12 13:46:36,352 [INFO] price_checker.py:234 - 开始获取价格信息: https://www.airbnb.co.nz/rooms/43435162
2024-11-12 13:46:36,352 [INFO] price_checker.py:235 - 入住日期: 17/11/2024
2024-11-12 13:46:41,508 [INFO] price_checker.py:251 - 开始检查日期 17/11/2024 的最小入住要求...
2024-11-12 13:46:41,513 [INFO] price_checker.py:156 - 初始元素HTML: <td class="_1mv3p4vt" role="button" aria-disabled="false" aria-label="17, Sunday, November 2024. Available There is a 1 night minimum stay requirement. Select as check-in date. " tabindex="0" style="width: 42px; height: 42px;"><div class="_1xnkk5ra notranslate" data-testid="calendar-day-17/11/2024" data-is-day-blocked="false" style="width: 42px; height: 42px;">17</div></td>
2024-11-12 13:46:41,513 [INFO] price_checker.py:159 - 移动到日期元素...
2024-11-12 13:46:42,788 [ERROR] price_checker.py:225 - 检查最小入住天数时出错: 'NoneType' object has no attribute 'replace'
2024-11-12 13:46:42,788 [ERROR] price_checker.py:226 - 错误类型: AttributeError
2024-11-12 13:46:42,789 [ERROR] price_checker.py:227 - 错误堆栈: Traceback (most recent call last):
  File "C:\GitWork\Airbnb data Analyst\price_checker.py", line 165, in min_nights_check
    date_str = date_element.get_attribute('data-testid').replace('calendar-day-', '')
               ^^^^^^^^^^^^^^^^^^^^^^^^^^^^^^^^^^^^^^^^^^^^^^^^^
AttributeError: 'NoneType' object has no attribute 'replace'

2024-11-12 13:46:42,789 [WARNING] price_checker.py:228 - 使用默认值1晚
2024-11-12 13:46:42,789 [INFO] price_checker.py:253 - 最终使用的最小入住天数: 1晚 (自动检测)
2024-11-12 13:46:42,790 [INFO] price_checker.py:276 - 访问URL: https://www.airbnb.co.nz/rooms/43435162?check_in=2024-11-17&check_out=2024-11-18&adults=3&children=0&infants=0
2024-11-12 13:46:47,871 [INFO] price_checker.py:283 - 检查页面状态...
2024-11-12 13:46:47,874 [INFO] price_checker.py:285 - 页面状态: complete
2024-11-12 13:46:49,885 [INFO] price_checker.py:298 - 价格容器已加载并可见
2024-11-12 13:46:49,885 [INFO] price_checker.py:307 - 尝试价格选择器: xpath - //div[@data-testid='book-it-default']//span[contains(@class, '_1y74zjx')]
2024-11-12 13:46:49,892 [INFO] price_checker.py:312 - 找到 0 个价格元素
2024-11-12 13:46:49,893 [INFO] price_checker.py:307 - 尝试价格选择器: xpath - //div[@data-testid='book-it-default']//span[contains(@class, '_tyxjp1')]
2024-11-12 13:46:49,899 [INFO] price_checker.py:312 - 找到 0 个价格元素
2024-11-12 13:46:49,899 [INFO] price_checker.py:307 - 尝试价格选择器: css - div._wgmchy div._1k1ce2w span._1qgfaxb1
2024-11-12 13:46:49,905 [INFO] price_checker.py:312 - 找到 0 个价格元素
2024-11-12 13:46:49,905 [INFO] price_checker.py:307 - 尝试价格选择器: css - div._wgmchy div._1k1ce2w ._11jcbg2
2024-11-12 13:46:49,911 [INFO] price_checker.py:312 - 找到 0 个价格元素
2024-11-12 13:46:49,911 [INFO] price_checker.py:307 - 尝试价格选择器: xpath - //div[contains(@class, '_wgmchy')]//span[contains(text(), '$') and contains(text(), 'NZD')]
2024-11-12 13:46:49,918 [INFO] price_checker.py:312 - 找到 0 个价格元素
2024-11-12 13:46:49,919 [INFO] price_checker.py:349 - 开始获取价格详情...
2024-11-12 13:47:00,867 [INFO] advanced_analyzer.py:290 - === 程序执行完成 ===
