2024-11-05 13:43:24,820 [INFO] advanced_analyzer.py:192 - === 开始Airbnb数据收集程序 ===
2024-11-05 13:43:24,996 [INFO] advanced_analyzer.py:33 - 成功读取 2 个房间信息
2024-11-05 13:43:24,996 [INFO] advanced_analyzer.py:203 - 生成 2 个URL
2024-11-05 13:43:24,996 [INFO] advanced_analyzer.py:207 - 创建数据目录: data/airbnb_data_20241105_134324
2024-11-05 13:43:24,996 [INFO] advanced_analyzer.py:121 - === 开始批量分析房源 ===
2024-11-05 13:43:26,698 [INFO] advanced_analyzer.py:67 - Chrome WebDriver 初始化成功
2024-11-05 13:43:26,698 [INFO] advanced_analyzer.py:129 - 
处理第 1/2 个房源
2024-11-05 13:43:26,698 [INFO] advanced_analyzer.py:75 - 
开始分析房源: https://www.airbnb.co.nz/rooms/43435162 (最小入住: 2晚)
2024-11-05 13:43:26,698 [INFO] airbnb_calendar_checker.py:70 - 开始检查房源日历: https://www.airbnb.co.nz/rooms/43435162
2024-11-05 13:43:35,706 [INFO] airbnb_calendar_checker.py:103 - 没有找到需要关闭的模态框或关闭失败
2024-11-05 13:43:45,798 [ERROR] airbnb_calendar_checker.py:123 - 打开日历失败: Message: 
Stacktrace:
	GetHandleVerifier [0x00DC38B3+24035]
	(No symbol) [0x00D4BC44]
	(No symbol) [0x00C2C2D3]
	(No symbol) [0x00C6DC86]
	(No symbol) [0x00C6DECB]
	(No symbol) [0x00CAB9D2]
	(No symbol) [0x00C8FED4]
	(No symbol) [0x00CA953F]
	(No symbol) [0x00C8FC26]
	(No symbol) [0x00C6218C]
	(No symbol) [0x00C6310D]
	GetHandleVerifier [0x010696D3+2800643]
	GetHandleVerifier [0x010C428E+3172286]
	GetHandleVerifier [0x010BCEA2+3142610]
	GetHandleVerifier [0x00E66C60+692624]
	(No symbol) [0x00D54C5D]
	(No symbol) [0x00D51968]
	(No symbol) [0x00D51B00]
	(No symbol) [0x00D43FB0]
	BaseThreadInitThunk [0x769C7BA9+25]
	RtlInitializeExceptionChain [0x7748C0CB+107]
	RtlClearBits [0x7748C04F+191]

2024-11-05 13:43:45,799 [ERROR] advanced_analyzer.py:81 - 获取日历数据失败: https://www.airbnb.co.nz/rooms/43435162
2024-11-05 13:43:45,799 [INFO] advanced_analyzer.py:129 - 
处理第 2/2 个房源
2024-11-05 13:43:45,799 [INFO] advanced_analyzer.py:75 - 
开始分析房源: https://www.airbnb.co.nz/rooms/830193102361409290 (最小入住: 1晚)
2024-11-05 13:43:45,799 [INFO] airbnb_calendar_checker.py:70 - 开始检查房源日历: https://www.airbnb.co.nz/rooms/830193102361409290
2024-11-05 13:43:55,071 [INFO] airbnb_calendar_checker.py:103 - 没有找到需要关闭的模态框或关闭失败
2024-11-05 13:43:55,177 [INFO] airbnb_calendar_checker.py:114 - 成功打开日历
2024-11-05 13:43:57,309 [INFO] airbnb_calendar_checker.py:133 - 找到 246 个日期单元格
2024-11-05 13:43:57,311 [INFO] airbnb_calendar_checker.py:178 - 原始单元格数量: 246
2024-11-05 13:43:57,311 [INFO] airbnb_calendar_checker.py:179 - 去重后数据条数: 123
2024-11-05 13:43:57,311 [INFO] airbnb_calendar_checker.py:180 - 处理的唯一日期数: 123
2024-11-05 13:43:57,311 [INFO] airbnb_calendar_checker.py:184 - 收集到 123 条有效日历数据
2024-11-05 13:43:57,311 [INFO] airbnb_calendar_checker.py:22 - 开始导出数据到Excel...
2024-11-05 13:43:57,312 [INFO] airbnb_calendar_checker.py:32 - 处理房源ID: 830193102361409290
2024-11-05 13:43:57,312 [INFO] airbnb_calendar_checker.py:37 - 将创建文件: data/airbnb_calendar_830193102361409290_20241105_134357.xlsx
2024-11-05 13:43:57,312 [INFO] airbnb_calendar_checker.py:41 - 创建DataFrame，共 123 行数据
2024-11-05 13:43:57,344 [INFO] airbnb_calendar_checker.py:52 - 数据已成功导出到Excel文件: data/airbnb_calendar_830193102361409290_20241105_134357.xlsx
2024-11-05 13:43:57,344 [INFO] airbnb_calendar_checker.py:57 - 文件创建成功，大小: 8.88 KB
2024-11-05 13:43:57,344 [INFO] airbnb_calendar_checker.py:187 - 日历数据已成功导出到: data/airbnb_calendar_830193102361409290_20241105_134357.xlsx
2024-11-05 13:43:57,344 [INFO] advanced_analyzer.py:84 - 成功获取日历数据: 123 条记录
2024-11-05 13:43:57,344 [INFO] price_checker.py:331 - 开始检查房源价格: https://www.airbnb.co.nz/rooms/830193102361409290 (最小入住: 1晚)
2024-11-05 13:43:57,344 [INFO] price_checker.py:323 - 找到 74 个可预订日期
2024-11-05 13:43:57,344 [INFO] price_checker.py:345 - 正在处理第 1/74 个日期: 10/11/2024
2024-11-05 13:43:57,345 [INFO] price_checker.py:75 - 开始获取价格信息: https://www.airbnb.co.nz/rooms/830193102361409290
2024-11-05 13:43:57,345 [INFO] price_checker.py:86 - 入住日期: 2024-11-10, 退房日期: 2024-11-11 (最小入住: 1晚)
2024-11-05 13:43:57,345 [INFO] price_checker.py:90 - 访问URL: https://www.airbnb.co.nz/rooms/830193102361409290?check_in=2024-11-10&check_out=2024-11-11&adults=3&children=0&infants=0
2024-11-05 13:44:08,372 [INFO] price_checker.py:119 - 页面加载完成
2024-11-05 13:44:08,382 [INFO] price_checker.py:62 - 日期区间 10/11/2024 到 2024-11-11 可预订
2024-11-05 13:44:25,593 [INFO] advanced_analyzer.py:188 - 浏览器已关闭
2024-11-05 13:44:25,593 [INFO] advanced_analyzer.py:262 - === 程序执行完成 ===
