2024-11-15 11:43:54,190 [INFO] advanced_analyzer.py:350 - === 开始Airbnb数据收集程序 ===
2024-11-15 11:43:54,363 [INFO] advanced_analyzer.py:99 - 成功读取 6 个房间ID
2024-11-15 11:43:54,363 [INFO] advanced_analyzer.py:361 - 生成 6 个URL
2024-11-15 11:43:54,364 [INFO] advanced_analyzer.py:365 - 创建数据目录: data/airbnb_data_20241115_114354
2024-11-15 11:43:54,364 [INFO] advanced_analyzer.py:231 - === 开始批量分析房源 ===
2024-11-15 11:43:54,364 [INFO] advanced_analyzer.py:240 - 设置并发线程数: 1
2024-11-15 11:43:54,364 [INFO] advanced_analyzer.py:168 - 开始初始化BitBrowser...
2024-11-15 11:44:59,405 [ERROR] bit_browser_manager.py:79 - 连接浏览器时发生错误: Message: session not created: cannot connect to chrome at 127.0.0.1:59697
from chrome not reachable
Stacktrace:
	GetHandleVerifier [0x00007FF6D7C12775+28773]
	(No symbol) [0x00007FF6D7B7AFB0]
	(No symbol) [0x00007FF6D7A15359]
	(No symbol) [0x00007FF6D7A06ECD]
	(No symbol) [0x00007FF6D7A560A2]
	(No symbol) [0x00007FF6D7A4B025]
	(No symbol) [0x00007FF6D7A9A2DC]
	(No symbol) [0x00007FF6D7A998C0]
	(No symbol) [0x00007FF6D7A8ED43]
	(No symbol) [0x00007FF6D7A5A548]
	(No symbol) [0x00007FF6D7A5B6B1]
	GetHandleVerifier [0x00007FF6D7F3F45D+3358029]
	GetHandleVerifier [0x00007FF6D7F5430D+3443709]
	GetHandleVerifier [0x00007FF6D7F483FD+3394797]
	GetHandleVerifier [0x00007FF6D7CD929B+842635]
	(No symbol) [0x00007FF6D7B8654F]
	(No symbol) [0x00007FF6D7B81FA4]
	(No symbol) [0x00007FF6D7B8213D]
	(No symbol) [0x00007FF6D7B71629]
	BaseThreadInitThunk [0x00007FFA4E8C259D+29]
	RtlUserThreadStart [0x00007FFA4FE6AF38+40]

2024-11-15 11:44:59,415 [ERROR] bit_browser_manager.py:80 - 错误详情: Traceback (most recent call last):
  File "C:\GitWork\Airbnb data Analyst\bit_browser_manager.py", line 66, in connect_browser
    driver = webdriver.Chrome(options=chrome_options)
  File "C:\Users\jiann\AppData\Local\Programs\Python\Python313\Lib\site-packages\selenium\webdriver\chrome\webdriver.py", line 45, in __init__
    super().__init__(
    ~~~~~~~~~~~~~~~~^
        browser_name=DesiredCapabilities.CHROME["browserName"],
        ^^^^^^^^^^^^^^^^^^^^^^^^^^^^^^^^^^^^^^^^^^^^^^^^^^^^^^^
    ...<3 lines>...
        keep_alive=keep_alive,
        ^^^^^^^^^^^^^^^^^^^^^^
    )
    ^
  File "C:\Users\jiann\AppData\Local\Programs\Python\Python313\Lib\site-packages\selenium\webdriver\chromium\webdriver.py", line 66, in __init__
    super().__init__(command_executor=executor, options=options)
    ~~~~~~~~~~~~~~~~^^^^^^^^^^^^^^^^^^^^^^^^^^^^^^^^^^^^^^^^^^^^
  File "C:\Users\jiann\AppData\Local\Programs\Python\Python313\Lib\site-packages\selenium\webdriver\remote\webdriver.py", line 238, in __init__
    self.start_session(capabilities)
    ~~~~~~~~~~~~~~~~~~^^^^^^^^^^^^^^
  File "C:\Users\jiann\AppData\Local\Programs\Python\Python313\Lib\site-packages\selenium\webdriver\remote\webdriver.py", line 325, in start_session
    response = self.execute(Command.NEW_SESSION, caps)["value"]
               ~~~~~~~~~~~~^^^^^^^^^^^^^^^^^^^^^^^^^^^
  File "C:\Users\jiann\AppData\Local\Programs\Python\Python313\Lib\site-packages\selenium\webdriver\remote\webdriver.py", line 380, in execute
    self.error_handler.check_response(response)
    ~~~~~~~~~~~~~~~~~~~~~~~~~~~~~~~~~^^^^^^^^^^
  File "C:\Users\jiann\AppData\Local\Programs\Python\Python313\Lib\site-packages\selenium\webdriver\remote\errorhandler.py", line 229, in check_response
    raise exception_class(message, screen, stacktrace)
selenium.common.exceptions.SessionNotCreatedException: Message: session not created: cannot connect to chrome at 127.0.0.1:59697
from chrome not reachable
Stacktrace:
	GetHandleVerifier [0x00007FF6D7C12775+28773]
	(No symbol) [0x00007FF6D7B7AFB0]
	(No symbol) [0x00007FF6D7A15359]
	(No symbol) [0x00007FF6D7A06ECD]
	(No symbol) [0x00007FF6D7A560A2]
	(No symbol) [0x00007FF6D7A4B025]
	(No symbol) [0x00007FF6D7A9A2DC]
	(No symbol) [0x00007FF6D7A998C0]
	(No symbol) [0x00007FF6D7A8ED43]
	(No symbol) [0x00007FF6D7A5A548]
	(No symbol) [0x00007FF6D7A5B6B1]
	GetHandleVerifier [0x00007FF6D7F3F45D+3358029]
	GetHandleVerifier [0x00007FF6D7F5430D+3443709]
	GetHandleVerifier [0x00007FF6D7F483FD+3394797]
	GetHandleVerifier [0x00007FF6D7CD929B+842635]
	(No symbol) [0x00007FF6D7B8654F]
	(No symbol) [0x00007FF6D7B81FA4]
	(No symbol) [0x00007FF6D7B8213D]
	(No symbol) [0x00007FF6D7B71629]
	BaseThreadInitThunk [0x00007FFA4E8C259D+29]
	RtlUserThreadStart [0x00007FFA4FE6AF38+40]


2024-11-15 11:45:03,514 [ERROR] advanced_analyzer.py:176 - 连接BitBrowser失败
2024-11-15 11:45:03,515 [ERROR] advanced_analyzer.py:251 - 无法为URL https://www.airbnb.co.nz/rooms/837352260137971048 初始化BitBrowser
2024-11-15 11:45:03,515 [INFO] advanced_analyzer.py:168 - 开始初始化BitBrowser...
