2024-12-05 10:54:45,424 [INFO] data_export.py:53 - 创建基础目录: data
2024-12-05 10:54:45,424 [INFO] data_export.py:58 - 创建date目录: data\by_date
2024-12-05 10:54:45,424 [INFO] data_export.py:58 - 创建room目录: data\by_room
2024-12-05 10:54:45,427 [INFO] advanced_analyzer.py:438 - === 开始Airbnb数据收集程序 ===
2024-12-05 10:54:45,594 [INFO] advanced_analyzer.py:101 - 成功读取 1 个房间ID
2024-12-05 10:54:45,594 [INFO] advanced_analyzer.py:449 - 生成 1 个URL
2024-12-05 10:54:45,594 [INFO] advanced_analyzer.py:453 - 创建数据目录: data/airbnb_data_20241205_105445
2024-12-05 10:54:45,594 [INFO] advanced_analyzer.py:303 - === 开始批量分析房源 ===
2024-12-05 10:54:45,595 [INFO] advanced_analyzer.py:312 - 设置并发线程数: 1
2024-12-05 10:54:45,619 [INFO] bit_browser_manager.py:92 - 活动浏览器响应: {
  "success": true,
  "data": {
    "34dc763412e34341a759c1ef1ec38580": 22328
  }
}
2024-12-05 10:54:46,469 [INFO] bit_browser_manager.py:117 - 找到 1 个活动浏览器
2024-12-05 10:54:46,469 [INFO] advanced_analyzer.py:328 - 
=== 可用的浏览器实例 ===
2024-12-05 10:54:46,470 [INFO] advanced_analyzer.py:330 - ID: 34dc763412e34341a759c1ef1ec38580
2024-12-05 10:54:46,470 [INFO] advanced_analyzer.py:331 - 名称: AirBnB01
2024-12-05 10:54:46,470 [INFO] advanced_analyzer.py:332 - 备注: 
2024-12-05 10:54:46,470 [INFO] advanced_analyzer.py:333 - PID: 22328

2024-12-05 10:54:46,470 [INFO] advanced_analyzer.py:348 - 
=== URL分配情况 ===
2024-12-05 10:54:46,470 [INFO] advanced_analyzer.py:350 - 线程 1 分配到 1 个URL:
2024-12-05 10:54:46,470 [INFO] advanced_analyzer.py:353 -   - Room ID: 837352260137971048
2024-12-05 10:54:46,470 [INFO] advanced_analyzer.py:200 - 初始化 AdvancedAnalyzer 实例
2024-12-05 10:54:46,470 [INFO] advanced_analyzer.py:204 - === 进入 analyze_listing 方法 ===
2024-12-05 10:54:46,471 [INFO] advanced_analyzer.py:205 - 参数: browser_id=34dc763412e34341a759c1ef1ec38580, url=https://www.airbnb.co.nz/rooms/837352260137971048
2024-12-05 10:54:46,471 [ERROR] advanced_analyzer.py:210 - 找不到浏览器实例: 34dc763412e34341a759c1ef1ec38580
2024-12-05 10:54:46,471 [INFO] advanced_analyzer.py:469 - === 程序执行完成 ===
