2024-11-14 16:42:27,648 [INFO] advanced_analyzer.py:460 - === 开始Airbnb数据收集程序 ===
2024-11-14 16:42:27,824 [INFO] advanced_analyzer.py:50 - 成功读取 6 个房间ID
2024-11-14 16:42:27,824 [INFO] advanced_analyzer.py:471 - 生成 6 个URL
2024-11-14 16:42:27,824 [INFO] advanced_analyzer.py:475 - 创建数据目录: data/airbnb_data_20241114_164227
2024-11-14 16:42:27,824 [INFO] advanced_analyzer.py:342 - === 开始批量分析房源 ===
2024-11-14 16:42:27,824 [INFO] advanced_analyzer.py:351 - 设置并发线程数: 1
2024-11-14 16:42:27,825 [INFO] advanced_analyzer.py:154 - GeckoDriver已存在
2024-11-14 16:42:27,825 [INFO] advanced_analyzer.py:185 - 开始初始化 Firefox WebDriver...
2024-11-14 16:42:27,826 [INFO] advanced_analyzer.py:206 - 代理配置信息:
2024-11-14 16:42:27,826 [INFO] advanced_analyzer.py:207 - 主机: 38.kookeey.info
2024-11-14 16:42:27,826 [INFO] advanced_analyzer.py:208 - 端口: 7426
2024-11-14 16:42:27,826 [INFO] advanced_analyzer.py:209 - 用户名: 23ba352f
2024-11-14 16:42:27,826 [INFO] advanced_analyzer.py:246 - 找到Firefox安装路径: C:\Program Files\Mozilla Firefox\firefox.exe
2024-11-14 16:43:02,136 [WARNING] advanced_analyzer.py:290 - 代理验证失败: Message: Navigation timed out after 30000 ms
Stacktrace:
RemoteError@chrome://remote/content/shared/RemoteError.sys.mjs:8:8
WebDriverError@chrome://remote/content/shared/webdriver/Errors.sys.mjs:193:5
TimeoutError@chrome://remote/content/shared/webdriver/Errors.sys.mjs:740:5
bail@chrome://remote/content/marionette/sync.sys.mjs:211:19
openWindowPrompt@resource://gre/modules/Prompter.sys.mjs:1249:17
openPrompt@resource://gre/modules/Prompter.sys.mjs:1070:12
openPromptAsync@resource://gre/modules/Prompter.sys.mjs:1283:29
nsIPrompt_promptUsernameAndPassword@resource://gre/modules/Prompter.sys.mjs:1547:19
promptAuth@resource://gre/modules/Prompter.sys.mjs:1688:21
asyncPromptAuth@resource://gre/modules/Prompter.sys.mjs:658:14
promptAuthInternal@resource://gre/modules/LoginManagerAuthPrompter.sys.mjs:712:34

2024-11-14 16:43:08,853 [ERROR] advanced_analyzer.py:363 - 无法为URL https://www.airbnb.co.nz/rooms/837352260137971048 初始化WebDriver
2024-11-14 16:43:08,853 [INFO] advanced_analyzer.py:154 - GeckoDriver已存在
2024-11-14 16:43:08,853 [INFO] advanced_analyzer.py:185 - 开始初始化 Firefox WebDriver...
2024-11-14 16:43:08,854 [INFO] advanced_analyzer.py:206 - 代理配置信息:
2024-11-14 16:43:08,854 [INFO] advanced_analyzer.py:207 - 主机: 38.kookeey.info
2024-11-14 16:43:08,854 [INFO] advanced_analyzer.py:208 - 端口: 7426
2024-11-14 16:43:08,854 [INFO] advanced_analyzer.py:209 - 用户名: 23ba352f
2024-11-14 16:43:08,854 [INFO] advanced_analyzer.py:246 - 找到Firefox安装路径: C:\Program Files\Mozilla Firefox\firefox.exe
2024-11-14 16:43:42,967 [WARNING] advanced_analyzer.py:290 - 代理验证失败: Message: Navigation timed out after 30000 ms
Stacktrace:
RemoteError@chrome://remote/content/shared/RemoteError.sys.mjs:8:8
WebDriverError@chrome://remote/content/shared/webdriver/Errors.sys.mjs:193:5
TimeoutError@chrome://remote/content/shared/webdriver/Errors.sys.mjs:740:5
bail@chrome://remote/content/marionette/sync.sys.mjs:211:19
openWindowPrompt@resource://gre/modules/Prompter.sys.mjs:1249:17
openPrompt@resource://gre/modules/Prompter.sys.mjs:1070:12
openPromptAsync@resource://gre/modules/Prompter.sys.mjs:1283:29
nsIPrompt_promptUsernameAndPassword@resource://gre/modules/Prompter.sys.mjs:1547:19
promptAuth@resource://gre/modules/Prompter.sys.mjs:1688:21
asyncPromptAuth@resource://gre/modules/Prompter.sys.mjs:658:14
promptAuthInternal@resource://gre/modules/LoginManagerAuthPrompter.sys.mjs:712:34

2024-11-14 16:43:49,646 [ERROR] advanced_analyzer.py:363 - 无法为URL https://www.airbnb.co.nz/rooms/43435162 初始化WebDriver
2024-11-14 16:43:49,647 [INFO] advanced_analyzer.py:154 - GeckoDriver已存在
2024-11-14 16:43:49,647 [INFO] advanced_analyzer.py:185 - 开始初始化 Firefox WebDriver...
2024-11-14 16:43:49,647 [INFO] advanced_analyzer.py:206 - 代理配置信息:
2024-11-14 16:43:49,647 [INFO] advanced_analyzer.py:207 - 主机: 38.kookeey.info
2024-11-14 16:43:49,647 [INFO] advanced_analyzer.py:208 - 端口: 7426
2024-11-14 16:43:49,647 [INFO] advanced_analyzer.py:209 - 用户名: 23ba352f
2024-11-14 16:43:49,647 [INFO] advanced_analyzer.py:246 - 找到Firefox安装路径: C:\Program Files\Mozilla Firefox\firefox.exe
2024-11-14 16:44:03,110 [WARNING] advanced_analyzer.py:290 - 代理验证失败: ('Connection aborted.', ConnectionResetError(10054, 'An existing connection was forcibly closed by the remote host', None, 10054, None))
