2024-11-15 10:41:11,087 [INFO] advanced_analyzer.py:358 - === 开始Airbnb数据收集程序 ===
2024-11-15 10:41:11,265 [INFO] advanced_analyzer.py:99 - 成功读取 6 个房间ID
2024-11-15 10:41:11,265 [INFO] advanced_analyzer.py:369 - 生成 6 个URL
2024-11-15 10:41:11,266 [INFO] advanced_analyzer.py:373 - 创建数据目录: data/airbnb_data_20241115_104111
2024-11-15 10:41:11,266 [INFO] advanced_analyzer.py:239 - === 开始批量分析房源 ===
2024-11-15 10:41:11,266 [INFO] advanced_analyzer.py:248 - 设置并发线程数: 1
2024-11-15 10:41:11,266 [INFO] advanced_analyzer.py:168 - 开始初始化BitBrowser...
2024-11-15 10:41:11,336 [ERROR] bit_browser_manager.py:41 - 创建浏览器失败: {'success': False, 'msg': 'getaddrinfo EAI_AGAIN serviceapi.bitbrowser.cn'}
2024-11-15 10:41:11,336 [ERROR] advanced_analyzer.py:176 - 创建BitBrowser实例失败
2024-11-15 10:41:11,336 [ERROR] advanced_analyzer.py:259 - 无法为URL https://www.airbnb.co.nz/rooms/837352260137971048 初始化BitBrowser
2024-11-15 10:41:11,336 [INFO] advanced_analyzer.py:168 - 开始初始化BitBrowser...
2024-11-15 10:41:11,340 [ERROR] bit_browser_manager.py:41 - 创建浏览器失败: {'success': False, 'msg': 'getaddrinfo EAI_AGAIN serviceapi.bitbrowser.cn'}
2024-11-15 10:41:11,340 [ERROR] advanced_analyzer.py:176 - 创建BitBrowser实例失败
2024-11-15 10:41:11,340 [ERROR] advanced_analyzer.py:259 - 无法为URL https://www.airbnb.co.nz/rooms/43435162 初始化BitBrowser
2024-11-15 10:41:11,341 [INFO] advanced_analyzer.py:168 - 开始初始化BitBrowser...
2024-11-15 10:41:11,345 [ERROR] bit_browser_manager.py:41 - 创建浏览器失败: {'success': False, 'msg': 'getaddrinfo EAI_AGAIN serviceapi.bitbrowser.cn'}
2024-11-15 10:41:11,345 [ERROR] advanced_analyzer.py:176 - 创建BitBrowser实例失败
2024-11-15 10:41:11,345 [ERROR] advanced_analyzer.py:259 - 无法为URL https://www.airbnb.co.nz/rooms/830193102361409290 初始化BitBrowser
2024-11-15 10:41:11,345 [INFO] advanced_analyzer.py:168 - 开始初始化BitBrowser...
2024-11-15 10:41:11,349 [ERROR] bit_browser_manager.py:41 - 创建浏览器失败: {'success': False, 'msg': 'getaddrinfo EAI_AGAIN serviceapi.bitbrowser.cn'}
2024-11-15 10:41:11,350 [ERROR] advanced_analyzer.py:176 - 创建BitBrowser实例失败
2024-11-15 10:41:11,350 [ERROR] advanced_analyzer.py:259 - 无法为URL https://www.airbnb.co.nz/rooms/49525472 初始化BitBrowser
2024-11-15 10:41:11,350 [INFO] advanced_analyzer.py:168 - 开始初始化BitBrowser...
2024-11-15 10:41:11,354 [ERROR] bit_browser_manager.py:41 - 创建浏览器失败: {'success': False, 'msg': 'getaddrinfo EAI_AGAIN serviceapi.bitbrowser.cn'}
2024-11-15 10:41:11,354 [ERROR] advanced_analyzer.py:176 - 创建BitBrowser实例失败
2024-11-15 10:41:11,354 [ERROR] advanced_analyzer.py:259 - 无法为URL https://www.airbnb.co.nz/rooms/716883705085875481 初始化BitBrowser
2024-11-15 10:41:11,354 [INFO] advanced_analyzer.py:168 - 开始初始化BitBrowser...
2024-11-15 10:41:11,357 [ERROR] bit_browser_manager.py:41 - 创建浏览器失败: {'success': False, 'msg': 'getaddrinfo EAI_AGAIN serviceapi.bitbrowser.cn'}
2024-11-15 10:41:11,358 [ERROR] advanced_analyzer.py:176 - 创建BitBrowser实例失败
2024-11-15 10:41:11,358 [ERROR] advanced_analyzer.py:259 - 无法为URL https://www.airbnb.co.nz/rooms/969823904189469776 初始化BitBrowser
2024-11-15 10:41:11,358 [INFO] advanced_analyzer.py:428 - === 程序执行完成 ===
