2024-11-05 12:20:45,295 [INFO] advanced_analyzer.py:76 - === 开始批量分析房源 ===
2024-11-05 12:20:47,032 [INFO] advanced_analyzer.py:24 - Chrome WebDriver 初始化成功
2024-11-05 12:20:47,032 [INFO] advanced_analyzer.py:84 - 
处理第 1/1 个房源
2024-11-05 12:20:47,032 [INFO] advanced_analyzer.py:30 - 
开始分析房源: https://www.airbnb.co.nz/rooms/830193102361409290
2024-11-05 12:20:47,032 [INFO] airbnb_calendar_checker.py:70 - 开始检查房源日历: https://www.airbnb.co.nz/rooms/830193102361409290
2024-11-05 12:20:57,165 [INFO] airbnb_calendar_checker.py:103 - 没有找到需要关闭的模态框或关闭失败
2024-11-05 12:20:57,237 [INFO] airbnb_calendar_checker.py:114 - 成功打开日历
2024-11-05 12:20:59,340 [INFO] airbnb_calendar_checker.py:133 - 找到 246 个日期单元格
2024-11-05 12:20:59,342 [INFO] airbnb_calendar_checker.py:178 - 原始单元格数量: 246
2024-11-05 12:20:59,342 [INFO] airbnb_calendar_checker.py:179 - 去重后数据条数: 123
2024-11-05 12:20:59,342 [INFO] airbnb_calendar_checker.py:180 - 处理的唯一日期数: 123
2024-11-05 12:20:59,342 [INFO] airbnb_calendar_checker.py:184 - 收集到 123 条有效日历数据
2024-11-05 12:20:59,342 [INFO] airbnb_calendar_checker.py:22 - 开始导出数据到Excel...
2024-11-05 12:20:59,343 [INFO] airbnb_calendar_checker.py:32 - 处理房源ID: 830193102361409290
2024-11-05 12:20:59,343 [INFO] airbnb_calendar_checker.py:37 - 将创建文件: data/airbnb_calendar_830193102361409290_20241105_122059.xlsx
2024-11-05 12:20:59,343 [INFO] airbnb_calendar_checker.py:41 - 创建DataFrame，共 123 行数据
2024-11-05 12:20:59,536 [INFO] airbnb_calendar_checker.py:52 - 数据已成功导出到Excel文件: data/airbnb_calendar_830193102361409290_20241105_122059.xlsx
2024-11-05 12:20:59,537 [INFO] airbnb_calendar_checker.py:57 - 文件创建成功，大小: 8.88 KB
2024-11-05 12:20:59,537 [INFO] airbnb_calendar_checker.py:187 - 日历数据已成功导出到: data/airbnb_calendar_830193102361409290_20241105_122059.xlsx
2024-11-05 12:20:59,537 [INFO] advanced_analyzer.py:39 - 成功获取日历数据: 123 条记录
2024-11-05 12:20:59,537 [INFO] price_checker.py:329 - 开始检查房源价格: https://www.airbnb.co.nz/rooms/830193102361409290
2024-11-05 12:20:59,537 [INFO] price_checker.py:323 - 找到 74 个可预订日期
2024-11-05 12:20:59,537 [INFO] price_checker.py:343 - 正在处理第 1/74 个日期: 10/11/2024
2024-11-05 12:20:59,537 [INFO] price_checker.py:75 - 开始获取价格信息: https://www.airbnb.co.nz/rooms/830193102361409290
2024-11-05 12:20:59,537 [INFO] price_checker.py:86 - 入住日期: 2024-11-10, 退房日期: 2024-11-11
2024-11-05 12:20:59,537 [INFO] price_checker.py:90 - 访问URL: https://www.airbnb.co.nz/rooms/830193102361409290?check_in=2024-11-10&check_out=2024-11-11&adults=3&children=0&infants=0
2024-11-05 12:21:09,816 [ERROR] price_checker.py:430 - 价格区域不可见
2024-11-05 12:21:14,816 [INFO] price_checker.py:103 - 等待页面就绪，重试 1/3
2024-11-05 12:21:14,825 [ERROR] price_checker.py:430 - 价格区域不可见
2024-11-05 12:21:19,825 [INFO] price_checker.py:103 - 等待页面就绪，重试 2/3
2024-11-05 12:21:19,836 [ERROR] price_checker.py:430 - 价格区域不可见
2024-11-05 12:21:24,836 [INFO] price_checker.py:103 - 等待页面就绪，重试 3/3
2024-11-05 12:21:24,836 [ERROR] price_checker.py:106 - 页面状态检查失败，超过最大重试次数
2024-11-05 12:21:24,837 [WARNING] price_checker.py:351 - 获取 10/11/2024 的价格信息失败
2024-11-05 12:21:24,837 [INFO] price_checker.py:343 - 正在处理第 2/74 个日期: 18/11/2024
2024-11-05 12:21:24,837 [INFO] price_checker.py:75 - 开始获取价格信息: https://www.airbnb.co.nz/rooms/830193102361409290
2024-11-05 12:21:24,837 [INFO] price_checker.py:86 - 入住日期: 2024-11-18, 退房日期: 2024-11-19
2024-11-05 12:21:24,837 [INFO] price_checker.py:90 - 访问URL: https://www.airbnb.co.nz/rooms/830193102361409290?check_in=2024-11-18&check_out=2024-11-19&adults=3&children=0&infants=0
2024-11-05 12:21:35,007 [INFO] price_checker.py:119 - 页面加载完成
2024-11-05 12:21:35,017 [INFO] price_checker.py:62 - 日期区间 18/11/2024 到 19/11/2024 可预订
2024-11-05 12:21:50,211 [INFO] price_checker.py:152 - 找到价格详情按钮，使用选择器: //button[.//span[contains(text(), 'Show price details')]]
2024-11-05 12:21:50,244 [INFO] price_checker.py:177 - 成功点击展开价格详情按钮
2024-11-05 12:21:53,251 [INFO] price_checker.py:185 - 价格详情已成功展开
2024-11-05 12:21:53,262 [INFO] price_checker.py:206 - 获取到每晚价格: 
2024-11-05 12:21:53,288 [INFO] price_checker.py:227 - 获取到价格项: $126 NZD x 1 night = $126 NZD
2024-11-05 12:21:53,303 [INFO] price_checker.py:227 - 获取到价格项: Cleaning fee = $50 NZD
2024-11-05 12:21:53,317 [INFO] price_checker.py:227 - 获取到价格项: Airbnb service fee = $29 NZD
2024-11-05 12:21:53,331 [INFO] price_checker.py:227 - 获取到价格项: Taxes = $26 NZD
2024-11-05 12:21:53,340 [INFO] price_checker.py:241 - 获取到总价: $231 NZD
2024-11-05 12:21:53,341 [INFO] price_checker.py:252 - 成功获取价格信息: {'check_in': '18/11/2024', 'check_out': '19/11/2024', 'guests': 3, 'nightly_price': '$126 NZD', 'cleaning_fee': '$50 NZD', 'service_fee': '$29 NZD', 'taxes': '$26 NZD', 'total': '$231 NZD'}
2024-11-05 12:21:53,341 [INFO] price_checker.py:349 - 成功获取 18/11/2024 的价格信息
2024-11-05 12:21:53,341 [INFO] price_checker.py:343 - 正在处理第 3/74 个日期: 19/11/2024
2024-11-05 12:21:53,341 [INFO] price_checker.py:75 - 开始获取价格信息: https://www.airbnb.co.nz/rooms/830193102361409290
2024-11-05 12:21:53,341 [INFO] price_checker.py:86 - 入住日期: 2024-11-19, 退房日期: 2024-11-20
2024-11-05 12:21:53,341 [INFO] price_checker.py:90 - 访问URL: https://www.airbnb.co.nz/rooms/830193102361409290?check_in=2024-11-19&check_out=2024-11-20&adults=3&children=0&infants=0
2024-11-05 12:22:03,516 [INFO] price_checker.py:119 - 页面加载完成
2024-11-05 12:22:03,522 [INFO] price_checker.py:62 - 日期区间 19/11/2024 到 20/11/2024 可预订
