2024-11-10 09:34:32,712 [INFO] advanced_analyzer.py:192 - === 开始Airbnb数据收集程序 ===
2024-11-10 09:34:32,891 [INFO] advanced_analyzer.py:33 - 成功读取 3 个房间信息
2024-11-10 09:34:32,891 [INFO] advanced_analyzer.py:203 - 生成 3 个URL
2024-11-10 09:34:32,891 [INFO] advanced_analyzer.py:207 - 创建数据目录: data/airbnb_data_20241110_093432
2024-11-10 09:34:32,891 [INFO] advanced_analyzer.py:121 - === 开始批量分析房源 ===
2024-11-10 09:34:34,631 [INFO] advanced_analyzer.py:67 - Chrome WebDriver 初始化成功
2024-11-10 09:34:34,631 [INFO] advanced_analyzer.py:129 - 
处理第 1/3 个房源
2024-11-10 09:34:34,632 [INFO] advanced_analyzer.py:75 - 
开始分析房源: https://www.airbnb.co.nz/rooms/1125096139567330802 (最小入住: 1晚)
2024-11-10 09:34:34,632 [INFO] airbnb_calendar_checker.py:70 - 开始检查房源日历: https://www.airbnb.co.nz/rooms/1125096139567330802
2024-11-10 09:34:35,386 [INFO] airbnb_calendar_checker.py:75 - 页面加载中...
2024-11-10 09:34:35,389 [INFO] airbnb_calendar_checker.py:82 - 页面基本加载完成
2024-11-10 09:34:50,626 [INFO] airbnb_calendar_checker.py:120 - 找到日历按钮: //button[contains(@aria-label, 'Choose')]
2024-11-10 09:34:50,630 [INFO] airbnb_calendar_checker.py:134 - 已滚动到日历按钮位置
2024-11-10 09:34:51,630 [INFO] airbnb_calendar_checker.py:139 - 日历按钮已准备就绪
2024-11-10 09:34:52,680 [INFO] airbnb_calendar_checker.py:153 - JavaScript点击日历按钮成功
2024-11-10 09:35:02,839 [INFO] airbnb_calendar_checker.py:184 - 日历内容已加载: //div[contains(@data-testid, 'calendar')]
2024-11-10 09:35:02,851 [INFO] airbnb_calendar_checker.py:199 - 找到 123 个日期单元格
2024-11-10 09:35:02,952 [INFO] airbnb_calendar_checker.py:211 - 找到 123 个日期单元格
2024-11-10 09:35:02,953 [INFO] airbnb_calendar_checker.py:256 - 原始单元格数量: 123
2024-11-10 09:35:02,953 [INFO] airbnb_calendar_checker.py:257 - 去重后数据条数: 123
2024-11-10 09:35:02,953 [INFO] airbnb_calendar_checker.py:258 - 处理的唯一日期数: 123
2024-11-10 09:35:02,953 [INFO] airbnb_calendar_checker.py:262 - 收集到 123 条有效日历数据
2024-11-10 09:35:02,953 [INFO] airbnb_calendar_checker.py:22 - 开始导出数据到Excel...
2024-11-10 09:35:02,953 [INFO] airbnb_calendar_checker.py:32 - 处理房源ID: 1125096139567330802
2024-11-10 09:35:02,953 [INFO] airbnb_calendar_checker.py:37 - 将创建文件: data/airbnb_calendar_1125096139567330802_20241110_093502.xlsx
2024-11-10 09:35:02,954 [INFO] airbnb_calendar_checker.py:41 - 创建DataFrame，共 123 行数据
2024-11-10 09:35:02,980 [INFO] airbnb_calendar_checker.py:52 - 数据已成功导出到Excel文件: data/airbnb_calendar_1125096139567330802_20241110_093502.xlsx
2024-11-10 09:35:02,981 [INFO] airbnb_calendar_checker.py:57 - 文件创建成功，大小: 8.94 KB
2024-11-10 09:35:02,981 [INFO] airbnb_calendar_checker.py:265 - 日历数据已成功导出到: data/airbnb_calendar_1125096139567330802_20241110_093502.xlsx
2024-11-10 09:35:02,981 [INFO] advanced_analyzer.py:84 - 成功获取日历数据: 123 条记录
2024-11-10 09:35:02,981 [INFO] price_checker.py:332 - 开始检查房源价格: https://www.airbnb.co.nz/rooms/1125096139567330802 (最小入住: 1晚)
2024-11-10 09:35:02,981 [INFO] price_checker.py:324 - 找到 20 个可预订日期
2024-11-10 09:35:02,981 [INFO] price_checker.py:348 - [1/20] 处理日期: 18/11/2024
2024-11-10 09:35:23,197 [INFO] price_checker.py:88 - 成功找到元素，使用css: [data-testid='book-it-default'] span:not([class*='strike'])
2024-11-10 09:35:48,475 [WARNING] price_checker.py:219 - 未找到价格详情按钮，尝试直接获取价格信息
2024-11-10 09:36:49,095 [ERROR] price_checker.py:260 - 未能获取任何价格信息
2024-11-10 09:36:49,095 [WARNING] price_checker.py:357 - ✗ 获取 18/11/2024 的价格信息失败
2024-11-10 09:36:49,095 [INFO] price_checker.py:348 - [2/20] 处理日期: 22/11/2024
2024-11-10 09:37:09,308 [INFO] price_checker.py:88 - 成功找到元素，使用css: [data-testid='book-it-default'] span:not([class*='strike'])
2024-11-10 09:37:40,278 [INFO] advanced_analyzer.py:262 - === 程序执行完成 ===
