2024-12-05 10:46:53,467 [INFO] data_export.py:53 - 创建基础目录: data
2024-12-05 10:46:53,467 [INFO] data_export.py:58 - 创建date目录: data\by_date
2024-12-05 10:46:53,468 [INFO] data_export.py:58 - 创建room目录: data\by_room
2024-12-05 10:46:53,471 [INFO] advanced_analyzer.py:446 - === 开始Airbnb数据收集程序 ===
2024-12-05 10:46:53,637 [INFO] advanced_analyzer.py:101 - 成功读取 1 个房间ID
2024-12-05 10:46:53,637 [INFO] advanced_analyzer.py:457 - 生成 1 个URL
2024-12-05 10:46:53,638 [INFO] advanced_analyzer.py:461 - 创建数据目录: data/airbnb_data_20241205_104653
2024-12-05 10:46:53,638 [INFO] advanced_analyzer.py:283 - === 开始批量分析房源 ===
2024-12-05 10:46:53,638 [INFO] advanced_analyzer.py:292 - 设置并发线程数: 1
2024-12-05 10:46:53,664 [INFO] bit_browser_manager.py:92 - 活动浏览器响应: {
  "success": true,
  "data": {
    "34dc763412e34341a759c1ef1ec38580": 9600
  }
}
2024-12-05 10:46:54,653 [INFO] bit_browser_manager.py:117 - 找到 1 个活动浏览器
2024-12-05 10:46:54,654 [INFO] advanced_analyzer.py:308 - 
=== 可用的浏览器实例 ===
2024-12-05 10:46:54,654 [INFO] advanced_analyzer.py:310 - ID: 34dc763412e34341a759c1ef1ec38580
2024-12-05 10:46:54,654 [INFO] advanced_analyzer.py:311 - 名称: AirBnB01
2024-12-05 10:46:54,654 [INFO] advanced_analyzer.py:312 - 备注: 
2024-12-05 10:46:54,654 [INFO] advanced_analyzer.py:313 - PID: 9600

2024-12-05 10:46:54,654 [INFO] advanced_analyzer.py:328 - 
=== URL分配情况 ===
2024-12-05 10:46:54,654 [INFO] advanced_analyzer.py:330 - 线程 1 分配到 1 个URL:
2024-12-05 10:46:54,654 [INFO] advanced_analyzer.py:333 -   - Room ID: 837352260137971048
2024-12-05 10:46:54,654 [INFO] advanced_analyzer.py:344 - 线程 23380 (#1) 使用浏览器 34dc763412e34341a759c1ef1ec38580
2024-12-05 10:46:55,222 [INFO] bit_browser_manager.py:42 - 开始设置语言偏好
2024-12-05 10:46:55,224 [INFO] bit_browser_manager.py:54 - 设置语言为: en
2024-12-05 10:46:55,226 [INFO] bit_browser_manager.py:75 - 成功设置 locale cookie
2024-12-05 10:46:55,230 [INFO] bit_browser_manager.py:75 - 成功设置 currency cookie
2024-12-05 10:46:55,230 [INFO] advanced_analyzer.py:357 - 线程 #1 开始处理 Room ID: 837352260137971048
2024-12-05 10:46:56,269 [INFO] bit_browser_manager.py:42 - 开始设置语言偏好
2024-12-05 10:46:56,269 [INFO] bit_browser_manager.py:47 - 该浏览器实例已设置过语言，跳过设置
2024-12-05 10:46:56,269 [INFO] bit_browser_manager.py:252 - 正在导航到: https://www.airbnb.co.nz/rooms/837352260137971048
2024-12-05 10:46:56,269 [INFO] bit_browser_manager.py:368 - 正在加载页面: https://www.airbnb.co.nz/rooms/837352260137971048
2024-12-05 10:46:56,462 [INFO] bit_browser_manager.py:389 - 页面加载完成
2024-12-05 10:46:56,463 [ERROR] advanced_analyzer.py:376 - 处理 Room ID 837352260137971048 时发生错误: name 'analyze_listing' is not defined
2024-12-05 10:46:58,512 [INFO] advanced_analyzer.py:477 - === 程序执行完成 ===
