2024-11-10 09:47:52,169 [INFO] advanced_analyzer.py:192 - === 开始Airbnb数据收集程序 ===
2024-11-10 09:47:52,344 [INFO] advanced_analyzer.py:33 - 成功读取 3 个房间信息
2024-11-10 09:47:52,345 [INFO] advanced_analyzer.py:203 - 生成 3 个URL
2024-11-10 09:47:52,345 [INFO] advanced_analyzer.py:207 - 创建数据目录: data/airbnb_data_20241110_094752
2024-11-10 09:47:52,345 [INFO] advanced_analyzer.py:121 - === 开始批量分析房源 ===
2024-11-10 09:47:54,089 [INFO] advanced_analyzer.py:67 - Chrome WebDriver 初始化成功
2024-11-10 09:47:54,089 [INFO] advanced_analyzer.py:129 - 
处理第 1/3 个房源
2024-11-10 09:47:54,090 [INFO] advanced_analyzer.py:75 - 
开始分析房源: https://www.airbnb.co.nz/rooms/1125096139567330802 (最小入住: 1晚)
2024-11-10 09:47:54,090 [INFO] airbnb_calendar_checker.py:70 - 开始检查房源日历: https://www.airbnb.co.nz/rooms/1125096139567330802
2024-11-10 09:47:54,958 [INFO] airbnb_calendar_checker.py:75 - 页面加载中...
2024-11-10 09:47:54,961 [INFO] airbnb_calendar_checker.py:82 - 页面基本加载完成
2024-11-10 09:48:10,148 [INFO] airbnb_calendar_checker.py:120 - 找到日历按钮: //button[contains(@aria-label, 'Choose')]
2024-11-10 09:48:10,152 [INFO] airbnb_calendar_checker.py:134 - 已滚动到日历按钮位置
2024-11-10 09:48:11,152 [INFO] airbnb_calendar_checker.py:139 - 日历按钮已准备就绪
2024-11-10 09:48:12,244 [INFO] airbnb_calendar_checker.py:153 - JavaScript点击日历按钮成功
2024-11-10 09:48:22,482 [INFO] airbnb_calendar_checker.py:184 - 日历内容已加载: //div[contains(@data-testid, 'calendar')]
2024-11-10 09:48:22,494 [INFO] airbnb_calendar_checker.py:199 - 找到 123 个日期单元格
2024-11-10 09:48:22,618 [INFO] airbnb_calendar_checker.py:211 - 找到 123 个日期单元格
2024-11-10 09:48:22,620 [INFO] airbnb_calendar_checker.py:256 - 原始单元格数量: 123
2024-11-10 09:48:22,620 [INFO] airbnb_calendar_checker.py:257 - 去重后数据条数: 123
2024-11-10 09:48:22,620 [INFO] airbnb_calendar_checker.py:258 - 处理的唯一日期数: 123
2024-11-10 09:48:22,620 [INFO] airbnb_calendar_checker.py:262 - 收集到 123 条有效日历数据
2024-11-10 09:48:22,620 [INFO] airbnb_calendar_checker.py:22 - 开始导出数据到Excel...
2024-11-10 09:48:22,620 [INFO] airbnb_calendar_checker.py:32 - 处理房源ID: 1125096139567330802
2024-11-10 09:48:22,620 [INFO] airbnb_calendar_checker.py:37 - 将创建文件: data/airbnb_calendar_1125096139567330802_20241110_094822.xlsx
2024-11-10 09:48:22,621 [INFO] airbnb_calendar_checker.py:41 - 创建DataFrame，共 123 行数据
2024-11-10 09:48:22,647 [INFO] airbnb_calendar_checker.py:52 - 数据已成功导出到Excel文件: data/airbnb_calendar_1125096139567330802_20241110_094822.xlsx
2024-11-10 09:48:22,648 [INFO] airbnb_calendar_checker.py:57 - 文件创建成功，大小: 8.94 KB
2024-11-10 09:48:22,648 [INFO] airbnb_calendar_checker.py:265 - 日历数据已成功导出到: data/airbnb_calendar_1125096139567330802_20241110_094822.xlsx
2024-11-10 09:48:22,648 [INFO] advanced_analyzer.py:84 - 成功获取日历数据: 123 条记录
2024-11-10 09:48:22,648 [INFO] price_checker.py:368 - 开始检查房源价格: https://www.airbnb.co.nz/rooms/1125096139567330802 (最小入住: 1晚)
2024-11-10 09:48:22,648 [INFO] price_checker.py:360 - 找到 20 个可预订日期
2024-11-10 09:48:22,648 [INFO] price_checker.py:384 - [1/20] 处理日期: 18/11/2024
2024-11-10 09:48:22,648 [INFO] price_checker.py:127 - 开始获取价格信息: https://www.airbnb.co.nz/rooms/1125096139567330802
2024-11-10 09:48:22,648 [INFO] price_checker.py:128 - 入住日期: 18/11/2024, 最小入住晚数: 1
2024-11-10 09:48:22,648 [INFO] price_checker.py:150 - 访问URL: https://www.airbnb.co.nz/rooms/1125096139567330802?check_in=2024-11-18&check_out=2024-11-19&adults=3&children=0&infants=0
2024-11-10 09:48:27,806 [INFO] price_checker.py:157 - 检查页面状态...
2024-11-10 09:48:27,809 [INFO] price_checker.py:159 - 页面状态: complete
2024-11-10 09:48:29,820 [INFO] price_checker.py:172 - 价格容器已加载并可见
2024-11-10 09:48:29,820 [INFO] price_checker.py:181 - 尝试价格选择器: xpath - //div[@data-testid='book-it-default']//span[contains(@class, '_1y74zjx')]
2024-11-10 09:48:29,828 [INFO] price_checker.py:186 - 找到 0 个价格元素
2024-11-10 09:48:29,828 [INFO] price_checker.py:181 - 尝试价格选择器: xpath - //div[@data-testid='book-it-default']//span[contains(@class, '_tyxjp1')]
2024-11-10 09:48:29,834 [INFO] price_checker.py:186 - 找到 0 个价格元素
2024-11-10 09:48:29,834 [INFO] price_checker.py:181 - 尝试价格选择器: css - div._wgmchy div._1k1ce2w span._1qgfaxb1
2024-11-10 09:48:29,840 [INFO] price_checker.py:186 - 找到 1 个价格元素
2024-11-10 09:48:29,856 [INFO] price_checker.py:191 - 找到可见价格元素: $259 NZD 
$216 NZD 
night
$216 NZD per night, originally $259 NZD
2024-11-10 09:48:29,862 [INFO] price_checker.py:204 - 找到每晚价格元素: $259 NZD 
$216 NZD 
night
$216 NZD per night, originally $259 NZD
2024-11-10 09:48:29,863 [INFO] price_checker.py:210 - 成功解析价格: $259 NZD
2024-11-10 09:48:29,863 [INFO] price_checker.py:225 - 开始查找价格详情按钮...
2024-11-10 09:48:29,863 [INFO] price_checker.py:229 - 尝试使用选择器: css - button[aria-label='Show price details']
2024-11-10 09:48:29,869 [INFO] price_checker.py:234 - 找到 0 个匹配元素
2024-11-10 09:48:29,869 [INFO] price_checker.py:229 - 尝试使用选择器: xpath - //button[contains(., 'price details')]
2024-11-10 09:48:29,875 [INFO] price_checker.py:234 - 找到 0 个匹配元素
2024-11-10 09:48:29,875 [INFO] price_checker.py:229 - 尝试使用选择器: css - button._12wl7g09
2024-11-10 09:48:29,881 [INFO] price_checker.py:234 - 找到 5 个匹配元素
2024-11-10 09:48:29,887 [INFO] price_checker.py:229 - 尝试使用选择器: xpath - //div[contains(@class, '_14omvfj')]//button
2024-11-10 09:48:29,894 [INFO] price_checker.py:234 - 找到 5 个匹配元素
2024-11-10 09:48:29,899 [INFO] price_checker.py:229 - 尝试使用选择器: xpath - //div[contains(@class, '_1k4xcdh')]/preceding-sibling::span//button
2024-11-10 09:48:29,906 [INFO] price_checker.py:234 - 找到 0 个匹配元素
2024-11-10 09:48:29,917 [INFO] price_checker.py:286 - 找到总价: 
2024-11-10 09:48:29,917 [INFO] price_checker.py:291 - 最终价格信息获取结果:
2024-11-10 09:48:29,917 [INFO] price_checker.py:293 - check_in: 18/11/2024
2024-11-10 09:48:29,917 [INFO] price_checker.py:293 - check_out: 19/11/2024
2024-11-10 09:48:29,917 [INFO] price_checker.py:293 - guests: 3
2024-11-10 09:48:29,917 [INFO] price_checker.py:293 - nightly_price: $259 NZD
2024-11-10 09:48:29,918 [INFO] price_checker.py:293 - cleaning_fee: None
2024-11-10 09:48:29,918 [INFO] price_checker.py:293 - service_fee: None
2024-11-10 09:48:29,918 [INFO] price_checker.py:293 - taxes: None
2024-11-10 09:48:29,918 [INFO] price_checker.py:293 - total: 
2024-11-10 09:48:29,918 [INFO] price_checker.py:390 - ✓ 成功获取 18/11/2024 的价格信息
2024-11-10 09:48:29,918 [INFO] price_checker.py:384 - [2/20] 处理日期: 22/11/2024
2024-11-10 09:48:29,918 [INFO] price_checker.py:127 - 开始获取价格信息: https://www.airbnb.co.nz/rooms/1125096139567330802
2024-11-10 09:48:29,918 [INFO] price_checker.py:128 - 入住日期: 22/11/2024, 最小入住晚数: 1
2024-11-10 09:48:29,918 [INFO] price_checker.py:150 - 访问URL: https://www.airbnb.co.nz/rooms/1125096139567330802?check_in=2024-11-22&check_out=2024-11-23&adults=3&children=0&infants=0
2024-11-10 09:48:35,011 [INFO] price_checker.py:157 - 检查页面状态...
2024-11-10 09:48:35,014 [INFO] price_checker.py:159 - 页面状态: complete
2024-11-10 09:48:37,023 [INFO] price_checker.py:172 - 价格容器已加载并可见
2024-11-10 09:48:37,023 [INFO] price_checker.py:181 - 尝试价格选择器: xpath - //div[@data-testid='book-it-default']//span[contains(@class, '_1y74zjx')]
2024-11-10 09:48:37,028 [INFO] price_checker.py:186 - 找到 0 个价格元素
2024-11-10 09:48:37,028 [INFO] price_checker.py:181 - 尝试价格选择器: xpath - //div[@data-testid='book-it-default']//span[contains(@class, '_tyxjp1')]
2024-11-10 09:48:37,033 [INFO] price_checker.py:186 - 找到 0 个价格元素
2024-11-10 09:48:37,033 [INFO] price_checker.py:181 - 尝试价格选择器: css - div._wgmchy div._1k1ce2w span._1qgfaxb1
2024-11-10 09:48:37,037 [INFO] price_checker.py:186 - 找到 1 个价格元素
2024-11-10 09:48:37,047 [INFO] price_checker.py:191 - 找到可见价格元素: $261 NZD 
$217 NZD 
night
$217 NZD per night, originally $261 NZD
2024-11-10 09:48:37,054 [INFO] price_checker.py:204 - 找到每晚价格元素: $261 NZD 
$217 NZD 
night
$217 NZD per night, originally $261 NZD
2024-11-10 09:48:37,054 [INFO] price_checker.py:210 - 成功解析价格: $261 NZD
2024-11-10 09:48:37,054 [INFO] price_checker.py:225 - 开始查找价格详情按钮...
2024-11-10 09:48:37,054 [INFO] price_checker.py:229 - 尝试使用选择器: css - button[aria-label='Show price details']
2024-11-10 09:48:37,058 [INFO] price_checker.py:234 - 找到 0 个匹配元素
2024-11-10 09:48:37,058 [INFO] price_checker.py:229 - 尝试使用选择器: xpath - //button[contains(., 'price details')]
2024-11-10 09:48:37,061 [INFO] price_checker.py:234 - 找到 0 个匹配元素
2024-11-10 09:48:37,062 [INFO] price_checker.py:229 - 尝试使用选择器: css - button._12wl7g09
2024-11-10 09:48:37,068 [INFO] price_checker.py:234 - 找到 5 个匹配元素
2024-11-10 09:48:37,075 [INFO] price_checker.py:229 - 尝试使用选择器: xpath - //div[contains(@class, '_14omvfj')]//button
2024-11-10 09:48:37,082 [INFO] price_checker.py:234 - 找到 5 个匹配元素
2024-11-10 09:48:37,087 [INFO] price_checker.py:229 - 尝试使用选择器: xpath - //div[contains(@class, '_1k4xcdh')]/preceding-sibling::span//button
2024-11-10 09:48:37,101 [INFO] price_checker.py:234 - 找到 0 个匹配元素
2024-11-10 09:48:37,110 [INFO] price_checker.py:286 - 找到总价: 
2024-11-10 09:48:37,110 [INFO] price_checker.py:291 - 最终价格信息获取结果:
2024-11-10 09:48:37,110 [INFO] price_checker.py:293 - check_in: 22/11/2024
2024-11-10 09:48:37,110 [INFO] price_checker.py:293 - check_out: 23/11/2024
2024-11-10 09:48:37,111 [INFO] price_checker.py:293 - guests: 3
2024-11-10 09:48:37,111 [INFO] price_checker.py:293 - nightly_price: $261 NZD
2024-11-10 09:48:37,111 [INFO] price_checker.py:293 - cleaning_fee: None
2024-11-10 09:48:37,111 [INFO] price_checker.py:293 - service_fee: None
2024-11-10 09:48:37,111 [INFO] price_checker.py:293 - taxes: None
2024-11-10 09:48:37,111 [INFO] price_checker.py:293 - total: 
2024-11-10 09:48:37,111 [INFO] price_checker.py:390 - ✓ 成功获取 22/11/2024 的价格信息
2024-11-10 09:48:37,111 [INFO] price_checker.py:384 - [3/20] 处理日期: 26/11/2024
2024-11-10 09:48:37,111 [INFO] price_checker.py:127 - 开始获取价格信息: https://www.airbnb.co.nz/rooms/1125096139567330802
2024-11-10 09:48:37,111 [INFO] price_checker.py:128 - 入住日期: 26/11/2024, 最小入住晚数: 1
2024-11-10 09:48:37,111 [INFO] price_checker.py:150 - 访问URL: https://www.airbnb.co.nz/rooms/1125096139567330802?check_in=2024-11-26&check_out=2024-11-27&adults=3&children=0&infants=0
2024-11-10 09:48:42,212 [INFO] price_checker.py:157 - 检查页面状态...
2024-11-10 09:48:42,214 [INFO] price_checker.py:159 - 页面状态: complete
2024-11-10 09:48:44,225 [INFO] price_checker.py:172 - 价格容器已加载并可见
2024-11-10 09:48:44,225 [INFO] price_checker.py:181 - 尝试价格选择器: xpath - //div[@data-testid='book-it-default']//span[contains(@class, '_1y74zjx')]
2024-11-10 09:48:44,230 [INFO] price_checker.py:186 - 找到 0 个价格元素
2024-11-10 09:48:44,230 [INFO] price_checker.py:181 - 尝试价格选择器: xpath - //div[@data-testid='book-it-default']//span[contains(@class, '_tyxjp1')]
2024-11-10 09:48:44,236 [INFO] price_checker.py:186 - 找到 0 个价格元素
2024-11-10 09:48:44,236 [INFO] price_checker.py:181 - 尝试价格选择器: css - div._wgmchy div._1k1ce2w span._1qgfaxb1
2024-11-10 09:48:44,240 [INFO] price_checker.py:186 - 找到 1 个价格元素
2024-11-10 09:48:44,251 [INFO] price_checker.py:191 - 找到可见价格元素: $254 NZD 
$201 NZD 
night
$201 NZD per night, originally $254 NZD
2024-11-10 09:48:44,258 [INFO] price_checker.py:204 - 找到每晚价格元素: $254 NZD 
$201 NZD 
night
$201 NZD per night, originally $254 NZD
2024-11-10 09:48:44,258 [INFO] price_checker.py:210 - 成功解析价格: $254 NZD
2024-11-10 09:48:44,258 [INFO] price_checker.py:225 - 开始查找价格详情按钮...
2024-11-10 09:48:44,259 [INFO] price_checker.py:229 - 尝试使用选择器: css - button[aria-label='Show price details']
2024-11-10 09:48:44,262 [INFO] price_checker.py:234 - 找到 0 个匹配元素
2024-11-10 09:48:44,262 [INFO] price_checker.py:229 - 尝试使用选择器: xpath - //button[contains(., 'price details')]
2024-11-10 09:48:44,267 [INFO] price_checker.py:234 - 找到 0 个匹配元素
2024-11-10 09:48:44,267 [INFO] price_checker.py:229 - 尝试使用选择器: css - button._12wl7g09
2024-11-10 09:48:44,272 [INFO] price_checker.py:234 - 找到 5 个匹配元素
2024-11-10 09:48:44,276 [INFO] price_checker.py:229 - 尝试使用选择器: xpath - //div[contains(@class, '_14omvfj')]//button
2024-11-10 09:48:44,281 [INFO] price_checker.py:234 - 找到 5 个匹配元素
2024-11-10 09:48:44,286 [INFO] price_checker.py:229 - 尝试使用选择器: xpath - //div[contains(@class, '_1k4xcdh')]/preceding-sibling::span//button
2024-11-10 09:48:44,291 [INFO] price_checker.py:234 - 找到 0 个匹配元素
2024-11-10 09:48:44,299 [INFO] price_checker.py:286 - 找到总价: 
2024-11-10 09:48:44,299 [INFO] price_checker.py:291 - 最终价格信息获取结果:
2024-11-10 09:48:44,299 [INFO] price_checker.py:293 - check_in: 26/11/2024
2024-11-10 09:48:44,299 [INFO] price_checker.py:293 - check_out: 27/11/2024
2024-11-10 09:48:44,300 [INFO] price_checker.py:293 - guests: 3
2024-11-10 09:48:44,300 [INFO] price_checker.py:293 - nightly_price: $254 NZD
2024-11-10 09:48:44,300 [INFO] price_checker.py:293 - cleaning_fee: None
2024-11-10 09:48:44,300 [INFO] price_checker.py:293 - service_fee: None
2024-11-10 09:48:44,300 [INFO] price_checker.py:293 - taxes: None
2024-11-10 09:48:44,300 [INFO] price_checker.py:293 - total: 
2024-11-10 09:48:44,300 [INFO] price_checker.py:390 - ✓ 成功获取 26/11/2024 的价格信息
2024-11-10 09:48:44,300 [INFO] price_checker.py:384 - [4/20] 处理日期: 27/11/2024
2024-11-10 09:48:44,300 [INFO] price_checker.py:127 - 开始获取价格信息: https://www.airbnb.co.nz/rooms/1125096139567330802
2024-11-10 09:48:44,300 [INFO] price_checker.py:128 - 入住日期: 27/11/2024, 最小入住晚数: 1
2024-11-10 09:48:44,301 [INFO] price_checker.py:150 - 访问URL: https://www.airbnb.co.nz/rooms/1125096139567330802?check_in=2024-11-27&check_out=2024-11-28&adults=3&children=0&infants=0
2024-11-10 09:48:49,406 [INFO] price_checker.py:157 - 检查页面状态...
2024-11-10 09:48:49,408 [INFO] price_checker.py:159 - 页面状态: complete
2024-11-10 09:48:51,416 [INFO] price_checker.py:172 - 价格容器已加载并可见
2024-11-10 09:48:51,417 [INFO] price_checker.py:181 - 尝试价格选择器: xpath - //div[@data-testid='book-it-default']//span[contains(@class, '_1y74zjx')]
2024-11-10 09:48:51,422 [INFO] price_checker.py:186 - 找到 0 个价格元素
2024-11-10 09:48:51,422 [INFO] price_checker.py:181 - 尝试价格选择器: xpath - //div[@data-testid='book-it-default']//span[contains(@class, '_tyxjp1')]
2024-11-10 09:48:51,426 [INFO] price_checker.py:186 - 找到 0 个价格元素
2024-11-10 09:48:51,427 [INFO] price_checker.py:181 - 尝试价格选择器: css - div._wgmchy div._1k1ce2w span._1qgfaxb1
2024-11-10 09:48:51,430 [INFO] price_checker.py:186 - 找到 1 个价格元素
2024-11-10 09:48:51,441 [INFO] price_checker.py:191 - 找到可见价格元素: $255 NZD 
$202 NZD 
night
$202 NZD per night, originally $255 NZD
2024-11-10 09:48:51,447 [INFO] price_checker.py:204 - 找到每晚价格元素: $255 NZD 
$202 NZD 
night
$202 NZD per night, originally $255 NZD
2024-11-10 09:48:51,447 [INFO] price_checker.py:210 - 成功解析价格: $255 NZD
2024-11-10 09:48:51,447 [INFO] price_checker.py:225 - 开始查找价格详情按钮...
2024-11-10 09:48:51,447 [INFO] price_checker.py:229 - 尝试使用选择器: css - button[aria-label='Show price details']
2024-11-10 09:48:51,451 [INFO] price_checker.py:234 - 找到 0 个匹配元素
2024-11-10 09:48:51,451 [INFO] price_checker.py:229 - 尝试使用选择器: xpath - //button[contains(., 'price details')]
2024-11-10 09:48:51,455 [INFO] price_checker.py:234 - 找到 0 个匹配元素
2024-11-10 09:48:51,455 [INFO] price_checker.py:229 - 尝试使用选择器: css - button._12wl7g09
2024-11-10 09:48:51,459 [INFO] price_checker.py:234 - 找到 5 个匹配元素
2024-11-10 09:48:51,463 [INFO] price_checker.py:229 - 尝试使用选择器: xpath - //div[contains(@class, '_14omvfj')]//button
2024-11-10 09:48:51,468 [INFO] price_checker.py:234 - 找到 5 个匹配元素
2024-11-10 09:48:51,475 [INFO] price_checker.py:229 - 尝试使用选择器: xpath - //div[contains(@class, '_1k4xcdh')]/preceding-sibling::span//button
2024-11-10 09:48:51,485 [INFO] price_checker.py:234 - 找到 0 个匹配元素
2024-11-10 09:48:51,498 [INFO] price_checker.py:286 - 找到总价: 
2024-11-10 09:48:51,498 [INFO] price_checker.py:291 - 最终价格信息获取结果:
2024-11-10 09:48:51,498 [INFO] price_checker.py:293 - check_in: 27/11/2024
2024-11-10 09:48:51,498 [INFO] price_checker.py:293 - check_out: 28/11/2024
2024-11-10 09:48:51,498 [INFO] price_checker.py:293 - guests: 3
2024-11-10 09:48:51,498 [INFO] price_checker.py:293 - nightly_price: $255 NZD
2024-11-10 09:48:51,498 [INFO] price_checker.py:293 - cleaning_fee: None
2024-11-10 09:48:51,498 [INFO] price_checker.py:293 - service_fee: None
2024-11-10 09:48:51,499 [INFO] price_checker.py:293 - taxes: None
2024-11-10 09:48:51,499 [INFO] price_checker.py:293 - total: 
2024-11-10 09:48:51,499 [INFO] price_checker.py:390 - ✓ 成功获取 27/11/2024 的价格信息
2024-11-10 09:48:51,499 [INFO] price_checker.py:384 - [5/20] 处理日期: 28/11/2024
2024-11-10 09:48:51,499 [INFO] price_checker.py:127 - 开始获取价格信息: https://www.airbnb.co.nz/rooms/1125096139567330802
2024-11-10 09:48:51,499 [INFO] price_checker.py:128 - 入住日期: 28/11/2024, 最小入住晚数: 1
2024-11-10 09:48:51,499 [INFO] price_checker.py:150 - 访问URL: https://www.airbnb.co.nz/rooms/1125096139567330802?check_in=2024-11-28&check_out=2024-11-29&adults=3&children=0&infants=0
2024-11-10 09:49:12,742 [INFO] advanced_analyzer.py:188 - 浏览器已关闭
2024-11-10 09:49:12,742 [INFO] advanced_analyzer.py:262 - === 程序执行完成 ===
