2024-12-05 10:21:39,353 [INFO] data_export.py:53 - 创建基础目录: data
2024-12-05 10:21:39,353 [INFO] data_export.py:58 - 创建date目录: data\by_date
2024-12-05 10:21:39,353 [INFO] data_export.py:58 - 创建room目录: data\by_room
2024-12-05 10:21:39,356 [INFO] advanced_analyzer.py:396 - === 开始Airbnb数据收集程序 ===
2024-12-05 10:21:39,530 [INFO] advanced_analyzer.py:101 - 成功读取 2 个房间ID
2024-12-05 10:21:39,531 [INFO] advanced_analyzer.py:407 - 生成 2 个URL
2024-12-05 10:21:39,531 [INFO] advanced_analyzer.py:411 - 创建数据目录: data/airbnb_data_20241205_102139
2024-12-05 10:21:39,531 [INFO] advanced_analyzer.py:233 - === 开始批量分析房源 ===
2024-12-05 10:21:39,532 [INFO] advanced_analyzer.py:242 - 设置并发线程数: 1
2024-12-05 10:21:39,556 [INFO] bit_browser_manager.py:87 - 活动浏览器响应: {
  "success": true,
  "data": {
    "34dc763412e34341a759c1ef1ec38580": 9600
  }
}
2024-12-05 10:21:40,776 [INFO] bit_browser_manager.py:112 - 找到 1 个活动浏览器
2024-12-05 10:21:40,777 [INFO] advanced_analyzer.py:258 - 
=== 可用的浏览器实例 ===
2024-12-05 10:21:40,777 [INFO] advanced_analyzer.py:260 - ID: 34dc763412e34341a759c1ef1ec38580
2024-12-05 10:21:40,777 [INFO] advanced_analyzer.py:261 - 名称: AirBnB01
2024-12-05 10:21:40,777 [INFO] advanced_analyzer.py:262 - 备注: 
2024-12-05 10:21:40,777 [INFO] advanced_analyzer.py:263 - PID: 9600

2024-12-05 10:21:40,777 [INFO] advanced_analyzer.py:278 - 
=== URL分配情况 ===
2024-12-05 10:21:40,777 [INFO] advanced_analyzer.py:280 - 线程 1 分配到 2 个URL:
2024-12-05 10:21:40,777 [INFO] advanced_analyzer.py:283 -   - Room ID: 837352260137971048
2024-12-05 10:21:40,777 [INFO] advanced_analyzer.py:283 -   - Room ID: 43435162
2024-12-05 10:21:40,778 [INFO] advanced_analyzer.py:294 - 线程 16428 (#1) 使用浏览器 34dc763412e34341a759c1ef1ec38580
2024-12-05 10:21:41,342 [ERROR] bit_browser_manager.py:58 - 设置 locale cookie失败: Message: invalid cookie domain: Cookie 'domain' mismatch
  (Session info: chrome=126.0.6478.255)
Stacktrace:
	GetHandleVerifier [0x0031FD33+27651]
	(No symbol) [0x002B5554]
	(No symbol) [0x001B1ADF]
	(No symbol) [0x0023C9C8]
	(No symbol) [0x0021390C]
	(No symbol) [0x0022CA7D]
	(No symbol) [0x002136A6]
	(No symbol) [0x001E74E1]
	(No symbol) [0x001E805D]
	GetHandleVerifier [0x005D6613+2872547]
	GetHandleVerifier [0x0062BADD+3221933]
	GetHandleVerifier [0x003A2A94+563556]
	GetHandleVerifier [0x003A9DCC+593052]
	(No symbol) [0x002BE3A4]
	(No symbol) [0x002BAE08]
	(No symbol) [0x002BAFA7]
	(No symbol) [0x002AD0AE]
	BaseThreadInitThunk [0x76AD7BA9+25]
	RtlInitializeExceptionChain [0x77ADC0CB+107]
	RtlClearBits [0x77ADC04F+191]
	(No symbol) [0x00000000]

2024-12-05 10:21:41,344 [ERROR] bit_browser_manager.py:58 - 设置 currency cookie失败: Message: invalid cookie domain: Cookie 'domain' mismatch
  (Session info: chrome=126.0.6478.255)
Stacktrace:
	GetHandleVerifier [0x0031FD33+27651]
	(No symbol) [0x002B5554]
	(No symbol) [0x001B1ADF]
	(No symbol) [0x0023C9C8]
	(No symbol) [0x0021390C]
	(No symbol) [0x0022CA7D]
	(No symbol) [0x002136A6]
	(No symbol) [0x001E74E1]
	(No symbol) [0x001E805D]
	GetHandleVerifier [0x005D6613+2872547]
	GetHandleVerifier [0x0062BADD+3221933]
	GetHandleVerifier [0x003A2A94+563556]
	GetHandleVerifier [0x003A9DCC+593052]
	(No symbol) [0x002BE3A4]
	(No symbol) [0x002BAE08]
	(No symbol) [0x002BAFA7]
	(No symbol) [0x002AD0AE]
	BaseThreadInitThunk [0x76AD7BA9+25]
	RtlInitializeExceptionChain [0x77ADC0CB+107]
	RtlClearBits [0x77ADC04F+191]
	(No symbol) [0x00000000]

2024-12-05 10:21:41,347 [INFO] advanced_analyzer.py:307 - 线程 #1 开始处理 Room ID: 837352260137971048
2024-12-05 10:21:41,890 [ERROR] bit_browser_manager.py:58 - 设置 locale cookie失败: Message: invalid cookie domain
  (Session info: chrome=126.0.6478.255)
Stacktrace:
	GetHandleVerifier [0x0031FD33+27651]
	(No symbol) [0x002B5554]
	(No symbol) [0x001B195D]
	(No symbol) [0x0023C93E]
	(No symbol) [0x0021390C]
	(No symbol) [0x0022CA7D]
	(No symbol) [0x002136A6]
	(No symbol) [0x001E74E1]
	(No symbol) [0x001E805D]
	GetHandleVerifier [0x005D6613+2872547]
	GetHandleVerifier [0x0062BADD+3221933]
	GetHandleVerifier [0x003A2A94+563556]
	GetHandleVerifier [0x003A9DCC+593052]
	(No symbol) [0x002BE3A4]
	(No symbol) [0x002BAE08]
	(No symbol) [0x002BAFA7]
	(No symbol) [0x002AD0AE]
	BaseThreadInitThunk [0x76AD7BA9+25]
	RtlInitializeExceptionChain [0x77ADC0CB+107]
	RtlClearBits [0x77ADC04F+191]
	(No symbol) [0x00000000]

2024-12-05 10:21:41,892 [ERROR] bit_browser_manager.py:58 - 设置 currency cookie失败: Message: invalid cookie domain
  (Session info: chrome=126.0.6478.255)
Stacktrace:
	GetHandleVerifier [0x0031FD33+27651]
	(No symbol) [0x002B5554]
	(No symbol) [0x001B195D]
	(No symbol) [0x0023C93E]
	(No symbol) [0x0021390C]
	(No symbol) [0x0022CA7D]
	(No symbol) [0x002136A6]
	(No symbol) [0x001E74E1]
	(No symbol) [0x001E805D]
	GetHandleVerifier [0x005D6613+2872547]
	GetHandleVerifier [0x0062BADD+3221933]
	GetHandleVerifier [0x003A2A94+563556]
	GetHandleVerifier [0x003A9DCC+593052]
	(No symbol) [0x002BE3A4]
	(No symbol) [0x002BAE08]
	(No symbol) [0x002BAFA7]
	(No symbol) [0x002AD0AE]
	BaseThreadInitThunk [0x76AD7BA9+25]
	RtlInitializeExceptionChain [0x77ADC0CB+107]
	RtlClearBits [0x77ADC04F+191]
	(No symbol) [0x00000000]

2024-12-05 10:21:41,894 [ERROR] bit_browser_manager.py:75 - 设置语言偏好时发生错误: Message: unknown error: unhandled inspector error: {"code":-32000,"message":"Another locale override is already in effect"}
  (Session info: chrome=126.0.6478.255)
Stacktrace:
	GetHandleVerifier [0x0031FD33+27651]
	(No symbol) [0x002B5554]
	(No symbol) [0x001B1ADF]
	(No symbol) [0x0019CF7D]
	(No symbol) [0x0019BC03]
	(No symbol) [0x0019C35D]
	(No symbol) [0x0019C2F8]
	(No symbol) [0x001B4804]
	(No symbol) [0x00237381]
	(No symbol) [0x0021390C]
	(No symbol) [0x0022CA7D]
	(No symbol) [0x002136A6]
	(No symbol) [0x001E74E1]
	(No symbol) [0x001E805D]
	GetHandleVerifier [0x005D6613+2872547]
	GetHandleVerifier [0x0062BADD+3221933]
	GetHandleVerifier [0x003A2A94+563556]
	GetHandleVerifier [0x003A9DCC+593052]
	(No symbol) [0x002BE3A4]
	(No symbol) [0x002BAE08]
	(No symbol) [0x002BAFA7]
	(No symbol) [0x002AD0AE]
	BaseThreadInitThunk [0x76AD7BA9+25]
	RtlInitializeExceptionChain [0x77ADC0CB+107]
	RtlClearBits [0x77ADC04F+191]
	(No symbol) [0x00000000]

2024-12-05 10:21:41,894 [INFO] bit_browser_manager.py:244 - 正在导航到: https://www.airbnb.co.nz/rooms/837352260137971048
2024-12-05 10:21:42,106 [INFO] bit_browser_manager.py:252 - 成功加载页面: https://www.airbnb.co.nz/rooms/837352260137971048
2024-12-05 10:21:42,107 [INFO] advanced_analyzer.py:198 - 
开始分析房源: https://www.airbnb.co.nz/rooms/837352260137971048
2024-12-05 10:21:42,107 [INFO] airbnb_calendar_checker.py:27 - 开始检查房源日历: https://www.airbnb.co.nz/rooms/837352260137971048
2024-12-05 10:21:42,125 [INFO] bit_browser_manager.py:56 - 成功设置 locale cookie
2024-12-05 10:21:42,127 [INFO] bit_browser_manager.py:56 - 成功设置 currency cookie
2024-12-05 10:21:42,232 [INFO] airbnb_calendar_checker.py:35 - 页面加载中...
2024-12-05 10:21:42,232 [ERROR] airbnb_calendar_checker.py:238 - 检查日历时发生错误: 'BitBrowserManager' object has no attribute 'close_translation_modal'
2024-12-05 10:21:42,232 [ERROR] advanced_analyzer.py:204 - 获取日历数据失败: https://www.airbnb.co.nz/rooms/837352260137971048
2024-12-05 10:21:42,232 [ERROR] advanced_analyzer.py:326 - 处理 Room ID 837352260137971048 时发生错误: 'BitBrowserManager' object has no attribute 'close_tab'
2024-12-05 10:21:42,232 [INFO] advanced_analyzer.py:307 - 线程 #1 开始处理 Room ID: 43435162
2024-12-05 10:21:42,768 [ERROR] bit_browser_manager.py:58 - 设置 locale cookie失败: Message: invalid cookie domain
  (Session info: chrome=126.0.6478.255)
Stacktrace:
	GetHandleVerifier [0x0031FD33+27651]
	(No symbol) [0x002B5554]
	(No symbol) [0x001B195D]
	(No symbol) [0x0023C93E]
	(No symbol) [0x0021390C]
	(No symbol) [0x0022CA7D]
	(No symbol) [0x002136A6]
	(No symbol) [0x001E74E1]
	(No symbol) [0x001E805D]
	GetHandleVerifier [0x005D6613+2872547]
	GetHandleVerifier [0x0062BADD+3221933]
	GetHandleVerifier [0x003A2A94+563556]
	GetHandleVerifier [0x003A9DCC+593052]
	(No symbol) [0x002BE3A4]
	(No symbol) [0x002BAE08]
	(No symbol) [0x002BAFA7]
	(No symbol) [0x002AD0AE]
	BaseThreadInitThunk [0x76AD7BA9+25]
	RtlInitializeExceptionChain [0x77ADC0CB+107]
	RtlClearBits [0x77ADC04F+191]
	(No symbol) [0x00000000]

2024-12-05 10:21:42,770 [ERROR] bit_browser_manager.py:58 - 设置 currency cookie失败: Message: invalid cookie domain
  (Session info: chrome=126.0.6478.255)
Stacktrace:
	GetHandleVerifier [0x0031FD33+27651]
	(No symbol) [0x002B5554]
	(No symbol) [0x001B195D]
	(No symbol) [0x0023C93E]
	(No symbol) [0x0021390C]
	(No symbol) [0x0022CA7D]
	(No symbol) [0x002136A6]
	(No symbol) [0x001E74E1]
	(No symbol) [0x001E805D]
	GetHandleVerifier [0x005D6613+2872547]
	GetHandleVerifier [0x0062BADD+3221933]
	GetHandleVerifier [0x003A2A94+563556]
	GetHandleVerifier [0x003A9DCC+593052]
	(No symbol) [0x002BE3A4]
	(No symbol) [0x002BAE08]
	(No symbol) [0x002BAFA7]
	(No symbol) [0x002AD0AE]
	BaseThreadInitThunk [0x76AD7BA9+25]
	RtlInitializeExceptionChain [0x77ADC0CB+107]
	RtlClearBits [0x77ADC04F+191]
	(No symbol) [0x00000000]

2024-12-05 10:21:42,771 [ERROR] bit_browser_manager.py:75 - 设置语言偏好时发生错误: Message: unknown error: unhandled inspector error: {"code":-32000,"message":"Another locale override is already in effect"}
  (Session info: chrome=126.0.6478.255)
Stacktrace:
	GetHandleVerifier [0x0031FD33+27651]
	(No symbol) [0x002B5554]
	(No symbol) [0x001B1ADF]
	(No symbol) [0x0019CF7D]
	(No symbol) [0x0019BC03]
	(No symbol) [0x0019C35D]
	(No symbol) [0x0019C2F8]
	(No symbol) [0x001B4804]
	(No symbol) [0x00237381]
	(No symbol) [0x0021390C]
	(No symbol) [0x0022CA7D]
	(No symbol) [0x002136A6]
	(No symbol) [0x001E74E1]
	(No symbol) [0x001E805D]
	GetHandleVerifier [0x005D6613+2872547]
	GetHandleVerifier [0x0062BADD+3221933]
	GetHandleVerifier [0x003A2A94+563556]
	GetHandleVerifier [0x003A9DCC+593052]
	(No symbol) [0x002BE3A4]
	(No symbol) [0x002BAE08]
	(No symbol) [0x002BAFA7]
	(No symbol) [0x002AD0AE]
	BaseThreadInitThunk [0x76AD7BA9+25]
	RtlInitializeExceptionChain [0x77ADC0CB+107]
	RtlClearBits [0x77ADC04F+191]
	(No symbol) [0x00000000]

2024-12-05 10:21:42,772 [INFO] bit_browser_manager.py:244 - 正在导航到: https://www.airbnb.co.nz/rooms/43435162
2024-12-05 10:21:42,891 [INFO] bit_browser_manager.py:252 - 成功加载页面: https://www.airbnb.co.nz/rooms/43435162
2024-12-05 10:21:42,891 [INFO] advanced_analyzer.py:198 - 
开始分析房源: https://www.airbnb.co.nz/rooms/43435162
2024-12-05 10:21:42,891 [INFO] airbnb_calendar_checker.py:27 - 开始检查房源日历: https://www.airbnb.co.nz/rooms/43435162
2024-12-05 10:21:42,904 [INFO] bit_browser_manager.py:56 - 成功设置 locale cookie
2024-12-05 10:21:42,906 [INFO] bit_browser_manager.py:56 - 成功设置 currency cookie
2024-12-05 10:21:42,908 [ERROR] bit_browser_manager.py:75 - 设置语言偏好时发生错误: Message: unknown error: unhandled inspector error: {"code":-32000,"message":"Another locale override is already in effect"}
  (Session info: chrome=126.0.6478.255)
Stacktrace:
	GetHandleVerifier [0x0031FD33+27651]
	(No symbol) [0x002B5554]
	(No symbol) [0x001B1ADF]
	(No symbol) [0x0019CF7D]
	(No symbol) [0x0019BC03]
	(No symbol) [0x0019C35D]
	(No symbol) [0x0019C2F8]
	(No symbol) [0x001B4804]
	(No symbol) [0x00237381]
	(No symbol) [0x0021390C]
	(No symbol) [0x0022CA7D]
	(No symbol) [0x002136A6]
	(No symbol) [0x001E74E1]
	(No symbol) [0x001E805D]
	GetHandleVerifier [0x005D6613+2872547]
	GetHandleVerifier [0x0062BADD+3221933]
	GetHandleVerifier [0x003A2A94+563556]
	GetHandleVerifier [0x003A9DCC+593052]
	(No symbol) [0x002BE3A4]
	(No symbol) [0x002BAE08]
	(No symbol) [0x002BAFA7]
	(No symbol) [0x002AD0AE]
	BaseThreadInitThunk [0x76AD7BA9+25]
	RtlInitializeExceptionChain [0x77ADC0CB+107]
	RtlClearBits [0x77ADC04F+191]
	(No symbol) [0x00000000]

2024-12-05 10:21:43,012 [INFO] airbnb_calendar_checker.py:35 - 页面加载中...
2024-12-05 10:21:43,012 [ERROR] airbnb_calendar_checker.py:238 - 检查日历时发生错误: 'BitBrowserManager' object has no attribute 'close_translation_modal'
2024-12-05 10:21:43,012 [ERROR] advanced_analyzer.py:204 - 获取日历数据失败: https://www.airbnb.co.nz/rooms/43435162
2024-12-05 10:21:43,012 [ERROR] advanced_analyzer.py:326 - 处理 Room ID 43435162 时发生错误: 'BitBrowserManager' object has no attribute 'close_tab'
2024-12-05 10:21:45,058 [INFO] advanced_analyzer.py:427 - === 程序执行完成 ===
