2024-11-15 11:58:44,265 [INFO] advanced_analyzer.py:350 - === 开始Airbnb数据收集程序 ===
2024-11-15 11:58:44,437 [INFO] advanced_analyzer.py:99 - 成功读取 6 个房间ID
2024-11-15 11:58:44,437 [INFO] advanced_analyzer.py:361 - 生成 6 个URL
2024-11-15 11:58:44,438 [INFO] advanced_analyzer.py:365 - 创建数据目录: data/airbnb_data_20241115_115844
2024-11-15 11:58:44,438 [INFO] advanced_analyzer.py:231 - === 开始批量分析房源 ===
2024-11-15 11:58:44,438 [INFO] advanced_analyzer.py:240 - 设置并发线程数: 3
2024-11-15 11:58:44,438 [INFO] advanced_analyzer.py:168 - 开始初始化BitBrowser...
2024-11-15 11:58:44,439 [INFO] advanced_analyzer.py:168 - 开始初始化BitBrowser...
2024-11-15 11:58:44,439 [INFO] advanced_analyzer.py:168 - 开始初始化BitBrowser...
2024-11-15 11:58:44,471 [INFO] bit_browser_manager.py:34 - 活动浏览器响应: {
  "success": true,
  "data": {
    "cf51683770d94ff3931408fce73c90f3": 32188
  }
}
2024-11-15 11:58:44,471 [INFO] bit_browser_manager.py:42 - 找到活动浏览器 ID: cf51683770d94ff3931408fce73c90f3, PID: 32188
2024-11-15 11:58:44,474 [INFO] bit_browser_manager.py:34 - 活动浏览器响应: {
  "success": true,
  "data": {
    "cf51683770d94ff3931408fce73c90f3": 32188
  }
}
2024-11-15 11:58:44,475 [INFO] bit_browser_manager.py:93 - 打开浏览器响应: {
  "success": true,
  "data": {
    "ws": "ws://127.0.0.1:60561/devtools/browser/be8befb9-64d5-4035-a62a-8893a8ded032",
    "http": "127.0.0.1:60561",
    "coreVersion": "126",
    "driver": "C:\\Users\\jiann\\AppData\\Roaming\\BitBrowser\\chromedriver\\126\\chromedriver.exe",
    "seq": 1,
    "name": "",
    "remark": "",
    "pid": 32188
  }
}
2024-11-15 11:58:44,475 [INFO] bit_browser_manager.py:42 - 找到活动浏览器 ID: cf51683770d94ff3931408fce73c90f3, PID: 32188
2024-11-15 11:58:44,475 [INFO] bit_browser_manager.py:100 - 调试地址: 127.0.0.1:60561
2024-11-15 11:58:44,475 [INFO] bit_browser_manager.py:101 - Driver路径: C:\Users\jiann\AppData\Roaming\BitBrowser\chromedriver\126\chromedriver.exe
2024-11-15 11:58:44,478 [INFO] bit_browser_manager.py:34 - 活动浏览器响应: {
  "success": true,
  "data": {
    "cf51683770d94ff3931408fce73c90f3": 32188
  }
}
2024-11-15 11:58:44,478 [INFO] bit_browser_manager.py:42 - 找到活动浏览器 ID: cf51683770d94ff3931408fce73c90f3, PID: 32188
2024-11-15 11:58:44,479 [INFO] bit_browser_manager.py:93 - 打开浏览器响应: {
  "success": true,
  "data": {
    "ws": "ws://127.0.0.1:60561/devtools/browser/be8befb9-64d5-4035-a62a-8893a8ded032",
    "http": "127.0.0.1:60561",
    "coreVersion": "126",
    "driver": "C:\\Users\\jiann\\AppData\\Roaming\\BitBrowser\\chromedriver\\126\\chromedriver.exe",
    "seq": 1,
    "name": "",
    "remark": "",
    "pid": 32188
  }
}
2024-11-15 11:58:44,479 [INFO] bit_browser_manager.py:100 - 调试地址: 127.0.0.1:60561
2024-11-15 11:58:44,480 [INFO] bit_browser_manager.py:101 - Driver路径: C:\Users\jiann\AppData\Roaming\BitBrowser\chromedriver\126\chromedriver.exe
2024-11-15 11:58:44,483 [INFO] bit_browser_manager.py:93 - 打开浏览器响应: {
  "success": true,
  "data": {
    "ws": "ws://127.0.0.1:60561/devtools/browser/be8befb9-64d5-4035-a62a-8893a8ded032",
    "http": "127.0.0.1:60561",
    "coreVersion": "126",
    "driver": "C:\\Users\\jiann\\AppData\\Roaming\\BitBrowser\\chromedriver\\126\\chromedriver.exe",
    "seq": 1,
    "name": "",
    "remark": "",
    "pid": 32188
  }
}
2024-11-15 11:58:44,483 [INFO] bit_browser_manager.py:100 - 调试地址: 127.0.0.1:60561
2024-11-15 11:58:44,483 [INFO] bit_browser_manager.py:101 - Driver路径: C:\Users\jiann\AppData\Roaming\BitBrowser\chromedriver\126\chromedriver.exe
2024-11-15 11:58:45,081 [INFO] bit_browser_manager.py:120 - 当前页面: https://www.airbnb.co.nz/rooms/969823904189469776?source_impression_id=p3_1731622745_P31R3mqwI9n-mITw
2024-11-15 11:58:45,083 [INFO] advanced_analyzer.py:196 - 
开始分析房源: https://www.airbnb.co.nz/rooms/830193102361409290
2024-11-15 11:58:45,083 [INFO] airbnb_calendar_checker.py:70 - 开始检查房源日历: https://www.airbnb.co.nz/rooms/830193102361409290
2024-11-15 11:58:46,002 [INFO] airbnb_calendar_checker.py:75 - 页面加载中...
2024-11-15 11:58:46,003 [INFO] bit_browser_manager.py:120 - 当前页面: https://www.airbnb.co.nz/rooms/969823904189469776?source_impression_id=p3_1731622745_P31R3mqwI9n-mITw
2024-11-15 11:58:46,004 [INFO] advanced_analyzer.py:196 - 
开始分析房源: https://www.airbnb.co.nz/rooms/43435162
2024-11-15 11:58:46,004 [INFO] airbnb_calendar_checker.py:70 - 开始检查房源日历: https://www.airbnb.co.nz/rooms/43435162
2024-11-15 11:58:46,162 [INFO] airbnb_calendar_checker.py:75 - 页面加载中...
2024-11-15 11:58:46,162 [INFO] bit_browser_manager.py:120 - 当前页面: https://www.airbnb.co.nz/rooms/830193102361409290
2024-11-15 11:58:46,164 [INFO] advanced_analyzer.py:196 - 
开始分析房源: https://www.airbnb.co.nz/rooms/837352260137971048
2024-11-15 11:58:46,164 [INFO] airbnb_calendar_checker.py:70 - 开始检查房源日历: https://www.airbnb.co.nz/rooms/837352260137971048
2024-11-15 11:58:46,174 [INFO] airbnb_calendar_checker.py:82 - 页面基本加载完成
2024-11-15 11:58:46,284 [INFO] airbnb_calendar_checker.py:75 - 页面加载中...
2024-11-15 11:58:46,286 [INFO] airbnb_calendar_checker.py:82 - 页面基本加载完成
2024-11-15 11:58:46,287 [INFO] airbnb_calendar_checker.py:82 - 页面基本加载完成
2024-11-15 12:00:46,449 [INFO] airbnb_calendar_checker.py:120 - 找到日历按钮: //button[contains(@aria-label, 'Choose')]
2024-11-15 12:00:46,452 [INFO] airbnb_calendar_checker.py:134 - 已滚动到日历按钮位置
2024-11-15 12:00:46,509 [INFO] airbnb_calendar_checker.py:120 - 找到日历按钮: //button[contains(@aria-label, 'Choose')]
2024-11-15 12:00:46,510 [INFO] airbnb_calendar_checker.py:120 - 找到日历按钮: //button[contains(@aria-label, 'Choose')]
2024-11-15 12:00:46,512 [INFO] airbnb_calendar_checker.py:134 - 已滚动到日历按钮位置
2024-11-15 12:00:46,513 [INFO] airbnb_calendar_checker.py:134 - 已滚动到日历按钮位置
2024-11-15 12:00:47,452 [INFO] airbnb_calendar_checker.py:139 - 日历按钮已准备就绪
2024-11-15 12:00:47,513 [INFO] airbnb_calendar_checker.py:139 - 日历按钮已准备就绪
2024-11-15 12:00:47,513 [INFO] airbnb_calendar_checker.py:139 - 日历按钮已准备就绪
2024-11-15 12:00:47,613 [INFO] airbnb_calendar_checker.py:148 - 直接点击日历按钮成功
2024-11-15 12:00:48,781 [INFO] airbnb_calendar_checker.py:153 - JavaScript点击日历按钮成功
2024-11-15 12:00:48,781 [INFO] airbnb_calendar_checker.py:153 - JavaScript点击日历按钮成功
